[ 2019-08-16T15:23:57+08:00 ] 127.0.0.1 127.0.0.1 POST /user/vehicle/vehical_count
[ log ] www.chitu12.com/user/vehicle/vehical_count [运行时间：1.872000s][吞吐率：0.53req/s] [内存消耗：2,548.82kb] [文件加载：53]
[ info ] [ LANG ] D:\WWW\chitu_admin\thinkphp\lang\zh-cn.php
[ info ] [ ROUTE ] array (
  'type' => 'module',
  'module' => 
  array (
    0 => 'user',
    1 => 'vehicle',
    2 => 'vehical_count',
  ),
)
[ info ] [ HEADER ] array (
  'accept-language' => 'zh-CN,zh;q=0.9,ja;q=0.8',
  'accept-encoding' => 'gzip, deflate',
  'accept' => '*/*',
  'content-type' => 'multipart/form-data; boundary=----WebKitFormBoundaryfzpTLJ20d2CTHBRv',
  'postman-token' => '73b80d8e-d5da-cc0f-2f17-93cef88217da',
  'origin' => 'chrome-extension://niphlbdhgiabfnjeompmngebipomclik',
  'cache-control' => 'no-cache',
  'user-agent' => 'Mozilla/5.0 (Windows NT 6.1; WOW64) AppleWebKit/537.36 (KHTML, like Gecko) Chrome/68.0.3440.84 Safari/537.36',
  'content-length' => '1337',
  'connection' => 'close',
  'host' => 'www.chitu12.com',
)
[ info ] [ PARAM ] array (
  '/user/vehicle/vehical_count' => '',
  'token' => 'McTtUp2hNpT6A9x6M9D6E92MTk4MjM4OWNvZGVwaHAO0O0O',
  'startcity_str' => '[{"city":"上海市"},{"city":"邵阳市"}]',
  'endcity_str' => '[{"city":"广州市"}]',
  'taddress' => '[{"areaName":"上海市嘉定区爱特路855号"},{"areaName":"邵阳市高崇山"}]',
  'paddress' => ' [{"areaName":"广州市天河区天河公园"}]',
  'pickyesno' => '2',
  'sendyesno' => '1',
  'data_type' => '',
  'carid' => '1',
  'type' => '2',
  'carnum' => '1',
)
[ info ] [ DB ] INIT mysql
[ info ] [ RUN ] app\user\controller\Vehicle->vehical_count[ D:\WWW\chitu_admin\application\user\controller\Vehicle.php ]
[ info ] [ LOG ] INIT File
[ sql ] [ DB ] CONNECT:[ UseTime:0.011000s ] mysql:dbname=tsst;host=127.0.0.1;charset=utf8
[ sql ] [ SQL ] SHOW COLUMNS FROM `ct_config` [ RunTime:0.061000s ]
[ sql ] [ SQL ] SELECT * FROM `ct_config` WHERE  `id` = 13 LIMIT 1 [ RunTime:0.001000s ]
[ sql ] [ SQL ] SHOW COLUMNS FROM `ct_user_token` [ RunTime:0.057000s ]
[ sql ] [ SQL ] SELECT * FROM `ct_user_token` WHERE  `token` = '1565010161982389codephp' LIMIT 1 [ RunTime:0.002000s ]
[ sql ] [ SQL ] SHOW COLUMNS FROM `ct_user` [ RunTime:0.015000s ]
[ sql ] [ SQL ] SELECT * FROM `ct_user` WHERE  `uid` = 1364  AND `delstate` = 1 LIMIT 1 [ RunTime:0.001000s ]
[ sql ] [ SQL ] SHOW COLUMNS FROM `ct_cartype` [ RunTime:0.019000s ]
[ sql ] [ SQL ] SELECT * FROM `ct_cartype` WHERE  `car_id` = 1 LIMIT 1 [ RunTime:0.000000s ]
[ sql ] [ SQL ] SHOW COLUMNS FROM `ct_price_setting` [ RunTime:0.021000s ]
[ sql ] [ SQL ] SELECT * FROM `ct_price_setting` WHERE  `type` = 2 LIMIT 1 [ RunTime:0.001000s ]
[ sql ] [ SQL ] SELECT * FROM `ct_price_setting` WHERE  `type` = 2 LIMIT 1 [ RunTime:0.000000s ]
[ sql ] [ SQL ] SELECT * FROM `ct_price_setting` WHERE  `type` = 2 LIMIT 1 [ RunTime:0.000000s ]

---------------------------------------------------------------
[ 2019-08-16T15:24:49+08:00 ] 127.0.0.1 127.0.0.1 POST /user/vehicle/vehical_count
[ log ] www.chitu12.com/user/vehicle/vehical_count [运行时间：1.830000s][吞吐率：0.55req/s] [内存消耗：2,548.83kb] [文件加载：53]
[ info ] [ LANG ] D:\WWW\chitu_admin\thinkphp\lang\zh-cn.php
[ info ] [ ROUTE ] array (
  'type' => 'module',
  'module' => 
  array (
    0 => 'user',
    1 => 'vehicle',
    2 => 'vehical_count',
  ),
)
[ info ] [ HEADER ] array (
  'accept-language' => 'zh-CN,zh;q=0.9,ja;q=0.8',
  'accept-encoding' => 'gzip, deflate',
  'accept' => '*/*',
  'content-type' => 'multipart/form-data; boundary=----WebKitFormBoundarytVT1S2hEh89zMQF2',
  'postman-token' => 'c1d90b5c-b2a5-0c00-be87-b89fff0666e2',
  'origin' => 'chrome-extension://niphlbdhgiabfnjeompmngebipomclik',
  'cache-control' => 'no-cache',
  'user-agent' => 'Mozilla/5.0 (Windows NT 6.1; WOW64) AppleWebKit/537.36 (KHTML, like Gecko) Chrome/68.0.3440.84 Safari/537.36',
  'content-length' => '1337',
  'connection' => 'close',
  'host' => 'www.chitu12.com',
)
[ info ] [ PARAM ] array (
  '/user/vehicle/vehical_count' => '',
  'token' => 'McTtUp2hNpT6A9x6M9D6E92MTk4MjM4OWNvZGVwaHAO0O0O',
  'startcity_str' => '[{"city":"上海市"},{"city":"邵阳市"}]',
  'endcity_str' => '[{"city":"广州市"}]',
  'taddress' => '[{"areaName":"上海市嘉定区爱特路855号"},{"areaName":"邵阳市高崇山"}]',
  'paddress' => ' [{"areaName":"广州市天河区天河公园"}]',
  'pickyesno' => '2',
  'sendyesno' => '1',
  'data_type' => '',
  'carid' => '1',
  'type' => '2',
  'carnum' => '1',
)
[ info ] [ DB ] INIT mysql
[ info ] [ RUN ] app\user\controller\Vehicle->vehical_count[ D:\WWW\chitu_admin\application\user\controller\Vehicle.php ]
[ info ] [ LOG ] INIT File
[ sql ] [ DB ] CONNECT:[ UseTime:0.011000s ] mysql:dbname=tsst;host=127.0.0.1;charset=utf8
[ sql ] [ SQL ] SHOW COLUMNS FROM `ct_config` [ RunTime:0.006000s ]
[ sql ] [ SQL ] SELECT * FROM `ct_config` WHERE  `id` = 13 LIMIT 1 [ RunTime:0.000000s ]
[ sql ] [ SQL ] SHOW COLUMNS FROM `ct_user_token` [ RunTime:0.006000s ]
[ sql ] [ SQL ] SELECT * FROM `ct_user_token` WHERE  `token` = '1565010161982389codephp' LIMIT 1 [ RunTime:0.001000s ]
[ sql ] [ SQL ] SHOW COLUMNS FROM `ct_user` [ RunTime:0.006000s ]
[ sql ] [ SQL ] SELECT * FROM `ct_user` WHERE  `uid` = 1364  AND `delstate` = 1 LIMIT 1 [ RunTime:0.000000s ]
[ sql ] [ SQL ] SHOW COLUMNS FROM `ct_cartype` [ RunTime:0.006000s ]
[ sql ] [ SQL ] SELECT * FROM `ct_cartype` WHERE  `car_id` = 1 LIMIT 1 [ RunTime:0.001000s ]
[ sql ] [ SQL ] SHOW COLUMNS FROM `ct_price_setting` [ RunTime:0.006000s ]
[ sql ] [ SQL ] SELECT * FROM `ct_price_setting` WHERE  `type` = 2 LIMIT 1 [ RunTime:0.001000s ]
[ sql ] [ SQL ] SELECT * FROM `ct_price_setting` WHERE  `type` = 2 LIMIT 1 [ RunTime:0.000000s ]
[ sql ] [ SQL ] SELECT * FROM `ct_price_setting` WHERE  `type` = 2 LIMIT 1 [ RunTime:0.001000s ]

---------------------------------------------------------------
[ 2019-08-16T15:25:32+08:00 ] 127.0.0.1 127.0.0.1 POST /user/vehicle/vehical_count
[ log ] www.chitu12.com/user/vehicle/vehical_count [运行时间：1.857000s][吞吐率：0.54req/s] [内存消耗：2,548.83kb] [文件加载：53]
[ info ] [ LANG ] D:\WWW\chitu_admin\thinkphp\lang\zh-cn.php
[ info ] [ ROUTE ] array (
  'type' => 'module',
  'module' => 
  array (
    0 => 'user',
    1 => 'vehicle',
    2 => 'vehical_count',
  ),
)
[ info ] [ HEADER ] array (
  'accept-language' => 'zh-CN,zh;q=0.9,ja;q=0.8',
  'accept-encoding' => 'gzip, deflate',
  'accept' => '*/*',
  'content-type' => 'multipart/form-data; boundary=----WebKitFormBoundaryCgHBR7H3majChW7h',
  'postman-token' => '3909b24d-c468-f4fd-b0ab-5b2ca2f6ce50',
  'origin' => 'chrome-extension://niphlbdhgiabfnjeompmngebipomclik',
  'cache-control' => 'no-cache',
  'user-agent' => 'Mozilla/5.0 (Windows NT 6.1; WOW64) AppleWebKit/537.36 (KHTML, like Gecko) Chrome/68.0.3440.84 Safari/537.36',
  'content-length' => '1337',
  'connection' => 'close',
  'host' => 'www.chitu12.com',
)
[ info ] [ PARAM ] array (
  '/user/vehicle/vehical_count' => '',
  'token' => 'McTtUp2hNpT6A9x6M9D6E92MTk4MjM4OWNvZGVwaHAO0O0O',
  'startcity_str' => '[{"city":"上海市"},{"city":"邵阳市"}]',
  'endcity_str' => '[{"city":"广州市"}]',
  'taddress' => '[{"areaName":"上海市嘉定区爱特路855号"},{"areaName":"邵阳市高崇山"}]',
  'paddress' => ' [{"areaName":"广州市天河区天河公园"}]',
  'pickyesno' => '2',
  'sendyesno' => '1',
  'data_type' => '',
  'carid' => '1',
  'type' => '2',
  'carnum' => '1',
)
[ info ] [ DB ] INIT mysql
[ info ] [ RUN ] app\user\controller\Vehicle->vehical_count[ D:\WWW\chitu_admin\application\user\controller\Vehicle.php ]
[ info ] [ LOG ] INIT File
[ sql ] [ DB ] CONNECT:[ UseTime:0.001000s ] mysql:dbname=tsst;host=127.0.0.1;charset=utf8
[ sql ] [ SQL ] SHOW COLUMNS FROM `ct_config` [ RunTime:0.007000s ]
[ sql ] [ SQL ] SELECT * FROM `ct_config` WHERE  `id` = 13 LIMIT 1 [ RunTime:0.000000s ]
[ sql ] [ SQL ] SHOW COLUMNS FROM `ct_user_token` [ RunTime:0.006000s ]
[ sql ] [ SQL ] SELECT * FROM `ct_user_token` WHERE  `token` = '1565010161982389codephp' LIMIT 1 [ RunTime:0.001000s ]
[ sql ] [ SQL ] SHOW COLUMNS FROM `ct_user` [ RunTime:0.006000s ]
[ sql ] [ SQL ] SELECT * FROM `ct_user` WHERE  `uid` = 1364  AND `delstate` = 1 LIMIT 1 [ RunTime:0.001000s ]
[ sql ] [ SQL ] SHOW COLUMNS FROM `ct_cartype` [ RunTime:0.005000s ]
[ sql ] [ SQL ] SELECT * FROM `ct_cartype` WHERE  `car_id` = 1 LIMIT 1 [ RunTime:0.000000s ]
[ sql ] [ SQL ] SHOW COLUMNS FROM `ct_price_setting` [ RunTime:0.005000s ]
[ sql ] [ SQL ] SELECT * FROM `ct_price_setting` WHERE  `type` = 2 LIMIT 1 [ RunTime:0.000000s ]
[ sql ] [ SQL ] SELECT * FROM `ct_price_setting` WHERE  `type` = 2 LIMIT 1 [ RunTime:0.000000s ]
[ sql ] [ SQL ] SELECT * FROM `ct_price_setting` WHERE  `type` = 2 LIMIT 1 [ RunTime:0.000000s ]

---------------------------------------------------------------
[ 2019-08-16T15:27:22+08:00 ] 127.0.0.1 127.0.0.1 POST /user/vehicle/vehical_count
[ log ] www.chitu12.com/user/vehicle/vehical_count [运行时间：2.390000s][吞吐率：0.42req/s] [内存消耗：2,580.02kb] [文件加载：56]
[ info ] [ LANG ] D:\WWW\chitu_admin\thinkphp\lang\zh-cn.php
[ info ] [ ROUTE ] array (
  'type' => 'module',
  'module' => 
  array (
    0 => 'user',
    1 => 'vehicle',
    2 => 'vehical_count',
  ),
)
[ info ] [ HEADER ] array (
  'accept-language' => 'zh-CN,zh;q=0.9,ja;q=0.8',
  'accept-encoding' => 'gzip, deflate',
  'accept' => '*/*',
  'content-type' => 'multipart/form-data; boundary=----WebKitFormBoundarypuJqZ0AJluudQ6wA',
  'postman-token' => '50eff22e-5d94-5a35-b6dc-23aa65f69891',
  'origin' => 'chrome-extension://niphlbdhgiabfnjeompmngebipomclik',
  'cache-control' => 'no-cache',
  'user-agent' => 'Mozilla/5.0 (Windows NT 6.1; WOW64) AppleWebKit/537.36 (KHTML, like Gecko) Chrome/68.0.3440.84 Safari/537.36',
  'content-length' => '1337',
  'connection' => 'close',
  'host' => 'www.chitu12.com',
)
[ info ] [ PARAM ] array (
  '/user/vehicle/vehical_count' => '',
  'token' => 'McTtUp2hNpT6A9x6M9D6E92MTk4MjM4OWNvZGVwaHAO0O0O',
  'startcity_str' => '[{"city":"上海市"},{"city":"邵阳市"}]',
  'endcity_str' => '[{"city":"广州市"}]',
  'taddress' => '[{"areaName":"上海市嘉定区爱特路855号"},{"areaName":"邵阳市高崇山"}]',
  'paddress' => ' [{"areaName":"广州市天河区天河公园"}]',
  'pickyesno' => '2',
  'sendyesno' => '1',
  'data_type' => '',
  'carid' => '1',
  'type' => '2',
  'carnum' => '1',
)
[ info ] [ DB ] INIT mysql
[ info ] [ RUN ] app\user\controller\Vehicle->vehical_count[ D:\WWW\chitu_admin\application\user\controller\Vehicle.php ]
[ info ] [ LOG ] INIT File
[ sql ] [ DB ] CONNECT:[ UseTime:0.010000s ] mysql:dbname=tsst;host=127.0.0.1;charset=utf8
[ sql ] [ SQL ] SHOW COLUMNS FROM `ct_config` [ RunTime:0.006000s ]
[ sql ] [ SQL ] SELECT * FROM `ct_config` WHERE  `id` = 13 LIMIT 1 [ RunTime:0.000000s ]
[ sql ] [ SQL ] SHOW COLUMNS FROM `ct_user_token` [ RunTime:0.006000s ]
[ sql ] [ SQL ] SELECT * FROM `ct_user_token` WHERE  `token` = '1565010161982389codephp' LIMIT 1 [ RunTime:0.001000s ]
[ sql ] [ SQL ] SHOW COLUMNS FROM `ct_user` [ RunTime:0.005000s ]
[ sql ] [ SQL ] SELECT * FROM `ct_user` WHERE  `uid` = 1364  AND `delstate` = 1 LIMIT 1 [ RunTime:0.000000s ]
[ sql ] [ SQL ] SHOW COLUMNS FROM `ct_cartype` [ RunTime:0.006000s ]
[ sql ] [ SQL ] SELECT * FROM `ct_cartype` WHERE  `car_id` = 1 LIMIT 1 [ RunTime:0.000000s ]
[ sql ] [ SQL ] SHOW COLUMNS FROM `ct_price_setting` [ RunTime:0.006000s ]
[ sql ] [ SQL ] SELECT * FROM `ct_price_setting` WHERE  `type` = 2 LIMIT 1 [ RunTime:0.000000s ]
[ sql ] [ SQL ] SELECT * FROM `ct_price_setting` WHERE  `type` = 2 LIMIT 1 [ RunTime:0.000000s ]
[ sql ] [ SQL ] SELECT * FROM `ct_price_setting` WHERE  `type` = 2 LIMIT 1 [ RunTime:0.001000s ]
[ error ] [8]未定义变量: price[D:\WWW\chitu_admin\application\user\controller\Vehicle.php:861]

---------------------------------------------------------------
[ 2019-08-16T15:28:03+08:00 ] 127.0.0.1 127.0.0.1 POST /user/vehicle/vehical_count
[ log ] www.chitu12.com/user/vehicle/vehical_count [运行时间：1.825000s][吞吐率：0.55req/s] [内存消耗：2,494.66kb] [文件加载：50]
[ info ] [ LANG ] D:\WWW\chitu_admin\thinkphp\lang\zh-cn.php
[ info ] [ ROUTE ] array (
  'type' => 'module',
  'module' => 
  array (
    0 => 'user',
    1 => 'vehicle',
    2 => 'vehical_count',
  ),
)
[ info ] [ HEADER ] array (
  'accept-language' => 'zh-CN,zh;q=0.9,ja;q=0.8',
  'accept-encoding' => 'gzip, deflate',
  'accept' => '*/*',
  'content-type' => 'multipart/form-data; boundary=----WebKitFormBoundarywehBc8x0JBjRzguD',
  'postman-token' => '4c5db54f-cd2d-2f6a-7f01-b04134e62fa6',
  'origin' => 'chrome-extension://niphlbdhgiabfnjeompmngebipomclik',
  'cache-control' => 'no-cache',
  'user-agent' => 'Mozilla/5.0 (Windows NT 6.1; WOW64) AppleWebKit/537.36 (KHTML, like Gecko) Chrome/68.0.3440.84 Safari/537.36',
  'content-length' => '1337',
  'connection' => 'close',
  'host' => 'www.chitu12.com',
)
[ info ] [ PARAM ] array (
  '/user/vehicle/vehical_count' => '',
  'token' => 'McTtUp2hNpT6A9x6M9D6E92MTk4MjM4OWNvZGVwaHAO0O0O',
  'startcity_str' => '[{"city":"上海市"},{"city":"邵阳市"}]',
  'endcity_str' => '[{"city":"广州市"}]',
  'taddress' => '[{"areaName":"上海市嘉定区爱特路855号"},{"areaName":"邵阳市高崇山"}]',
  'paddress' => ' [{"areaName":"广州市天河区天河公园"}]',
  'pickyesno' => '2',
  'sendyesno' => '1',
  'data_type' => '',
  'carid' => '1',
  'type' => '2',
  'carnum' => '1',
)
[ info ] [ DB ] INIT mysql
[ info ] [ RUN ] app\user\controller\Vehicle->vehical_count[ D:\WWW\chitu_admin\application\user\controller\Vehicle.php ]
[ info ] [ LOG ] INIT File
[ sql ] [ DB ] CONNECT:[ UseTime:0.001000s ] mysql:dbname=tsst;host=127.0.0.1;charset=utf8
[ sql ] [ SQL ] SHOW COLUMNS FROM `ct_config` [ RunTime:0.006000s ]
[ sql ] [ SQL ] SELECT * FROM `ct_config` WHERE  `id` = 13 LIMIT 1 [ RunTime:0.001000s ]
[ sql ] [ SQL ] SHOW COLUMNS FROM `ct_user_token` [ RunTime:0.006000s ]
[ sql ] [ SQL ] SELECT * FROM `ct_user_token` WHERE  `token` = '1565010161982389codephp' LIMIT 1 [ RunTime:0.001000s ]
[ sql ] [ SQL ] SHOW COLUMNS FROM `ct_user` [ RunTime:0.006000s ]
[ sql ] [ SQL ] SELECT * FROM `ct_user` WHERE  `uid` = 1364  AND `delstate` = 1 LIMIT 1 [ RunTime:0.000000s ]
[ sql ] [ SQL ] SHOW COLUMNS FROM `ct_cartype` [ RunTime:0.006000s ]
[ sql ] [ SQL ] SELECT * FROM `ct_cartype` WHERE  `car_id` = 1 LIMIT 1 [ RunTime:0.000000s ]
[ sql ] [ SQL ] SHOW COLUMNS FROM `ct_price_setting` [ RunTime:0.006000s ]
[ sql ] [ SQL ] SELECT * FROM `ct_price_setting` WHERE  `type` = 2 LIMIT 1 [ RunTime:0.001000s ]
[ sql ] [ SQL ] SELECT * FROM `ct_price_setting` WHERE  `type` = 2 LIMIT 1 [ RunTime:0.001000s ]
[ sql ] [ SQL ] SELECT * FROM `ct_price_setting` WHERE  `type` = 2 LIMIT 1 [ RunTime:0.000000s ]

---------------------------------------------------------------
[ 2019-08-16T15:29:03+08:00 ] 127.0.0.1 127.0.0.1 POST /user/vehicle/vehical_count
[ log ] www.chitu12.com/user/vehicle/vehical_count [运行时间：1.005000s][吞吐率：1.00req/s] [内存消耗：2,548.55kb] [文件加载：53]
[ info ] [ LANG ] D:\WWW\chitu_admin\thinkphp\lang\zh-cn.php
[ info ] [ ROUTE ] array (
  'type' => 'module',
  'module' => 
  array (
    0 => 'user',
    1 => 'vehicle',
    2 => 'vehical_count',
  ),
)
[ info ] [ HEADER ] array (
  'accept-language' => 'zh-CN,zh;q=0.9,ja;q=0.8',
  'accept-encoding' => 'gzip, deflate',
  'accept' => '*/*',
  'content-type' => 'multipart/form-data; boundary=----WebKitFormBoundary7GjA88w1QwRDkqoc',
  'postman-token' => '8ef2bfcb-1c50-e8ab-1096-f28d766d12c4',
  'origin' => 'chrome-extension://niphlbdhgiabfnjeompmngebipomclik',
  'cache-control' => 'no-cache',
  'user-agent' => 'Mozilla/5.0 (Windows NT 6.1; WOW64) AppleWebKit/537.36 (KHTML, like Gecko) Chrome/68.0.3440.84 Safari/537.36',
  'content-length' => '1282',
  'connection' => 'close',
  'host' => 'www.chitu12.com',
)
[ info ] [ PARAM ] array (
  '/user/vehicle/vehical_count' => '',
  'token' => 'McTtUp2hNpT6A9x6M9D6E92MTk4MjM4OWNvZGVwaHAO0O0O',
  'startcity_str' => '[{"city":"上海市"}]',
  'endcity_str' => '[{"city":"广州市"}]',
  'taddress' => '[{"areaName":"上海市嘉定区爱特路855号"}]',
  'paddress' => ' [{"areaName":"广州市天河区天河公园"}]',
  'pickyesno' => '2',
  'sendyesno' => '1',
  'data_type' => '',
  'carid' => '1',
  'type' => '2',
  'carnum' => '1',
)
[ info ] [ DB ] INIT mysql
[ info ] [ RUN ] app\user\controller\Vehicle->vehical_count[ D:\WWW\chitu_admin\application\user\controller\Vehicle.php ]
[ info ] [ LOG ] INIT File
[ sql ] [ DB ] CONNECT:[ UseTime:0.001000s ] mysql:dbname=tsst;host=127.0.0.1;charset=utf8
[ sql ] [ SQL ] SHOW COLUMNS FROM `ct_config` [ RunTime:0.006000s ]
[ sql ] [ SQL ] SELECT * FROM `ct_config` WHERE  `id` = 13 LIMIT 1 [ RunTime:0.001000s ]
[ sql ] [ SQL ] SHOW COLUMNS FROM `ct_user_token` [ RunTime:0.006000s ]
[ sql ] [ SQL ] SELECT * FROM `ct_user_token` WHERE  `token` = '1565010161982389codephp' LIMIT 1 [ RunTime:0.001000s ]
[ sql ] [ SQL ] SHOW COLUMNS FROM `ct_user` [ RunTime:0.006000s ]
[ sql ] [ SQL ] SELECT * FROM `ct_user` WHERE  `uid` = 1364  AND `delstate` = 1 LIMIT 1 [ RunTime:0.001000s ]
[ sql ] [ SQL ] SHOW COLUMNS FROM `ct_cartype` [ RunTime:0.005000s ]
[ sql ] [ SQL ] SELECT * FROM `ct_cartype` WHERE  `car_id` = 1 LIMIT 1 [ RunTime:0.001000s ]
[ sql ] [ SQL ] SHOW COLUMNS FROM `ct_price_setting` [ RunTime:0.006000s ]
[ sql ] [ SQL ] SELECT * FROM `ct_price_setting` WHERE  `type` = 2 LIMIT 1 [ RunTime:0.000000s ]
[ sql ] [ SQL ] SELECT * FROM `ct_price_setting` WHERE  `type` = 2 LIMIT 1 [ RunTime:0.001000s ]

---------------------------------------------------------------
[ 2019-08-16T15:29:29+08:00 ] 127.0.0.1 127.0.0.1 POST /user/vehicle/vehical_count
[ log ] www.chitu12.com/user/vehicle/vehical_count [运行时间：1.238000s][吞吐率：0.81req/s] [内存消耗：2,548.55kb] [文件加载：53]
[ info ] [ LANG ] D:\WWW\chitu_admin\thinkphp\lang\zh-cn.php
[ info ] [ ROUTE ] array (
  'type' => 'module',
  'module' => 
  array (
    0 => 'user',
    1 => 'vehicle',
    2 => 'vehical_count',
  ),
)
[ info ] [ HEADER ] array (
  'accept-language' => 'zh-CN,zh;q=0.9,ja;q=0.8',
  'accept-encoding' => 'gzip, deflate',
  'accept' => '*/*',
  'content-type' => 'multipart/form-data; boundary=----WebKitFormBoundaryfSSlTVeLdAxdN4yY',
  'postman-token' => '3a794fbd-8dc5-00e3-fdc3-3f5e7cadaf1a',
  'origin' => 'chrome-extension://niphlbdhgiabfnjeompmngebipomclik',
  'cache-control' => 'no-cache',
  'user-agent' => 'Mozilla/5.0 (Windows NT 6.1; WOW64) AppleWebKit/537.36 (KHTML, like Gecko) Chrome/68.0.3440.84 Safari/537.36',
  'content-length' => '1282',
  'connection' => 'close',
  'host' => 'www.chitu12.com',
)
[ info ] [ PARAM ] array (
  '/user/vehicle/vehical_count' => '',
  'token' => 'McTtUp2hNpT6A9x6M9D6E92MTk4MjM4OWNvZGVwaHAO0O0O',
  'startcity_str' => '[{"city":"上海市"}]',
  'endcity_str' => '[{"city":"广州市"}]',
  'taddress' => '[{"areaName":"上海市嘉定区爱特路855号"}]',
  'paddress' => ' [{"areaName":"广州市天河区天河公园"}]',
  'pickyesno' => '1',
  'sendyesno' => '1',
  'data_type' => '',
  'carid' => '1',
  'type' => '2',
  'carnum' => '1',
)
[ info ] [ DB ] INIT mysql
[ info ] [ RUN ] app\user\controller\Vehicle->vehical_count[ D:\WWW\chitu_admin\application\user\controller\Vehicle.php ]
[ info ] [ LOG ] INIT File
[ sql ] [ DB ] CONNECT:[ UseTime:0.001000s ] mysql:dbname=tsst;host=127.0.0.1;charset=utf8
[ sql ] [ SQL ] SHOW COLUMNS FROM `ct_config` [ RunTime:0.006000s ]
[ sql ] [ SQL ] SELECT * FROM `ct_config` WHERE  `id` = 13 LIMIT 1 [ RunTime:0.001000s ]
[ sql ] [ SQL ] SHOW COLUMNS FROM `ct_user_token` [ RunTime:0.006000s ]
[ sql ] [ SQL ] SELECT * FROM `ct_user_token` WHERE  `token` = '1565010161982389codephp' LIMIT 1 [ RunTime:0.001000s ]
[ sql ] [ SQL ] SHOW COLUMNS FROM `ct_user` [ RunTime:0.005000s ]
[ sql ] [ SQL ] SELECT * FROM `ct_user` WHERE  `uid` = 1364  AND `delstate` = 1 LIMIT 1 [ RunTime:0.000000s ]
[ sql ] [ SQL ] SHOW COLUMNS FROM `ct_cartype` [ RunTime:0.006000s ]
[ sql ] [ SQL ] SELECT * FROM `ct_cartype` WHERE  `car_id` = 1 LIMIT 1 [ RunTime:0.000000s ]
[ sql ] [ SQL ] SHOW COLUMNS FROM `ct_price_setting` [ RunTime:0.005000s ]
[ sql ] [ SQL ] SELECT * FROM `ct_price_setting` WHERE  `type` = 2 LIMIT 1 [ RunTime:0.000000s ]
[ sql ] [ SQL ] SELECT * FROM `ct_price_setting` WHERE  `type` = 2 LIMIT 1 [ RunTime:0.000000s ]

---------------------------------------------------------------
[ 2019-08-16T15:37:13+08:00 ] 127.0.0.1 127.0.0.1 POST /user/vehicle/vehical_count
[ log ] www.chitu12.com/user/vehicle/vehical_count [运行时间：1.148000s][吞吐率：0.87req/s] [内存消耗：2,548.59kb] [文件加载：53]
[ info ] [ LANG ] D:\WWW\chitu_admin\thinkphp\lang\zh-cn.php
[ info ] [ ROUTE ] array (
  'type' => 'module',
  'module' => 
  array (
    0 => 'user',
    1 => 'vehicle',
    2 => 'vehical_count',
  ),
)
[ info ] [ HEADER ] array (
  'accept-language' => 'zh-CN,zh;q=0.9,ja;q=0.8',
  'accept-encoding' => 'gzip, deflate',
  'accept' => '*/*',
  'content-type' => 'multipart/form-data; boundary=----WebKitFormBoundarylVFy0yTpjXfXzqEI',
  'postman-token' => '1289d88e-58b5-e3f4-cd6e-3cf243cc9b56',
  'origin' => 'chrome-extension://niphlbdhgiabfnjeompmngebipomclik',
  'cache-control' => 'no-cache',
  'user-agent' => 'Mozilla/5.0 (Windows NT 6.1; WOW64) AppleWebKit/537.36 (KHTML, like Gecko) Chrome/68.0.3440.84 Safari/537.36',
  'content-length' => '1282',
  'connection' => 'close',
  'host' => 'www.chitu12.com',
)
[ info ] [ PARAM ] array (
  '/user/vehicle/vehical_count' => '',
  'token' => 'McTtUp2hNpT6A9x6M9D6E92MTk4MjM4OWNvZGVwaHAO0O0O',
  'startcity_str' => '[{"city":"上海市"}]',
  'endcity_str' => '[{"city":"广州市"}]',
  'taddress' => '[{"areaName":"上海市嘉定区爱特路855号"}]',
  'paddress' => ' [{"areaName":"广州市天河区天河公园"}]',
  'pickyesno' => '1',
  'sendyesno' => '1',
  'data_type' => '',
  'carid' => '1',
  'type' => '2',
  'carnum' => '1',
)
[ info ] [ DB ] INIT mysql
[ info ] [ RUN ] app\user\controller\Vehicle->vehical_count[ D:\WWW\chitu_admin\application\user\controller\Vehicle.php ]
[ info ] [ LOG ] INIT File
[ sql ] [ DB ] CONNECT:[ UseTime:0.009000s ] mysql:dbname=tsst;host=127.0.0.1;charset=utf8
[ sql ] [ SQL ] SHOW COLUMNS FROM `ct_config` [ RunTime:0.007000s ]
[ sql ] [ SQL ] SELECT * FROM `ct_config` WHERE  `id` = 13 LIMIT 1 [ RunTime:0.001000s ]
[ sql ] [ SQL ] SHOW COLUMNS FROM `ct_user_token` [ RunTime:0.006000s ]
[ sql ] [ SQL ] SELECT * FROM `ct_user_token` WHERE  `token` = '1565010161982389codephp' LIMIT 1 [ RunTime:0.000000s ]
[ sql ] [ SQL ] SHOW COLUMNS FROM `ct_user` [ RunTime:0.006000s ]
[ sql ] [ SQL ] SELECT * FROM `ct_user` WHERE  `uid` = 1364  AND `delstate` = 1 LIMIT 1 [ RunTime:0.000000s ]
[ sql ] [ SQL ] SHOW COLUMNS FROM `ct_cartype` [ RunTime:0.006000s ]
[ sql ] [ SQL ] SELECT * FROM `ct_cartype` WHERE  `car_id` = 1 LIMIT 1 [ RunTime:0.001000s ]
[ sql ] [ SQL ] SHOW COLUMNS FROM `ct_price_setting` [ RunTime:0.005000s ]
[ sql ] [ SQL ] SELECT * FROM `ct_price_setting` WHERE  `type` = 2 LIMIT 1 [ RunTime:0.000000s ]
[ sql ] [ SQL ] SELECT * FROM `ct_price_setting` WHERE  `type` = 2 LIMIT 1 [ RunTime:0.000000s ]

---------------------------------------------------------------
[ 2019-08-16T15:38:10+08:00 ] 127.0.0.1 127.0.0.1 POST /user/vehicle/vehical_count
[ log ] www.chitu12.com/user/vehicle/vehical_count [运行时间：1.663000s][吞吐率：0.60req/s] [内存消耗：2,548.59kb] [文件加载：53]
[ info ] [ LANG ] D:\WWW\chitu_admin\thinkphp\lang\zh-cn.php
[ info ] [ ROUTE ] array (
  'type' => 'module',
  'module' => 
  array (
    0 => 'user',
    1 => 'vehicle',
    2 => 'vehical_count',
  ),
)
[ info ] [ HEADER ] array (
  'accept-language' => 'zh-CN,zh;q=0.9,ja;q=0.8',
  'accept-encoding' => 'gzip, deflate',
  'accept' => '*/*',
  'content-type' => 'multipart/form-data; boundary=----WebKitFormBoundaryIGyKTiPkvFIFAOl7',
  'postman-token' => '654a5eae-bb8a-16cb-4e8a-5b14165d1540',
  'origin' => 'chrome-extension://niphlbdhgiabfnjeompmngebipomclik',
  'cache-control' => 'no-cache',
  'user-agent' => 'Mozilla/5.0 (Windows NT 6.1; WOW64) AppleWebKit/537.36 (KHTML, like Gecko) Chrome/68.0.3440.84 Safari/537.36',
  'content-length' => '1186',
  'connection' => 'close',
  'host' => 'www.chitu12.com',
)
[ info ] [ PARAM ] array (
  '/user/vehicle/vehical_count' => '',
  'token' => 'McTtUp2hNpT6A9x6M9D6E92MTk4MjM4OWNvZGVwaHAO0O0O',
  'startcity_str' => '[{"city":"上海市"}]',
  'endcity_str' => '[{"city":"广州市"}]',
  'taddress' => '[{"areaName":"上海市嘉定区爱特路855号"}]',
  'paddress' => ' [{"areaName":"广州市天河区天河公园"}]',
  'pickyesno' => '1',
  'sendyesno' => '1',
  'carid' => '1',
  'type' => '2',
  'carnum' => '1',
)
[ info ] [ DB ] INIT mysql
[ info ] [ RUN ] app\user\controller\Vehicle->vehical_count[ D:\WWW\chitu_admin\application\user\controller\Vehicle.php ]
[ info ] [ LOG ] INIT File
[ sql ] [ DB ] CONNECT:[ UseTime:0.010000s ] mysql:dbname=tsst;host=127.0.0.1;charset=utf8
[ sql ] [ SQL ] SHOW COLUMNS FROM `ct_config` [ RunTime:0.006000s ]
[ sql ] [ SQL ] SELECT * FROM `ct_config` WHERE  `id` = 13 LIMIT 1 [ RunTime:0.000000s ]
[ sql ] [ SQL ] SHOW COLUMNS FROM `ct_user_token` [ RunTime:0.006000s ]
[ sql ] [ SQL ] SELECT * FROM `ct_user_token` WHERE  `token` = '1565010161982389codephp' LIMIT 1 [ RunTime:0.001000s ]
[ sql ] [ SQL ] SHOW COLUMNS FROM `ct_user` [ RunTime:0.006000s ]
[ sql ] [ SQL ] SELECT * FROM `ct_user` WHERE  `uid` = 1364  AND `delstate` = 1 LIMIT 1 [ RunTime:0.000000s ]
[ sql ] [ SQL ] SHOW COLUMNS FROM `ct_cartype` [ RunTime:0.005000s ]
[ sql ] [ SQL ] SELECT * FROM `ct_cartype` WHERE  `car_id` = 1 LIMIT 1 [ RunTime:0.001000s ]
[ sql ] [ SQL ] SHOW COLUMNS FROM `ct_price_setting` [ RunTime:0.006000s ]
[ sql ] [ SQL ] SELECT * FROM `ct_price_setting` WHERE  `type` = 2 LIMIT 1 [ RunTime:0.000000s ]
[ sql ] [ SQL ] SELECT * FROM `ct_price_setting` WHERE  `type` = 2 LIMIT 1 [ RunTime:0.000000s ]

---------------------------------------------------------------
[ 2019-08-16T15:38:56+08:00 ] 127.0.0.1 127.0.0.1 POST /user/vehicle/vehical_count
[ log ] www.chitu12.com/user/vehicle/vehical_count [运行时间：1.076000s][吞吐率：0.93req/s] [内存消耗：2,548.55kb] [文件加载：53]
[ info ] [ LANG ] D:\WWW\chitu_admin\thinkphp\lang\zh-cn.php
[ info ] [ ROUTE ] array (
  'type' => 'module',
  'module' => 
  array (
    0 => 'user',
    1 => 'vehicle',
    2 => 'vehical_count',
  ),
)
[ info ] [ HEADER ] array (
  'accept-language' => 'zh-CN,zh;q=0.9,ja;q=0.8',
  'accept-encoding' => 'gzip, deflate',
  'accept' => '*/*',
  'content-type' => 'multipart/form-data; boundary=----WebKitFormBoundaryBrWaorMA8iUCUPXO',
  'postman-token' => '59d2da18-dca3-5624-d449-fda438ed47d7',
  'origin' => 'chrome-extension://niphlbdhgiabfnjeompmngebipomclik',
  'cache-control' => 'no-cache',
  'user-agent' => 'Mozilla/5.0 (Windows NT 6.1; WOW64) AppleWebKit/537.36 (KHTML, like Gecko) Chrome/68.0.3440.84 Safari/537.36',
  'content-length' => '1186',
  'connection' => 'close',
  'host' => 'www.chitu12.com',
)
[ info ] [ PARAM ] array (
  '/user/vehicle/vehical_count' => '',
  'token' => 'McTtUp2hNpT6A9x6M9D6E92MTk4MjM4OWNvZGVwaHAO0O0O',
  'startcity_str' => '[{"city":"上海市"}]',
  'endcity_str' => '[{"city":"广州市"}]',
  'taddress' => '[{"areaName":"上海市嘉定区爱特路855号"}]',
  'paddress' => ' [{"areaName":"广州市天河区天河公园"}]',
  'pickyesno' => '1',
  'sendyesno' => '1',
  'carid' => '1',
  'type' => '2',
  'carnum' => '1',
)
[ info ] [ DB ] INIT mysql
[ info ] [ RUN ] app\user\controller\Vehicle->vehical_count[ D:\WWW\chitu_admin\application\user\controller\Vehicle.php ]
[ info ] [ LOG ] INIT File
[ sql ] [ DB ] CONNECT:[ UseTime:0.011000s ] mysql:dbname=tsst;host=127.0.0.1;charset=utf8
[ sql ] [ SQL ] SHOW COLUMNS FROM `ct_config` [ RunTime:0.006000s ]
[ sql ] [ SQL ] SELECT * FROM `ct_config` WHERE  `id` = 13 LIMIT 1 [ RunTime:0.001000s ]
[ sql ] [ SQL ] SHOW COLUMNS FROM `ct_user_token` [ RunTime:0.005000s ]
[ sql ] [ SQL ] SELECT * FROM `ct_user_token` WHERE  `token` = '1565010161982389codephp' LIMIT 1 [ RunTime:0.001000s ]
[ sql ] [ SQL ] SHOW COLUMNS FROM `ct_user` [ RunTime:0.006000s ]
[ sql ] [ SQL ] SELECT * FROM `ct_user` WHERE  `uid` = 1364  AND `delstate` = 1 LIMIT 1 [ RunTime:0.000000s ]
[ sql ] [ SQL ] SHOW COLUMNS FROM `ct_cartype` [ RunTime:0.006000s ]
[ sql ] [ SQL ] SELECT * FROM `ct_cartype` WHERE  `car_id` = 1 LIMIT 1 [ RunTime:0.000000s ]
[ sql ] [ SQL ] SHOW COLUMNS FROM `ct_price_setting` [ RunTime:0.006000s ]
[ sql ] [ SQL ] SELECT * FROM `ct_price_setting` WHERE  `type` = 2 LIMIT 1 [ RunTime:0.000000s ]
[ sql ] [ SQL ] SELECT * FROM `ct_price_setting` WHERE  `type` = 2 LIMIT 1 [ RunTime:0.001000s ]

---------------------------------------------------------------
