[ 2019-08-19T18:27:56+08:00 ] 127.0.0.1 127.0.0.1 GET /
[ log ] www.chitu12.com/ [运行时间：0.052000s][吞吐率：19.23req/s] [内存消耗：1,488.38kb] [文件加载：47]
[ info ] [ LANG ] D:\WWW\chitu_admin\thinkphp\lang\zh-cn.php
[ info ] [ ROUTE ] array (
  'type' => 'module',
  'module' => 
  array (
    0 => '',
    1 => NULL,
    2 => NULL,
  ),
)
[ info ] [ HEADER ] array (
  'accept-language' => 'zh-CN,zh;q=0.9,ja;q=0.8',
  'accept-encoding' => 'gzip, deflate',
  'accept' => 'text/html,application/xhtml+xml,application/xml;q=0.9,image/webp,image/apng,*/*;q=0.8',
  'user-agent' => 'Mozilla/5.0 (Windows NT 6.1; WOW64) AppleWebKit/537.36 (KHTML, like Gecko) Chrome/68.0.3440.84 Safari/537.36',
  'upgrade-insecure-requests' => '1',
  'connection' => 'close',
  'host' => 'www.chitu12.com',
)
[ info ] [ PARAM ] array (
)
[ info ] [ RUN ] app\admin\controller\Index->index[ D:\WWW\chitu_admin\application\admin\controller\Index.php ]
[ info ] [ SESSION ] INIT array (
  'id' => '',
  'var_session_id' => '',
  'prefix' => '',
  'type' => '',
  'auto_start' => true,
)
[ info ] [ LOG ] INIT File

---------------------------------------------------------------
[ 2019-08-19T18:27:56+08:00 ] 127.0.0.1 127.0.0.1 GET /admin/index/login.html
[ log ] www.chitu12.com/admin/index/login.html [运行时间：0.041000s][吞吐率：24.39req/s] [内存消耗：1,490.88kb] [文件加载：47]
[ info ] [ LANG ] D:\WWW\chitu_admin\thinkphp\lang\zh-cn.php
[ info ] [ ROUTE ] array (
  'type' => 'module',
  'module' => 
  array (
    0 => 'admin',
    1 => 'index',
    2 => 'login',
  ),
)
[ info ] [ HEADER ] array (
  'cookie' => 'PHPSESSID=i38m98lcaiu6oa93dd9ftrqre4',
  'accept-language' => 'zh-CN,zh;q=0.9,ja;q=0.8',
  'accept-encoding' => 'gzip, deflate',
  'accept' => 'text/html,application/xhtml+xml,application/xml;q=0.9,image/webp,image/apng,*/*;q=0.8',
  'user-agent' => 'Mozilla/5.0 (Windows NT 6.1; WOW64) AppleWebKit/537.36 (KHTML, like Gecko) Chrome/68.0.3440.84 Safari/537.36',
  'upgrade-insecure-requests' => '1',
  'connection' => 'close',
  'host' => 'www.chitu12.com',
)
[ info ] [ PARAM ] array (
  '/admin/index/login_html' => '',
)
[ info ] [ RUN ] app\admin\controller\Index->login[ D:\WWW\chitu_admin\application\admin\controller\Index.php ]
[ info ] [ VIEW ] D:\WWW\chitu_admin\public/../application/admin\view\index\login.html [ array (
) ]
[ info ] [ LOG ] INIT File

---------------------------------------------------------------
[ 2019-08-19T18:27:58+08:00 ] 127.0.0.1 127.0.0.1 POST /admin/index/login_send
[ log ] www.chitu12.com/admin/index/login_send [运行时间：0.178000s][吞吐率：5.62req/s] [内存消耗：2,111.79kb] [文件加载：54]
[ info ] [ LANG ] D:\WWW\chitu_admin\thinkphp\lang\zh-cn.php
[ info ] [ ROUTE ] array (
  'type' => 'module',
  'module' => 
  array (
    0 => 'admin',
    1 => 'index',
    2 => 'login_send',
  ),
)
[ info ] [ HEADER ] array (
  'cookie' => 'PHPSESSID=i38m98lcaiu6oa93dd9ftrqre4',
  'accept-language' => 'zh-CN,zh;q=0.9,ja;q=0.8',
  'accept-encoding' => 'gzip, deflate',
  'referer' => 'http://www.chitu12.com/admin/index/login.html',
  'accept' => 'text/html,application/xhtml+xml,application/xml;q=0.9,image/webp,image/apng,*/*;q=0.8',
  'user-agent' => 'Mozilla/5.0 (Windows NT 6.1; WOW64) AppleWebKit/537.36 (KHTML, like Gecko) Chrome/68.0.3440.84 Safari/537.36',
  'content-type' => 'application/x-www-form-urlencoded',
  'upgrade-insecure-requests' => '1',
  'origin' => 'http://www.chitu12.com',
  'cache-control' => 'max-age=0',
  'content-length' => '38',
  'connection' => 'close',
  'host' => 'www.chitu12.com',
)
[ info ] [ PARAM ] array (
  '/admin/index/login_send' => '',
  'admin_name' => 'admin',
  'admin_password' => '666666',
)
[ info ] [ RUN ] app\admin\controller\Index->login_send[ D:\WWW\chitu_admin\application\admin\controller\Index.php ]
[ info ] [ DB ] INIT mysql
[ info ] [ SESSION ] INIT array (
  'id' => '',
  'var_session_id' => '',
  'prefix' => '',
  'type' => '',
  'auto_start' => true,
)
[ info ] [ LOG ] INIT File
[ sql ] [ DB ] CONNECT:[ UseTime:0.019000s ] mysql:dbname=tsst;host=127.0.0.1;charset=utf8
[ sql ] [ SQL ] SHOW COLUMNS FROM `ct_admin` [ RunTime:0.134000s ]
[ sql ] [ SQL ] SELECT * FROM `ct_admin` WHERE  `username` = 'admin'  AND `password` = 'b3149bc65f030e6b5e5ce5cb645adb65'  AND `pstate` = 1 LIMIT 1 [ RunTime:0.002000s ]

---------------------------------------------------------------
[ 2019-08-19T18:27:58+08:00 ] 127.0.0.1 127.0.0.1 GET /admin/index/index.html
[ log ] www.chitu12.com/admin/index/index.html [运行时间：0.134000s][吞吐率：7.46req/s] [内存消耗：2,368.53kb] [文件加载：58]
[ info ] [ LANG ] D:\WWW\chitu_admin\thinkphp\lang\zh-cn.php
[ info ] [ ROUTE ] array (
  'type' => 'module',
  'module' => 
  array (
    0 => 'admin',
    1 => 'index',
    2 => 'index',
  ),
)
[ info ] [ HEADER ] array (
  'cookie' => 'PHPSESSID=i38m98lcaiu6oa93dd9ftrqre4',
  'accept-language' => 'zh-CN,zh;q=0.9,ja;q=0.8',
  'accept-encoding' => 'gzip, deflate',
  'referer' => 'http://www.chitu12.com/admin/index/login.html',
  'accept' => 'text/html,application/xhtml+xml,application/xml;q=0.9,image/webp,image/apng,*/*;q=0.8',
  'user-agent' => 'Mozilla/5.0 (Windows NT 6.1; WOW64) AppleWebKit/537.36 (KHTML, like Gecko) Chrome/68.0.3440.84 Safari/537.36',
  'upgrade-insecure-requests' => '1',
  'cache-control' => 'max-age=0',
  'connection' => 'close',
  'host' => 'www.chitu12.com',
)
[ info ] [ PARAM ] array (
  '/admin/index/index_html' => '',
)
[ info ] [ RUN ] app\admin\controller\Index->index[ D:\WWW\chitu_admin\application\admin\controller\Index.php ]
[ info ] [ SESSION ] INIT array (
  'id' => '',
  'var_session_id' => '',
  'prefix' => '',
  'type' => '',
  'auto_start' => true,
)
[ info ] [ DB ] INIT mysql
[ info ] [ VIEW ] D:\WWW\chitu_admin\public/../application/admin\view\index\index.html [ array (
  0 => 'auth',
  1 => 'authstr',
  2 => 'system',
) ]
[ info ] [ LOG ] INIT File
[ sql ] [ DB ] CONNECT:[ UseTime:0.010000s ] mysql:dbname=tsst;host=127.0.0.1;charset=utf8
[ sql ] [ SQL ] SHOW COLUMNS FROM `ct_admin` [ RunTime:0.006000s ]
[ sql ] [ SQL ] SELECT `qxz`,`admin` FROM `ct_admin` WHERE  `aid` = 1 LIMIT 1 [ RunTime:0.001000s ]
[ sql ] [ SQL ] SHOW COLUMNS FROM `ct_authstr` [ RunTime:0.023000s ]
[ sql ] [ SQL ] SELECT * FROM `ct_authstr` WHERE  `qid` = 1 LIMIT 1 [ RunTime:0.001000s ]
[ sql ] [ SQL ] SHOW COLUMNS FROM `ct_auth_rule` [ RunTime:0.006000s ]
[ sql ] [ SQL ] SELECT `id`,`pid`,`name`,`title` FROM `ct_auth_rule` WHERE  `pid` = 0 [ RunTime:0.001000s ]
[ sql ] [ SQL ] SELECT `id`,`name`,`title`,`pid` FROM `ct_auth_rule` WHERE  `pid` = 1 [ RunTime:0.001000s ]
[ sql ] [ SQL ] SELECT `id`,`name`,`title`,`pid` FROM `ct_auth_rule` WHERE  `pid` = 1 [ RunTime:0.000000s ]
[ sql ] [ SQL ] SELECT `id`,`name`,`title`,`pid` FROM `ct_auth_rule` WHERE  `pid` = 2 [ RunTime:0.000000s ]
[ sql ] [ SQL ] SELECT `id`,`name`,`title`,`pid` FROM `ct_auth_rule` WHERE  `pid` = 2 [ RunTime:0.001000s ]
[ sql ] [ SQL ] SELECT `id`,`name`,`title`,`pid` FROM `ct_auth_rule` WHERE  `pid` = 3 [ RunTime:0.000000s ]
[ sql ] [ SQL ] SELECT `id`,`name`,`title`,`pid` FROM `ct_auth_rule` WHERE  `pid` = 3 [ RunTime:0.001000s ]
[ sql ] [ SQL ] SELECT `id`,`name`,`title`,`pid` FROM `ct_auth_rule` WHERE  `pid` = 4 [ RunTime:0.000000s ]
[ sql ] [ SQL ] SELECT `id`,`name`,`title`,`pid` FROM `ct_auth_rule` WHERE  `pid` = 4 [ RunTime:0.000000s ]
[ sql ] [ SQL ] SELECT `id`,`name`,`title`,`pid` FROM `ct_auth_rule` WHERE  `pid` = 5 [ RunTime:0.000000s ]
[ sql ] [ SQL ] SELECT `id`,`name`,`title`,`pid` FROM `ct_auth_rule` WHERE  `pid` = 5 [ RunTime:0.000000s ]
[ sql ] [ SQL ] SELECT `id`,`name`,`title`,`pid` FROM `ct_auth_rule` WHERE  `pid` = 6 [ RunTime:0.000000s ]
[ sql ] [ SQL ] SELECT `id`,`name`,`title`,`pid` FROM `ct_auth_rule` WHERE  `pid` = 6 [ RunTime:0.000000s ]
[ sql ] [ SQL ] SELECT `id`,`name`,`title`,`pid` FROM `ct_auth_rule` WHERE  `pid` = 7 [ RunTime:0.000000s ]
[ sql ] [ SQL ] SELECT `id`,`name`,`title`,`pid` FROM `ct_auth_rule` WHERE  `pid` = 7 [ RunTime:0.001000s ]
[ sql ] [ SQL ] SELECT `id`,`name`,`title`,`pid` FROM `ct_auth_rule` WHERE  `pid` = 8 [ RunTime:0.000000s ]
[ sql ] [ SQL ] SELECT `id`,`name`,`title`,`pid` FROM `ct_auth_rule` WHERE  `pid` = 8 [ RunTime:0.000000s ]
[ sql ] [ SQL ] SELECT `id`,`name`,`title`,`pid` FROM `ct_auth_rule` WHERE  `pid` = 9 [ RunTime:0.000000s ]
[ sql ] [ SQL ] SELECT `id`,`name`,`title`,`pid` FROM `ct_auth_rule` WHERE  `pid` = 9 [ RunTime:0.001000s ]
[ sql ] [ SQL ] SELECT `id`,`name`,`title`,`pid` FROM `ct_auth_rule` WHERE  `pid` = 10 [ RunTime:0.000000s ]
[ sql ] [ SQL ] SELECT `id`,`name`,`title`,`pid` FROM `ct_auth_rule` WHERE  `pid` = 10 [ RunTime:0.000000s ]
[ sql ] [ SQL ] SELECT `id`,`name`,`title`,`pid` FROM `ct_auth_rule` WHERE  `pid` = 11 [ RunTime:0.000000s ]
[ sql ] [ SQL ] SELECT `id`,`name`,`title`,`pid` FROM `ct_auth_rule` WHERE  `pid` = 11 [ RunTime:0.000000s ]
[ sql ] [ SQL ] SELECT `id`,`name`,`title`,`pid` FROM `ct_auth_rule` WHERE  `pid` = 12 [ RunTime:0.000000s ]
[ sql ] [ SQL ] SELECT `id`,`name`,`title`,`pid` FROM `ct_auth_rule` WHERE  `pid` = 12 [ RunTime:0.000000s ]
[ sql ] [ SQL ] SELECT `id`,`name`,`title`,`pid` FROM `ct_auth_rule` WHERE  `pid` = 13 [ RunTime:0.000000s ]
[ sql ] [ SQL ] SELECT `id`,`name`,`title`,`pid` FROM `ct_auth_rule` WHERE  `pid` = 13 [ RunTime:0.000000s ]
[ sql ] [ SQL ] SELECT `id`,`name`,`title`,`pid` FROM `ct_auth_rule` WHERE  `pid` = 14 [ RunTime:0.001000s ]
[ sql ] [ SQL ] SELECT `id`,`name`,`title`,`pid` FROM `ct_auth_rule` WHERE  `pid` = 14 [ RunTime:0.000000s ]
[ sql ] [ SQL ] SELECT `id`,`name`,`title`,`pid` FROM `ct_auth_rule` WHERE  `pid` = 15 [ RunTime:0.001000s ]
[ sql ] [ SQL ] SELECT `id`,`name`,`title`,`pid` FROM `ct_auth_rule` WHERE  `pid` = 15 [ RunTime:0.000000s ]
[ sql ] [ SQL ] SELECT `id`,`name`,`title`,`pid` FROM `ct_auth_rule` WHERE  `pid` = 16 [ RunTime:0.001000s ]
[ sql ] [ SQL ] SELECT `id`,`name`,`title`,`pid` FROM `ct_auth_rule` WHERE  `pid` = 16 [ RunTime:0.000000s ]
[ sql ] [ SQL ] SELECT `id`,`name`,`title`,`pid` FROM `ct_auth_rule` WHERE  `pid` = 17 [ RunTime:0.000000s ]
[ sql ] [ SQL ] SELECT `id`,`name`,`title`,`pid` FROM `ct_auth_rule` WHERE  `pid` = 17 [ RunTime:0.001000s ]
[ sql ] [ SQL ] SELECT `id`,`name`,`title`,`pid` FROM `ct_auth_rule` WHERE  `pid` = 18 [ RunTime:0.000000s ]
[ sql ] [ SQL ] SELECT `id`,`name`,`title`,`pid` FROM `ct_auth_rule` WHERE  `pid` = 18 [ RunTime:0.000000s ]

---------------------------------------------------------------
[ 2019-08-19T18:27:58+08:00 ] 127.0.0.1 127.0.0.1 GET /admin/index/main
[ log ] www.chitu12.com/admin/index/main [运行时间：0.048000s][吞吐率：20.83req/s] [内存消耗：1,442.12kb] [文件加载：45]
[ info ] [ LANG ] D:\WWW\chitu_admin\thinkphp\lang\zh-cn.php
[ info ] [ ROUTE ] array (
  'type' => 'module',
  'module' => 
  array (
    0 => 'admin',
    1 => 'index',
    2 => 'main',
  ),
)
[ info ] [ HEADER ] array (
  'cookie' => 'PHPSESSID=i38m98lcaiu6oa93dd9ftrqre4',
  'accept-language' => 'zh-CN,zh;q=0.9,ja;q=0.8',
  'accept-encoding' => 'gzip, deflate',
  'referer' => 'http://www.chitu12.com/admin/index/index.html',
  'accept' => 'text/html,application/xhtml+xml,application/xml;q=0.9,image/webp,image/apng,*/*;q=0.8',
  'user-agent' => 'Mozilla/5.0 (Windows NT 6.1; WOW64) AppleWebKit/537.36 (KHTML, like Gecko) Chrome/68.0.3440.84 Safari/537.36',
  'upgrade-insecure-requests' => '1',
  'connection' => 'close',
  'host' => 'www.chitu12.com',
)
[ info ] [ PARAM ] array (
  '/admin/index/main' => '',
)
[ info ] [ RUN ] app\admin\controller\Index->main[ D:\WWW\chitu_admin\application\admin\controller\Index.php ]
[ info ] [ VIEW ] D:\WWW\chitu_admin\public/../application/admin\view\index\main.html [ array (
) ]
[ info ] [ LOG ] INIT File

---------------------------------------------------------------
[ 2019-08-19T18:27:58+08:00 ] 127.0.0.1 127.0.0.1 POST /admin/index/getcheckmsg
[ log ] www.chitu12.com/admin/index/getcheckmsg [运行时间：0.257000s][吞吐率：3.89req/s] [内存消耗：2,082.84kb] [文件加载：51]
[ info ] [ LANG ] D:\WWW\chitu_admin\thinkphp\lang\zh-cn.php
[ info ] [ ROUTE ] array (
  'type' => 'module',
  'module' => 
  array (
    0 => 'admin',
    1 => 'index',
    2 => 'getcheckmsg',
  ),
)
[ info ] [ HEADER ] array (
  'cookie' => 'PHPSESSID=i38m98lcaiu6oa93dd9ftrqre4',
  'accept-language' => 'zh-CN,zh;q=0.9,ja;q=0.8',
  'accept-encoding' => 'gzip, deflate',
  'referer' => 'http://www.chitu12.com/admin/index/index.html',
  'user-agent' => 'Mozilla/5.0 (Windows NT 6.1; WOW64) AppleWebKit/537.36 (KHTML, like Gecko) Chrome/68.0.3440.84 Safari/537.36',
  'x-requested-with' => 'XMLHttpRequest',
  'origin' => 'http://www.chitu12.com',
  'accept' => 'application/json, text/javascript, */*; q=0.01',
  'content-length' => '0',
  'connection' => 'close',
  'host' => 'www.chitu12.com',
)
[ info ] [ PARAM ] array (
  '/admin/index/getcheckmsg' => '',
)
[ info ] [ RUN ] app\admin\controller\Index->getcheckmsg[ D:\WWW\chitu_admin\application\admin\controller\Index.php ]
[ info ] [ DB ] INIT mysql
[ info ] [ LOG ] INIT File
[ sql ] [ DB ] CONNECT:[ UseTime:0.001000s ] mysql:dbname=tsst;host=127.0.0.1;charset=utf8
[ sql ] [ SQL ] SHOW COLUMNS FROM `ct_city_order` [ RunTime:0.050000s ]
[ sql ] [ SQL ] SELECT COUNT(*) AS tp_count FROM `ct_city_order` WHERE  ( `addtime` > '1565951278' AND `addtime` < '1566210478' )  AND `paystate` IN (2,4)  AND `state` = 1 LIMIT 1 [ RunTime:0.025000s ]
[ sql ] [ SQL ] SHOW COLUMNS FROM `ct_userorder` [ RunTime:0.006000s ]
[ sql ] [ SQL ] SELECT COUNT(*) AS tp_count FROM `ct_userorder` WHERE  ( `addtime` > '1565951278' AND `addtime` < '1566210478' )  AND `paystate` IN (2,4,5)  AND `orderstate` = 1 LIMIT 1 [ RunTime:0.000000s ]
[ sql ] [ SQL ] SHOW COLUMNS FROM `ct_shift_order` [ RunTime:0.056000s ]
[ sql ] [ SQL ] SELECT COUNT(*) AS tp_count FROM `ct_shift_order` WHERE  ( `addtime` > '1565951278' AND `addtime` < '1566210478' )  AND `paystate` = 2  AND `orderstate` = 1 LIMIT 1 [ RunTime:0.001000s ]
[ sql ] [ SQL ] SHOW COLUMNS FROM `ct_carcategory` [ RunTime:0.037000s ]
[ sql ] [ SQL ] SELECT COUNT(*) AS tp_count FROM `ct_carcategory` WHERE  ( `addtime` > '1565951278' AND `addtime` < '1566210478' )  AND `status` = '1' LIMIT 1 [ RunTime:0.000000s ]
[ sql ] [ SQL ] SHOW COLUMNS FROM `ct_driver` [ RunTime:0.009000s ]
[ sql ] [ SQL ] SELECT COUNT(*) AS tp_count FROM `ct_driver` WHERE  ( `addtime` > '1565951278' AND `addtime` < '1566210478' )  AND `delstate` = 1  AND `carstatus` = 1 LIMIT 1 [ RunTime:0.000000s ]
[ sql ] [ SQL ] SHOW COLUMNS FROM `ct_order` [ RunTime:0.045000s ]
[ sql ] [ SQL ] SELECT COUNT(*) AS tp_count FROM `ct_order` WHERE  ( `addtime` > '1565951278' AND `addtime` < '1566210478' )  AND `orderstate` = 2  AND `paystate` = 2 LIMIT 1 [ RunTime:0.000000s ]

---------------------------------------------------------------
[ 2019-08-19T18:27:59+08:00 ] 127.0.0.1 127.0.0.1 GET /static/tpl/css/patterns/header-profile.png
[ log ] www.chitu12.com/static/tpl/css/patterns/header-profile.png [运行时间：0.065000s][吞吐率：15.38req/s] [内存消耗：1,242.16kb] [文件加载：40]
[ info ] [ LANG ] D:\WWW\chitu_admin\thinkphp\lang\zh-cn.php
[ info ] [ ROUTE ] array (
  'type' => 'module',
  'module' => 
  array (
    0 => 'static',
    1 => 'tpl',
    2 => 'css',
  ),
)
[ info ] [ HEADER ] array (
  'cookie' => 'PHPSESSID=i38m98lcaiu6oa93dd9ftrqre4',
  'accept-language' => 'zh-CN,zh;q=0.9,ja;q=0.8',
  'accept-encoding' => 'gzip, deflate',
  'referer' => 'http://www.chitu12.com/static/tpl/css/style.min862f.css',
  'accept' => 'image/webp,image/apng,image/*,*/*;q=0.8',
  'user-agent' => 'Mozilla/5.0 (Windows NT 6.1; WOW64) AppleWebKit/537.36 (KHTML, like Gecko) Chrome/68.0.3440.84 Safari/537.36',
  'connection' => 'close',
  'host' => 'www.chitu12.com',
)
[ info ] [ PARAM ] array (
  '/static/tpl/css/patterns/header-profile_png' => '',
  'patterns' => 'header-profile.png',
)
[ info ] [ LOG ] INIT File

---------------------------------------------------------------
[ 2019-08-19T18:28:02+08:00 ] 127.0.0.1 127.0.0.1 GET /admin/shift/index.html
[ log ] www.chitu12.com/admin/shift/index.html [运行时间：0.213000s][吞吐率：4.69req/s] [内存消耗：3,013.55kb] [文件加载：62]
[ info ] [ LANG ] D:\WWW\chitu_admin\thinkphp\lang\zh-cn.php
[ info ] [ ROUTE ] array (
  'type' => 'module',
  'module' => 
  array (
    0 => 'admin',
    1 => 'shift',
    2 => 'index',
  ),
)
[ info ] [ HEADER ] array (
  'cookie' => 'PHPSESSID=i38m98lcaiu6oa93dd9ftrqre4',
  'accept-language' => 'zh-CN,zh;q=0.9,ja;q=0.8',
  'accept-encoding' => 'gzip, deflate',
  'referer' => 'http://www.chitu12.com/admin/index/index.html',
  'accept' => 'text/html,application/xhtml+xml,application/xml;q=0.9,image/webp,image/apng,*/*;q=0.8',
  'user-agent' => 'Mozilla/5.0 (Windows NT 6.1; WOW64) AppleWebKit/537.36 (KHTML, like Gecko) Chrome/68.0.3440.84 Safari/537.36',
  'upgrade-insecure-requests' => '1',
  'connection' => 'close',
  'host' => 'www.chitu12.com',
)
[ info ] [ PARAM ] array (
  '/admin/shift/index_html' => '',
)
[ info ] [ SESSION ] INIT array (
  'id' => '',
  'var_session_id' => '',
  'prefix' => '',
  'type' => '',
  'auto_start' => true,
)
[ info ] [ DB ] INIT mysql
[ info ] [ RUN ] app\admin\controller\Shift->index[ D:\WWW\chitu_admin\application\admin\controller\Shift.php ]
[ info ] [ VIEW ] D:\WWW\chitu_admin\public/../application/admin\view\shift\index.html [ array (
  0 => 'aid',
  1 => 'page',
  2 => 'list',
  3 => 'address',
) ]
[ info ] [ LOG ] INIT File
[ sql ] [ DB ] CONNECT:[ UseTime:0.000000s ] mysql:dbname=tsst;host=127.0.0.1;charset=utf8
[ sql ] [ SQL ] SHOW COLUMNS FROM `ct_auth_group_access` [ RunTime:0.012000s ]
[ sql ] [ SQL ] SELECT `uid`,`group_id`,`title`,`rules` FROM `ct_auth_group_access` `a` INNER JOIN `ct_auth_group` `g` ON `g`.`id`=`a`.`group_id` WHERE  `a`.`uid` = 1  AND `g`.`status` = 1  AND `a`.`ustype` = 1 [ RunTime:0.007000s ]
[ sql ] [ SQL ] SHOW COLUMNS FROM `ct_auth_rule` [ RunTime:0.006000s ]
[ sql ] [ SQL ] SELECT `condition`,`name` FROM `ct_auth_rule` WHERE  `id` IN (1,2,168,3,4,7,8,9,170,5,10,11,12,171,172,173,6,13,14,15,174,175,214,215,216,217,218,219,220,221,222,223,224,225,16,17,18,19,20,21,22,177,178,179,182,23,24,25,26,180,183,184,185,190,27,28,181,29,30,31,32,33,186,34,35,36,37,38,187,188,39,40,42,43,189,44,45,47,48,49,50,57,191,192,194,196,197,46,51,52,53,54,55,56,58,59,60,61,62,193,195,63,64,65,66,67,68,69,70,71,72,73,74,75,76,77,79,80,81,198,199,200,82,83,84,85,227,86,87,88,203,204,205,206,226,89,90,91,92,93,94,95,96,97,98,99,100,101,102,103,104,105,207,106,107,108,208,209,210,211,212,213,109,110,111,112,113,114,115,116,117,118,119,120,121,122,123,124,125,126,127,128,129,130,131,132,133,134,167,135,136,137,138,139,144,140,141,142,143,145,146,147,148,149,150,151,152,153,154,162,163,169,164,165,166,155,156,157,158,159,160)  AND `type` = 1  AND `ertype` = 1  AND `status` = 1 [ RunTime:0.001000s ]
[ sql ] [ SQL ] SELECT `name` FROM `ct_auth_rule` WHERE  `name` = 'admin/shift/index' LIMIT 1 [ RunTime:0.000000s ]
[ sql ] [ SQL ] SHOW COLUMNS FROM `ct_admin` [ RunTime:0.005000s ]
[ sql ] [ SQL ] SELECT `qxz`,`admin` FROM `ct_admin` WHERE  `aid` = 1 LIMIT 1 [ RunTime:0.000000s ]
[ sql ] [ SQL ] SHOW COLUMNS FROM `ct_authstr` [ RunTime:0.005000s ]
[ sql ] [ SQL ] SELECT `quanxianstr` FROM `ct_authstr` WHERE  `qid` = 1 LIMIT 1 [ RunTime:0.000000s ]
[ sql ] [ SQL ] SELECT `grade` FROM `ct_admin` WHERE  `aid` = 1 LIMIT 1 [ RunTime:0.000000s ]
[ sql ] [ SQL ] SHOW COLUMNS FROM `ct_shift` [ RunTime:0.029000s ]
[ sql ] [ SQL ] SELECT COUNT(*) AS tp_count FROM `ct_shift` `a` LEFT JOIN `ct_company` `b` ON `b`.`cid`=`a`.`companyid` LEFT JOIN `ct_driver` `d` ON `d`.`drivid`=`a`.`driver_id` LEFT JOIN `ct_already_city` `c` ON `c`.`city_id`=`a`.`linecityid` WHERE  `a`.`delstate` = 1 LIMIT 1 [ RunTime:0.015000s ]
[ sql ] [ SQL ] SELECT `a`.*,`b`.`name`,`d`.`username`,`d`.`realname`,`d`.`mobile` FROM `ct_shift` `a` LEFT JOIN `ct_company` `b` ON `b`.`cid`=`a`.`companyid` LEFT JOIN `ct_driver` `d` ON `d`.`drivid`=`a`.`driver_id` LEFT JOIN `ct_already_city` `c` ON `c`.`city_id`=`a`.`linecityid` WHERE  `a`.`delstate` = 1 ORDER BY a.whethertoopen,a.sid  desc LIMIT 0,10 [ RunTime:0.001000s ]
[ sql ] [ SQL ] SHOW COLUMNS FROM `ct_already_city` [ RunTime:0.006000s ]
[ sql ] [ SQL ] SELECT * FROM `ct_already_city` WHERE  `city_id` = 242 LIMIT 1 [ RunTime:0.000000s ]
[ sql ] [ SQL ] SHOW COLUMNS FROM `ct_district` [ RunTime:0.006000s ]
[ sql ] [ SQL ] SELECT * FROM `ct_district` WHERE  `id` = 45054 LIMIT 1 [ RunTime:0.000000s ]
[ sql ] [ SQL ] SELECT * FROM `ct_district` WHERE  `id` = 246 LIMIT 1 [ RunTime:0.001000s ]
[ sql ] [ SQL ] SELECT * FROM `ct_already_city` WHERE  `city_id` = 44 LIMIT 1 [ RunTime:0.000000s ]
[ sql ] [ SQL ] SELECT * FROM `ct_district` WHERE  `id` = 45054 LIMIT 1 [ RunTime:0.000000s ]
[ sql ] [ SQL ] SELECT * FROM `ct_district` WHERE  `id` = 324 LIMIT 1 [ RunTime:0.000000s ]
[ sql ] [ SQL ] SELECT * FROM `ct_already_city` WHERE  `city_id` = 32 LIMIT 1 [ RunTime:0.001000s ]
[ sql ] [ SQL ] SELECT * FROM `ct_district` WHERE  `id` = 289 LIMIT 1 [ RunTime:0.000000s ]
[ sql ] [ SQL ] SELECT * FROM `ct_district` WHERE  `id` = 324 LIMIT 1 [ RunTime:0.000000s ]
[ sql ] [ SQL ] SELECT * FROM `ct_already_city` WHERE  `city_id` = 3 LIMIT 1 [ RunTime:0.001000s ]
[ sql ] [ SQL ] SELECT * FROM `ct_district` WHERE  `id` = 45054 LIMIT 1 [ RunTime:0.000000s ]
[ sql ] [ SQL ] SELECT * FROM `ct_district` WHERE  `id` = 289 LIMIT 1 [ RunTime:0.000000s ]
[ sql ] [ SQL ] SELECT * FROM `ct_already_city` WHERE  `city_id` = 115 LIMIT 1 [ RunTime:0.000000s ]
[ sql ] [ SQL ] SELECT * FROM `ct_district` WHERE  `id` = 45054 LIMIT 1 [ RunTime:0.000000s ]
[ sql ] [ SQL ] SELECT * FROM `ct_district` WHERE  `id` = 45054 LIMIT 1 [ RunTime:0.000000s ]
[ sql ] [ SQL ] SELECT * FROM `ct_already_city` WHERE  `city_id` = 241 LIMIT 1 [ RunTime:0.000000s ]
[ sql ] [ SQL ] SELECT * FROM `ct_district` WHERE  `id` = 223 LIMIT 1 [ RunTime:0.000000s ]
[ sql ] [ SQL ] SELECT * FROM `ct_district` WHERE  `id` = 229 LIMIT 1 [ RunTime:0.001000s ]
[ sql ] [ SQL ] SELECT * FROM `ct_already_city` WHERE  `city_id` = 241 LIMIT 1 [ RunTime:0.000000s ]
[ sql ] [ SQL ] SELECT * FROM `ct_district` WHERE  `id` = 223 LIMIT 1 [ RunTime:0.000000s ]
[ sql ] [ SQL ] SELECT * FROM `ct_district` WHERE  `id` = 229 LIMIT 1 [ RunTime:0.000000s ]
[ sql ] [ SQL ] SELECT * FROM `ct_already_city` WHERE  `city_id` = 134 LIMIT 1 [ RunTime:0.001000s ]
[ sql ] [ SQL ] SELECT * FROM `ct_district` WHERE  `id` = 45054 LIMIT 1 [ RunTime:0.000000s ]
[ sql ] [ SQL ] SELECT * FROM `ct_district` WHERE  `id` = 225 LIMIT 1 [ RunTime:0.000000s ]
[ sql ] [ SQL ] SELECT * FROM `ct_already_city` WHERE  `city_id` = 132 LIMIT 1 [ RunTime:0.000000s ]
[ sql ] [ SQL ] SELECT * FROM `ct_district` WHERE  `id` = 45054 LIMIT 1 [ RunTime:0.001000s ]
[ sql ] [ SQL ] SELECT * FROM `ct_district` WHERE  `id` = 232 LIMIT 1 [ RunTime:0.000000s ]
[ sql ] [ SQL ] SELECT * FROM `ct_already_city` WHERE  `city_id` = 132 LIMIT 1 [ RunTime:0.000000s ]
[ sql ] [ SQL ] SELECT * FROM `ct_district` WHERE  `id` = 45054 LIMIT 1 [ RunTime:0.000000s ]
[ sql ] [ SQL ] SELECT * FROM `ct_district` WHERE  `id` = 232 LIMIT 1 [ RunTime:0.000000s ]
[ sql ] [ SQL ] SELECT * FROM `ct_district` WHERE  `level` = 2 [ RunTime:0.002000s ]

---------------------------------------------------------------
[ 2019-08-19T18:28:04+08:00 ] 127.0.0.1 127.0.0.1 GET /admin/shift/addshift
[ log ] www.chitu12.com/admin/shift/addshift [运行时间：0.108000s][吞吐率：9.26req/s] [内存消耗：2,609.98kb] [文件加载：58]
[ info ] [ LANG ] D:\WWW\chitu_admin\thinkphp\lang\zh-cn.php
[ info ] [ ROUTE ] array (
  'type' => 'module',
  'module' => 
  array (
    0 => 'admin',
    1 => 'shift',
    2 => 'addshift',
  ),
)
[ info ] [ HEADER ] array (
  'cookie' => 'PHPSESSID=i38m98lcaiu6oa93dd9ftrqre4',
  'accept-language' => 'zh-CN,zh;q=0.9,ja;q=0.8',
  'accept-encoding' => 'gzip, deflate',
  'referer' => 'http://www.chitu12.com/admin/shift/index.html',
  'accept' => 'text/html,application/xhtml+xml,application/xml;q=0.9,image/webp,image/apng,*/*;q=0.8',
  'user-agent' => 'Mozilla/5.0 (Windows NT 6.1; WOW64) AppleWebKit/537.36 (KHTML, like Gecko) Chrome/68.0.3440.84 Safari/537.36',
  'upgrade-insecure-requests' => '1',
  'connection' => 'close',
  'host' => 'www.chitu12.com',
)
[ info ] [ PARAM ] array (
  '/admin/shift/addshift' => '',
)
[ info ] [ SESSION ] INIT array (
  'id' => '',
  'var_session_id' => '',
  'prefix' => '',
  'type' => '',
  'auto_start' => true,
)
[ info ] [ DB ] INIT mysql
[ info ] [ RUN ] app\admin\controller\Shift->addshift[ D:\WWW\chitu_admin\application\admin\controller\Shift.php ]
[ info ] [ VIEW ] D:\WWW\chitu_admin\public/../application/admin\view\shift\addshift.html [ array (
  0 => 'arr',
) ]
[ info ] [ LOG ] INIT File
[ sql ] [ DB ] CONNECT:[ UseTime:0.010000s ] mysql:dbname=tsst;host=127.0.0.1;charset=utf8
[ sql ] [ SQL ] SHOW COLUMNS FROM `ct_auth_group_access` [ RunTime:0.006000s ]
[ sql ] [ SQL ] SELECT `uid`,`group_id`,`title`,`rules` FROM `ct_auth_group_access` `a` INNER JOIN `ct_auth_group` `g` ON `g`.`id`=`a`.`group_id` WHERE  `a`.`uid` = 1  AND `g`.`status` = 1  AND `a`.`ustype` = 1 [ RunTime:0.000000s ]
[ sql ] [ SQL ] SHOW COLUMNS FROM `ct_auth_rule` [ RunTime:0.006000s ]
[ sql ] [ SQL ] SELECT `condition`,`name` FROM `ct_auth_rule` WHERE  `id` IN (1,2,168,3,4,7,8,9,170,5,10,11,12,171,172,173,6,13,14,15,174,175,214,215,216,217,218,219,220,221,222,223,224,225,16,17,18,19,20,21,22,177,178,179,182,23,24,25,26,180,183,184,185,190,27,28,181,29,30,31,32,33,186,34,35,36,37,38,187,188,39,40,42,43,189,44,45,47,48,49,50,57,191,192,194,196,197,46,51,52,53,54,55,56,58,59,60,61,62,193,195,63,64,65,66,67,68,69,70,71,72,73,74,75,76,77,79,80,81,198,199,200,82,83,84,85,227,86,87,88,203,204,205,206,226,89,90,91,92,93,94,95,96,97,98,99,100,101,102,103,104,105,207,106,107,108,208,209,210,211,212,213,109,110,111,112,113,114,115,116,117,118,119,120,121,122,123,124,125,126,127,128,129,130,131,132,133,134,167,135,136,137,138,139,144,140,141,142,143,145,146,147,148,149,150,151,152,153,154,162,163,169,164,165,166,155,156,157,158,159,160)  AND `type` = 1  AND `ertype` = 1  AND `status` = 1 [ RunTime:0.001000s ]
[ sql ] [ SQL ] SELECT `name` FROM `ct_auth_rule` WHERE  `name` = 'admin/shift/addshift' LIMIT 1 [ RunTime:0.000000s ]
[ sql ] [ SQL ] SHOW COLUMNS FROM `ct_admin` [ RunTime:0.006000s ]
[ sql ] [ SQL ] SELECT `qxz`,`admin` FROM `ct_admin` WHERE  `aid` = 1 LIMIT 1 [ RunTime:0.000000s ]

---------------------------------------------------------------
[ 2019-08-19T18:28:04+08:00 ] 127.0.0.1 127.0.0.1 POST /admin/common/getaddress
[ log ] www.chitu12.com/admin/common/getaddress [运行时间：0.059000s][吞吐率：16.95req/s] [内存消耗：1,797.77kb] [文件加载：46]
[ info ] [ LANG ] D:\WWW\chitu_admin\thinkphp\lang\zh-cn.php
[ info ] [ ROUTE ] array (
  'type' => 'module',
  'module' => 
  array (
    0 => 'admin',
    1 => 'common',
    2 => 'getaddress',
  ),
)
[ info ] [ HEADER ] array (
  'cookie' => 'PHPSESSID=i38m98lcaiu6oa93dd9ftrqre4',
  'accept-language' => 'zh-CN,zh;q=0.9,ja;q=0.8',
  'accept-encoding' => 'gzip, deflate',
  'referer' => 'http://www.chitu12.com/admin/shift/addshift',
  'content-type' => 'application/x-www-form-urlencoded; charset=UTF-8',
  'user-agent' => 'Mozilla/5.0 (Windows NT 6.1; WOW64) AppleWebKit/537.36 (KHTML, like Gecko) Chrome/68.0.3440.84 Safari/537.36',
  'x-requested-with' => 'XMLHttpRequest',
  'origin' => 'http://www.chitu12.com',
  'accept' => 'application/json, text/javascript, */*; q=0.01',
  'content-length' => '4',
  'connection' => 'close',
  'host' => 'www.chitu12.com',
)
[ info ] [ PARAM ] array (
  '/admin/common/getaddress' => '',
  'id' => '0',
)
[ info ] [ RUN ] app\admin\controller\Common->getaddress[ D:\WWW\chitu_admin\application\admin\controller\Common.php ]
[ info ] [ DB ] INIT mysql
[ info ] [ LOG ] INIT File
[ sql ] [ DB ] CONNECT:[ UseTime:0.010000s ] mysql:dbname=tsst;host=127.0.0.1;charset=utf8
[ sql ] [ SQL ] SHOW COLUMNS FROM `ct_district` [ RunTime:0.006000s ]
[ sql ] [ SQL ] SELECT * FROM `ct_district` `` WHERE  `parent_id` = 0 [ RunTime:0.001000s ]

---------------------------------------------------------------
[ 2019-08-19T18:28:13+08:00 ] 127.0.0.1 127.0.0.1 POST /admin/common/getaddress
[ log ] www.chitu12.com/admin/common/getaddress [运行时间：0.039000s][吞吐率：25.64req/s] [内存消耗：1,792.98kb] [文件加载：46]
[ info ] [ LANG ] D:\WWW\chitu_admin\thinkphp\lang\zh-cn.php
[ info ] [ ROUTE ] array (
  'type' => 'module',
  'module' => 
  array (
    0 => 'admin',
    1 => 'common',
    2 => 'getaddress',
  ),
)
[ info ] [ HEADER ] array (
  'cookie' => 'PHPSESSID=i38m98lcaiu6oa93dd9ftrqre4',
  'accept-language' => 'zh-CN,zh;q=0.9,ja;q=0.8',
  'accept-encoding' => 'gzip, deflate',
  'referer' => 'http://www.chitu12.com/admin/shift/addshift',
  'content-type' => 'application/x-www-form-urlencoded; charset=UTF-8',
  'user-agent' => 'Mozilla/5.0 (Windows NT 6.1; WOW64) AppleWebKit/537.36 (KHTML, like Gecko) Chrome/68.0.3440.84 Safari/537.36',
  'x-requested-with' => 'XMLHttpRequest',
  'origin' => 'http://www.chitu12.com',
  'accept' => 'application/json, text/javascript, */*; q=0.01',
  'content-length' => '4',
  'connection' => 'close',
  'host' => 'www.chitu12.com',
)
[ info ] [ PARAM ] array (
  '/admin/common/getaddress' => '',
  'id' => '9',
)
[ info ] [ RUN ] app\admin\controller\Common->getaddress[ D:\WWW\chitu_admin\application\admin\controller\Common.php ]
[ info ] [ DB ] INIT mysql
[ info ] [ LOG ] INIT File
[ sql ] [ DB ] CONNECT:[ UseTime:0.010000s ] mysql:dbname=tsst;host=127.0.0.1;charset=utf8
[ sql ] [ SQL ] SHOW COLUMNS FROM `ct_district` [ RunTime:0.007000s ]
[ sql ] [ SQL ] SELECT * FROM `ct_district` `` WHERE  `parent_id` = 9 [ RunTime:0.001000s ]

---------------------------------------------------------------
[ 2019-08-19T18:28:18+08:00 ] 127.0.0.1 127.0.0.1 POST /admin/common/getaddress
[ log ] www.chitu12.com/admin/common/getaddress [运行时间：0.045000s][吞吐率：22.22req/s] [内存消耗：1,795.16kb] [文件加载：46]
[ info ] [ LANG ] D:\WWW\chitu_admin\thinkphp\lang\zh-cn.php
[ info ] [ ROUTE ] array (
  'type' => 'module',
  'module' => 
  array (
    0 => 'admin',
    1 => 'common',
    2 => 'getaddress',
  ),
)
[ info ] [ HEADER ] array (
  'cookie' => 'PHPSESSID=i38m98lcaiu6oa93dd9ftrqre4',
  'accept-language' => 'zh-CN,zh;q=0.9,ja;q=0.8',
  'accept-encoding' => 'gzip, deflate',
  'referer' => 'http://www.chitu12.com/admin/shift/addshift',
  'content-type' => 'application/x-www-form-urlencoded; charset=UTF-8',
  'user-agent' => 'Mozilla/5.0 (Windows NT 6.1; WOW64) AppleWebKit/537.36 (KHTML, like Gecko) Chrome/68.0.3440.84 Safari/537.36',
  'x-requested-with' => 'XMLHttpRequest',
  'origin' => 'http://www.chitu12.com',
  'accept' => 'application/json, text/javascript, */*; q=0.01',
  'content-length' => '5',
  'connection' => 'close',
  'host' => 'www.chitu12.com',
)
[ info ] [ PARAM ] array (
  '/admin/common/getaddress' => '',
  'id' => '12',
)
[ info ] [ RUN ] app\admin\controller\Common->getaddress[ D:\WWW\chitu_admin\application\admin\controller\Common.php ]
[ info ] [ DB ] INIT mysql
[ info ] [ LOG ] INIT File
[ sql ] [ DB ] CONNECT:[ UseTime:0.010000s ] mysql:dbname=tsst;host=127.0.0.1;charset=utf8
[ sql ] [ SQL ] SHOW COLUMNS FROM `ct_district` [ RunTime:0.006000s ]
[ sql ] [ SQL ] SELECT * FROM `ct_district` `` WHERE  `parent_id` = 12 [ RunTime:0.000000s ]

---------------------------------------------------------------
[ 2019-08-19T18:28:25+08:00 ] 127.0.0.1 127.0.0.1 POST /admin/common/getaddress
[ log ] www.chitu12.com/admin/common/getaddress [运行时间：0.026000s][吞吐率：38.46req/s] [内存消耗：1,795.16kb] [文件加载：46]
[ info ] [ LANG ] D:\WWW\chitu_admin\thinkphp\lang\zh-cn.php
[ info ] [ ROUTE ] array (
  'type' => 'module',
  'module' => 
  array (
    0 => 'admin',
    1 => 'common',
    2 => 'getaddress',
  ),
)
[ info ] [ HEADER ] array (
  'cookie' => 'PHPSESSID=i38m98lcaiu6oa93dd9ftrqre4',
  'accept-language' => 'zh-CN,zh;q=0.9,ja;q=0.8',
  'accept-encoding' => 'gzip, deflate',
  'referer' => 'http://www.chitu12.com/admin/shift/addshift',
  'content-type' => 'application/x-www-form-urlencoded; charset=UTF-8',
  'user-agent' => 'Mozilla/5.0 (Windows NT 6.1; WOW64) AppleWebKit/537.36 (KHTML, like Gecko) Chrome/68.0.3440.84 Safari/537.36',
  'x-requested-with' => 'XMLHttpRequest',
  'origin' => 'http://www.chitu12.com',
  'accept' => 'application/json, text/javascript, */*; q=0.01',
  'content-length' => '5',
  'connection' => 'close',
  'host' => 'www.chitu12.com',
)
[ info ] [ PARAM ] array (
  '/admin/common/getaddress' => '',
  'id' => '15',
)
[ info ] [ RUN ] app\admin\controller\Common->getaddress[ D:\WWW\chitu_admin\application\admin\controller\Common.php ]
[ info ] [ DB ] INIT mysql
[ info ] [ LOG ] INIT File
[ sql ] [ DB ] CONNECT:[ UseTime:0.001000s ] mysql:dbname=tsst;host=127.0.0.1;charset=utf8
[ sql ] [ SQL ] SHOW COLUMNS FROM `ct_district` [ RunTime:0.007000s ]
[ sql ] [ SQL ] SELECT * FROM `ct_district` `` WHERE  `parent_id` = 15 [ RunTime:0.001000s ]

---------------------------------------------------------------
[ 2019-08-19T18:28:28+08:00 ] 127.0.0.1 127.0.0.1 POST /admin/common/getaddress
[ log ] www.chitu12.com/admin/common/getaddress [运行时间：0.035000s][吞吐率：28.57req/s] [内存消耗：1,794.52kb] [文件加载：46]
[ info ] [ LANG ] D:\WWW\chitu_admin\thinkphp\lang\zh-cn.php
[ info ] [ ROUTE ] array (
  'type' => 'module',
  'module' => 
  array (
    0 => 'admin',
    1 => 'common',
    2 => 'getaddress',
  ),
)
[ info ] [ HEADER ] array (
  'cookie' => 'PHPSESSID=i38m98lcaiu6oa93dd9ftrqre4',
  'accept-language' => 'zh-CN,zh;q=0.9,ja;q=0.8',
  'accept-encoding' => 'gzip, deflate',
  'referer' => 'http://www.chitu12.com/admin/shift/addshift',
  'content-type' => 'application/x-www-form-urlencoded; charset=UTF-8',
  'user-agent' => 'Mozilla/5.0 (Windows NT 6.1; WOW64) AppleWebKit/537.36 (KHTML, like Gecko) Chrome/68.0.3440.84 Safari/537.36',
  'x-requested-with' => 'XMLHttpRequest',
  'origin' => 'http://www.chitu12.com',
  'accept' => 'application/json, text/javascript, */*; q=0.01',
  'content-length' => '6',
  'connection' => 'close',
  'host' => 'www.chitu12.com',
)
[ info ] [ PARAM ] array (
  '/admin/common/getaddress' => '',
  'id' => '223',
)
[ info ] [ RUN ] app\admin\controller\Common->getaddress[ D:\WWW\chitu_admin\application\admin\controller\Common.php ]
[ info ] [ DB ] INIT mysql
[ info ] [ LOG ] INIT File
[ sql ] [ DB ] CONNECT:[ UseTime:0.001000s ] mysql:dbname=tsst;host=127.0.0.1;charset=utf8
[ sql ] [ SQL ] SHOW COLUMNS FROM `ct_district` [ RunTime:0.006000s ]
[ sql ] [ SQL ] SELECT * FROM `ct_district` `` WHERE  `parent_id` = 223 [ RunTime:0.000000s ]

---------------------------------------------------------------
[ 2019-08-19T18:28:42+08:00 ] 127.0.0.1 127.0.0.1 POST /admin/common/getaddress
[ log ] www.chitu12.com/admin/common/getaddress [运行时间：0.035000s][吞吐率：28.57req/s] [内存消耗：1,795.16kb] [文件加载：46]
[ info ] [ LANG ] D:\WWW\chitu_admin\thinkphp\lang\zh-cn.php
[ info ] [ ROUTE ] array (
  'type' => 'module',
  'module' => 
  array (
    0 => 'admin',
    1 => 'common',
    2 => 'getaddress',
  ),
)
[ info ] [ HEADER ] array (
  'cookie' => 'PHPSESSID=i38m98lcaiu6oa93dd9ftrqre4',
  'accept-language' => 'zh-CN,zh;q=0.9,ja;q=0.8',
  'accept-encoding' => 'gzip, deflate',
  'referer' => 'http://www.chitu12.com/admin/shift/addshift',
  'content-type' => 'application/x-www-form-urlencoded; charset=UTF-8',
  'user-agent' => 'Mozilla/5.0 (Windows NT 6.1; WOW64) AppleWebKit/537.36 (KHTML, like Gecko) Chrome/68.0.3440.84 Safari/537.36',
  'x-requested-with' => 'XMLHttpRequest',
  'origin' => 'http://www.chitu12.com',
  'accept' => 'application/json, text/javascript, */*; q=0.01',
  'content-length' => '5',
  'connection' => 'close',
  'host' => 'www.chitu12.com',
)
[ info ] [ PARAM ] array (
  '/admin/common/getaddress' => '',
  'id' => '15',
)
[ info ] [ RUN ] app\admin\controller\Common->getaddress[ D:\WWW\chitu_admin\application\admin\controller\Common.php ]
[ info ] [ DB ] INIT mysql
[ info ] [ LOG ] INIT File
[ sql ] [ DB ] CONNECT:[ UseTime:0.010000s ] mysql:dbname=tsst;host=127.0.0.1;charset=utf8
[ sql ] [ SQL ] SHOW COLUMNS FROM `ct_district` [ RunTime:0.006000s ]
[ sql ] [ SQL ] SELECT * FROM `ct_district` `` WHERE  `parent_id` = 15 [ RunTime:0.001000s ]

---------------------------------------------------------------
[ 2019-08-19T18:28:43+08:00 ] 127.0.0.1 127.0.0.1 POST /admin/common/getaddress
[ log ] www.chitu12.com/admin/common/getaddress [运行时间：0.057000s][吞吐率：17.54req/s] [内存消耗：1,794.52kb] [文件加载：46]
[ info ] [ LANG ] D:\WWW\chitu_admin\thinkphp\lang\zh-cn.php
[ info ] [ ROUTE ] array (
  'type' => 'module',
  'module' => 
  array (
    0 => 'admin',
    1 => 'common',
    2 => 'getaddress',
  ),
)
[ info ] [ HEADER ] array (
  'cookie' => 'PHPSESSID=i38m98lcaiu6oa93dd9ftrqre4',
  'accept-language' => 'zh-CN,zh;q=0.9,ja;q=0.8',
  'accept-encoding' => 'gzip, deflate',
  'referer' => 'http://www.chitu12.com/admin/shift/addshift',
  'content-type' => 'application/x-www-form-urlencoded; charset=UTF-8',
  'user-agent' => 'Mozilla/5.0 (Windows NT 6.1; WOW64) AppleWebKit/537.36 (KHTML, like Gecko) Chrome/68.0.3440.84 Safari/537.36',
  'x-requested-with' => 'XMLHttpRequest',
  'origin' => 'http://www.chitu12.com',
  'accept' => 'application/json, text/javascript, */*; q=0.01',
  'content-length' => '6',
  'connection' => 'close',
  'host' => 'www.chitu12.com',
)
[ info ] [ PARAM ] array (
  '/admin/common/getaddress' => '',
  'id' => '223',
)
[ info ] [ RUN ] app\admin\controller\Common->getaddress[ D:\WWW\chitu_admin\application\admin\controller\Common.php ]
[ info ] [ DB ] INIT mysql
[ info ] [ LOG ] INIT File
[ sql ] [ DB ] CONNECT:[ UseTime:0.010000s ] mysql:dbname=tsst;host=127.0.0.1;charset=utf8
[ sql ] [ SQL ] SHOW COLUMNS FROM `ct_district` [ RunTime:0.010000s ]
[ sql ] [ SQL ] SELECT * FROM `ct_district` `` WHERE  `parent_id` = 223 [ RunTime:0.001000s ]

---------------------------------------------------------------
[ 2019-08-19T18:28:58+08:00 ] 127.0.0.1 127.0.0.1 POST /admin/index/getcheckmsg
[ log ] www.chitu12.com/admin/index/getcheckmsg [运行时间：0.080000s][吞吐率：12.50req/s] [内存消耗：2,082.84kb] [文件加载：51]
[ info ] [ LANG ] D:\WWW\chitu_admin\thinkphp\lang\zh-cn.php
[ info ] [ ROUTE ] array (
  'type' => 'module',
  'module' => 
  array (
    0 => 'admin',
    1 => 'index',
    2 => 'getcheckmsg',
  ),
)
[ info ] [ HEADER ] array (
  'cookie' => 'PHPSESSID=i38m98lcaiu6oa93dd9ftrqre4',
  'accept-language' => 'zh-CN,zh;q=0.9,ja;q=0.8',
  'accept-encoding' => 'gzip, deflate',
  'referer' => 'http://www.chitu12.com/admin/index/index.html',
  'user-agent' => 'Mozilla/5.0 (Windows NT 6.1; WOW64) AppleWebKit/537.36 (KHTML, like Gecko) Chrome/68.0.3440.84 Safari/537.36',
  'x-requested-with' => 'XMLHttpRequest',
  'origin' => 'http://www.chitu12.com',
  'accept' => 'application/json, text/javascript, */*; q=0.01',
  'content-length' => '0',
  'connection' => 'close',
  'host' => 'www.chitu12.com',
)
[ info ] [ PARAM ] array (
  '/admin/index/getcheckmsg' => '',
)
[ info ] [ RUN ] app\admin\controller\Index->getcheckmsg[ D:\WWW\chitu_admin\application\admin\controller\Index.php ]
[ info ] [ DB ] INIT mysql
[ info ] [ LOG ] INIT File
[ sql ] [ DB ] CONNECT:[ UseTime:0.010000s ] mysql:dbname=tsst;host=127.0.0.1;charset=utf8
[ sql ] [ SQL ] SHOW COLUMNS FROM `ct_city_order` [ RunTime:0.006000s ]
[ sql ] [ SQL ] SELECT COUNT(*) AS tp_count FROM `ct_city_order` WHERE  ( `addtime` > '1565951338' AND `addtime` < '1566210538' )  AND `paystate` IN (2,4)  AND `state` = 1 LIMIT 1 [ RunTime:0.000000s ]
[ sql ] [ SQL ] SHOW COLUMNS FROM `ct_userorder` [ RunTime:0.006000s ]
[ sql ] [ SQL ] SELECT COUNT(*) AS tp_count FROM `ct_userorder` WHERE  ( `addtime` > '1565951338' AND `addtime` < '1566210538' )  AND `paystate` IN (2,4,5)  AND `orderstate` = 1 LIMIT 1 [ RunTime:0.000000s ]
[ sql ] [ SQL ] SHOW COLUMNS FROM `ct_shift_order` [ RunTime:0.005000s ]
[ sql ] [ SQL ] SELECT COUNT(*) AS tp_count FROM `ct_shift_order` WHERE  ( `addtime` > '1565951338' AND `addtime` < '1566210538' )  AND `paystate` = 2  AND `orderstate` = 1 LIMIT 1 [ RunTime:0.001000s ]
[ sql ] [ SQL ] SHOW COLUMNS FROM `ct_carcategory` [ RunTime:0.005000s ]
[ sql ] [ SQL ] SELECT COUNT(*) AS tp_count FROM `ct_carcategory` WHERE  ( `addtime` > '1565951338' AND `addtime` < '1566210538' )  AND `status` = '1' LIMIT 1 [ RunTime:0.000000s ]
[ sql ] [ SQL ] SHOW COLUMNS FROM `ct_driver` [ RunTime:0.006000s ]
[ sql ] [ SQL ] SELECT COUNT(*) AS tp_count FROM `ct_driver` WHERE  ( `addtime` > '1565951338' AND `addtime` < '1566210538' )  AND `delstate` = 1  AND `carstatus` = 1 LIMIT 1 [ RunTime:0.000000s ]
[ sql ] [ SQL ] SHOW COLUMNS FROM `ct_order` [ RunTime:0.006000s ]
[ sql ] [ SQL ] SELECT COUNT(*) AS tp_count FROM `ct_order` WHERE  ( `addtime` > '1565951338' AND `addtime` < '1566210538' )  AND `orderstate` = 2  AND `paystate` = 2 LIMIT 1 [ RunTime:0.000000s ]

---------------------------------------------------------------
[ 2019-08-19T18:29:58+08:00 ] 127.0.0.1 127.0.0.1 POST /admin/index/getcheckmsg
[ log ] www.chitu12.com/admin/index/getcheckmsg [运行时间：0.083000s][吞吐率：12.05req/s] [内存消耗：2,082.84kb] [文件加载：51]
[ info ] [ LANG ] D:\WWW\chitu_admin\thinkphp\lang\zh-cn.php
[ info ] [ ROUTE ] array (
  'type' => 'module',
  'module' => 
  array (
    0 => 'admin',
    1 => 'index',
    2 => 'getcheckmsg',
  ),
)
[ info ] [ HEADER ] array (
  'cookie' => 'PHPSESSID=i38m98lcaiu6oa93dd9ftrqre4',
  'accept-language' => 'zh-CN,zh;q=0.9,ja;q=0.8',
  'accept-encoding' => 'gzip, deflate',
  'referer' => 'http://www.chitu12.com/admin/index/index.html',
  'user-agent' => 'Mozilla/5.0 (Windows NT 6.1; WOW64) AppleWebKit/537.36 (KHTML, like Gecko) Chrome/68.0.3440.84 Safari/537.36',
  'x-requested-with' => 'XMLHttpRequest',
  'origin' => 'http://www.chitu12.com',
  'accept' => 'application/json, text/javascript, */*; q=0.01',
  'content-length' => '0',
  'connection' => 'close',
  'host' => 'www.chitu12.com',
)
[ info ] [ PARAM ] array (
  '/admin/index/getcheckmsg' => '',
)
[ info ] [ RUN ] app\admin\controller\Index->getcheckmsg[ D:\WWW\chitu_admin\application\admin\controller\Index.php ]
[ info ] [ DB ] INIT mysql
[ info ] [ LOG ] INIT File
[ sql ] [ DB ] CONNECT:[ UseTime:0.010000s ] mysql:dbname=tsst;host=127.0.0.1;charset=utf8
[ sql ] [ SQL ] SHOW COLUMNS FROM `ct_city_order` [ RunTime:0.007000s ]
[ sql ] [ SQL ] SELECT COUNT(*) AS tp_count FROM `ct_city_order` WHERE  ( `addtime` > '1565951398' AND `addtime` < '1566210598' )  AND `paystate` IN (2,4)  AND `state` = 1 LIMIT 1 [ RunTime:0.000000s ]
[ sql ] [ SQL ] SHOW COLUMNS FROM `ct_userorder` [ RunTime:0.007000s ]
[ sql ] [ SQL ] SELECT COUNT(*) AS tp_count FROM `ct_userorder` WHERE  ( `addtime` > '1565951398' AND `addtime` < '1566210598' )  AND `paystate` IN (2,4,5)  AND `orderstate` = 1 LIMIT 1 [ RunTime:0.000000s ]
[ sql ] [ SQL ] SHOW COLUMNS FROM `ct_shift_order` [ RunTime:0.006000s ]
[ sql ] [ SQL ] SELECT COUNT(*) AS tp_count FROM `ct_shift_order` WHERE  ( `addtime` > '1565951398' AND `addtime` < '1566210598' )  AND `paystate` = 2  AND `orderstate` = 1 LIMIT 1 [ RunTime:0.000000s ]
[ sql ] [ SQL ] SHOW COLUMNS FROM `ct_carcategory` [ RunTime:0.005000s ]
[ sql ] [ SQL ] SELECT COUNT(*) AS tp_count FROM `ct_carcategory` WHERE  ( `addtime` > '1565951398' AND `addtime` < '1566210598' )  AND `status` = '1' LIMIT 1 [ RunTime:0.001000s ]
[ sql ] [ SQL ] SHOW COLUMNS FROM `ct_driver` [ RunTime:0.005000s ]
[ sql ] [ SQL ] SELECT COUNT(*) AS tp_count FROM `ct_driver` WHERE  ( `addtime` > '1565951398' AND `addtime` < '1566210598' )  AND `delstate` = 1  AND `carstatus` = 1 LIMIT 1 [ RunTime:0.001000s ]
[ sql ] [ SQL ] SHOW COLUMNS FROM `ct_order` [ RunTime:0.005000s ]
[ sql ] [ SQL ] SELECT COUNT(*) AS tp_count FROM `ct_order` WHERE  ( `addtime` > '1565951398' AND `addtime` < '1566210598' )  AND `orderstate` = 2  AND `paystate` = 2 LIMIT 1 [ RunTime:0.001000s ]

---------------------------------------------------------------
