[ 2018-07-23T11:04:48+08:00 ] 127.0.0.1 127.0.0.1 GET /
[ log ] www.ctadmin.com/ [运行时间：0.490000s][吞吐率：2.04req/s] [内存消耗：1,948.45kb] [文件加载：47]
[ info ] [ LANG ] E:\chitu\chitu_admin\trunk\thinkphp\lang\zh-cn.php
[ info ] [ ROUTE ] array (
  'type' => 'module',
  'module' => 
  array (
    0 => '',
    1 => NULL,
    2 => NULL,
  ),
)
[ info ] [ HEADER ] array (
  'host' => 'www.ctadmin.com',
  'connection' => 'keep-alive',
  'upgrade-insecure-requests' => '1',
  'user-agent' => 'Mozilla/5.0 (Windows NT 6.1; WOW64) AppleWebKit/537.36 (KHTML, like Gecko) Chrome/66.0.3359.181 Safari/537.36',
  'accept' => 'text/html,application/xhtml+xml,application/xml;q=0.9,image/webp,image/apng,*/*;q=0.8',
  'accept-encoding' => 'gzip, deflate',
  'accept-language' => 'zh-CN,zh;q=0.9',
)
[ info ] [ PARAM ] array (
)
[ info ] [ RUN ] app\admin\controller\Index->index[ E:\chitu\chitu_admin\trunk\application\admin\controller\Index.php ]
[ info ] [ SESSION ] INIT array (
  'id' => '',
  'var_session_id' => '',
  'prefix' => 'think',
  'type' => '',
  'auto_start' => true,
)
[ info ] [ LOG ] INIT File

---------------------------------------------------------------
[ 2018-07-23T11:04:48+08:00 ] 127.0.0.1 127.0.0.1 GET /admin/index/login.html
[ log ] www.ctadmin.com/admin/index/login.html [运行时间：0.066000s][吞吐率：15.15req/s] [内存消耗：1,886.13kb] [文件加载：46]
[ info ] [ LANG ] E:\chitu\chitu_admin\trunk\thinkphp\lang\zh-cn.php
[ info ] [ ROUTE ] array (
  'type' => 'module',
  'module' => 
  array (
    0 => 'admin',
    1 => 'index',
    2 => 'login',
  ),
)
[ info ] [ HEADER ] array (
  'host' => 'www.ctadmin.com',
  'connection' => 'keep-alive',
  'upgrade-insecure-requests' => '1',
  'user-agent' => 'Mozilla/5.0 (Windows NT 6.1; WOW64) AppleWebKit/537.36 (KHTML, like Gecko) Chrome/66.0.3359.181 Safari/537.36',
  'accept' => 'text/html,application/xhtml+xml,application/xml;q=0.9,image/webp,image/apng,*/*;q=0.8',
  'accept-encoding' => 'gzip, deflate',
  'accept-language' => 'zh-CN,zh;q=0.9',
  'cookie' => 'PHPSESSID=k4pkoa2do1vqbrechct4miom63',
)
[ info ] [ PARAM ] array (
  '/admin/index/login_html' => '',
)
[ info ] [ RUN ] app\admin\controller\Index->login[ E:\chitu\chitu_admin\trunk\application\admin\controller\Index.php ]
[ info ] [ VIEW ] E:\chitu\chitu_admin\trunk\public/../application/admin\view\index\login.html [ array (
) ]
[ info ] [ LOG ] INIT File

---------------------------------------------------------------
[ 2018-07-23T11:05:11+08:00 ] 127.0.0.1 127.0.0.1 GET /pay/wxpay/refund
[ log ] www.ctadmin.com/pay/wxpay/refund [运行时间：0.219000s][吞吐率：4.57req/s] [内存消耗：1,839.82kb] [文件加载：42]
[ info ] [ LANG ] E:\chitu\chitu_admin\trunk\thinkphp\lang\zh-cn.php
[ info ] [ ROUTE ] array (
  'type' => 'module',
  'module' => 
  array (
    0 => 'pay',
    1 => 'wxpay',
    2 => 'refund',
  ),
)
[ info ] [ HEADER ] array (
  'host' => 'www.ctadmin.com',
  'connection' => 'keep-alive',
  'upgrade-insecure-requests' => '1',
  'user-agent' => 'Mozilla/5.0 (Windows NT 6.1; WOW64) AppleWebKit/537.36 (KHTML, like Gecko) Chrome/66.0.3359.181 Safari/537.36',
  'accept' => 'text/html,application/xhtml+xml,application/xml;q=0.9,image/webp,image/apng,*/*;q=0.8',
  'accept-encoding' => 'gzip, deflate',
  'accept-language' => 'zh-CN,zh;q=0.9',
  'cookie' => 'PHPSESSID=k4pkoa2do1vqbrechct4miom63',
)
[ info ] [ PARAM ] array (
  '/pay/wxpay/refund' => '',
)
[ info ] [ RUN ] app\pay\controller\Wxpay->refund[ E:\chitu\chitu_admin\trunk\application\pay\controller\Wxpay.php ]
[ info ] [ LOG ] INIT File

---------------------------------------------------------------
[ 2018-07-23T11:08:52+08:00 ] 127.0.0.1 127.0.0.1 GET /pay/wxpay/refund?out_trade_no=K180622020737480
[ log ] www.ctadmin.com/pay/wxpay/refund?out_trade_no=K180622020737480 [运行时间：0.200000s][吞吐率：5.00req/s] [内存消耗：1,888.70kb] [文件加载：46]
[ info ] [ LANG ] E:\chitu\chitu_admin\trunk\thinkphp\lang\zh-cn.php
[ info ] [ ROUTE ] array (
  'type' => 'module',
  'module' => 
  array (
    0 => 'pay',
    1 => 'wxpay',
    2 => 'refund',
  ),
)
[ info ] [ HEADER ] array (
  'host' => 'www.ctadmin.com',
  'connection' => 'keep-alive',
  'upgrade-insecure-requests' => '1',
  'user-agent' => 'Mozilla/5.0 (Windows NT 6.1; WOW64) AppleWebKit/537.36 (KHTML, like Gecko) Chrome/66.0.3359.181 Safari/537.36',
  'accept' => 'text/html,application/xhtml+xml,application/xml;q=0.9,image/webp,image/apng,*/*;q=0.8',
  'accept-encoding' => 'gzip, deflate',
  'accept-language' => 'zh-CN,zh;q=0.9',
  'cookie' => 'PHPSESSID=k4pkoa2do1vqbrechct4miom63',
)
[ info ] [ PARAM ] array (
  '/pay/wxpay/refund' => '',
  'out_trade_no' => 'K180622020737480',
)
[ info ] [ RUN ] app\pay\controller\Wxpay->refund[ E:\chitu\chitu_admin\trunk\application\pay\controller\Wxpay.php ]
[ info ] [ LOG ] INIT File
[ error ] [1]Class 'app\pay\controller\WxPayConfig' not found[E:\chitu\chitu_admin\trunk\application\pay\controller\Wxpay.php:190]

---------------------------------------------------------------
[ 2018-07-23T11:13:56+08:00 ] 127.0.0.1 127.0.0.1 GET /pay/wxpay/refund?out_trade_no=K180622020737480
[ log ] www.ctadmin.com/pay/wxpay/refund?out_trade_no=K180622020737480 [运行时间：0.190000s][吞吐率：5.26req/s] [内存消耗：1,870.88kb] [文件加载：44]
[ info ] [ LANG ] E:\chitu\chitu_admin\trunk\thinkphp\lang\zh-cn.php
[ info ] [ ROUTE ] array (
  'type' => 'module',
  'module' => 
  array (
    0 => 'pay',
    1 => 'wxpay',
    2 => 'refund',
  ),
)
[ info ] [ HEADER ] array (
  'host' => 'www.ctadmin.com',
  'connection' => 'keep-alive',
  'cache-control' => 'max-age=0',
  'upgrade-insecure-requests' => '1',
  'user-agent' => 'Mozilla/5.0 (Windows NT 6.1; WOW64) AppleWebKit/537.36 (KHTML, like Gecko) Chrome/66.0.3359.181 Safari/537.36',
  'accept' => 'text/html,application/xhtml+xml,application/xml;q=0.9,image/webp,image/apng,*/*;q=0.8',
  'accept-encoding' => 'gzip, deflate',
  'accept-language' => 'zh-CN,zh;q=0.9',
  'cookie' => 'PHPSESSID=k4pkoa2do1vqbrechct4miom63',
)
[ info ] [ PARAM ] array (
  '/pay/wxpay/refund' => '',
  'out_trade_no' => 'K180622020737480',
)
[ info ] [ RUN ] app\pay\controller\Wxpay->refund[ E:\chitu\chitu_admin\trunk\application\pay\controller\Wxpay.php ]
[ info ] [ LOG ] INIT File
[ error ] [0]curl出错，错误码:58[E:\chitu\chitu_admin\trunk\extend\wxpay\lib\WxPay.Api.php:564]

---------------------------------------------------------------
[ 2018-07-23T11:15:36+08:00 ] 127.0.0.1 127.0.0.1 GET /pay/wxpay/refundquery?out_trade_no=K180622020737480
[ log ] www.ctadmin.com/pay/wxpay/refundquery?out_trade_no=K180622020737480 [运行时间：0.237000s][吞吐率：4.22req/s] [内存消耗：1,870.45kb] [文件加载：44]
[ info ] [ LANG ] E:\chitu\chitu_admin\trunk\thinkphp\lang\zh-cn.php
[ info ] [ ROUTE ] array (
  'type' => 'module',
  'module' => 
  array (
    0 => 'pay',
    1 => 'wxpay',
    2 => 'refundquery',
  ),
)
[ info ] [ HEADER ] array (
  'host' => 'www.ctadmin.com',
  'connection' => 'keep-alive',
  'upgrade-insecure-requests' => '1',
  'user-agent' => 'Mozilla/5.0 (Windows NT 6.1; WOW64) AppleWebKit/537.36 (KHTML, like Gecko) Chrome/66.0.3359.181 Safari/537.36',
  'accept' => 'text/html,application/xhtml+xml,application/xml;q=0.9,image/webp,image/apng,*/*;q=0.8',
  'accept-encoding' => 'gzip, deflate',
  'accept-language' => 'zh-CN,zh;q=0.9',
  'cookie' => 'PHPSESSID=k4pkoa2do1vqbrechct4miom63',
)
[ info ] [ PARAM ] array (
  '/pay/wxpay/refundquery' => '',
  'out_trade_no' => 'K180622020737480',
)
[ info ] [ RUN ] app\pay\controller\Wxpay->refundquery[ E:\chitu\chitu_admin\trunk\application\pay\controller\Wxpay.php ]
[ info ] [ LOG ] INIT File
[ error ] [0]curl出错，错误码:60[E:\chitu\chitu_admin\trunk\extend\wxpay\lib\WxPay.Api.php:564]

---------------------------------------------------------------
[ 2018-07-23T11:16:38+08:00 ] 127.0.0.1 127.0.0.1 GET /pay/wxpay/refund?out_trade_no=K180622020737480
[ log ] www.ctadmin.com/pay/wxpay/refund?out_trade_no=K180622020737480 [运行时间：0.062000s][吞吐率：16.13req/s] [内存消耗：1,871.02kb] [文件加载：44]
[ info ] [ LANG ] E:\chitu\chitu_admin\trunk\thinkphp\lang\zh-cn.php
[ info ] [ ROUTE ] array (
  'type' => 'module',
  'module' => 
  array (
    0 => 'pay',
    1 => 'wxpay',
    2 => 'refund',
  ),
)
[ info ] [ HEADER ] array (
  'host' => 'www.ctadmin.com',
  'connection' => 'keep-alive',
  'cache-control' => 'max-age=0',
  'upgrade-insecure-requests' => '1',
  'user-agent' => 'Mozilla/5.0 (Windows NT 6.1; WOW64) AppleWebKit/537.36 (KHTML, like Gecko) Chrome/66.0.3359.181 Safari/537.36',
  'accept' => 'text/html,application/xhtml+xml,application/xml;q=0.9,image/webp,image/apng,*/*;q=0.8',
  'accept-encoding' => 'gzip, deflate',
  'accept-language' => 'zh-CN,zh;q=0.9',
  'cookie' => 'PHPSESSID=k4pkoa2do1vqbrechct4miom63',
)
[ info ] [ PARAM ] array (
  '/pay/wxpay/refund' => '',
  'out_trade_no' => 'K180622020737480',
)
[ info ] [ RUN ] app\pay\controller\Wxpay->refund[ E:\chitu\chitu_admin\trunk\application\pay\controller\Wxpay.php ]
[ info ] [ LOG ] INIT File
[ error ] [0]curl出错，错误码:58[E:\chitu\chitu_admin\trunk\extend\wxpay\lib\WxPay.Api.php:564]

---------------------------------------------------------------
