[ 2017-11-17T10:24:54+08:00 ] 192.168.1.17 192.168.1.6 GET /trunk/trunk/public/
[ log ] 192.168.1.17/trunk/trunk/public/ [运行时间：0.363200s][吞吐率：2.75req/s] [内存消耗：1,907.20kb] [文件加载：48]
[ info ] [ LANG ] E:\chitu\app\trunk\trunk\thinkphp\lang\zh-cn.php
[ info ] [ ROUTE ] array (
  'type' => 'module',
  'module' => 
  array (
    0 => '',
    1 => NULL,
    2 => NULL,
  ),
)
[ info ] [ HEADER ] array (
  'host' => '192.168.1.17',
  'connection' => 'keep-alive',
  'accept' => 'text/html,application/xhtml+xml,application/xml;q=0.9,image/webp,*/*;q=0.8',
  'upgrade-insecure-requests' => '1',
  'user-agent' => 'Mozilla/5.0 (Windows NT 10.0; WOW64) AppleWebKit/537.36 (KHTML, like Gecko) Chrome/50.0.2661.102 UBrowser/6.1.2107.201 Safari/537.36',
  'referer' => 'http://192.168.1.17/trunk/trunk/',
  'accept-encoding' => 'gzip, deflate',
  'accept-language' => 'zh-CN,zh;q=0.8,en;q=0.6',
)
[ info ] [ PARAM ] array (
)
[ info ] [ RUN ] app\admin\controller\Index->index[ E:\chitu\app\trunk\trunk\application\admin\controller\Index.php ]
[ info ] [ SESSION ] INIT array (
  'id' => '',
  'var_session_id' => '',
  'prefix' => 'think',
  'type' => '',
  'auto_start' => true,
)
[ info ] [ LOG ] INIT File

---------------------------------------------------------------
[ 2017-11-17T10:24:55+08:00 ] 192.168.1.17 192.168.1.6 GET /trunk/trunk/public/admin/index/login.html
[ log ] 192.168.1.17/trunk/trunk/public/admin/index/login.html [运行时间：0.046800s][吞吐率：21.37req/s] [内存消耗：1,434.70kb] [文件加载：40]
[ info ] [ LANG ] E:\chitu\app\trunk\trunk\thinkphp\lang\zh-cn.php
[ info ] [ ROUTE ] array (
  'type' => 'module',
  'module' => 
  array (
    0 => 'trunk',
    1 => 'trunk',
    2 => 'public',
  ),
)
[ info ] [ HEADER ] array (
  'host' => '192.168.1.17',
  'connection' => 'keep-alive',
  'accept' => 'text/html,application/xhtml+xml,application/xml;q=0.9,image/webp,*/*;q=0.8',
  'upgrade-insecure-requests' => '1',
  'user-agent' => 'Mozilla/5.0 (Windows NT 10.0; WOW64) AppleWebKit/537.36 (KHTML, like Gecko) Chrome/50.0.2661.102 UBrowser/6.1.2107.201 Safari/537.36',
  'referer' => 'http://192.168.1.17/trunk/trunk/',
  'accept-encoding' => 'gzip, deflate',
  'accept-language' => 'zh-CN,zh;q=0.8,en;q=0.6',
  'cookie' => 'PHPSESSID=nn427nskt607uuof97p7091va4',
)
[ info ] [ PARAM ] array (
  '/admin/index/login_html' => '',
  'admin' => 'index',
)
[ info ] [ LOG ] INIT File

---------------------------------------------------------------
