[ 2019-06-08T00:11:40+08:00 ] 127.0.0.1 127.0.0.1 GET /
[ log ] www.chitu12.com/ [运行时间：0.235500s][吞吐率：4.25req/s] [内存消耗：1,595.32kb] [文件加载：49]
[ info ] [ LANG ] D:\WWW\chitu_admin\thinkphp\lang\zh-cn.php
[ info ] [ ROUTE ] array (
  'type' => 'module',
  'module' => 
  array (
    0 => '',
    1 => NULL,
    2 => NULL,
  ),
)
[ info ] [ HEADER ] array (
  'accept-language' => 'zh-CN,zh;q=0.9,ja;q=0.8',
  'accept-encoding' => 'gzip, deflate',
  'accept' => 'text/html,application/xhtml+xml,application/xml;q=0.9,image/webp,image/apng,*/*;q=0.8',
  'user-agent' => 'Mozilla/5.0 (Windows NT 6.1; WOW64) AppleWebKit/537.36 (KHTML, like Gecko) Chrome/68.0.3440.84 Safari/537.36',
  'upgrade-insecure-requests' => '1',
  'connection' => 'close',
  'host' => 'www.chitu12.com',
)
[ info ] [ PARAM ] array (
)
[ info ] [ RUN ] app\admin\controller\Index->index[ D:\WWW\chitu_admin\application\admin\controller\Index.php ]
[ info ] [ SESSION ] INIT array (
  'id' => '',
  'var_session_id' => '',
  'prefix' => 'think',
  'type' => '',
  'auto_start' => true,
)
[ info ] [ LOG ] INIT File

---------------------------------------------------------------
[ 2019-06-08T00:11:40+08:00 ] 127.0.0.1 127.0.0.1 GET /admin/index/login.html
[ log ] www.chitu12.com/admin/index/login.html [运行时间：0.109000s][吞吐率：9.17req/s] [内存消耗：1,597.20kb] [文件加载：51]
[ info ] [ LANG ] D:\WWW\chitu_admin\thinkphp\lang\zh-cn.php
[ info ] [ ROUTE ] array (
  'type' => 'module',
  'module' => 
  array (
    0 => 'admin',
    1 => 'index',
    2 => 'login',
  ),
)
[ info ] [ HEADER ] array (
  'cookie' => 'PHPSESSID=jd03nqhtvvulqk681m1moccfm4',
  'accept-language' => 'zh-CN,zh;q=0.9,ja;q=0.8',
  'accept-encoding' => 'gzip, deflate',
  'accept' => 'text/html,application/xhtml+xml,application/xml;q=0.9,image/webp,image/apng,*/*;q=0.8',
  'user-agent' => 'Mozilla/5.0 (Windows NT 6.1; WOW64) AppleWebKit/537.36 (KHTML, like Gecko) Chrome/68.0.3440.84 Safari/537.36',
  'upgrade-insecure-requests' => '1',
  'connection' => 'close',
  'host' => 'www.chitu12.com',
)
[ info ] [ PARAM ] array (
  '/admin/index/login_html' => '',
)
[ info ] [ RUN ] app\admin\controller\Index->login[ D:\WWW\chitu_admin\application\admin\controller\Index.php ]
[ info ] [ VIEW ] D:\WWW\chitu_admin\public/../application/admin\view\index\login.html [ array (
) ]
[ info ] [ LOG ] INIT File

---------------------------------------------------------------
[ 2019-06-08T00:11:48+08:00 ] 127.0.0.1 127.0.0.1 POST /admin/index/login_send
[ log ] www.chitu12.com/admin/index/login_send [运行时间：0.041500s][吞吐率：24.10req/s] [内存消耗：2,147.36kb] [文件加载：55]
[ info ] [ LANG ] D:\WWW\chitu_admin\thinkphp\lang\zh-cn.php
[ info ] [ ROUTE ] array (
  'type' => 'module',
  'module' => 
  array (
    0 => 'admin',
    1 => 'index',
    2 => 'login_send',
  ),
)
[ info ] [ HEADER ] array (
  'cookie' => 'thinkphp_show_page_trace=0|0; PHPSESSID=jd03nqhtvvulqk681m1moccfm4',
  'accept-language' => 'zh-CN,zh;q=0.9,ja;q=0.8',
  'accept-encoding' => 'gzip, deflate',
  'referer' => 'http://www.chitu12.com/admin/index/login.html',
  'accept' => 'text/html,application/xhtml+xml,application/xml;q=0.9,image/webp,image/apng,*/*;q=0.8',
  'user-agent' => 'Mozilla/5.0 (Windows NT 6.1; WOW64) AppleWebKit/537.36 (KHTML, like Gecko) Chrome/68.0.3440.84 Safari/537.36',
  'content-type' => 'application/x-www-form-urlencoded',
  'upgrade-insecure-requests' => '1',
  'origin' => 'http://www.chitu12.com',
  'cache-control' => 'max-age=0',
  'content-length' => '38',
  'connection' => 'close',
  'host' => 'www.chitu12.com',
)
[ info ] [ PARAM ] array (
  '/admin/index/login_send' => '',
  'admin_name' => 'admin',
  'admin_password' => '123456',
)
[ info ] [ RUN ] app\admin\controller\Index->login_send[ D:\WWW\chitu_admin\application\admin\controller\Index.php ]
[ info ] [ DB ] INIT mysql
[ info ] [ SESSION ] INIT array (
  'id' => '',
  'var_session_id' => '',
  'prefix' => 'think',
  'type' => '',
  'auto_start' => true,
)
[ info ] [ LOG ] INIT File
[ sql ] [ DB ] CONNECT:[ UseTime:0.007500s ] mysql:dbname=test;host=127.0.0.1;charset=utf8
[ sql ] [ SQL ] SHOW COLUMNS FROM `ct_admin` [ RunTime:0.006500s ]
[ sql ] [ SQL ] SELECT * FROM `ct_admin` WHERE  `username` = 'admin'  AND `password` = '89d0edf61deb62ac2a01575a272e3e82'  AND `pstate` = 1 LIMIT 1 [ RunTime:0.000500s ]

---------------------------------------------------------------
[ 2019-06-08T00:11:49+08:00 ] 127.0.0.1 127.0.0.1 GET /admin/index/index.html
[ log ] www.chitu12.com/admin/index/index.html [运行时间：0.142500s][吞吐率：7.02req/s] [内存消耗：1,615.09kb] [文件加载：51]
[ info ] [ LANG ] D:\WWW\chitu_admin\thinkphp\lang\zh-cn.php
[ info ] [ ROUTE ] array (
  'type' => 'module',
  'module' => 
  array (
    0 => 'admin',
    1 => 'index',
    2 => 'index',
  ),
)
[ info ] [ HEADER ] array (
  'cookie' => 'thinkphp_show_page_trace=0|0; PHPSESSID=jd03nqhtvvulqk681m1moccfm4',
  'accept-language' => 'zh-CN,zh;q=0.9,ja;q=0.8',
  'accept-encoding' => 'gzip, deflate',
  'referer' => 'http://www.chitu12.com/admin/index/login.html',
  'accept' => 'text/html,application/xhtml+xml,application/xml;q=0.9,image/webp,image/apng,*/*;q=0.8',
  'user-agent' => 'Mozilla/5.0 (Windows NT 6.1; WOW64) AppleWebKit/537.36 (KHTML, like Gecko) Chrome/68.0.3440.84 Safari/537.36',
  'upgrade-insecure-requests' => '1',
  'cache-control' => 'max-age=0',
  'connection' => 'close',
  'host' => 'www.chitu12.com',
)
[ info ] [ PARAM ] array (
  '/admin/index/index_html' => '',
)
[ info ] [ RUN ] app\admin\controller\Index->index[ D:\WWW\chitu_admin\application\admin\controller\Index.php ]
[ info ] [ SESSION ] INIT array (
  'id' => '',
  'var_session_id' => '',
  'prefix' => 'think',
  'type' => '',
  'auto_start' => true,
)
[ info ] [ VIEW ] D:\WWW\chitu_admin\public/../application/admin\view\index\index.html [ array (
) ]
[ info ] [ LOG ] INIT File

---------------------------------------------------------------
[ 2019-06-08T00:11:49+08:00 ] 127.0.0.1 127.0.0.1 GET /admin/index/main
[ log ] www.chitu12.com/admin/index/main [运行时间：0.234000s][吞吐率：4.27req/s] [内存消耗：2,267.73kb] [文件加载：56]
[ info ] [ LANG ] D:\WWW\chitu_admin\thinkphp\lang\zh-cn.php
[ info ] [ ROUTE ] array (
  'type' => 'module',
  'module' => 
  array (
    0 => 'admin',
    1 => 'index',
    2 => 'main',
  ),
)
[ info ] [ HEADER ] array (
  'cookie' => 'thinkphp_show_page_trace=0|0; PHPSESSID=jd03nqhtvvulqk681m1moccfm4',
  'accept-language' => 'zh-CN,zh;q=0.9,ja;q=0.8',
  'accept-encoding' => 'gzip, deflate',
  'referer' => 'http://www.chitu12.com/admin/index/index.html',
  'accept' => 'text/html,application/xhtml+xml,application/xml;q=0.9,image/webp,image/apng,*/*;q=0.8',
  'user-agent' => 'Mozilla/5.0 (Windows NT 6.1; WOW64) AppleWebKit/537.36 (KHTML, like Gecko) Chrome/68.0.3440.84 Safari/537.36',
  'upgrade-insecure-requests' => '1',
  'connection' => 'close',
  'host' => 'www.chitu12.com',
)
[ info ] [ PARAM ] array (
  '/admin/index/main' => '',
)
[ info ] [ RUN ] app\admin\controller\Index->main[ D:\WWW\chitu_admin\application\admin\controller\Index.php ]
[ info ] [ SESSION ] INIT array (
  'id' => '',
  'var_session_id' => '',
  'prefix' => 'think',
  'type' => '',
  'auto_start' => true,
)
[ info ] [ DB ] INIT mysql
[ info ] [ VIEW ] D:\WWW\chitu_admin\public/../application/admin\view\index\main.html [ array (
  0 => 'alipay',
  1 => 'wechat',
  2 => 'credit',
  3 => 'balance',
  4 => 'tatol_pay',
  5 => 'pay_recharge',
  6 => 'wei_recharge',
  7 => 'client_recharge',
  8 => 'driver_recharge',
  9 => 'sum_recharge',
  10 => 'replay_count',
  11 => 'replay_pass',
  12 => 'replay_pass_success',
  13 => 'replay_sum',
  14 => 'user',
  15 => 'driver',
  16 => 'proceed_order',
  17 => 'finish_order',
  18 => 'Invalid_order',
  19 => 'count_order',
  20 => 'uncity_user_order',
  21 => 'city_user_order',
  22 => 'city_user_cancelorder',
  23 => 'city_user_countorder',
  24 => 'uncity_driver_order',
  25 => 'city_driver_order',
  26 => 'city_driver_cancelorder',
  27 => 'city_driver_countorder',
  28 => 'unfeed_message',
  29 => 'feed_message',
  30 => 'sum_applay',
  31 => 'sum_applay_year',
  32 => 'sum_pay',
  33 => 'sum_pay_year',
) ]
[ info ] [ LOG ] INIT File
[ sql ] [ DB ] CONNECT:[ UseTime:0.010500s ] mysql:dbname=test;host=127.0.0.1;charset=utf8
[ sql ] [ SQL ] SHOW COLUMNS FROM `ct_paymessage` [ RunTime:0.006000s ]
[ sql ] [ SQL ] SELECT SUM(paynum) AS tp_sum FROM `ct_paymessage` WHERE  `paytype` = 1  AND `state` = 1  AND ( `paytime` > '1559836800' AND `paytime` < '1559923199' ) LIMIT 1 [ RunTime:0.000500s ]
[ sql ] [ SQL ] SELECT SUM(paynum) AS tp_sum FROM `ct_paymessage` WHERE  `paytype` = 1  AND `state` = 1  AND ( `paytime` > '1559491200' AND `paytime` < '1560095999' ) LIMIT 1 [ RunTime:0.000000s ]
[ sql ] [ SQL ] SELECT SUM(paynum) AS tp_sum FROM `ct_paymessage` WHERE  `paytype` = 1  AND `state` = 1  AND ( `paytime` > '1559318400' AND `paytime` < '1561910399' ) LIMIT 1 [ RunTime:0.000000s ]
[ sql ] [ SQL ] SELECT SUM(paynum) AS tp_sum FROM `ct_paymessage` WHERE  `paytype` = 1  AND `state` = 1  AND ( `paytime` > '1546272000' AND `paytime` < '1577807999' ) LIMIT 1 [ RunTime:0.000500s ]
[ sql ] [ SQL ] SELECT SUM(paynum) AS tp_sum FROM `ct_paymessage` WHERE  `paytype` = 1  AND `state` = 1 LIMIT 1 [ RunTime:0.000500s ]
[ sql ] [ SQL ] SELECT SUM(paynum) AS tp_sum FROM `ct_paymessage` WHERE  `paytype` = 2  AND `state` = 1  AND ( `paytime` > '1559836800' AND `paytime` < '1559923199' ) LIMIT 1 [ RunTime:0.000500s ]
[ sql ] [ SQL ] SELECT SUM(paynum) AS tp_sum FROM `ct_paymessage` WHERE  `paytype` = 2  AND `state` = 1  AND ( `paytime` > '1559491200' AND `paytime` < '1560095999' ) LIMIT 1 [ RunTime:0.000500s ]
[ sql ] [ SQL ] SELECT SUM(paynum) AS tp_sum FROM `ct_paymessage` WHERE  `paytype` = 2  AND `state` = 1  AND ( `paytime` > '1559318400' AND `paytime` < '1561910399' ) LIMIT 1 [ RunTime:0.000500s ]
[ sql ] [ SQL ] SELECT SUM(paynum) AS tp_sum FROM `ct_paymessage` WHERE  `paytype` = 2  AND `state` = 1  AND ( `paytime` > '1546272000' AND `paytime` < '1577807999' ) LIMIT 1 [ RunTime:0.000000s ]
[ sql ] [ SQL ] SELECT SUM(paynum) AS tp_sum FROM `ct_paymessage` WHERE  `paytype` = 2  AND `state` = 1 LIMIT 1 [ RunTime:0.000000s ]
[ sql ] [ SQL ] SHOW COLUMNS FROM `ct_city_order` [ RunTime:0.007500s ]
[ sql ] [ SQL ] SELECT SUM(paymoney) AS tp_sum FROM `ct_city_order` WHERE  `pay_type` = 1  AND `paystate` = 2  AND ( `addtime` > '1559836800' AND `addtime` < '1559923199' ) LIMIT 1 [ RunTime:0.001000s ]
[ sql ] [ SQL ] SELECT SUM(paymoney) AS tp_sum FROM `ct_city_order` WHERE  `pay_type` = 1  AND `paystate` = 2  AND ( `addtime` > '1559491200' AND `addtime` < '1560095999' ) LIMIT 1 [ RunTime:0.000500s ]
[ sql ] [ SQL ] SELECT SUM(paymoney) AS tp_sum FROM `ct_city_order` WHERE  `pay_type` = 1  AND `paystate` = 2  AND ( `addtime` > '1559318400' AND `addtime` < '1561910399' ) LIMIT 1 [ RunTime:0.000500s ]
[ sql ] [ SQL ] SELECT SUM(paymoney) AS tp_sum FROM `ct_city_order` WHERE  `pay_type` = 1  AND `paystate` = 2  AND ( `addtime` > '1546272000' AND `addtime` < '1577807999' ) LIMIT 1 [ RunTime:0.000500s ]
[ sql ] [ SQL ] SELECT SUM(paymoney) AS tp_sum FROM `ct_city_order` WHERE  `pay_type` = 1  AND `paystate` = 2 LIMIT 1 [ RunTime:0.001000s ]
[ sql ] [ SQL ] SHOW COLUMNS FROM `ct_userorder` [ RunTime:0.007500s ]
[ sql ] [ SQL ] SELECT SUM(referprice) AS tp_sum FROM `ct_userorder` WHERE  `pay_type` = 1  AND `paystate` = 2  AND ( `addtime` > '1559836800' AND `addtime` < '1559923199' ) LIMIT 1 [ RunTime:0.001000s ]
[ sql ] [ SQL ] SELECT SUM(referprice) AS tp_sum FROM `ct_userorder` WHERE  `pay_type` = 1  AND `paystate` = 2  AND ( `addtime` > '1559491200' AND `addtime` < '1560095999' ) LIMIT 1 [ RunTime:0.000000s ]
[ sql ] [ SQL ] SELECT SUM(referprice) AS tp_sum FROM `ct_userorder` WHERE  `pay_type` = 1  AND `paystate` = 2  AND ( `addtime` > '1559318400' AND `addtime` < '1561910399' ) LIMIT 1 [ RunTime:0.000500s ]
[ sql ] [ SQL ] SELECT SUM(referprice) AS tp_sum FROM `ct_userorder` WHERE  `pay_type` = 1  AND `paystate` = 2  AND ( `addtime` > '1546272000' AND `addtime` < '1577807999' ) LIMIT 1 [ RunTime:0.000500s ]
[ sql ] [ SQL ] SELECT SUM(referprice) AS tp_sum FROM `ct_userorder` WHERE  `pay_type` = 1  AND `paystate` = 2 LIMIT 1 [ RunTime:0.000500s ]
[ sql ] [ SQL ] SHOW COLUMNS FROM `ct_shift_order` [ RunTime:0.007000s ]
[ sql ] [ SQL ] SELECT SUM(totalprice) AS tp_sum FROM `ct_shift_order` WHERE  `pay_type` = 1  AND `paystate` = 2  AND ( `addtime` > '1559836800' AND `addtime` < '1559923199' ) LIMIT 1 [ RunTime:0.000000s ]
[ sql ] [ SQL ] SELECT SUM(totalprice) AS tp_sum FROM `ct_shift_order` WHERE  `pay_type` = 1  AND `paystate` = 2  AND ( `addtime` > '1559491200' AND `addtime` < '1560095999' ) LIMIT 1 [ RunTime:0.000000s ]
[ sql ] [ SQL ] SELECT SUM(totalprice) AS tp_sum FROM `ct_shift_order` WHERE  `pay_type` = 1  AND `paystate` = 2  AND ( `addtime` > '1559318400' AND `addtime` < '1561910399' ) LIMIT 1 [ RunTime:0.000500s ]
[ sql ] [ SQL ] SELECT SUM(totalprice) AS tp_sum FROM `ct_shift_order` WHERE  `pay_type` = 1  AND `paystate` = 2  AND ( `addtime` > '1546272000' AND `addtime` < '1577807999' ) LIMIT 1 [ RunTime:0.000000s ]
[ sql ] [ SQL ] SELECT SUM(totalprice) AS tp_sum FROM `ct_shift_order` WHERE  `pay_type` = 1  AND `paystate` = 2 LIMIT 1 [ RunTime:0.000500s ]
[ sql ] [ SQL ] SHOW COLUMNS FROM `ct_order` [ RunTime:0.006500s ]
[ sql ] [ SQL ] SELECT SUM(all_price) AS tp_sum FROM `ct_order` WHERE  `pay_type` = 1  AND `paystate` = 2  AND ( `addtime` > '1559836800' AND `addtime` < '1559923199' ) LIMIT 1 [ RunTime:0.001000s ]
[ sql ] [ SQL ] SELECT SUM(all_price) AS tp_sum FROM `ct_order` WHERE  `pay_type` = 1  AND `paystate` = 2  AND ( `addtime` > '1559491200' AND `addtime` < '1560095999' ) LIMIT 1 [ RunTime:0.000500s ]
[ sql ] [ SQL ] SELECT SUM(all_price) AS tp_sum FROM `ct_order` WHERE  `pay_type` = 1  AND `paystate` = 2  AND ( `addtime` > '1559318400' AND `addtime` < '1561910399' ) LIMIT 1 [ RunTime:0.000500s ]
[ sql ] [ SQL ] SELECT SUM(all_price) AS tp_sum FROM `ct_order` WHERE  `pay_type` = 1  AND `paystate` = 2  AND ( `addtime` > '1546272000' AND `addtime` < '1577807999' ) LIMIT 1 [ RunTime:0.000500s ]
[ sql ] [ SQL ] SELECT SUM(all_price) AS tp_sum FROM `ct_order` WHERE  `pay_type` = 1  AND `paystate` = 2 LIMIT 1 [ RunTime:0.000500s ]
[ sql ] [ SQL ] SELECT SUM(paymoney) AS tp_sum FROM `ct_city_order` WHERE  `pay_type` = 2  AND `paystate` = 2  AND ( `addtime` > '1559836800' AND `addtime` < '1559923199' ) LIMIT 1 [ RunTime:0.001000s ]
[ sql ] [ SQL ] SELECT SUM(paymoney) AS tp_sum FROM `ct_city_order` WHERE  `pay_type` = 2  AND `paystate` = 2  AND ( `addtime` > '1559491200' AND `addtime` < '1560095999' ) LIMIT 1 [ RunTime:0.000500s ]
[ sql ] [ SQL ] SELECT SUM(paymoney) AS tp_sum FROM `ct_city_order` WHERE  `pay_type` = 2  AND `paystate` = 2  AND ( `addtime` > '1559318400' AND `addtime` < '1561910399' ) LIMIT 1 [ RunTime:0.000500s ]
[ sql ] [ SQL ] SELECT SUM(paymoney) AS tp_sum FROM `ct_city_order` WHERE  `pay_type` = 2  AND `paystate` = 2  AND ( `addtime` > '1546272000' AND `addtime` < '1577807999' ) LIMIT 1 [ RunTime:0.000500s ]
[ sql ] [ SQL ] SELECT SUM(paymoney) AS tp_sum FROM `ct_city_order` WHERE  `pay_type` = 2  AND `paystate` = 2 LIMIT 1 [ RunTime:0.000500s ]
[ sql ] [ SQL ] SELECT SUM(referprice) AS tp_sum FROM `ct_userorder` WHERE  `pay_type` = 2  AND `paystate` = 2  AND ( `addtime` > '1559836800' AND `addtime` < '1559923199' ) LIMIT 1 [ RunTime:0.000500s ]
[ sql ] [ SQL ] SELECT SUM(referprice) AS tp_sum FROM `ct_userorder` WHERE  `pay_type` = 2  AND `paystate` = 2  AND ( `addtime` > '1559491200' AND `addtime` < '1560095999' ) LIMIT 1 [ RunTime:0.000500s ]
[ sql ] [ SQL ] SELECT SUM(referprice) AS tp_sum FROM `ct_userorder` WHERE  `pay_type` = 2  AND `paystate` = 2  AND ( `addtime` > '1559318400' AND `addtime` < '1561910399' ) LIMIT 1 [ RunTime:0.000500s ]
[ sql ] [ SQL ] SELECT SUM(referprice) AS tp_sum FROM `ct_userorder` WHERE  `pay_type` = 2  AND `paystate` = 2  AND ( `addtime` > '1546272000' AND `addtime` < '1577807999' ) LIMIT 1 [ RunTime:0.000500s ]
[ sql ] [ SQL ] SELECT SUM(referprice) AS tp_sum FROM `ct_userorder` WHERE  `pay_type` = 2  AND `paystate` = 2 LIMIT 1 [ RunTime:0.001000s ]
[ sql ] [ SQL ] SELECT SUM(totalprice) AS tp_sum FROM `ct_shift_order` WHERE  `pay_type` = 2  AND `paystate` = 2  AND ( `addtime` > '1559836800' AND `addtime` < '1559923199' ) LIMIT 1 [ RunTime:0.000500s ]
[ sql ] [ SQL ] SELECT SUM(totalprice) AS tp_sum FROM `ct_shift_order` WHERE  `pay_type` = 2  AND `paystate` = 2  AND ( `addtime` > '1559491200' AND `addtime` < '1560095999' ) LIMIT 1 [ RunTime:0.000500s ]
[ sql ] [ SQL ] SELECT SUM(totalprice) AS tp_sum FROM `ct_shift_order` WHERE  `pay_type` = 2  AND `paystate` = 2  AND ( `addtime` > '1559318400' AND `addtime` < '1561910399' ) LIMIT 1 [ RunTime:0.000500s ]
[ sql ] [ SQL ] SELECT SUM(totalprice) AS tp_sum FROM `ct_shift_order` WHERE  `pay_type` = 2  AND `paystate` = 2  AND ( `addtime` > '1546272000' AND `addtime` < '1577807999' ) LIMIT 1 [ RunTime:0.000500s ]
[ sql ] [ SQL ] SELECT SUM(totalprice) AS tp_sum FROM `ct_shift_order` WHERE  `pay_type` = 2  AND `paystate` = 2 LIMIT 1 [ RunTime:0.000500s ]
[ sql ] [ SQL ] SELECT SUM(all_price) AS tp_sum FROM `ct_order` WHERE  `pay_type` = 2  AND `paystate` = 2  AND ( `addtime` > '1559836800' AND `addtime` < '1559923199' ) LIMIT 1 [ RunTime:0.000500s ]
[ sql ] [ SQL ] SELECT SUM(all_price) AS tp_sum FROM `ct_order` WHERE  `pay_type` = 2  AND `paystate` = 2  AND ( `addtime` > '1559491200' AND `addtime` < '1560095999' ) LIMIT 1 [ RunTime:0.000500s ]
[ sql ] [ SQL ] SELECT SUM(all_price) AS tp_sum FROM `ct_order` WHERE  `pay_type` = 2  AND `paystate` = 2  AND ( `addtime` > '1559318400' AND `addtime` < '1561910399' ) LIMIT 1 [ RunTime:0.000500s ]
[ sql ] [ SQL ] SELECT SUM(all_price) AS tp_sum FROM `ct_order` WHERE  `pay_type` = 2  AND `paystate` = 2  AND ( `addtime` > '1546272000' AND `addtime` < '1577807999' ) LIMIT 1 [ RunTime:0.000500s ]
[ sql ] [ SQL ] SELECT SUM(all_price) AS tp_sum FROM `ct_order` WHERE  `pay_type` = 2  AND `paystate` = 2 LIMIT 1 [ RunTime:0.000000s ]
[ sql ] [ SQL ] SELECT SUM(paynum) AS tp_sum FROM `ct_paymessage` WHERE  `paytype` = 1  AND `state` = 2 LIMIT 1 [ RunTime:0.000500s ]
[ sql ] [ SQL ] SELECT SUM(paynum) AS tp_sum FROM `ct_paymessage` WHERE  `paytype` = 2  AND `state` = 2 LIMIT 1 [ RunTime:0.000000s ]
[ sql ] [ SQL ] SELECT SUM(paynum) AS tp_sum FROM `ct_paymessage` WHERE  `type` = 1  AND `state` = 2 LIMIT 1 [ RunTime:0.000000s ]
[ sql ] [ SQL ] SELECT SUM(paynum) AS tp_sum FROM `ct_paymessage` WHERE  `type` = 2  AND `state` = 2 LIMIT 1 [ RunTime:0.000000s ]
[ sql ] [ SQL ] SELECT SUM(paynum) AS tp_sum FROM `ct_paymessage` LIMIT 1 [ RunTime:0.000500s ]
[ sql ] [ SQL ] SHOW COLUMNS FROM `ct_application` [ RunTime:0.007000s ]
[ sql ] [ SQL ] SELECT SUM(money) AS tp_sum FROM `ct_application` WHERE  `states` = 1 LIMIT 1 [ RunTime:0.000000s ]
[ sql ] [ SQL ] SELECT SUM(money) AS tp_sum FROM `ct_application` WHERE  `states` = 2 LIMIT 1 [ RunTime:0.000000s ]
[ sql ] [ SQL ] SELECT SUM(money) AS tp_sum FROM `ct_application` WHERE  `states` = 4 LIMIT 1 [ RunTime:0.000500s ]
[ sql ] [ SQL ] SELECT SUM(money) AS tp_sum FROM `ct_application` WHERE  `states` = 4 LIMIT 1 [ RunTime:0.000500s ]
[ sql ] [ SQL ] SHOW COLUMNS FROM `ct_user` [ RunTime:0.007000s ]
[ sql ] [ SQL ] SELECT COUNT(uid) AS tp_count FROM `ct_user` WHERE  ( `addtime` > '1559836800' AND `addtime` < '1559923199' )  AND `delstate` = 1 LIMIT 1 [ RunTime:0.000500s ]
[ sql ] [ SQL ] SELECT COUNT(uid) AS tp_count FROM `ct_user` WHERE  ( `addtime` > '1559491200' AND `addtime` < '1560095999' )  AND `delstate` = 1 LIMIT 1 [ RunTime:0.000000s ]
[ sql ] [ SQL ] SELECT COUNT(uid) AS tp_count FROM `ct_user` WHERE  ( `addtime` > '1559318400' AND `addtime` < '1561910399' )  AND `delstate` = 1 LIMIT 1 [ RunTime:0.000000s ]
[ sql ] [ SQL ] SELECT COUNT(uid) AS tp_count FROM `ct_user` WHERE  ( `addtime` > '1546272000' AND `addtime` < '1577807999' )  AND `delstate` = 1 LIMIT 1 [ RunTime:0.000000s ]
[ sql ] [ SQL ] SELECT COUNT(uid) AS tp_count FROM `ct_user` WHERE  `delstate` = 1 LIMIT 1 [ RunTime:0.000000s ]
[ sql ] [ SQL ] SHOW COLUMNS FROM `ct_driver` [ RunTime:0.007000s ]
[ sql ] [ SQL ] SELECT COUNT(drivid) AS tp_count FROM `ct_driver` WHERE  ( `addtime` > '1559836800' AND `addtime` < '1559923199' )  AND `delstate` = 1 LIMIT 1 [ RunTime:0.000500s ]
[ sql ] [ SQL ] SELECT COUNT(drivid) AS tp_count FROM `ct_driver` WHERE  ( `addtime` > '1559491200' AND `addtime` < '1560095999' )  AND `delstate` = 1 LIMIT 1 [ RunTime:0.000500s ]
[ sql ] [ SQL ] SELECT COUNT(drivid) AS tp_count FROM `ct_driver` WHERE  ( `addtime` > '1559318400' AND `addtime` < '1561910399' )  AND `delstate` = 1 LIMIT 1 [ RunTime:0.000500s ]
[ sql ] [ SQL ] SELECT COUNT(drivid) AS tp_count FROM `ct_driver` WHERE  ( `addtime` > '1546272000' AND `addtime` < '1577807999' )  AND `delstate` = 1 LIMIT 1 [ RunTime:0.000000s ]
[ sql ] [ SQL ] SELECT COUNT(drivid) AS tp_count FROM `ct_driver` WHERE  `delstate` = 1 LIMIT 1 [ RunTime:0.000000s ]
[ sql ] [ SQL ] SELECT COUNT(oid) AS tp_count FROM `ct_order` WHERE  `orderstate` NOT IN (7,8)  AND `paystate` = 2 LIMIT 1 [ RunTime:0.000500s ]
[ sql ] [ SQL ] SELECT COUNT(oid) AS tp_count FROM `ct_order` WHERE  `orderstate` = 7  AND `paystate` = 2 LIMIT 1 [ RunTime:0.000500s ]
[ sql ] [ SQL ] SELECT COUNT(oid) AS tp_count FROM `ct_order` WHERE  `paystate` = 1 LIMIT 1 [ RunTime:0.000000s ]
[ sql ] [ SQL ] SELECT COUNT(oid) AS tp_count FROM `ct_order` LIMIT 1 [ RunTime:0.000500s ]
[ sql ] [ SQL ] SELECT COUNT(uoid) AS tp_count FROM `ct_userorder` WHERE  `orderstate` = 1  AND `paystate` = 2 LIMIT 1 [ RunTime:0.000500s ]
[ sql ] [ SQL ] SELECT COUNT(uoid) AS tp_count FROM `ct_userorder` WHERE  `orderstate` = 3 LIMIT 1 [ RunTime:0.001000s ]
[ sql ] [ SQL ] SELECT COUNT(uoid) AS tp_count FROM `ct_userorder` WHERE  `paystate` = 1 LIMIT 1 [ RunTime:0.000500s ]
[ sql ] [ SQL ] SELECT COUNT(uoid) AS tp_count FROM `ct_userorder` LIMIT 1 [ RunTime:0.000500s ]
[ sql ] [ SQL ] SELECT COUNT(id) AS tp_count FROM `ct_city_order` WHERE  `paystate` = 2  AND `state` = 1 LIMIT 1 [ RunTime:0.000500s ]
[ sql ] [ SQL ] SELECT COUNT(id) AS tp_count FROM `ct_city_order` WHERE  `paystate` = 2  AND `state` = 3 LIMIT 1 [ RunTime:0.000500s ]
[ sql ] [ SQL ] SELECT COUNT(id) AS tp_count FROM `ct_city_order` WHERE  `paystate` = 1 LIMIT 1 [ RunTime:0.000500s ]
[ sql ] [ SQL ] SELECT COUNT(id) AS tp_count FROM `ct_city_order` LIMIT 1 [ RunTime:0.000500s ]
[ sql ] [ SQL ] SHOW COLUMNS FROM `ct_feedback` [ RunTime:0.007500s ]
[ sql ] [ SQL ] SELECT COUNT(id) AS tp_count FROM `ct_feedback` WHERE  `type` = 1 LIMIT 1 [ RunTime:0.000500s ]
[ sql ] [ SQL ] SELECT COUNT(id) AS tp_count FROM `ct_feedback` WHERE  `type` = 2 LIMIT 1 [ RunTime:0.000000s ]
[ sql ] [ SQL ] SELECT SUM(money) AS tp_sum FROM `ct_application` WHERE  `states` = 4 LIMIT 1 [ RunTime:0.000500s ]
[ sql ] [ SQL ] SELECT sum(money) as count FROM `ct_application` where states=4  AND DATE_FORMAT(FROM_UNIXTIME(start_time),'%Y') = DATE_FORMAT(FROM_UNIXTIME(1559923909),'%Y') [ RunTime:0.001000s ]
[ sql ] [ SQL ] SELECT SUM(paynum) AS tp_sum FROM `ct_paymessage` LIMIT 1 [ RunTime:0.000000s ]
[ sql ] [ SQL ] SELECT sum(paynum) as count FROM `ct_paymessage` where  DATE_FORMAT(FROM_UNIXTIME(paytime),'%Y') = DATE_FORMAT(FROM_UNIXTIME(1559923909),'%Y') [ RunTime:0.000000s ]
[ sql ] [ SQL ] SHOW COLUMNS FROM `ct_device` [ RunTime:0.006500s ]
[ sql ] [ SQL ] SELECT COUNT(id) AS tp_count FROM `ct_device` WHERE  `model` <> '' LIMIT 1 [ RunTime:0.000000s ]

---------------------------------------------------------------
[ 2019-06-08T00:11:49+08:00 ] 127.0.0.1 127.0.0.1 GET /static/tpl/css/patterns/header-profile.png
[ log ] www.chitu12.com/static/tpl/css/patterns/header-profile.png [运行时间：0.102000s][吞吐率：9.80req/s] [内存消耗：1,264.67kb] [文件加载：45]
[ info ] [ LANG ] D:\WWW\chitu_admin\thinkphp\lang\zh-cn.php
[ info ] [ ROUTE ] array (
  'type' => 'module',
  'module' => 
  array (
    0 => 'static',
    1 => 'tpl',
    2 => 'css',
  ),
)
[ info ] [ HEADER ] array (
  'cookie' => 'PHPSESSID=jd03nqhtvvulqk681m1moccfm4',
  'accept-language' => 'zh-CN,zh;q=0.9,ja;q=0.8',
  'accept-encoding' => 'gzip, deflate',
  'referer' => 'http://www.chitu12.com/static/tpl/css/style.min862f.css',
  'accept' => 'image/webp,image/apng,image/*,*/*;q=0.8',
  'user-agent' => 'Mozilla/5.0 (Windows NT 6.1; WOW64) AppleWebKit/537.36 (KHTML, like Gecko) Chrome/68.0.3440.84 Safari/537.36',
  'connection' => 'close',
  'host' => 'www.chitu12.com',
)
[ info ] [ PARAM ] array (
  '/static/tpl/css/patterns/header-profile_png' => '',
  'patterns' => 'header-profile.png',
)
[ info ] [ LOG ] INIT File

---------------------------------------------------------------
[ 2019-06-08T00:11:49+08:00 ] 127.0.0.1 127.0.0.1 POST /admin/index/getcheckmsg
[ log ] www.chitu12.com/admin/index/getcheckmsg [运行时间：0.076500s][吞吐率：13.07req/s] [内存消耗：2,132.29kb] [文件加载：52]
[ info ] [ LANG ] D:\WWW\chitu_admin\thinkphp\lang\zh-cn.php
[ info ] [ ROUTE ] array (
  'type' => 'module',
  'module' => 
  array (
    0 => 'admin',
    1 => 'index',
    2 => 'getcheckmsg',
  ),
)
[ info ] [ HEADER ] array (
  'cookie' => 'thinkphp_show_page_trace=0|0; PHPSESSID=jd03nqhtvvulqk681m1moccfm4',
  'accept-language' => 'zh-CN,zh;q=0.9,ja;q=0.8',
  'accept-encoding' => 'gzip, deflate',
  'referer' => 'http://www.chitu12.com/admin/index/index.html',
  'user-agent' => 'Mozilla/5.0 (Windows NT 6.1; WOW64) AppleWebKit/537.36 (KHTML, like Gecko) Chrome/68.0.3440.84 Safari/537.36',
  'x-requested-with' => 'XMLHttpRequest',
  'origin' => 'http://www.chitu12.com',
  'accept' => 'application/json, text/javascript, */*; q=0.01',
  'content-length' => '0',
  'connection' => 'close',
  'host' => 'www.chitu12.com',
)
[ info ] [ PARAM ] array (
  '/admin/index/getcheckmsg' => '',
)
[ info ] [ RUN ] app\admin\controller\Index->getcheckmsg[ D:\WWW\chitu_admin\application\admin\controller\Index.php ]
[ info ] [ DB ] INIT mysql
[ info ] [ LOG ] INIT File
[ sql ] [ DB ] CONNECT:[ UseTime:0.000500s ] mysql:dbname=test;host=127.0.0.1;charset=utf8
[ sql ] [ SQL ] SHOW COLUMNS FROM `ct_city_order` [ RunTime:0.005500s ]
[ sql ] [ SQL ] SELECT COUNT(*) AS tp_count FROM `ct_city_order` WHERE  ( `addtime` > '1559664709' AND `addtime` < '1559923909' )  AND `paystate` IN (2,4)  AND `state` = 1 LIMIT 1 [ RunTime:0.001000s ]
[ sql ] [ SQL ] SHOW COLUMNS FROM `ct_userorder` [ RunTime:0.006500s ]
[ sql ] [ SQL ] SELECT COUNT(*) AS tp_count FROM `ct_userorder` WHERE  ( `addtime` > '1559664709' AND `addtime` < '1559923909' )  AND `paystate` IN (2,4,5)  AND `orderstate` = 1 LIMIT 1 [ RunTime:0.001000s ]
[ sql ] [ SQL ] SHOW COLUMNS FROM `ct_shift_order` [ RunTime:0.008500s ]
[ sql ] [ SQL ] SELECT COUNT(*) AS tp_count FROM `ct_shift_order` WHERE  ( `addtime` > '1559664709' AND `addtime` < '1559923909' )  AND `paystate` = 2  AND `orderstate` = 1 LIMIT 1 [ RunTime:0.000000s ]
[ sql ] [ SQL ] SHOW COLUMNS FROM `ct_carcategory` [ RunTime:0.008000s ]
[ sql ] [ SQL ] SELECT COUNT(*) AS tp_count FROM `ct_carcategory` WHERE  ( `addtime` > '1559664709' AND `addtime` < '1559923909' )  AND `status` = '1' LIMIT 1 [ RunTime:0.000500s ]
[ sql ] [ SQL ] SHOW COLUMNS FROM `ct_driver` [ RunTime:0.008500s ]
[ sql ] [ SQL ] SELECT COUNT(*) AS tp_count FROM `ct_driver` WHERE  ( `addtime` > '1559664709' AND `addtime` < '1559923909' )  AND `delstate` = 1  AND `carstatus` = 1 LIMIT 1 [ RunTime:0.000000s ]
[ sql ] [ SQL ] SHOW COLUMNS FROM `ct_order` [ RunTime:0.007500s ]
[ sql ] [ SQL ] SELECT COUNT(*) AS tp_count FROM `ct_order` WHERE  ( `addtime` > '1559664709' AND `addtime` < '1559923909' )  AND `orderstate` = 2  AND `paystate` = 2 LIMIT 1 [ RunTime:0.000500s ]

---------------------------------------------------------------
[ 2019-06-08T00:11:59+08:00 ] 127.0.0.1 127.0.0.1 GET /admin/setting/index
[ log ] www.chitu12.com/admin/setting/index [运行时间：0.847500s][吞吐率：1.18req/s] [内存消耗：2,307.55kb] [文件加载：58]
[ info ] [ LANG ] D:\WWW\chitu_admin\thinkphp\lang\zh-cn.php
[ info ] [ ROUTE ] array (
  'type' => 'module',
  'module' => 
  array (
    0 => 'admin',
    1 => 'setting',
    2 => 'index',
  ),
)
[ info ] [ HEADER ] array (
  'cookie' => 'PHPSESSID=jd03nqhtvvulqk681m1moccfm4',
  'accept-language' => 'zh-CN,zh;q=0.9,ja;q=0.8',
  'accept-encoding' => 'gzip, deflate',
  'referer' => 'http://www.chitu12.com/admin/index/index.html',
  'accept' => 'text/html,application/xhtml+xml,application/xml;q=0.9,image/webp,image/apng,*/*;q=0.8',
  'user-agent' => 'Mozilla/5.0 (Windows NT 6.1; WOW64) AppleWebKit/537.36 (KHTML, like Gecko) Chrome/68.0.3440.84 Safari/537.36',
  'upgrade-insecure-requests' => '1',
  'connection' => 'close',
  'host' => 'www.chitu12.com',
)
[ info ] [ PARAM ] array (
  '/admin/setting/index' => '',
)
[ info ] [ SESSION ] INIT array (
  'id' => '',
  'var_session_id' => '',
  'prefix' => 'think',
  'type' => '',
  'auto_start' => true,
)
[ info ] [ DB ] INIT mysql
[ info ] [ RUN ] app\admin\controller\Setting->index[ D:\WWW\chitu_admin\application\admin\controller\Setting.php ]
[ info ] [ VIEW ] D:\WWW\chitu_admin\public/../application/admin\view\setting\index.html [ array (
  0 => 'setting',
) ]
[ info ] [ LOG ] INIT File
[ sql ] [ DB ] CONNECT:[ UseTime:0.010500s ] mysql:dbname=test;host=127.0.0.1;charset=utf8
[ sql ] [ SQL ] SHOW COLUMNS FROM `ct_auth_group_access` [ RunTime:0.008500s ]
[ sql ] [ SQL ] SELECT `uid`,`group_id`,`title`,`rules` FROM `ct_auth_group_access` `a` INNER JOIN `ct_auth_group` `g` ON `g`.`id`=`a`.`group_id` WHERE  `a`.`uid` = 1  AND `g`.`status` = 1  AND `a`.`ustype` = 1 [ RunTime:0.000500s ]
[ sql ] [ SQL ] SHOW COLUMNS FROM `ct_auth_rule` [ RunTime:0.009000s ]
[ sql ] [ SQL ] SELECT `condition`,`name` FROM `ct_auth_rule` WHERE  `id` IN (0)  AND `type` = 1  AND `ertype` = 1  AND `status` = 1 [ RunTime:0.000500s ]
[ sql ] [ SQL ] SHOW COLUMNS FROM `ct_config` [ RunTime:0.009000s ]
[ sql ] [ SQL ] SELECT * FROM `ct_config` WHERE  `id` = 5 LIMIT 1 [ RunTime:0.000500s ]
[ sql ] [ SQL ] SELECT * FROM `ct_config` WHERE  `id` = 6 LIMIT 1 [ RunTime:0.000000s ]
[ sql ] [ SQL ] SELECT * FROM `ct_config` WHERE  `id` = 7 LIMIT 1 [ RunTime:0.000500s ]
[ sql ] [ SQL ] SELECT * FROM `ct_config` WHERE  `id` = 16 LIMIT 1 [ RunTime:0.000500s ]
[ sql ] [ SQL ] SELECT * FROM `ct_config` WHERE  `id` = 9 LIMIT 1 [ RunTime:0.000500s ]
[ sql ] [ SQL ] SELECT * FROM `ct_config` WHERE  `id` = 10 LIMIT 1 [ RunTime:0.000000s ]
[ sql ] [ SQL ] SELECT * FROM `ct_config` WHERE  `id` = 11 LIMIT 1 [ RunTime:0.000000s ]
[ sql ] [ SQL ] SELECT * FROM `ct_config` WHERE  `id` = 17 LIMIT 1 [ RunTime:0.000000s ]
[ sql ] [ SQL ] SELECT * FROM `ct_config` WHERE  `id` = 12 LIMIT 1 [ RunTime:0.000000s ]
[ sql ] [ SQL ] SELECT * FROM `ct_config` WHERE  `id` = 1 LIMIT 1 [ RunTime:0.000500s ]
[ sql ] [ SQL ] SELECT * FROM `ct_config` WHERE  `id` = 13 LIMIT 1 [ RunTime:0.000500s ]
[ sql ] [ SQL ] SELECT * FROM `ct_config` WHERE  `id` = 14 LIMIT 1 [ RunTime:0.000500s ]
[ sql ] [ SQL ] SELECT * FROM `ct_config` WHERE  `id` = 15 LIMIT 1 [ RunTime:0.000000s ]

---------------------------------------------------------------
[ 2019-06-08T00:12:30+08:00 ] 127.0.0.1 127.0.0.1 GET /admin/logmessage/indexpay
[ log ] www.chitu12.com/admin/logmessage/indexpay [运行时间：0.164500s][吞吐率：6.08req/s] [内存消耗：2,431.80kb] [文件加载：63]
[ info ] [ LANG ] D:\WWW\chitu_admin\thinkphp\lang\zh-cn.php
[ info ] [ ROUTE ] array (
  'type' => 'module',
  'module' => 
  array (
    0 => 'admin',
    1 => 'logmessage',
    2 => 'indexpay',
  ),
)
[ info ] [ HEADER ] array (
  'cookie' => 'PHPSESSID=jd03nqhtvvulqk681m1moccfm4',
  'accept-language' => 'zh-CN,zh;q=0.9,ja;q=0.8',
  'accept-encoding' => 'gzip, deflate',
  'referer' => 'http://www.chitu12.com/admin/index/index.html',
  'accept' => 'text/html,application/xhtml+xml,application/xml;q=0.9,image/webp,image/apng,*/*;q=0.8',
  'user-agent' => 'Mozilla/5.0 (Windows NT 6.1; WOW64) AppleWebKit/537.36 (KHTML, like Gecko) Chrome/68.0.3440.84 Safari/537.36',
  'upgrade-insecure-requests' => '1',
  'connection' => 'close',
  'host' => 'www.chitu12.com',
)
[ info ] [ PARAM ] array (
  '/admin/logmessage/indexpay' => '',
)
[ info ] [ SESSION ] INIT array (
  'id' => '',
  'var_session_id' => '',
  'prefix' => 'think',
  'type' => '',
  'auto_start' => true,
)
[ info ] [ DB ] INIT mysql
[ info ] [ RUN ] app\admin\controller\Logmessage->indexpay[ D:\WWW\chitu_admin\application\admin\controller\Logmessage.php ]
[ info ] [ VIEW ] D:\WWW\chitu_admin\public/../application/admin\view\logmessage\indexpay.html [ array (
  0 => 'list',
  1 => 'page',
) ]
[ info ] [ LOG ] INIT File
[ sql ] [ DB ] CONNECT:[ UseTime:0.000500s ] mysql:dbname=test;host=127.0.0.1;charset=utf8
[ sql ] [ SQL ] SHOW COLUMNS FROM `ct_auth_group_access` [ RunTime:0.005000s ]
[ sql ] [ SQL ] SELECT `uid`,`group_id`,`title`,`rules` FROM `ct_auth_group_access` `a` INNER JOIN `ct_auth_group` `g` ON `g`.`id`=`a`.`group_id` WHERE  `a`.`uid` = 1  AND `g`.`status` = 1  AND `a`.`ustype` = 1 [ RunTime:0.000500s ]
[ sql ] [ SQL ] SHOW COLUMNS FROM `ct_auth_rule` [ RunTime:0.005500s ]
[ sql ] [ SQL ] SELECT `condition`,`name` FROM `ct_auth_rule` WHERE  `id` IN (0)  AND `type` = 1  AND `ertype` = 1  AND `status` = 1 [ RunTime:0.000000s ]
[ sql ] [ SQL ] SHOW COLUMNS FROM `ct_paymessage` [ RunTime:0.006500s ]
[ sql ] [ SQL ] SELECT COUNT(*) AS tp_count FROM `ct_paymessage` LIMIT 1 [ RunTime:0.000500s ]
[ sql ] [ SQL ] SELECT * FROM `ct_paymessage` ORDER BY `pid`  desc LIMIT 0,10 [ RunTime:0.000500s ]
[ sql ] [ SQL ] SHOW COLUMNS FROM `ct_user` [ RunTime:0.005500s ]
[ sql ] [ SQL ] SELECT * FROM `ct_user` WHERE  `uid` IS NULL LIMIT 1 [ RunTime:0.000500s ]

---------------------------------------------------------------
[ 2019-06-08T00:12:49+08:00 ] 127.0.0.1 127.0.0.1 POST /admin/index/getcheckmsg
[ log ] www.chitu12.com/admin/index/getcheckmsg [运行时间：0.102500s][吞吐率：9.76req/s] [内存消耗：2,132.29kb] [文件加载：52]
[ info ] [ LANG ] D:\WWW\chitu_admin\thinkphp\lang\zh-cn.php
[ info ] [ ROUTE ] array (
  'type' => 'module',
  'module' => 
  array (
    0 => 'admin',
    1 => 'index',
    2 => 'getcheckmsg',
  ),
)
[ info ] [ HEADER ] array (
  'cookie' => 'thinkphp_show_page_trace=0|0; PHPSESSID=jd03nqhtvvulqk681m1moccfm4',
  'accept-language' => 'zh-CN,zh;q=0.9,ja;q=0.8',
  'accept-encoding' => 'gzip, deflate',
  'referer' => 'http://www.chitu12.com/admin/index/index.html',
  'user-agent' => 'Mozilla/5.0 (Windows NT 6.1; WOW64) AppleWebKit/537.36 (KHTML, like Gecko) Chrome/68.0.3440.84 Safari/537.36',
  'x-requested-with' => 'XMLHttpRequest',
  'origin' => 'http://www.chitu12.com',
  'accept' => 'application/json, text/javascript, */*; q=0.01',
  'content-length' => '0',
  'connection' => 'close',
  'host' => 'www.chitu12.com',
)
[ info ] [ PARAM ] array (
  '/admin/index/getcheckmsg' => '',
)
[ info ] [ RUN ] app\admin\controller\Index->getcheckmsg[ D:\WWW\chitu_admin\application\admin\controller\Index.php ]
[ info ] [ DB ] INIT mysql
[ info ] [ LOG ] INIT File
[ sql ] [ DB ] CONNECT:[ UseTime:0.001000s ] mysql:dbname=test;host=127.0.0.1;charset=utf8
[ sql ] [ SQL ] SHOW COLUMNS FROM `ct_city_order` [ RunTime:0.010000s ]
[ sql ] [ SQL ] SELECT COUNT(*) AS tp_count FROM `ct_city_order` WHERE  ( `addtime` > '1559664769' AND `addtime` < '1559923969' )  AND `paystate` IN (2,4)  AND `state` = 1 LIMIT 1 [ RunTime:0.001000s ]
[ sql ] [ SQL ] SHOW COLUMNS FROM `ct_userorder` [ RunTime:0.010500s ]
[ sql ] [ SQL ] SELECT COUNT(*) AS tp_count FROM `ct_userorder` WHERE  ( `addtime` > '1559664769' AND `addtime` < '1559923969' )  AND `paystate` IN (2,4,5)  AND `orderstate` = 1 LIMIT 1 [ RunTime:0.001000s ]
[ sql ] [ SQL ] SHOW COLUMNS FROM `ct_shift_order` [ RunTime:0.010000s ]
[ sql ] [ SQL ] SELECT COUNT(*) AS tp_count FROM `ct_shift_order` WHERE  ( `addtime` > '1559664769' AND `addtime` < '1559923969' )  AND `paystate` = 2  AND `orderstate` = 1 LIMIT 1 [ RunTime:0.000500s ]
[ sql ] [ SQL ] SHOW COLUMNS FROM `ct_carcategory` [ RunTime:0.009500s ]
[ sql ] [ SQL ] SELECT COUNT(*) AS tp_count FROM `ct_carcategory` WHERE  ( `addtime` > '1559664769' AND `addtime` < '1559923969' )  AND `status` = '1' LIMIT 1 [ RunTime:0.000500s ]
[ sql ] [ SQL ] SHOW COLUMNS FROM `ct_driver` [ RunTime:0.009000s ]
[ sql ] [ SQL ] SELECT COUNT(*) AS tp_count FROM `ct_driver` WHERE  ( `addtime` > '1559664769' AND `addtime` < '1559923969' )  AND `delstate` = 1  AND `carstatus` = 1 LIMIT 1 [ RunTime:0.000500s ]
[ sql ] [ SQL ] SHOW COLUMNS FROM `ct_order` [ RunTime:0.006000s ]
[ sql ] [ SQL ] SELECT COUNT(*) AS tp_count FROM `ct_order` WHERE  ( `addtime` > '1559664769' AND `addtime` < '1559923969' )  AND `orderstate` = 2  AND `paystate` = 2 LIMIT 1 [ RunTime:0.000500s ]

---------------------------------------------------------------
[ 2019-06-08T00:12:55+08:00 ] 127.0.0.1 127.0.0.1 GET /admin/driver/index
[ log ] www.chitu12.com/admin/driver/index [运行时间：0.160000s][吞吐率：6.25req/s] [内存消耗：2,560.61kb] [文件加载：63]
[ info ] [ LANG ] D:\WWW\chitu_admin\thinkphp\lang\zh-cn.php
[ info ] [ ROUTE ] array (
  'type' => 'module',
  'module' => 
  array (
    0 => 'admin',
    1 => 'driver',
    2 => 'index',
  ),
)
[ info ] [ HEADER ] array (
  'cookie' => 'PHPSESSID=jd03nqhtvvulqk681m1moccfm4',
  'accept-language' => 'zh-CN,zh;q=0.9,ja;q=0.8',
  'accept-encoding' => 'gzip, deflate',
  'referer' => 'http://www.chitu12.com/admin/index/index.html',
  'accept' => 'text/html,application/xhtml+xml,application/xml;q=0.9,image/webp,image/apng,*/*;q=0.8',
  'user-agent' => 'Mozilla/5.0 (Windows NT 6.1; WOW64) AppleWebKit/537.36 (KHTML, like Gecko) Chrome/68.0.3440.84 Safari/537.36',
  'upgrade-insecure-requests' => '1',
  'connection' => 'close',
  'host' => 'www.chitu12.com',
)
[ info ] [ PARAM ] array (
  '/admin/driver/index' => '',
)
[ info ] [ SESSION ] INIT array (
  'id' => '',
  'var_session_id' => '',
  'prefix' => 'think',
  'type' => '',
  'auto_start' => true,
)
[ info ] [ DB ] INIT mysql
[ info ] [ RUN ] app\admin\controller\Driver->index[ D:\WWW\chitu_admin\application\admin\controller\Driver.php ]
[ info ] [ VIEW ] D:\WWW\chitu_admin\public/../application/admin\view\driver\index.html [ array (
  0 => 'list',
  1 => 'page',
) ]
[ info ] [ LOG ] INIT File
[ sql ] [ DB ] CONNECT:[ UseTime:0.000500s ] mysql:dbname=test;host=127.0.0.1;charset=utf8
[ sql ] [ SQL ] SHOW COLUMNS FROM `ct_auth_group_access` [ RunTime:0.006500s ]
[ sql ] [ SQL ] SELECT `uid`,`group_id`,`title`,`rules` FROM `ct_auth_group_access` `a` INNER JOIN `ct_auth_group` `g` ON `g`.`id`=`a`.`group_id` WHERE  `a`.`uid` = 1  AND `g`.`status` = 1  AND `a`.`ustype` = 1 [ RunTime:0.000500s ]
[ sql ] [ SQL ] SHOW COLUMNS FROM `ct_auth_rule` [ RunTime:0.007500s ]
[ sql ] [ SQL ] SELECT `condition`,`name` FROM `ct_auth_rule` WHERE  `id` IN (0)  AND `type` = 1  AND `ertype` = 1  AND `status` = 1 [ RunTime:0.000000s ]
[ sql ] [ SQL ] SHOW COLUMNS FROM `ct_driver` [ RunTime:0.006500s ]
[ sql ] [ SQL ] SELECT COUNT(*) AS tp_count FROM `ct_driver` `a` LEFT JOIN `ct_company` `b` ON `b`.`cid`=`a`.`companyid` WHERE  `delstate` = 1 LIMIT 1 [ RunTime:0.026500s ]
[ sql ] [ SQL ] SELECT `a`.*,`b`.`name` FROM `ct_driver` `a` LEFT JOIN `ct_company` `b` ON `b`.`cid`=`a`.`companyid` WHERE  `delstate` = 1 ORDER BY `a`.`drivid`  desc LIMIT 0,10 [ RunTime:0.000500s ]

---------------------------------------------------------------
[ 2019-06-08T00:13:13+08:00 ] 127.0.0.1 127.0.0.1 GET /admin/staff/index
[ log ] www.chitu12.com/admin/staff/index [运行时间：0.111500s][吞吐率：8.97req/s] [内存消耗：2,408.84kb] [文件加载：63]
[ info ] [ LANG ] D:\WWW\chitu_admin\thinkphp\lang\zh-cn.php
[ info ] [ ROUTE ] array (
  'type' => 'module',
  'module' => 
  array (
    0 => 'admin',
    1 => 'staff',
    2 => 'index',
  ),
)
[ info ] [ HEADER ] array (
  'cookie' => 'PHPSESSID=jd03nqhtvvulqk681m1moccfm4',
  'accept-language' => 'zh-CN,zh;q=0.9,ja;q=0.8',
  'accept-encoding' => 'gzip, deflate',
  'referer' => 'http://www.chitu12.com/admin/index/index.html',
  'accept' => 'text/html,application/xhtml+xml,application/xml;q=0.9,image/webp,image/apng,*/*;q=0.8',
  'user-agent' => 'Mozilla/5.0 (Windows NT 6.1; WOW64) AppleWebKit/537.36 (KHTML, like Gecko) Chrome/68.0.3440.84 Safari/537.36',
  'upgrade-insecure-requests' => '1',
  'connection' => 'close',
  'host' => 'www.chitu12.com',
)
[ info ] [ PARAM ] array (
  '/admin/staff/index' => '',
)
[ info ] [ SESSION ] INIT array (
  'id' => '',
  'var_session_id' => '',
  'prefix' => 'think',
  'type' => '',
  'auto_start' => true,
)
[ info ] [ DB ] INIT mysql
[ info ] [ RUN ] app\admin\controller\Staff->index[ D:\WWW\chitu_admin\application\admin\controller\Staff.php ]
[ info ] [ VIEW ] D:\WWW\chitu_admin\public/../application/admin\view\staff\list.html [ array (
  0 => 'page',
  1 => 'list',
) ]
[ info ] [ LOG ] INIT File
[ sql ] [ DB ] CONNECT:[ UseTime:0.010000s ] mysql:dbname=test;host=127.0.0.1;charset=utf8
[ sql ] [ SQL ] SHOW COLUMNS FROM `ct_auth_group_access` [ RunTime:0.007000s ]
[ sql ] [ SQL ] SELECT `uid`,`group_id`,`title`,`rules` FROM `ct_auth_group_access` `a` INNER JOIN `ct_auth_group` `g` ON `g`.`id`=`a`.`group_id` WHERE  `a`.`uid` = 1  AND `g`.`status` = 1  AND `a`.`ustype` = 1 [ RunTime:0.000500s ]
[ sql ] [ SQL ] SHOW COLUMNS FROM `ct_auth_rule` [ RunTime:0.007500s ]
[ sql ] [ SQL ] SELECT `condition`,`name` FROM `ct_auth_rule` WHERE  `id` IN (0)  AND `type` = 1  AND `ertype` = 1  AND `status` = 1 [ RunTime:0.000000s ]
[ sql ] [ SQL ] SHOW COLUMNS FROM `ct_admin` [ RunTime:0.007500s ]
[ sql ] [ SQL ] SELECT COUNT(*) AS tp_count FROM `ct_admin` WHERE  `pstate` = 1 LIMIT 1 [ RunTime:0.000500s ]
[ sql ] [ SQL ] SELECT * FROM `ct_admin` WHERE  `pstate` = 1 ORDER BY `aid`  asc LIMIT 0,10 [ RunTime:0.000500s ]

---------------------------------------------------------------
[ 2019-06-08T00:13:49+08:00 ] 127.0.0.1 127.0.0.1 POST /admin/index/getcheckmsg
[ log ] www.chitu12.com/admin/index/getcheckmsg [运行时间：0.095000s][吞吐率：10.53req/s] [内存消耗：2,132.29kb] [文件加载：52]
[ info ] [ LANG ] D:\WWW\chitu_admin\thinkphp\lang\zh-cn.php
[ info ] [ ROUTE ] array (
  'type' => 'module',
  'module' => 
  array (
    0 => 'admin',
    1 => 'index',
    2 => 'getcheckmsg',
  ),
)
[ info ] [ HEADER ] array (
  'cookie' => 'thinkphp_show_page_trace=0|0; PHPSESSID=jd03nqhtvvulqk681m1moccfm4',
  'accept-language' => 'zh-CN,zh;q=0.9,ja;q=0.8',
  'accept-encoding' => 'gzip, deflate',
  'referer' => 'http://www.chitu12.com/admin/index/index.html',
  'user-agent' => 'Mozilla/5.0 (Windows NT 6.1; WOW64) AppleWebKit/537.36 (KHTML, like Gecko) Chrome/68.0.3440.84 Safari/537.36',
  'x-requested-with' => 'XMLHttpRequest',
  'origin' => 'http://www.chitu12.com',
  'accept' => 'application/json, text/javascript, */*; q=0.01',
  'content-length' => '0',
  'connection' => 'close',
  'host' => 'www.chitu12.com',
)
[ info ] [ PARAM ] array (
  '/admin/index/getcheckmsg' => '',
)
[ info ] [ RUN ] app\admin\controller\Index->getcheckmsg[ D:\WWW\chitu_admin\application\admin\controller\Index.php ]
[ info ] [ DB ] INIT mysql
[ info ] [ LOG ] INIT File
[ sql ] [ DB ] CONNECT:[ UseTime:0.010500s ] mysql:dbname=test;host=127.0.0.1;charset=utf8
[ sql ] [ SQL ] SHOW COLUMNS FROM `ct_city_order` [ RunTime:0.007500s ]
[ sql ] [ SQL ] SELECT COUNT(*) AS tp_count FROM `ct_city_order` WHERE  ( `addtime` > '1559664829' AND `addtime` < '1559924029' )  AND `paystate` IN (2,4)  AND `state` = 1 LIMIT 1 [ RunTime:0.001000s ]
[ sql ] [ SQL ] SHOW COLUMNS FROM `ct_userorder` [ RunTime:0.007000s ]
[ sql ] [ SQL ] SELECT COUNT(*) AS tp_count FROM `ct_userorder` WHERE  ( `addtime` > '1559664829' AND `addtime` < '1559924029' )  AND `paystate` IN (2,4,5)  AND `orderstate` = 1 LIMIT 1 [ RunTime:0.000500s ]
[ sql ] [ SQL ] SHOW COLUMNS FROM `ct_shift_order` [ RunTime:0.006000s ]
[ sql ] [ SQL ] SELECT COUNT(*) AS tp_count FROM `ct_shift_order` WHERE  ( `addtime` > '1559664829' AND `addtime` < '1559924029' )  AND `paystate` = 2  AND `orderstate` = 1 LIMIT 1 [ RunTime:0.000000s ]
[ sql ] [ SQL ] SHOW COLUMNS FROM `ct_carcategory` [ RunTime:0.005500s ]
[ sql ] [ SQL ] SELECT COUNT(*) AS tp_count FROM `ct_carcategory` WHERE  ( `addtime` > '1559664829' AND `addtime` < '1559924029' )  AND `status` = '1' LIMIT 1 [ RunTime:0.000000s ]
[ sql ] [ SQL ] SHOW COLUMNS FROM `ct_driver` [ RunTime:0.005500s ]
[ sql ] [ SQL ] SELECT COUNT(*) AS tp_count FROM `ct_driver` WHERE  ( `addtime` > '1559664829' AND `addtime` < '1559924029' )  AND `delstate` = 1  AND `carstatus` = 1 LIMIT 1 [ RunTime:0.000500s ]
[ sql ] [ SQL ] SHOW COLUMNS FROM `ct_order` [ RunTime:0.007000s ]
[ sql ] [ SQL ] SELECT COUNT(*) AS tp_count FROM `ct_order` WHERE  ( `addtime` > '1559664829' AND `addtime` < '1559924029' )  AND `orderstate` = 2  AND `paystate` = 2 LIMIT 1 [ RunTime:0.000500s ]

---------------------------------------------------------------
[ 2019-06-08T00:14:49+08:00 ] 127.0.0.1 127.0.0.1 POST /admin/index/getcheckmsg
[ log ] www.chitu12.com/admin/index/getcheckmsg [运行时间：0.079500s][吞吐率：12.58req/s] [内存消耗：2,132.29kb] [文件加载：52]
[ info ] [ LANG ] D:\WWW\chitu_admin\thinkphp\lang\zh-cn.php
[ info ] [ ROUTE ] array (
  'type' => 'module',
  'module' => 
  array (
    0 => 'admin',
    1 => 'index',
    2 => 'getcheckmsg',
  ),
)
[ info ] [ HEADER ] array (
  'cookie' => 'thinkphp_show_page_trace=0|0; PHPSESSID=jd03nqhtvvulqk681m1moccfm4',
  'accept-language' => 'zh-CN,zh;q=0.9,ja;q=0.8',
  'accept-encoding' => 'gzip, deflate',
  'referer' => 'http://www.chitu12.com/admin/index/index.html',
  'user-agent' => 'Mozilla/5.0 (Windows NT 6.1; WOW64) AppleWebKit/537.36 (KHTML, like Gecko) Chrome/68.0.3440.84 Safari/537.36',
  'x-requested-with' => 'XMLHttpRequest',
  'origin' => 'http://www.chitu12.com',
  'accept' => 'application/json, text/javascript, */*; q=0.01',
  'content-length' => '0',
  'connection' => 'close',
  'host' => 'www.chitu12.com',
)
[ info ] [ PARAM ] array (
  '/admin/index/getcheckmsg' => '',
)
[ info ] [ RUN ] app\admin\controller\Index->getcheckmsg[ D:\WWW\chitu_admin\application\admin\controller\Index.php ]
[ info ] [ DB ] INIT mysql
[ info ] [ LOG ] INIT File
[ sql ] [ DB ] CONNECT:[ UseTime:0.010500s ] mysql:dbname=test;host=127.0.0.1;charset=utf8
[ sql ] [ SQL ] SHOW COLUMNS FROM `ct_city_order` [ RunTime:0.006000s ]
[ sql ] [ SQL ] SELECT COUNT(*) AS tp_count FROM `ct_city_order` WHERE  ( `addtime` > '1559664889' AND `addtime` < '1559924089' )  AND `paystate` IN (2,4)  AND `state` = 1 LIMIT 1 [ RunTime:0.001000s ]
[ sql ] [ SQL ] SHOW COLUMNS FROM `ct_userorder` [ RunTime:0.006500s ]
[ sql ] [ SQL ] SELECT COUNT(*) AS tp_count FROM `ct_userorder` WHERE  ( `addtime` > '1559664889' AND `addtime` < '1559924089' )  AND `paystate` IN (2,4,5)  AND `orderstate` = 1 LIMIT 1 [ RunTime:0.001000s ]
[ sql ] [ SQL ] SHOW COLUMNS FROM `ct_shift_order` [ RunTime:0.006000s ]
[ sql ] [ SQL ] SELECT COUNT(*) AS tp_count FROM `ct_shift_order` WHERE  ( `addtime` > '1559664889' AND `addtime` < '1559924089' )  AND `paystate` = 2  AND `orderstate` = 1 LIMIT 1 [ RunTime:0.000000s ]
[ sql ] [ SQL ] SHOW COLUMNS FROM `ct_carcategory` [ RunTime:0.006000s ]
[ sql ] [ SQL ] SELECT COUNT(*) AS tp_count FROM `ct_carcategory` WHERE  ( `addtime` > '1559664889' AND `addtime` < '1559924089' )  AND `status` = '1' LIMIT 1 [ RunTime:0.000500s ]
[ sql ] [ SQL ] SHOW COLUMNS FROM `ct_driver` [ RunTime:0.006500s ]
[ sql ] [ SQL ] SELECT COUNT(*) AS tp_count FROM `ct_driver` WHERE  ( `addtime` > '1559664889' AND `addtime` < '1559924089' )  AND `delstate` = 1  AND `carstatus` = 1 LIMIT 1 [ RunTime:0.000500s ]
[ sql ] [ SQL ] SHOW COLUMNS FROM `ct_order` [ RunTime:0.006500s ]
[ sql ] [ SQL ] SELECT COUNT(*) AS tp_count FROM `ct_order` WHERE  ( `addtime` > '1559664889' AND `addtime` < '1559924089' )  AND `orderstate` = 2  AND `paystate` = 2 LIMIT 1 [ RunTime:0.000500s ]

---------------------------------------------------------------
[ 2019-06-08T00:15:49+08:00 ] 127.0.0.1 127.0.0.1 POST /admin/index/getcheckmsg
[ log ] www.chitu12.com/admin/index/getcheckmsg [运行时间：0.079000s][吞吐率：12.66req/s] [内存消耗：2,132.29kb] [文件加载：52]
[ info ] [ LANG ] D:\WWW\chitu_admin\thinkphp\lang\zh-cn.php
[ info ] [ ROUTE ] array (
  'type' => 'module',
  'module' => 
  array (
    0 => 'admin',
    1 => 'index',
    2 => 'getcheckmsg',
  ),
)
[ info ] [ HEADER ] array (
  'cookie' => 'thinkphp_show_page_trace=0|0; PHPSESSID=jd03nqhtvvulqk681m1moccfm4',
  'accept-language' => 'zh-CN,zh;q=0.9,ja;q=0.8',
  'accept-encoding' => 'gzip, deflate',
  'referer' => 'http://www.chitu12.com/admin/index/index.html',
  'user-agent' => 'Mozilla/5.0 (Windows NT 6.1; WOW64) AppleWebKit/537.36 (KHTML, like Gecko) Chrome/68.0.3440.84 Safari/537.36',
  'x-requested-with' => 'XMLHttpRequest',
  'origin' => 'http://www.chitu12.com',
  'accept' => 'application/json, text/javascript, */*; q=0.01',
  'content-length' => '0',
  'connection' => 'close',
  'host' => 'www.chitu12.com',
)
[ info ] [ PARAM ] array (
  '/admin/index/getcheckmsg' => '',
)
[ info ] [ RUN ] app\admin\controller\Index->getcheckmsg[ D:\WWW\chitu_admin\application\admin\controller\Index.php ]
[ info ] [ DB ] INIT mysql
[ info ] [ LOG ] INIT File
[ sql ] [ DB ] CONNECT:[ UseTime:0.010500s ] mysql:dbname=test;host=127.0.0.1;charset=utf8
[ sql ] [ SQL ] SHOW COLUMNS FROM `ct_city_order` [ RunTime:0.007500s ]
[ sql ] [ SQL ] SELECT COUNT(*) AS tp_count FROM `ct_city_order` WHERE  ( `addtime` > '1559664949' AND `addtime` < '1559924149' )  AND `paystate` IN (2,4)  AND `state` = 1 LIMIT 1 [ RunTime:0.001000s ]
[ sql ] [ SQL ] SHOW COLUMNS FROM `ct_userorder` [ RunTime:0.007000s ]
[ sql ] [ SQL ] SELECT COUNT(*) AS tp_count FROM `ct_userorder` WHERE  ( `addtime` > '1559664949' AND `addtime` < '1559924149' )  AND `paystate` IN (2,4,5)  AND `orderstate` = 1 LIMIT 1 [ RunTime:0.000500s ]
[ sql ] [ SQL ] SHOW COLUMNS FROM `ct_shift_order` [ RunTime:0.005500s ]
[ sql ] [ SQL ] SELECT COUNT(*) AS tp_count FROM `ct_shift_order` WHERE  ( `addtime` > '1559664949' AND `addtime` < '1559924149' )  AND `paystate` = 2  AND `orderstate` = 1 LIMIT 1 [ RunTime:0.000000s ]
[ sql ] [ SQL ] SHOW COLUMNS FROM `ct_carcategory` [ RunTime:0.006000s ]
[ sql ] [ SQL ] SELECT COUNT(*) AS tp_count FROM `ct_carcategory` WHERE  ( `addtime` > '1559664949' AND `addtime` < '1559924149' )  AND `status` = '1' LIMIT 1 [ RunTime:0.000000s ]
[ sql ] [ SQL ] SHOW COLUMNS FROM `ct_driver` [ RunTime:0.005500s ]
[ sql ] [ SQL ] SELECT COUNT(*) AS tp_count FROM `ct_driver` WHERE  ( `addtime` > '1559664949' AND `addtime` < '1559924149' )  AND `delstate` = 1  AND `carstatus` = 1 LIMIT 1 [ RunTime:0.000500s ]
[ sql ] [ SQL ] SHOW COLUMNS FROM `ct_order` [ RunTime:0.006500s ]
[ sql ] [ SQL ] SELECT COUNT(*) AS tp_count FROM `ct_order` WHERE  ( `addtime` > '1559664949' AND `addtime` < '1559924149' )  AND `orderstate` = 2  AND `paystate` = 2 LIMIT 1 [ RunTime:0.000500s ]

---------------------------------------------------------------
[ 2019-06-08T00:16:49+08:00 ] 127.0.0.1 127.0.0.1 POST /admin/index/getcheckmsg
[ log ] www.chitu12.com/admin/index/getcheckmsg [运行时间：0.095000s][吞吐率：10.53req/s] [内存消耗：2,132.29kb] [文件加载：52]
[ info ] [ LANG ] D:\WWW\chitu_admin\thinkphp\lang\zh-cn.php
[ info ] [ ROUTE ] array (
  'type' => 'module',
  'module' => 
  array (
    0 => 'admin',
    1 => 'index',
    2 => 'getcheckmsg',
  ),
)
[ info ] [ HEADER ] array (
  'cookie' => 'thinkphp_show_page_trace=0|0; PHPSESSID=jd03nqhtvvulqk681m1moccfm4',
  'accept-language' => 'zh-CN,zh;q=0.9,ja;q=0.8',
  'accept-encoding' => 'gzip, deflate',
  'referer' => 'http://www.chitu12.com/admin/index/index.html',
  'user-agent' => 'Mozilla/5.0 (Windows NT 6.1; WOW64) AppleWebKit/537.36 (KHTML, like Gecko) Chrome/68.0.3440.84 Safari/537.36',
  'x-requested-with' => 'XMLHttpRequest',
  'origin' => 'http://www.chitu12.com',
  'accept' => 'application/json, text/javascript, */*; q=0.01',
  'content-length' => '0',
  'connection' => 'close',
  'host' => 'www.chitu12.com',
)
[ info ] [ PARAM ] array (
  '/admin/index/getcheckmsg' => '',
)
[ info ] [ RUN ] app\admin\controller\Index->getcheckmsg[ D:\WWW\chitu_admin\application\admin\controller\Index.php ]
[ info ] [ DB ] INIT mysql
[ info ] [ LOG ] INIT File
[ sql ] [ DB ] CONNECT:[ UseTime:0.010000s ] mysql:dbname=test;host=127.0.0.1;charset=utf8
[ sql ] [ SQL ] SHOW COLUMNS FROM `ct_city_order` [ RunTime:0.007500s ]
[ sql ] [ SQL ] SELECT COUNT(*) AS tp_count FROM `ct_city_order` WHERE  ( `addtime` > '1559665009' AND `addtime` < '1559924209' )  AND `paystate` IN (2,4)  AND `state` = 1 LIMIT 1 [ RunTime:0.000500s ]
[ sql ] [ SQL ] SHOW COLUMNS FROM `ct_userorder` [ RunTime:0.006500s ]
[ sql ] [ SQL ] SELECT COUNT(*) AS tp_count FROM `ct_userorder` WHERE  ( `addtime` > '1559665009' AND `addtime` < '1559924209' )  AND `paystate` IN (2,4,5)  AND `orderstate` = 1 LIMIT 1 [ RunTime:0.001000s ]
[ sql ] [ SQL ] SHOW COLUMNS FROM `ct_shift_order` [ RunTime:0.007000s ]
[ sql ] [ SQL ] SELECT COUNT(*) AS tp_count FROM `ct_shift_order` WHERE  ( `addtime` > '1559665009' AND `addtime` < '1559924209' )  AND `paystate` = 2  AND `orderstate` = 1 LIMIT 1 [ RunTime:0.000000s ]
[ sql ] [ SQL ] SHOW COLUMNS FROM `ct_carcategory` [ RunTime:0.005500s ]
[ sql ] [ SQL ] SELECT COUNT(*) AS tp_count FROM `ct_carcategory` WHERE  ( `addtime` > '1559665009' AND `addtime` < '1559924209' )  AND `status` = '1' LIMIT 1 [ RunTime:0.000500s ]
[ sql ] [ SQL ] SHOW COLUMNS FROM `ct_driver` [ RunTime:0.006500s ]
[ sql ] [ SQL ] SELECT COUNT(*) AS tp_count FROM `ct_driver` WHERE  ( `addtime` > '1559665009' AND `addtime` < '1559924209' )  AND `delstate` = 1  AND `carstatus` = 1 LIMIT 1 [ RunTime:0.000500s ]
[ sql ] [ SQL ] SHOW COLUMNS FROM `ct_order` [ RunTime:0.006500s ]
[ sql ] [ SQL ] SELECT COUNT(*) AS tp_count FROM `ct_order` WHERE  ( `addtime` > '1559665009' AND `addtime` < '1559924209' )  AND `orderstate` = 2  AND `paystate` = 2 LIMIT 1 [ RunTime:0.000500s ]

---------------------------------------------------------------
[ 2019-06-08T00:17:49+08:00 ] 127.0.0.1 127.0.0.1 POST /admin/index/getcheckmsg
[ log ] www.chitu12.com/admin/index/getcheckmsg [运行时间：0.086000s][吞吐率：11.63req/s] [内存消耗：2,132.29kb] [文件加载：52]
[ info ] [ LANG ] D:\WWW\chitu_admin\thinkphp\lang\zh-cn.php
[ info ] [ ROUTE ] array (
  'type' => 'module',
  'module' => 
  array (
    0 => 'admin',
    1 => 'index',
    2 => 'getcheckmsg',
  ),
)
[ info ] [ HEADER ] array (
  'cookie' => 'thinkphp_show_page_trace=0|0; PHPSESSID=jd03nqhtvvulqk681m1moccfm4',
  'accept-language' => 'zh-CN,zh;q=0.9,ja;q=0.8',
  'accept-encoding' => 'gzip, deflate',
  'referer' => 'http://www.chitu12.com/admin/index/index.html',
  'user-agent' => 'Mozilla/5.0 (Windows NT 6.1; WOW64) AppleWebKit/537.36 (KHTML, like Gecko) Chrome/68.0.3440.84 Safari/537.36',
  'x-requested-with' => 'XMLHttpRequest',
  'origin' => 'http://www.chitu12.com',
  'accept' => 'application/json, text/javascript, */*; q=0.01',
  'content-length' => '0',
  'connection' => 'close',
  'host' => 'www.chitu12.com',
)
[ info ] [ PARAM ] array (
  '/admin/index/getcheckmsg' => '',
)
[ info ] [ RUN ] app\admin\controller\Index->getcheckmsg[ D:\WWW\chitu_admin\application\admin\controller\Index.php ]
[ info ] [ DB ] INIT mysql
[ info ] [ LOG ] INIT File
[ sql ] [ DB ] CONNECT:[ UseTime:0.010000s ] mysql:dbname=test;host=127.0.0.1;charset=utf8
[ sql ] [ SQL ] SHOW COLUMNS FROM `ct_city_order` [ RunTime:0.007000s ]
[ sql ] [ SQL ] SELECT COUNT(*) AS tp_count FROM `ct_city_order` WHERE  ( `addtime` > '1559665069' AND `addtime` < '1559924269' )  AND `paystate` IN (2,4)  AND `state` = 1 LIMIT 1 [ RunTime:0.001000s ]
[ sql ] [ SQL ] SHOW COLUMNS FROM `ct_userorder` [ RunTime:0.007000s ]
[ sql ] [ SQL ] SELECT COUNT(*) AS tp_count FROM `ct_userorder` WHERE  ( `addtime` > '1559665069' AND `addtime` < '1559924269' )  AND `paystate` IN (2,4,5)  AND `orderstate` = 1 LIMIT 1 [ RunTime:0.000500s ]
[ sql ] [ SQL ] SHOW COLUMNS FROM `ct_shift_order` [ RunTime:0.007000s ]
[ sql ] [ SQL ] SELECT COUNT(*) AS tp_count FROM `ct_shift_order` WHERE  ( `addtime` > '1559665069' AND `addtime` < '1559924269' )  AND `paystate` = 2  AND `orderstate` = 1 LIMIT 1 [ RunTime:0.000500s ]
[ sql ] [ SQL ] SHOW COLUMNS FROM `ct_carcategory` [ RunTime:0.006500s ]
[ sql ] [ SQL ] SELECT COUNT(*) AS tp_count FROM `ct_carcategory` WHERE  ( `addtime` > '1559665069' AND `addtime` < '1559924269' )  AND `status` = '1' LIMIT 1 [ RunTime:0.000500s ]
[ sql ] [ SQL ] SHOW COLUMNS FROM `ct_driver` [ RunTime:0.007500s ]
[ sql ] [ SQL ] SELECT COUNT(*) AS tp_count FROM `ct_driver` WHERE  ( `addtime` > '1559665069' AND `addtime` < '1559924269' )  AND `delstate` = 1  AND `carstatus` = 1 LIMIT 1 [ RunTime:0.000500s ]
[ sql ] [ SQL ] SHOW COLUMNS FROM `ct_order` [ RunTime:0.006500s ]
[ sql ] [ SQL ] SELECT COUNT(*) AS tp_count FROM `ct_order` WHERE  ( `addtime` > '1559665069' AND `addtime` < '1559924269' )  AND `orderstate` = 2  AND `paystate` = 2 LIMIT 1 [ RunTime:0.000500s ]

---------------------------------------------------------------
[ 2019-06-08T00:18:49+08:00 ] 127.0.0.1 127.0.0.1 POST /admin/index/getcheckmsg
[ log ] www.chitu12.com/admin/index/getcheckmsg [运行时间：0.077000s][吞吐率：12.99req/s] [内存消耗：2,132.26kb] [文件加载：52]
[ info ] [ LANG ] D:\WWW\chitu_admin\thinkphp\lang\zh-cn.php
[ info ] [ ROUTE ] array (
  'type' => 'module',
  'module' => 
  array (
    0 => 'admin',
    1 => 'index',
    2 => 'getcheckmsg',
  ),
)
[ info ] [ HEADER ] array (
  'cookie' => 'thinkphp_show_page_trace=0|0; PHPSESSID=jd03nqhtvvulqk681m1moccfm4',
  'accept-language' => 'zh-CN,zh;q=0.9,ja;q=0.8',
  'accept-encoding' => 'gzip, deflate',
  'referer' => 'http://www.chitu12.com/admin/index/index.html',
  'user-agent' => 'Mozilla/5.0 (Windows NT 6.1; WOW64) AppleWebKit/537.36 (KHTML, like Gecko) Chrome/68.0.3440.84 Safari/537.36',
  'x-requested-with' => 'XMLHttpRequest',
  'origin' => 'http://www.chitu12.com',
  'accept' => 'application/json, text/javascript, */*; q=0.01',
  'content-length' => '0',
  'connection' => 'close',
  'host' => 'www.chitu12.com',
)
[ info ] [ PARAM ] array (
  '/admin/index/getcheckmsg' => '',
)
[ info ] [ RUN ] app\admin\controller\Index->getcheckmsg[ D:\WWW\chitu_admin\application\admin\controller\Index.php ]
[ info ] [ DB ] INIT mysql
[ info ] [ LOG ] INIT File
[ sql ] [ DB ] CONNECT:[ UseTime:0.007000s ] mysql:dbname=test;host=127.0.0.1;charset=utf8
[ sql ] [ SQL ] SHOW COLUMNS FROM `ct_city_order` [ RunTime:0.006500s ]
[ sql ] [ SQL ] SELECT COUNT(*) AS tp_count FROM `ct_city_order` WHERE  ( `addtime` > '1559665129' AND `addtime` < '1559924329' )  AND `paystate` IN (2,4)  AND `state` = 1 LIMIT 1 [ RunTime:0.000500s ]
[ sql ] [ SQL ] SHOW COLUMNS FROM `ct_userorder` [ RunTime:0.006000s ]
[ sql ] [ SQL ] SELECT COUNT(*) AS tp_count FROM `ct_userorder` WHERE  ( `addtime` > '1559665129' AND `addtime` < '1559924329' )  AND `paystate` IN (2,4,5)  AND `orderstate` = 1 LIMIT 1 [ RunTime:0.000500s ]
[ sql ] [ SQL ] SHOW COLUMNS FROM `ct_shift_order` [ RunTime:0.006000s ]
[ sql ] [ SQL ] SELECT COUNT(*) AS tp_count FROM `ct_shift_order` WHERE  ( `addtime` > '1559665129' AND `addtime` < '1559924329' )  AND `paystate` = 2  AND `orderstate` = 1 LIMIT 1 [ RunTime:0.000500s ]
[ sql ] [ SQL ] SHOW COLUMNS FROM `ct_carcategory` [ RunTime:0.006000s ]
[ sql ] [ SQL ] SELECT COUNT(*) AS tp_count FROM `ct_carcategory` WHERE  ( `addtime` > '1559665129' AND `addtime` < '1559924329' )  AND `status` = '1' LIMIT 1 [ RunTime:0.000000s ]
[ sql ] [ SQL ] SHOW COLUMNS FROM `ct_driver` [ RunTime:0.006000s ]
[ sql ] [ SQL ] SELECT COUNT(*) AS tp_count FROM `ct_driver` WHERE  ( `addtime` > '1559665129' AND `addtime` < '1559924329' )  AND `delstate` = 1  AND `carstatus` = 1 LIMIT 1 [ RunTime:0.000500s ]
[ sql ] [ SQL ] SHOW COLUMNS FROM `ct_order` [ RunTime:0.006000s ]
[ sql ] [ SQL ] SELECT COUNT(*) AS tp_count FROM `ct_order` WHERE  ( `addtime` > '1559665129' AND `addtime` < '1559924329' )  AND `orderstate` = 2  AND `paystate` = 2 LIMIT 1 [ RunTime:0.000500s ]

---------------------------------------------------------------
[ 2019-06-08T00:19:49+08:00 ] 127.0.0.1 127.0.0.1 POST /admin/index/getcheckmsg
[ log ] www.chitu12.com/admin/index/getcheckmsg [运行时间：0.105500s][吞吐率：9.48req/s] [内存消耗：2,132.29kb] [文件加载：52]
[ info ] [ LANG ] D:\WWW\chitu_admin\thinkphp\lang\zh-cn.php
[ info ] [ ROUTE ] array (
  'type' => 'module',
  'module' => 
  array (
    0 => 'admin',
    1 => 'index',
    2 => 'getcheckmsg',
  ),
)
[ info ] [ HEADER ] array (
  'cookie' => 'thinkphp_show_page_trace=0|0; PHPSESSID=jd03nqhtvvulqk681m1moccfm4',
  'accept-language' => 'zh-CN,zh;q=0.9,ja;q=0.8',
  'accept-encoding' => 'gzip, deflate',
  'referer' => 'http://www.chitu12.com/admin/index/index.html',
  'user-agent' => 'Mozilla/5.0 (Windows NT 6.1; WOW64) AppleWebKit/537.36 (KHTML, like Gecko) Chrome/68.0.3440.84 Safari/537.36',
  'x-requested-with' => 'XMLHttpRequest',
  'origin' => 'http://www.chitu12.com',
  'accept' => 'application/json, text/javascript, */*; q=0.01',
  'content-length' => '0',
  'connection' => 'close',
  'host' => 'www.chitu12.com',
)
[ info ] [ PARAM ] array (
  '/admin/index/getcheckmsg' => '',
)
[ info ] [ RUN ] app\admin\controller\Index->getcheckmsg[ D:\WWW\chitu_admin\application\admin\controller\Index.php ]
[ info ] [ DB ] INIT mysql
[ info ] [ LOG ] INIT File
[ sql ] [ DB ] CONNECT:[ UseTime:0.010500s ] mysql:dbname=test;host=127.0.0.1;charset=utf8
[ sql ] [ SQL ] SHOW COLUMNS FROM `ct_city_order` [ RunTime:0.009000s ]
[ sql ] [ SQL ] SELECT COUNT(*) AS tp_count FROM `ct_city_order` WHERE  ( `addtime` > '1559665189' AND `addtime` < '1559924389' )  AND `paystate` IN (2,4)  AND `state` = 1 LIMIT 1 [ RunTime:0.001000s ]
[ sql ] [ SQL ] SHOW COLUMNS FROM `ct_userorder` [ RunTime:0.010000s ]
[ sql ] [ SQL ] SELECT COUNT(*) AS tp_count FROM `ct_userorder` WHERE  ( `addtime` > '1559665189' AND `addtime` < '1559924389' )  AND `paystate` IN (2,4,5)  AND `orderstate` = 1 LIMIT 1 [ RunTime:0.001000s ]
[ sql ] [ SQL ] SHOW COLUMNS FROM `ct_shift_order` [ RunTime:0.009500s ]
[ sql ] [ SQL ] SELECT COUNT(*) AS tp_count FROM `ct_shift_order` WHERE  ( `addtime` > '1559665189' AND `addtime` < '1559924389' )  AND `paystate` = 2  AND `orderstate` = 1 LIMIT 1 [ RunTime:0.001000s ]
[ sql ] [ SQL ] SHOW COLUMNS FROM `ct_carcategory` [ RunTime:0.009500s ]
[ sql ] [ SQL ] SELECT COUNT(*) AS tp_count FROM `ct_carcategory` WHERE  ( `addtime` > '1559665189' AND `addtime` < '1559924389' )  AND `status` = '1' LIMIT 1 [ RunTime:0.000500s ]
[ sql ] [ SQL ] SHOW COLUMNS FROM `ct_driver` [ RunTime:0.007000s ]
[ sql ] [ SQL ] SELECT COUNT(*) AS tp_count FROM `ct_driver` WHERE  ( `addtime` > '1559665189' AND `addtime` < '1559924389' )  AND `delstate` = 1  AND `carstatus` = 1 LIMIT 1 [ RunTime:0.000500s ]
[ sql ] [ SQL ] SHOW COLUMNS FROM `ct_order` [ RunTime:0.007500s ]
[ sql ] [ SQL ] SELECT COUNT(*) AS tp_count FROM `ct_order` WHERE  ( `addtime` > '1559665189' AND `addtime` < '1559924389' )  AND `orderstate` = 2  AND `paystate` = 2 LIMIT 1 [ RunTime:0.000500s ]

---------------------------------------------------------------
[ 2019-06-08T00:20:49+08:00 ] 127.0.0.1 127.0.0.1 POST /admin/index/getcheckmsg
[ log ] www.chitu12.com/admin/index/getcheckmsg [运行时间：0.080500s][吞吐率：12.42req/s] [内存消耗：2,132.29kb] [文件加载：52]
[ info ] [ LANG ] D:\WWW\chitu_admin\thinkphp\lang\zh-cn.php
[ info ] [ ROUTE ] array (
  'type' => 'module',
  'module' => 
  array (
    0 => 'admin',
    1 => 'index',
    2 => 'getcheckmsg',
  ),
)
[ info ] [ HEADER ] array (
  'cookie' => 'thinkphp_show_page_trace=0|0; PHPSESSID=jd03nqhtvvulqk681m1moccfm4',
  'accept-language' => 'zh-CN,zh;q=0.9,ja;q=0.8',
  'accept-encoding' => 'gzip, deflate',
  'referer' => 'http://www.chitu12.com/admin/index/index.html',
  'user-agent' => 'Mozilla/5.0 (Windows NT 6.1; WOW64) AppleWebKit/537.36 (KHTML, like Gecko) Chrome/68.0.3440.84 Safari/537.36',
  'x-requested-with' => 'XMLHttpRequest',
  'origin' => 'http://www.chitu12.com',
  'accept' => 'application/json, text/javascript, */*; q=0.01',
  'content-length' => '0',
  'connection' => 'close',
  'host' => 'www.chitu12.com',
)
[ info ] [ PARAM ] array (
  '/admin/index/getcheckmsg' => '',
)
[ info ] [ RUN ] app\admin\controller\Index->getcheckmsg[ D:\WWW\chitu_admin\application\admin\controller\Index.php ]
[ info ] [ DB ] INIT mysql
[ info ] [ LOG ] INIT File
[ sql ] [ DB ] CONNECT:[ UseTime:0.001500s ] mysql:dbname=test;host=127.0.0.1;charset=utf8
[ sql ] [ SQL ] SHOW COLUMNS FROM `ct_city_order` [ RunTime:0.006500s ]
[ sql ] [ SQL ] SELECT COUNT(*) AS tp_count FROM `ct_city_order` WHERE  ( `addtime` > '1559665249' AND `addtime` < '1559924449' )  AND `paystate` IN (2,4)  AND `state` = 1 LIMIT 1 [ RunTime:0.001000s ]
[ sql ] [ SQL ] SHOW COLUMNS FROM `ct_userorder` [ RunTime:0.007000s ]
[ sql ] [ SQL ] SELECT COUNT(*) AS tp_count FROM `ct_userorder` WHERE  ( `addtime` > '1559665249' AND `addtime` < '1559924449' )  AND `paystate` IN (2,4,5)  AND `orderstate` = 1 LIMIT 1 [ RunTime:0.000500s ]
[ sql ] [ SQL ] SHOW COLUMNS FROM `ct_shift_order` [ RunTime:0.006000s ]
[ sql ] [ SQL ] SELECT COUNT(*) AS tp_count FROM `ct_shift_order` WHERE  ( `addtime` > '1559665249' AND `addtime` < '1559924449' )  AND `paystate` = 2  AND `orderstate` = 1 LIMIT 1 [ RunTime:0.000500s ]
[ sql ] [ SQL ] SHOW COLUMNS FROM `ct_carcategory` [ RunTime:0.006000s ]
[ sql ] [ SQL ] SELECT COUNT(*) AS tp_count FROM `ct_carcategory` WHERE  ( `addtime` > '1559665249' AND `addtime` < '1559924449' )  AND `status` = '1' LIMIT 1 [ RunTime:0.000500s ]
[ sql ] [ SQL ] SHOW COLUMNS FROM `ct_driver` [ RunTime:0.006000s ]
[ sql ] [ SQL ] SELECT COUNT(*) AS tp_count FROM `ct_driver` WHERE  ( `addtime` > '1559665249' AND `addtime` < '1559924449' )  AND `delstate` = 1  AND `carstatus` = 1 LIMIT 1 [ RunTime:0.000500s ]
[ sql ] [ SQL ] SHOW COLUMNS FROM `ct_order` [ RunTime:0.006500s ]
[ sql ] [ SQL ] SELECT COUNT(*) AS tp_count FROM `ct_order` WHERE  ( `addtime` > '1559665249' AND `addtime` < '1559924449' )  AND `orderstate` = 2  AND `paystate` = 2 LIMIT 1 [ RunTime:0.000500s ]

---------------------------------------------------------------
[ 2019-06-08T00:21:49+08:00 ] 127.0.0.1 127.0.0.1 POST /admin/index/getcheckmsg
[ log ] www.chitu12.com/admin/index/getcheckmsg [运行时间：0.089000s][吞吐率：11.24req/s] [内存消耗：2,132.29kb] [文件加载：52]
[ info ] [ LANG ] D:\WWW\chitu_admin\thinkphp\lang\zh-cn.php
[ info ] [ ROUTE ] array (
  'type' => 'module',
  'module' => 
  array (
    0 => 'admin',
    1 => 'index',
    2 => 'getcheckmsg',
  ),
)
[ info ] [ HEADER ] array (
  'cookie' => 'thinkphp_show_page_trace=0|0; PHPSESSID=jd03nqhtvvulqk681m1moccfm4',
  'accept-language' => 'zh-CN,zh;q=0.9,ja;q=0.8',
  'accept-encoding' => 'gzip, deflate',
  'referer' => 'http://www.chitu12.com/admin/index/index.html',
  'user-agent' => 'Mozilla/5.0 (Windows NT 6.1; WOW64) AppleWebKit/537.36 (KHTML, like Gecko) Chrome/68.0.3440.84 Safari/537.36',
  'x-requested-with' => 'XMLHttpRequest',
  'origin' => 'http://www.chitu12.com',
  'accept' => 'application/json, text/javascript, */*; q=0.01',
  'content-length' => '0',
  'connection' => 'close',
  'host' => 'www.chitu12.com',
)
[ info ] [ PARAM ] array (
  '/admin/index/getcheckmsg' => '',
)
[ info ] [ RUN ] app\admin\controller\Index->getcheckmsg[ D:\WWW\chitu_admin\application\admin\controller\Index.php ]
[ info ] [ DB ] INIT mysql
[ info ] [ LOG ] INIT File
[ sql ] [ DB ] CONNECT:[ UseTime:0.010500s ] mysql:dbname=test;host=127.0.0.1;charset=utf8
[ sql ] [ SQL ] SHOW COLUMNS FROM `ct_city_order` [ RunTime:0.007000s ]
[ sql ] [ SQL ] SELECT COUNT(*) AS tp_count FROM `ct_city_order` WHERE  ( `addtime` > '1559665309' AND `addtime` < '1559924509' )  AND `paystate` IN (2,4)  AND `state` = 1 LIMIT 1 [ RunTime:0.000500s ]
[ sql ] [ SQL ] SHOW COLUMNS FROM `ct_userorder` [ RunTime:0.007500s ]
[ sql ] [ SQL ] SELECT COUNT(*) AS tp_count FROM `ct_userorder` WHERE  ( `addtime` > '1559665309' AND `addtime` < '1559924509' )  AND `paystate` IN (2,4,5)  AND `orderstate` = 1 LIMIT 1 [ RunTime:0.001000s ]
[ sql ] [ SQL ] SHOW COLUMNS FROM `ct_shift_order` [ RunTime:0.007000s ]
[ sql ] [ SQL ] SELECT COUNT(*) AS tp_count FROM `ct_shift_order` WHERE  ( `addtime` > '1559665309' AND `addtime` < '1559924509' )  AND `paystate` = 2  AND `orderstate` = 1 LIMIT 1 [ RunTime:0.000500s ]
[ sql ] [ SQL ] SHOW COLUMNS FROM `ct_carcategory` [ RunTime:0.006500s ]
[ sql ] [ SQL ] SELECT COUNT(*) AS tp_count FROM `ct_carcategory` WHERE  ( `addtime` > '1559665309' AND `addtime` < '1559924509' )  AND `status` = '1' LIMIT 1 [ RunTime:0.000500s ]
[ sql ] [ SQL ] SHOW COLUMNS FROM `ct_driver` [ RunTime:0.007000s ]
[ sql ] [ SQL ] SELECT COUNT(*) AS tp_count FROM `ct_driver` WHERE  ( `addtime` > '1559665309' AND `addtime` < '1559924509' )  AND `delstate` = 1  AND `carstatus` = 1 LIMIT 1 [ RunTime:0.000500s ]
[ sql ] [ SQL ] SHOW COLUMNS FROM `ct_order` [ RunTime:0.007000s ]
[ sql ] [ SQL ] SELECT COUNT(*) AS tp_count FROM `ct_order` WHERE  ( `addtime` > '1559665309' AND `addtime` < '1559924509' )  AND `orderstate` = 2  AND `paystate` = 2 LIMIT 1 [ RunTime:0.001000s ]

---------------------------------------------------------------
[ 2019-06-08T00:22:49+08:00 ] 127.0.0.1 127.0.0.1 POST /admin/index/getcheckmsg
[ log ] www.chitu12.com/admin/index/getcheckmsg [运行时间：0.079500s][吞吐率：12.58req/s] [内存消耗：2,132.29kb] [文件加载：52]
[ info ] [ LANG ] D:\WWW\chitu_admin\thinkphp\lang\zh-cn.php
[ info ] [ ROUTE ] array (
  'type' => 'module',
  'module' => 
  array (
    0 => 'admin',
    1 => 'index',
    2 => 'getcheckmsg',
  ),
)
[ info ] [ HEADER ] array (
  'cookie' => 'thinkphp_show_page_trace=0|0; PHPSESSID=jd03nqhtvvulqk681m1moccfm4',
  'accept-language' => 'zh-CN,zh;q=0.9,ja;q=0.8',
  'accept-encoding' => 'gzip, deflate',
  'referer' => 'http://www.chitu12.com/admin/index/index.html',
  'user-agent' => 'Mozilla/5.0 (Windows NT 6.1; WOW64) AppleWebKit/537.36 (KHTML, like Gecko) Chrome/68.0.3440.84 Safari/537.36',
  'x-requested-with' => 'XMLHttpRequest',
  'origin' => 'http://www.chitu12.com',
  'accept' => 'application/json, text/javascript, */*; q=0.01',
  'content-length' => '0',
  'connection' => 'close',
  'host' => 'www.chitu12.com',
)
[ info ] [ PARAM ] array (
  '/admin/index/getcheckmsg' => '',
)
[ info ] [ RUN ] app\admin\controller\Index->getcheckmsg[ D:\WWW\chitu_admin\application\admin\controller\Index.php ]
[ info ] [ DB ] INIT mysql
[ info ] [ LOG ] INIT File
[ sql ] [ DB ] CONNECT:[ UseTime:0.010500s ] mysql:dbname=test;host=127.0.0.1;charset=utf8
[ sql ] [ SQL ] SHOW COLUMNS FROM `ct_city_order` [ RunTime:0.006000s ]
[ sql ] [ SQL ] SELECT COUNT(*) AS tp_count FROM `ct_city_order` WHERE  ( `addtime` > '1559665369' AND `addtime` < '1559924569' )  AND `paystate` IN (2,4)  AND `state` = 1 LIMIT 1 [ RunTime:0.001000s ]
[ sql ] [ SQL ] SHOW COLUMNS FROM `ct_userorder` [ RunTime:0.006500s ]
[ sql ] [ SQL ] SELECT COUNT(*) AS tp_count FROM `ct_userorder` WHERE  ( `addtime` > '1559665369' AND `addtime` < '1559924569' )  AND `paystate` IN (2,4,5)  AND `orderstate` = 1 LIMIT 1 [ RunTime:0.001000s ]
[ sql ] [ SQL ] SHOW COLUMNS FROM `ct_shift_order` [ RunTime:0.006000s ]
[ sql ] [ SQL ] SELECT COUNT(*) AS tp_count FROM `ct_shift_order` WHERE  ( `addtime` > '1559665369' AND `addtime` < '1559924569' )  AND `paystate` = 2  AND `orderstate` = 1 LIMIT 1 [ RunTime:0.000000s ]
[ sql ] [ SQL ] SHOW COLUMNS FROM `ct_carcategory` [ RunTime:0.006500s ]
[ sql ] [ SQL ] SELECT COUNT(*) AS tp_count FROM `ct_carcategory` WHERE  ( `addtime` > '1559665369' AND `addtime` < '1559924569' )  AND `status` = '1' LIMIT 1 [ RunTime:0.000500s ]
[ sql ] [ SQL ] SHOW COLUMNS FROM `ct_driver` [ RunTime:0.006000s ]
[ sql ] [ SQL ] SELECT COUNT(*) AS tp_count FROM `ct_driver` WHERE  ( `addtime` > '1559665369' AND `addtime` < '1559924569' )  AND `delstate` = 1  AND `carstatus` = 1 LIMIT 1 [ RunTime:0.000500s ]
[ sql ] [ SQL ] SHOW COLUMNS FROM `ct_order` [ RunTime:0.006500s ]
[ sql ] [ SQL ] SELECT COUNT(*) AS tp_count FROM `ct_order` WHERE  ( `addtime` > '1559665369' AND `addtime` < '1559924569' )  AND `orderstate` = 2  AND `paystate` = 2 LIMIT 1 [ RunTime:0.000500s ]

---------------------------------------------------------------
[ 2019-06-08T00:23:49+08:00 ] 127.0.0.1 127.0.0.1 POST /admin/index/getcheckmsg
[ log ] www.chitu12.com/admin/index/getcheckmsg [运行时间：0.078500s][吞吐率：12.74req/s] [内存消耗：2,132.29kb] [文件加载：52]
[ info ] [ LANG ] D:\WWW\chitu_admin\thinkphp\lang\zh-cn.php
[ info ] [ ROUTE ] array (
  'type' => 'module',
  'module' => 
  array (
    0 => 'admin',
    1 => 'index',
    2 => 'getcheckmsg',
  ),
)
[ info ] [ HEADER ] array (
  'cookie' => 'thinkphp_show_page_trace=0|0; PHPSESSID=jd03nqhtvvulqk681m1moccfm4',
  'accept-language' => 'zh-CN,zh;q=0.9,ja;q=0.8',
  'accept-encoding' => 'gzip, deflate',
  'referer' => 'http://www.chitu12.com/admin/index/index.html',
  'user-agent' => 'Mozilla/5.0 (Windows NT 6.1; WOW64) AppleWebKit/537.36 (KHTML, like Gecko) Chrome/68.0.3440.84 Safari/537.36',
  'x-requested-with' => 'XMLHttpRequest',
  'origin' => 'http://www.chitu12.com',
  'accept' => 'application/json, text/javascript, */*; q=0.01',
  'content-length' => '0',
  'connection' => 'close',
  'host' => 'www.chitu12.com',
)
[ info ] [ PARAM ] array (
  '/admin/index/getcheckmsg' => '',
)
[ info ] [ RUN ] app\admin\controller\Index->getcheckmsg[ D:\WWW\chitu_admin\application\admin\controller\Index.php ]
[ info ] [ DB ] INIT mysql
[ info ] [ LOG ] INIT File
[ sql ] [ DB ] CONNECT:[ UseTime:0.010000s ] mysql:dbname=test;host=127.0.0.1;charset=utf8
[ sql ] [ SQL ] SHOW COLUMNS FROM `ct_city_order` [ RunTime:0.007000s ]
[ sql ] [ SQL ] SELECT COUNT(*) AS tp_count FROM `ct_city_order` WHERE  ( `addtime` > '1559665429' AND `addtime` < '1559924629' )  AND `paystate` IN (2,4)  AND `state` = 1 LIMIT 1 [ RunTime:0.001000s ]
[ sql ] [ SQL ] SHOW COLUMNS FROM `ct_userorder` [ RunTime:0.006500s ]
[ sql ] [ SQL ] SELECT COUNT(*) AS tp_count FROM `ct_userorder` WHERE  ( `addtime` > '1559665429' AND `addtime` < '1559924629' )  AND `paystate` IN (2,4,5)  AND `orderstate` = 1 LIMIT 1 [ RunTime:0.000500s ]
[ sql ] [ SQL ] SHOW COLUMNS FROM `ct_shift_order` [ RunTime:0.005000s ]
[ sql ] [ SQL ] SELECT COUNT(*) AS tp_count FROM `ct_shift_order` WHERE  ( `addtime` > '1559665429' AND `addtime` < '1559924629' )  AND `paystate` = 2  AND `orderstate` = 1 LIMIT 1 [ RunTime:0.000500s ]
[ sql ] [ SQL ] SHOW COLUMNS FROM `ct_carcategory` [ RunTime:0.006500s ]
[ sql ] [ SQL ] SELECT COUNT(*) AS tp_count FROM `ct_carcategory` WHERE  ( `addtime` > '1559665429' AND `addtime` < '1559924629' )  AND `status` = '1' LIMIT 1 [ RunTime:0.000000s ]
[ sql ] [ SQL ] SHOW COLUMNS FROM `ct_driver` [ RunTime:0.005000s ]
[ sql ] [ SQL ] SELECT COUNT(*) AS tp_count FROM `ct_driver` WHERE  ( `addtime` > '1559665429' AND `addtime` < '1559924629' )  AND `delstate` = 1  AND `carstatus` = 1 LIMIT 1 [ RunTime:0.000500s ]
[ sql ] [ SQL ] SHOW COLUMNS FROM `ct_order` [ RunTime:0.006500s ]
[ sql ] [ SQL ] SELECT COUNT(*) AS tp_count FROM `ct_order` WHERE  ( `addtime` > '1559665429' AND `addtime` < '1559924629' )  AND `orderstate` = 2  AND `paystate` = 2 LIMIT 1 [ RunTime:0.000500s ]

---------------------------------------------------------------
[ 2019-06-08T00:24:49+08:00 ] 127.0.0.1 127.0.0.1 POST /admin/index/getcheckmsg
[ log ] www.chitu12.com/admin/index/getcheckmsg [运行时间：0.084500s][吞吐率：11.83req/s] [内存消耗：2,132.29kb] [文件加载：52]
[ info ] [ LANG ] D:\WWW\chitu_admin\thinkphp\lang\zh-cn.php
[ info ] [ ROUTE ] array (
  'type' => 'module',
  'module' => 
  array (
    0 => 'admin',
    1 => 'index',
    2 => 'getcheckmsg',
  ),
)
[ info ] [ HEADER ] array (
  'cookie' => 'thinkphp_show_page_trace=0|0; PHPSESSID=jd03nqhtvvulqk681m1moccfm4',
  'accept-language' => 'zh-CN,zh;q=0.9,ja;q=0.8',
  'accept-encoding' => 'gzip, deflate',
  'referer' => 'http://www.chitu12.com/admin/index/index.html',
  'user-agent' => 'Mozilla/5.0 (Windows NT 6.1; WOW64) AppleWebKit/537.36 (KHTML, like Gecko) Chrome/68.0.3440.84 Safari/537.36',
  'x-requested-with' => 'XMLHttpRequest',
  'origin' => 'http://www.chitu12.com',
  'accept' => 'application/json, text/javascript, */*; q=0.01',
  'content-length' => '0',
  'connection' => 'close',
  'host' => 'www.chitu12.com',
)
[ info ] [ PARAM ] array (
  '/admin/index/getcheckmsg' => '',
)
[ info ] [ RUN ] app\admin\controller\Index->getcheckmsg[ D:\WWW\chitu_admin\application\admin\controller\Index.php ]
[ info ] [ DB ] INIT mysql
[ info ] [ LOG ] INIT File
[ sql ] [ DB ] CONNECT:[ UseTime:0.001000s ] mysql:dbname=test;host=127.0.0.1;charset=utf8
[ sql ] [ SQL ] SHOW COLUMNS FROM `ct_city_order` [ RunTime:0.007500s ]
[ sql ] [ SQL ] SELECT COUNT(*) AS tp_count FROM `ct_city_order` WHERE  ( `addtime` > '1559665489' AND `addtime` < '1559924689' )  AND `paystate` IN (2,4)  AND `state` = 1 LIMIT 1 [ RunTime:0.000500s ]
[ sql ] [ SQL ] SHOW COLUMNS FROM `ct_userorder` [ RunTime:0.007000s ]
[ sql ] [ SQL ] SELECT COUNT(*) AS tp_count FROM `ct_userorder` WHERE  ( `addtime` > '1559665489' AND `addtime` < '1559924689' )  AND `paystate` IN (2,4,5)  AND `orderstate` = 1 LIMIT 1 [ RunTime:0.000500s ]
[ sql ] [ SQL ] SHOW COLUMNS FROM `ct_shift_order` [ RunTime:0.006000s ]
[ sql ] [ SQL ] SELECT COUNT(*) AS tp_count FROM `ct_shift_order` WHERE  ( `addtime` > '1559665489' AND `addtime` < '1559924689' )  AND `paystate` = 2  AND `orderstate` = 1 LIMIT 1 [ RunTime:0.000000s ]
[ sql ] [ SQL ] SHOW COLUMNS FROM `ct_carcategory` [ RunTime:0.005500s ]
[ sql ] [ SQL ] SELECT COUNT(*) AS tp_count FROM `ct_carcategory` WHERE  ( `addtime` > '1559665489' AND `addtime` < '1559924689' )  AND `status` = '1' LIMIT 1 [ RunTime:0.000500s ]
[ sql ] [ SQL ] SHOW COLUMNS FROM `ct_driver` [ RunTime:0.006000s ]
[ sql ] [ SQL ] SELECT COUNT(*) AS tp_count FROM `ct_driver` WHERE  ( `addtime` > '1559665489' AND `addtime` < '1559924689' )  AND `delstate` = 1  AND `carstatus` = 1 LIMIT 1 [ RunTime:0.000500s ]
[ sql ] [ SQL ] SHOW COLUMNS FROM `ct_order` [ RunTime:0.006000s ]
[ sql ] [ SQL ] SELECT COUNT(*) AS tp_count FROM `ct_order` WHERE  ( `addtime` > '1559665489' AND `addtime` < '1559924689' )  AND `orderstate` = 2  AND `paystate` = 2 LIMIT 1 [ RunTime:0.000500s ]

---------------------------------------------------------------
[ 2019-06-08T00:25:49+08:00 ] 127.0.0.1 127.0.0.1 POST /admin/index/getcheckmsg
[ log ] www.chitu12.com/admin/index/getcheckmsg [运行时间：0.090000s][吞吐率：11.11req/s] [内存消耗：2,132.29kb] [文件加载：52]
[ info ] [ LANG ] D:\WWW\chitu_admin\thinkphp\lang\zh-cn.php
[ info ] [ ROUTE ] array (
  'type' => 'module',
  'module' => 
  array (
    0 => 'admin',
    1 => 'index',
    2 => 'getcheckmsg',
  ),
)
[ info ] [ HEADER ] array (
  'cookie' => 'thinkphp_show_page_trace=0|0; PHPSESSID=jd03nqhtvvulqk681m1moccfm4',
  'accept-language' => 'zh-CN,zh;q=0.9,ja;q=0.8',
  'accept-encoding' => 'gzip, deflate',
  'referer' => 'http://www.chitu12.com/admin/index/index.html',
  'user-agent' => 'Mozilla/5.0 (Windows NT 6.1; WOW64) AppleWebKit/537.36 (KHTML, like Gecko) Chrome/68.0.3440.84 Safari/537.36',
  'x-requested-with' => 'XMLHttpRequest',
  'origin' => 'http://www.chitu12.com',
  'accept' => 'application/json, text/javascript, */*; q=0.01',
  'content-length' => '0',
  'connection' => 'close',
  'host' => 'www.chitu12.com',
)
[ info ] [ PARAM ] array (
  '/admin/index/getcheckmsg' => '',
)
[ info ] [ RUN ] app\admin\controller\Index->getcheckmsg[ D:\WWW\chitu_admin\application\admin\controller\Index.php ]
[ info ] [ DB ] INIT mysql
[ info ] [ LOG ] INIT File
[ sql ] [ DB ] CONNECT:[ UseTime:0.010000s ] mysql:dbname=test;host=127.0.0.1;charset=utf8
[ sql ] [ SQL ] SHOW COLUMNS FROM `ct_city_order` [ RunTime:0.007000s ]
[ sql ] [ SQL ] SELECT COUNT(*) AS tp_count FROM `ct_city_order` WHERE  ( `addtime` > '1559665549' AND `addtime` < '1559924749' )  AND `paystate` IN (2,4)  AND `state` = 1 LIMIT 1 [ RunTime:0.000500s ]
[ sql ] [ SQL ] SHOW COLUMNS FROM `ct_userorder` [ RunTime:0.006000s ]
[ sql ] [ SQL ] SELECT COUNT(*) AS tp_count FROM `ct_userorder` WHERE  ( `addtime` > '1559665549' AND `addtime` < '1559924749' )  AND `paystate` IN (2,4,5)  AND `orderstate` = 1 LIMIT 1 [ RunTime:0.000500s ]
[ sql ] [ SQL ] SHOW COLUMNS FROM `ct_shift_order` [ RunTime:0.006000s ]
[ sql ] [ SQL ] SELECT COUNT(*) AS tp_count FROM `ct_shift_order` WHERE  ( `addtime` > '1559665549' AND `addtime` < '1559924749' )  AND `paystate` = 2  AND `orderstate` = 1 LIMIT 1 [ RunTime:0.000500s ]
[ sql ] [ SQL ] SHOW COLUMNS FROM `ct_carcategory` [ RunTime:0.005000s ]
[ sql ] [ SQL ] SELECT COUNT(*) AS tp_count FROM `ct_carcategory` WHERE  ( `addtime` > '1559665549' AND `addtime` < '1559924749' )  AND `status` = '1' LIMIT 1 [ RunTime:0.000500s ]
[ sql ] [ SQL ] SHOW COLUMNS FROM `ct_driver` [ RunTime:0.006500s ]
[ sql ] [ SQL ] SELECT COUNT(*) AS tp_count FROM `ct_driver` WHERE  ( `addtime` > '1559665549' AND `addtime` < '1559924749' )  AND `delstate` = 1  AND `carstatus` = 1 LIMIT 1 [ RunTime:0.000500s ]
[ sql ] [ SQL ] SHOW COLUMNS FROM `ct_order` [ RunTime:0.006500s ]
[ sql ] [ SQL ] SELECT COUNT(*) AS tp_count FROM `ct_order` WHERE  ( `addtime` > '1559665549' AND `addtime` < '1559924749' )  AND `orderstate` = 2  AND `paystate` = 2 LIMIT 1 [ RunTime:0.000500s ]

---------------------------------------------------------------
[ 2019-06-08T00:26:49+08:00 ] 127.0.0.1 127.0.0.1 POST /admin/index/getcheckmsg
[ log ] www.chitu12.com/admin/index/getcheckmsg [运行时间：0.082000s][吞吐率：12.20req/s] [内存消耗：2,132.26kb] [文件加载：52]
[ info ] [ LANG ] D:\WWW\chitu_admin\thinkphp\lang\zh-cn.php
[ info ] [ ROUTE ] array (
  'type' => 'module',
  'module' => 
  array (
    0 => 'admin',
    1 => 'index',
    2 => 'getcheckmsg',
  ),
)
[ info ] [ HEADER ] array (
  'cookie' => 'thinkphp_show_page_trace=0|0; PHPSESSID=jd03nqhtvvulqk681m1moccfm4',
  'accept-language' => 'zh-CN,zh;q=0.9,ja;q=0.8',
  'accept-encoding' => 'gzip, deflate',
  'referer' => 'http://www.chitu12.com/admin/index/index.html',
  'user-agent' => 'Mozilla/5.0 (Windows NT 6.1; WOW64) AppleWebKit/537.36 (KHTML, like Gecko) Chrome/68.0.3440.84 Safari/537.36',
  'x-requested-with' => 'XMLHttpRequest',
  'origin' => 'http://www.chitu12.com',
  'accept' => 'application/json, text/javascript, */*; q=0.01',
  'content-length' => '0',
  'connection' => 'close',
  'host' => 'www.chitu12.com',
)
[ info ] [ PARAM ] array (
  '/admin/index/getcheckmsg' => '',
)
[ info ] [ RUN ] app\admin\controller\Index->getcheckmsg[ D:\WWW\chitu_admin\application\admin\controller\Index.php ]
[ info ] [ DB ] INIT mysql
[ info ] [ LOG ] INIT File
[ sql ] [ DB ] CONNECT:[ UseTime:0.007000s ] mysql:dbname=test;host=127.0.0.1;charset=utf8
[ sql ] [ SQL ] SHOW COLUMNS FROM `ct_city_order` [ RunTime:0.006000s ]
[ sql ] [ SQL ] SELECT COUNT(*) AS tp_count FROM `ct_city_order` WHERE  ( `addtime` > '1559665609' AND `addtime` < '1559924809' )  AND `paystate` IN (2,4)  AND `state` = 1 LIMIT 1 [ RunTime:0.000500s ]
[ sql ] [ SQL ] SHOW COLUMNS FROM `ct_userorder` [ RunTime:0.007000s ]
[ sql ] [ SQL ] SELECT COUNT(*) AS tp_count FROM `ct_userorder` WHERE  ( `addtime` > '1559665609' AND `addtime` < '1559924809' )  AND `paystate` IN (2,4,5)  AND `orderstate` = 1 LIMIT 1 [ RunTime:0.000500s ]
[ sql ] [ SQL ] SHOW COLUMNS FROM `ct_shift_order` [ RunTime:0.006000s ]
[ sql ] [ SQL ] SELECT COUNT(*) AS tp_count FROM `ct_shift_order` WHERE  ( `addtime` > '1559665609' AND `addtime` < '1559924809' )  AND `paystate` = 2  AND `orderstate` = 1 LIMIT 1 [ RunTime:0.000500s ]
[ sql ] [ SQL ] SHOW COLUMNS FROM `ct_carcategory` [ RunTime:0.006000s ]
[ sql ] [ SQL ] SELECT COUNT(*) AS tp_count FROM `ct_carcategory` WHERE  ( `addtime` > '1559665609' AND `addtime` < '1559924809' )  AND `status` = '1' LIMIT 1 [ RunTime:0.000500s ]
[ sql ] [ SQL ] SHOW COLUMNS FROM `ct_driver` [ RunTime:0.006000s ]
[ sql ] [ SQL ] SELECT COUNT(*) AS tp_count FROM `ct_driver` WHERE  ( `addtime` > '1559665609' AND `addtime` < '1559924809' )  AND `delstate` = 1  AND `carstatus` = 1 LIMIT 1 [ RunTime:0.000500s ]
[ sql ] [ SQL ] SHOW COLUMNS FROM `ct_order` [ RunTime:0.006500s ]
[ sql ] [ SQL ] SELECT COUNT(*) AS tp_count FROM `ct_order` WHERE  ( `addtime` > '1559665609' AND `addtime` < '1559924809' )  AND `orderstate` = 2  AND `paystate` = 2 LIMIT 1 [ RunTime:0.000500s ]

---------------------------------------------------------------
