[ 2019-06-17T11:28:39+08:00 ] 127.0.0.1 127.0.0.1 GET /user/placeorder/datalist
[ log ] www.chitu12.com/user/placeorder/datalist [运行时间：0.143500s][吞吐率：6.97req/s] [内存消耗：2,199.61kb] [文件加载：54]
[ info ] [ LANG ] D:\WWW\chitu_admin\thinkphp\lang\zh-cn.php
[ info ] [ ROUTE ] array (
  'type' => 'module',
  'module' => 
  array (
    0 => 'user',
    1 => 'placeorder',
    2 => 'datalist',
  ),
)
[ info ] [ HEADER ] array (
  'accept-language' => 'zh-CN,zh;q=0.9,ja;q=0.8',
  'accept-encoding' => 'gzip, deflate',
  'accept' => '*/*',
  'postman-token' => '82ca0304-5845-4d2d-f54d-3cc495e9d20c',
  'user-agent' => 'Mozilla/5.0 (Windows NT 6.1; WOW64) AppleWebKit/537.36 (KHTML, like Gecko) Chrome/68.0.3440.84 Safari/537.36',
  'cache-control' => 'no-cache',
  'connection' => 'close',
  'host' => 'www.chitu12.com',
)
[ info ] [ PARAM ] array (
  '/user/placeorder/datalist' => '',
)
[ info ] [ DB ] INIT mysql
[ info ] [ RUN ] app\user\controller\Placeorder->datalist[ D:\WWW\chitu_admin\application\user\controller\Placeorder.php ]
[ info ] [ LOG ] INIT File
[ sql ] [ DB ] CONNECT:[ UseTime:0.009000s ] mysql:dbname=test;host=127.0.0.1;charset=utf8
[ sql ] [ SQL ] SHOW COLUMNS FROM `ct_config` [ RunTime:0.059500s ]
[ sql ] [ SQL ] SELECT * FROM `ct_config` WHERE  `id` = 13 LIMIT 1 [ RunTime:0.001000s ]

---------------------------------------------------------------
[ 2019-06-17T11:29:21+08:00 ] 127.0.0.1 127.0.0.1 POST /user/placeorder/datalist
[ log ] www.chitu12.com/user/placeorder/datalist [运行时间：0.227500s][吞吐率：4.40req/s] [内存消耗：2,245.59kb] [文件加载：54]
[ info ] [ LANG ] D:\WWW\chitu_admin\thinkphp\lang\zh-cn.php
[ info ] [ ROUTE ] array (
  'type' => 'module',
  'module' => 
  array (
    0 => 'user',
    1 => 'placeorder',
    2 => 'datalist',
  ),
)
[ info ] [ HEADER ] array (
  'accept-language' => 'zh-CN,zh;q=0.9,ja;q=0.8',
  'accept-encoding' => 'gzip, deflate',
  'accept' => '*/*',
  'content-type' => 'multipart/form-data; boundary=----WebKitFormBoundaryvHd8Dmxj23NLKUh4',
  'postman-token' => 'ae4951c5-0fd8-3f04-44cc-616d8a4cb9eb',
  'origin' => 'chrome-extension://niphlbdhgiabfnjeompmngebipomclik',
  'cache-control' => 'no-cache',
  'user-agent' => 'Mozilla/5.0 (Windows NT 6.1; WOW64) AppleWebKit/537.36 (KHTML, like Gecko) Chrome/68.0.3440.84 Safari/537.36',
  'content-length' => '385',
  'connection' => 'close',
  'host' => 'www.chitu12.com',
)
[ info ] [ PARAM ] array (
  '/user/placeorder/datalist' => '',
  'token' => 'McTtUp1hNpT6Y936N9z6c93NTY0MDQzN2NvZGVwaHAO0O0O',
  'start_city' => '45052',
  'end_city' => '45054',
)
[ info ] [ DB ] INIT mysql
[ info ] [ RUN ] app\user\controller\Placeorder->datalist[ D:\WWW\chitu_admin\application\user\controller\Placeorder.php ]
[ info ] [ LOG ] INIT File
[ sql ] [ DB ] CONNECT:[ UseTime:0.001000s ] mysql:dbname=test;host=127.0.0.1;charset=utf8
[ sql ] [ SQL ] SHOW COLUMNS FROM `ct_config` [ RunTime:0.006500s ]
[ sql ] [ SQL ] SELECT * FROM `ct_config` WHERE  `id` = 13 LIMIT 1 [ RunTime:0.000500s ]
[ sql ] [ SQL ] SHOW COLUMNS FROM `ct_user_token` [ RunTime:0.044000s ]
[ sql ] [ SQL ] SELECT * FROM `ct_user_token` WHERE  `token` = '1555677775640437codephp' LIMIT 1 [ RunTime:0.000000s ]
[ sql ] [ SQL ] SHOW COLUMNS FROM `ct_user` [ RunTime:0.013500s ]
[ sql ] [ SQL ] SELECT * FROM `ct_user` WHERE  `uid` = 167  AND `delstate` = 1 LIMIT 1 [ RunTime:0.000500s ]
[ sql ] [ SQL ] SHOW COLUMNS FROM `ct_already_city` [ RunTime:0.024000s ]
[ sql ] [ SQL ] SELECT * FROM `ct_already_city` WHERE  `start_id` = 45052  AND `end_id` = 45054 LIMIT 1 [ RunTime:0.000500s ]
[ sql ] [ SQL ] SHOW COLUMNS FROM `ct_district` [ RunTime:0.039000s ]
[ sql ] [ SQL ] SELECT * FROM `ct_district` WHERE  `id` = 45052 LIMIT 1 [ RunTime:0.000500s ]
[ sql ] [ SQL ] SELECT * FROM `ct_district` WHERE  `id` = 45054 LIMIT 1 [ RunTime:0.000000s ]
[ sql ] [ SQL ] SHOW COLUMNS FROM `ct_shift` [ RunTime:0.022000s ]
[ sql ] [ SQL ] SELECT `s`.`sid`,`s`.`companyid`,`s`.`shiftnumber`,`s`.`trunkaging`,`s`.`price`,`s`.`timestrat`,`s`.`timeend`,`s`.`lowprice`,`s`.`shiftstate`,`s`.`pmoney`,`s`.`smoney`,`s`.`weekday`,`s`.`discount`,`g`.`slid`,`g`.`deptime` FROM `ct_shift` `s` INNER JOIN `ct_shift_log` `g` ON `g`.`shiftid`=`s`.`sid` WHERE  ( `g`.`deptime` > 1560787200 AND `g`.`deptime` < 1561305599 )  AND `g`.`status` IN ('1','3')  AND `s`.`linecityid` = 154 ORDER BY s.trunkaging asc, g.deptime asc [ RunTime:0.007500s ]
[ sql ] [ SQL ] SHOW COLUMNS FROM `ct_issue_item` [ RunTime:0.027500s ]
[ sql ] [ SQL ] SELECT `o`.`start_city`,`o`.`start_area`,`o`.`end_city`,`o`.`end_area`,`o`.`carid`,`o`.`weight`,`o`.`volume`,`o`.`loaddate`,`o`.`referprice`,`o`.`down_price`,`o`.`remark`,`car`.`carparame`,`car`.`allweight`,`car`.`allvolume` FROM `ct_issue_item` `o` LEFT JOIN `ct_cartype` `car` ON `car`.`car_id`=`o`.`carid` WHERE  `o`.`start_city` = '45052'  AND `o`.`end_city` = '45054'  AND `o`.`ordertype` = 2  AND `o`.`paystate` = 2  AND `o`.`orderstate` = 1 ORDER BY addtime desc [ RunTime:0.010000s ]

---------------------------------------------------------------
[ 2019-06-17T11:29:50+08:00 ] 127.0.0.1 127.0.0.1 POST /user/placeorder/datalist
[ log ] www.chitu12.com/user/placeorder/datalist [运行时间：0.081000s][吞吐率：12.35req/s] [内存消耗：2,245.59kb] [文件加载：54]
[ info ] [ LANG ] D:\WWW\chitu_admin\thinkphp\lang\zh-cn.php
[ info ] [ ROUTE ] array (
  'type' => 'module',
  'module' => 
  array (
    0 => 'user',
    1 => 'placeorder',
    2 => 'datalist',
  ),
)
[ info ] [ HEADER ] array (
  'accept-language' => 'zh-CN,zh;q=0.9,ja;q=0.8',
  'accept-encoding' => 'gzip, deflate',
  'accept' => '*/*',
  'content-type' => 'multipart/form-data; boundary=----WebKitFormBoundary8U0D8BOTAaE8TI8y',
  'postman-token' => '30b9bd01-4c6f-6f14-7ea7-dff6fc6bc91b',
  'origin' => 'chrome-extension://niphlbdhgiabfnjeompmngebipomclik',
  'cache-control' => 'no-cache',
  'user-agent' => 'Mozilla/5.0 (Windows NT 6.1; WOW64) AppleWebKit/537.36 (KHTML, like Gecko) Chrome/68.0.3440.84 Safari/537.36',
  'content-length' => '385',
  'connection' => 'close',
  'host' => 'www.chitu12.com',
)
[ info ] [ PARAM ] array (
  '/user/placeorder/datalist' => '',
  'token' => 'McTtUp1hNpT6Y936N9z6c93NTY0MDQzN2NvZGVwaHAO0O0O',
  'start_city' => '45054',
  'end_city' => '45052',
)
[ info ] [ DB ] INIT mysql
[ info ] [ RUN ] app\user\controller\Placeorder->datalist[ D:\WWW\chitu_admin\application\user\controller\Placeorder.php ]
[ info ] [ LOG ] INIT File
[ sql ] [ DB ] CONNECT:[ UseTime:0.010500s ] mysql:dbname=test;host=127.0.0.1;charset=utf8
[ sql ] [ SQL ] SHOW COLUMNS FROM `ct_config` [ RunTime:0.006500s ]
[ sql ] [ SQL ] SELECT * FROM `ct_config` WHERE  `id` = 13 LIMIT 1 [ RunTime:0.000500s ]
[ sql ] [ SQL ] SHOW COLUMNS FROM `ct_user_token` [ RunTime:0.005500s ]
[ sql ] [ SQL ] SELECT * FROM `ct_user_token` WHERE  `token` = '1555677775640437codephp' LIMIT 1 [ RunTime:0.000000s ]
[ sql ] [ SQL ] SHOW COLUMNS FROM `ct_user` [ RunTime:0.005000s ]
[ sql ] [ SQL ] SELECT * FROM `ct_user` WHERE  `uid` = 167  AND `delstate` = 1 LIMIT 1 [ RunTime:0.000500s ]
[ sql ] [ SQL ] SHOW COLUMNS FROM `ct_already_city` [ RunTime:0.006000s ]
[ sql ] [ SQL ] SELECT * FROM `ct_already_city` WHERE  `start_id` = 45054  AND `end_id` = 45052 LIMIT 1 [ RunTime:0.000000s ]
[ sql ] [ SQL ] SHOW COLUMNS FROM `ct_district` [ RunTime:0.005500s ]
[ sql ] [ SQL ] SELECT * FROM `ct_district` WHERE  `id` = 45054 LIMIT 1 [ RunTime:0.000500s ]
[ sql ] [ SQL ] SELECT * FROM `ct_district` WHERE  `id` = 45052 LIMIT 1 [ RunTime:0.000000s ]
[ sql ] [ SQL ] SHOW COLUMNS FROM `ct_shift` [ RunTime:0.005500s ]
[ sql ] [ SQL ] SELECT `s`.`sid`,`s`.`companyid`,`s`.`shiftnumber`,`s`.`trunkaging`,`s`.`price`,`s`.`timestrat`,`s`.`timeend`,`s`.`lowprice`,`s`.`shiftstate`,`s`.`pmoney`,`s`.`smoney`,`s`.`weekday`,`s`.`discount`,`g`.`slid`,`g`.`deptime` FROM `ct_shift` `s` INNER JOIN `ct_shift_log` `g` ON `g`.`shiftid`=`s`.`sid` WHERE  ( `g`.`deptime` > 1560787200 AND `g`.`deptime` < 1561305599 )  AND `g`.`status` IN ('1','3')  AND `s`.`linecityid` = 145 ORDER BY s.trunkaging asc, g.deptime asc [ RunTime:0.001000s ]
[ sql ] [ SQL ] SHOW COLUMNS FROM `ct_issue_item` [ RunTime:0.006000s ]
[ sql ] [ SQL ] SELECT `o`.`start_city`,`o`.`start_area`,`o`.`end_city`,`o`.`end_area`,`o`.`carid`,`o`.`weight`,`o`.`volume`,`o`.`loaddate`,`o`.`referprice`,`o`.`down_price`,`o`.`remark`,`car`.`carparame`,`car`.`allweight`,`car`.`allvolume` FROM `ct_issue_item` `o` LEFT JOIN `ct_cartype` `car` ON `car`.`car_id`=`o`.`carid` WHERE  `o`.`start_city` = '45054'  AND `o`.`end_city` = '45052'  AND `o`.`ordertype` = 2  AND `o`.`paystate` = 2  AND `o`.`orderstate` = 1 ORDER BY addtime desc [ RunTime:0.000500s ]

---------------------------------------------------------------
[ 2019-06-17T11:30:28+08:00 ] 127.0.0.1 127.0.0.1 POST /user/placeorder/datalist
[ log ] www.chitu12.com/user/placeorder/datalist [运行时间：1.095500s][吞吐率：0.91req/s] [内存消耗：2,260.23kb] [文件加载：54]
[ info ] [ LANG ] D:\WWW\chitu_admin\thinkphp\lang\zh-cn.php
[ info ] [ ROUTE ] array (
  'type' => 'module',
  'module' => 
  array (
    0 => 'user',
    1 => 'placeorder',
    2 => 'datalist',
  ),
)
[ info ] [ HEADER ] array (
  'accept-language' => 'zh-CN,zh;q=0.9,ja;q=0.8',
  'accept-encoding' => 'gzip, deflate',
  'accept' => '*/*',
  'content-type' => 'multipart/form-data; boundary=----WebKitFormBoundaryQ1wYLMJGUPKcxLCg',
  'postman-token' => '2e31691e-02b0-34e1-5e57-408d8bc32a5f',
  'origin' => 'chrome-extension://niphlbdhgiabfnjeompmngebipomclik',
  'cache-control' => 'no-cache',
  'user-agent' => 'Mozilla/5.0 (Windows NT 6.1; WOW64) AppleWebKit/537.36 (KHTML, like Gecko) Chrome/68.0.3440.84 Safari/537.36',
  'content-length' => '385',
  'connection' => 'close',
  'host' => 'www.chitu12.com',
)
[ info ] [ PARAM ] array (
  '/user/placeorder/datalist' => '',
  'token' => 'McTtUp1hNpT6Y936N9z6c93NTY0MDQzN2NvZGVwaHAO0O0O',
  'start_city' => '45054',
  'end_city' => '45052',
)
[ info ] [ DB ] INIT mysql
[ info ] [ RUN ] app\user\controller\Placeorder->datalist[ D:\WWW\chitu_admin\application\user\controller\Placeorder.php ]
[ info ] [ LOG ] INIT File
[ sql ] [ DB ] CONNECT:[ UseTime:0.000500s ] mysql:dbname=test;host=127.0.0.1;charset=utf8
[ sql ] [ SQL ] SHOW COLUMNS FROM `ct_config` [ RunTime:0.006000s ]
[ sql ] [ SQL ] SELECT * FROM `ct_config` WHERE  `id` = 13 LIMIT 1 [ RunTime:0.000500s ]
[ sql ] [ SQL ] SHOW COLUMNS FROM `ct_user_token` [ RunTime:0.005500s ]
[ sql ] [ SQL ] SELECT * FROM `ct_user_token` WHERE  `token` = '1555677775640437codephp' LIMIT 1 [ RunTime:0.000500s ]
[ sql ] [ SQL ] SHOW COLUMNS FROM `ct_user` [ RunTime:0.006500s ]
[ sql ] [ SQL ] SELECT * FROM `ct_user` WHERE  `uid` = 167  AND `delstate` = 1 LIMIT 1 [ RunTime:0.000500s ]
[ sql ] [ SQL ] SHOW COLUMNS FROM `ct_already_city` [ RunTime:0.005500s ]
[ sql ] [ SQL ] SELECT * FROM `ct_already_city` WHERE  `start_id` = 45054  AND `end_id` = 45052 LIMIT 1 [ RunTime:0.000000s ]
[ sql ] [ SQL ] SHOW COLUMNS FROM `ct_district` [ RunTime:0.005000s ]
[ sql ] [ SQL ] SELECT * FROM `ct_district` WHERE  `id` = 45054 LIMIT 1 [ RunTime:0.000500s ]
[ sql ] [ SQL ] SELECT * FROM `ct_district` WHERE  `id` = 45052 LIMIT 1 [ RunTime:0.000000s ]
[ sql ] [ SQL ] SHOW COLUMNS FROM `ct_shift` [ RunTime:0.005500s ]
[ sql ] [ SQL ] SELECT `s`.`sid`,`s`.`companyid`,`s`.`shiftnumber`,`s`.`trunkaging`,`s`.`price`,`s`.`timestrat`,`s`.`timeend`,`s`.`lowprice`,`s`.`shiftstate`,`s`.`pmoney`,`s`.`smoney`,`s`.`weekday`,`s`.`discount`,`g`.`slid`,`g`.`deptime` FROM `ct_shift` `s` INNER JOIN `ct_shift_log` `g` ON `g`.`shiftid`=`s`.`sid` WHERE  ( `g`.`deptime` > 1560787200 AND `g`.`deptime` < 1561305599 )  AND `g`.`status` IN ('1','3')  AND `s`.`linecityid` = 145 ORDER BY s.trunkaging asc, g.deptime asc [ RunTime:0.000500s ]
[ sql ] [ SQL ] SELECT * FROM `ct_district` WHERE  `id` = 45054 LIMIT 1 [ RunTime:0.000000s ]
[ sql ] [ SQL ] SELECT * FROM `ct_district` WHERE  `id` = 45052 LIMIT 1 [ RunTime:0.000500s ]
[ sql ] [ SQL ] SHOW COLUMNS FROM `ct_cartype` [ RunTime:0.005000s ]
[ sql ] [ SQL ] SELECT * FROM `ct_cartype` WHERE  `car_id` = 1 LIMIT 1 [ RunTime:0.000500s ]
[ sql ] [ SQL ] SHOW COLUMNS FROM `ct_price_setting` [ RunTime:0.041000s ]
[ sql ] [ SQL ] SELECT * FROM `ct_price_setting` WHERE  `type` = 2 LIMIT 1 [ RunTime:0.000500s ]
[ sql ] [ SQL ] SELECT * FROM `ct_price_setting` WHERE  `type` = 2 LIMIT 1 [ RunTime:0.000500s ]
[ sql ] [ SQL ] SHOW COLUMNS FROM `ct_city_cost` [ RunTime:0.032500s ]
[ sql ] [ SQL ] SELECT * FROM `ct_city_cost` WHERE  `c_city` = 45054  AND `delstate` = 1 LIMIT 1 [ RunTime:0.001000s ]
[ sql ] [ SQL ] SHOW COLUMNS FROM `ct_issue_item` [ RunTime:0.009000s ]
[ sql ] [ SQL ] SELECT `o`.`start_city`,`o`.`start_area`,`o`.`end_city`,`o`.`end_area`,`o`.`carid`,`o`.`weight`,`o`.`volume`,`o`.`loaddate`,`o`.`referprice`,`o`.`down_price`,`o`.`remark`,`car`.`carparame`,`car`.`allweight`,`car`.`allvolume` FROM `ct_issue_item` `o` LEFT JOIN `ct_cartype` `car` ON `car`.`car_id`=`o`.`carid` WHERE  `o`.`start_city` = '45054'  AND `o`.`end_city` = '45052'  AND `o`.`ordertype` = 2  AND `o`.`paystate` = 2  AND `o`.`orderstate` = 1 ORDER BY addtime desc [ RunTime:0.001000s ]

---------------------------------------------------------------
