[ 2018-10-25T09:39:18+08:00 ] 127.0.0.1 127.0.0.1 POST /user/ucenter/pretend_item_list
[ log ] www.ctadmin.com/user/ucenter/pretend_item_list [运行时间：0.064000s][吞吐率：15.63req/s] [内存消耗：1,906.24kb] [文件加载：41]
[ info ] [ LANG ] E:\chitu\chitu_admin\trunk\thinkphp\lang\zh-cn.php
[ info ] [ ROUTE ] array (
  'type' => 'module',
  'module' => 
  array (
    0 => 'user',
    1 => 'ucenter',
    2 => 'pretend_item_list',
  ),
)
[ info ] [ HEADER ] array (
  'host' => 'www.ctadmin.com',
  'connection' => 'keep-alive',
  'content-length' => '280',
  'user-agent' => 'Mozilla/5.0 (Windows NT 6.1; WOW64) AppleWebKit/537.36 (KHTML, like Gecko) Chrome/68.0.3440.84 Safari/537.36',
  'cache-control' => 'no-cache',
  'origin' => 'chrome-extension://niphlbdhgiabfnjeompmngebipomclik',
  'postman-token' => '4d954722-efa3-5b6d-d9cf-5b9626262c77',
  'content-type' => 'multipart/form-data; boundary=----WebKitFormBoundarylV7ZAiVFVvwDLfVQ',
  'accept' => '*/*',
  'accept-encoding' => 'gzip, deflate',
  'accept-language' => 'zh-CN,zh;q=0.9,ja;q=0.8',
)
[ info ] [ PARAM ] array (
  '/user/ucenter/pretend_item_list' => '',
  'token' => 'McTtUp0hMpD6I926N9T6I9xOTkyNzg2OWNvZGVwaHAO0O0O',
  'orderid' => '495',
)
[ info ] [ LOG ] INIT File
[ error ] [4]语法错误: unexpected 'if' (T_IF), expecting function (T_FUNCTION)[E:\chitu\chitu_admin\trunk\application\user\controller\Ucenter.php:1993]

---------------------------------------------------------------
[ 2018-10-25T09:40:09+08:00 ] 127.0.0.1 127.0.0.1 POST /user/ucenter/pretend_item_list
[ log ] www.ctadmin.com/user/ucenter/pretend_item_list [运行时间：0.022000s][吞吐率：45.45req/s] [内存消耗：1,906.23kb] [文件加载：41]
[ info ] [ LANG ] E:\chitu\chitu_admin\trunk\thinkphp\lang\zh-cn.php
[ info ] [ ROUTE ] array (
  'type' => 'module',
  'module' => 
  array (
    0 => 'user',
    1 => 'ucenter',
    2 => 'pretend_item_list',
  ),
)
[ info ] [ HEADER ] array (
  'host' => 'www.ctadmin.com',
  'connection' => 'keep-alive',
  'content-length' => '280',
  'user-agent' => 'Mozilla/5.0 (Windows NT 6.1; WOW64) AppleWebKit/537.36 (KHTML, like Gecko) Chrome/68.0.3440.84 Safari/537.36',
  'cache-control' => 'no-cache',
  'origin' => 'chrome-extension://niphlbdhgiabfnjeompmngebipomclik',
  'postman-token' => '06d9adfa-467e-e479-bb2b-046d0845c768',
  'content-type' => 'multipart/form-data; boundary=----WebKitFormBoundary45kae11YhBgtMJNi',
  'accept' => '*/*',
  'accept-encoding' => 'gzip, deflate',
  'accept-language' => 'zh-CN,zh;q=0.9,ja;q=0.8',
)
[ info ] [ PARAM ] array (
  '/user/ucenter/pretend_item_list' => '',
  'token' => 'McTtUp0hMpD6I926N9T6I9xOTkyNzg2OWNvZGVwaHAO0O0O',
  'orderid' => '495',
)
[ info ] [ LOG ] INIT File
[ error ] [4]语法错误: unexpected 'return' (T_RETURN), expecting function (T_FUNCTION)[E:\chitu\chitu_admin\trunk\application\user\controller\Ucenter.php:1994]

---------------------------------------------------------------
[ 2018-10-25T09:40:44+08:00 ] 127.0.0.1 127.0.0.1 POST /user/ucenter/pretend_item_list
[ log ] www.ctadmin.com/user/ucenter/pretend_item_list [运行时间：0.920000s][吞吐率：1.09req/s] [内存消耗：3,149.61kb] [文件加载：53]
[ info ] [ LANG ] E:\chitu\chitu_admin\trunk\thinkphp\lang\zh-cn.php
[ info ] [ ROUTE ] array (
  'type' => 'module',
  'module' => 
  array (
    0 => 'user',
    1 => 'ucenter',
    2 => 'pretend_item_list',
  ),
)
[ info ] [ HEADER ] array (
  'host' => 'www.ctadmin.com',
  'connection' => 'keep-alive',
  'content-length' => '280',
  'user-agent' => 'Mozilla/5.0 (Windows NT 6.1; WOW64) AppleWebKit/537.36 (KHTML, like Gecko) Chrome/68.0.3440.84 Safari/537.36',
  'cache-control' => 'no-cache',
  'origin' => 'chrome-extension://niphlbdhgiabfnjeompmngebipomclik',
  'postman-token' => '744fd753-69c3-cdec-54bc-406cf88ca7e8',
  'content-type' => 'multipart/form-data; boundary=----WebKitFormBoundarySnTmMN479dek9N7W',
  'accept' => '*/*',
  'accept-encoding' => 'gzip, deflate',
  'accept-language' => 'zh-CN,zh;q=0.9,ja;q=0.8',
)
[ info ] [ PARAM ] array (
  '/user/ucenter/pretend_item_list' => '',
  'token' => 'McTtUp0hMpD6I926N9T6I9xOTkyNzg2OWNvZGVwaHAO0O0O',
  'orderid' => '495',
)
[ info ] [ DB ] INIT mysql
[ info ] [ RUN ] app\user\controller\Ucenter->pretend_item_list[ E:\chitu\chitu_admin\trunk\application\user\controller\Ucenter.php ]
[ info ] [ LOG ] INIT File
[ sql ] [ DB ] CONNECT:[ UseTime:0.175000s ] mysql:dbname=chitutest;host=rm-2zezn1940ztq6hib5o.mysql.rds.aliyuncs.com;charset=utf8
[ sql ] [ SQL ] SHOW COLUMNS FROM `ct_config` [ RunTime:0.058500s ]
[ sql ] [ SQL ] SELECT * FROM `ct_config` WHERE  `id` = 13 LIMIT 1 [ RunTime:0.058000s ]
[ sql ] [ SQL ] SHOW COLUMNS FROM `ct_user_token` [ RunTime:0.064500s ]
[ sql ] [ SQL ] SELECT * FROM `ct_user_token` WHERE  `token` = '1540265219927869codephp' LIMIT 1 [ RunTime:0.061500s ]
[ sql ] [ SQL ] SHOW COLUMNS FROM `ct_user` [ RunTime:0.072500s ]
[ sql ] [ SQL ] SELECT * FROM `ct_user` WHERE  `uid` = 126  AND `delstate` = 1 LIMIT 1 [ RunTime:0.061000s ]
[ sql ] [ SQL ] SHOW COLUMNS FROM `ct_issue_item` [ RunTime:0.062000s ]
[ sql ] [ SQL ] SELECT `o`.*,`c`.`carparame` FROM `ct_issue_item` `o` INNER JOIN `ct_cartype` `c` ON `o`.`carid`=`c`.`car_id` WHERE  `o`.`paystate` = 2  AND `o`.`ordertype` = 2 ORDER BY addtime desc [ RunTime:0.095500s ]
[ sql ] [ SQL ] SHOW COLUMNS FROM `ct_district` [ RunTime:0.058000s ]
[ sql ] [ SQL ] SELECT * FROM `ct_district` WHERE  `id` = 45052 LIMIT 1 [ RunTime:0.066000s ]
[ sql ] [ SQL ] SELECT * FROM `ct_district` WHERE  `id` = 45054 LIMIT 1 [ RunTime:0.028500s ]

---------------------------------------------------------------
[ 2018-10-25T09:41:19+08:00 ] 127.0.0.1 127.0.0.1 POST /user/ucenter/pretend_list_detail
[ log ] www.ctadmin.com/user/ucenter/pretend_list_detail [运行时间：1.329000s][吞吐率：0.75req/s] [内存消耗：3,158.05kb] [文件加载：53]
[ info ] [ LANG ] E:\chitu\chitu_admin\trunk\thinkphp\lang\zh-cn.php
[ info ] [ ROUTE ] array (
  'type' => 'module',
  'module' => 
  array (
    0 => 'user',
    1 => 'ucenter',
    2 => 'pretend_list_detail',
  ),
)
[ info ] [ HEADER ] array (
  'host' => 'www.ctadmin.com',
  'connection' => 'keep-alive',
  'content-length' => '280',
  'user-agent' => 'Mozilla/5.0 (Windows NT 6.1; WOW64) AppleWebKit/537.36 (KHTML, like Gecko) Chrome/68.0.3440.84 Safari/537.36',
  'cache-control' => 'no-cache',
  'origin' => 'chrome-extension://niphlbdhgiabfnjeompmngebipomclik',
  'postman-token' => '188d9691-deb4-0f7d-ab51-7a1a5fc823c5',
  'content-type' => 'multipart/form-data; boundary=----WebKitFormBoundarygq6CAdGyUIm5SXKH',
  'accept' => '*/*',
  'accept-encoding' => 'gzip, deflate',
  'accept-language' => 'zh-CN,zh;q=0.9,ja;q=0.8',
)
[ info ] [ PARAM ] array (
  '/user/ucenter/pretend_list_detail' => '',
  'token' => 'McTtUp0hMpD6I926N9T6I9xOTkyNzg2OWNvZGVwaHAO0O0O',
  'orderid' => '202',
)
[ info ] [ DB ] INIT mysql
[ info ] [ RUN ] app\user\controller\Ucenter->pretend_list_detail[ E:\chitu\chitu_admin\trunk\application\user\controller\Ucenter.php ]
[ info ] [ LOG ] INIT File
[ sql ] [ DB ] CONNECT:[ UseTime:0.091500s ] mysql:dbname=chitutest;host=rm-2zezn1940ztq6hib5o.mysql.rds.aliyuncs.com;charset=utf8
[ sql ] [ SQL ] SHOW COLUMNS FROM `ct_config` [ RunTime:0.071000s ]
[ sql ] [ SQL ] SELECT * FROM `ct_config` WHERE  `id` = 13 LIMIT 1 [ RunTime:0.066500s ]
[ sql ] [ SQL ] SHOW COLUMNS FROM `ct_user_token` [ RunTime:0.077000s ]
[ sql ] [ SQL ] SELECT * FROM `ct_user_token` WHERE  `token` = '1540265219927869codephp' LIMIT 1 [ RunTime:0.108000s ]
[ sql ] [ SQL ] SHOW COLUMNS FROM `ct_user` [ RunTime:0.112000s ]
[ sql ] [ SQL ] SELECT * FROM `ct_user` WHERE  `uid` = 126  AND `delstate` = 1 LIMIT 1 [ RunTime:0.136000s ]
[ sql ] [ SQL ] SHOW COLUMNS FROM `ct_issue_item` [ RunTime:0.115000s ]
[ sql ] [ SQL ] SELECT `o`.*,`c`.`carparame`,`c`.`allweight`,`c`.`allvolume` FROM `ct_issue_item` `o` INNER JOIN `ct_cartype` `c` ON `o`.`carid`=`c`.`car_id` WHERE  `o`.`id` = '202' LIMIT 1 [ RunTime:0.152000s ]
[ sql ] [ SQL ] SHOW COLUMNS FROM `ct_driver` [ RunTime:0.135000s ]
[ sql ] [ SQL ] SELECT * FROM `ct_driver` WHERE  `drivid` = 177 LIMIT 1 [ RunTime:0.066500s ]
[ sql ] [ SQL ] SHOW COLUMNS FROM `ct_district` [ RunTime:0.062000s ]
[ sql ] [ SQL ] SELECT * FROM `ct_district` WHERE  `id` = 45052 LIMIT 1 [ RunTime:0.067000s ]
[ sql ] [ SQL ] SELECT * FROM `ct_district` WHERE  `id` = 45054 LIMIT 1 [ RunTime:0.029000s ]

---------------------------------------------------------------
[ 2018-10-25T09:59:32+08:00 ] 127.0.0.1 127.0.0.1 POST /deiver/pretend/my_pretend
[ log ] www.ctadmin.com/deiver/pretend/my_pretend [运行时间：0.107000s][吞吐率：9.35req/s] [内存消耗：1,491.53kb] [文件加载：40]
[ info ] [ LANG ] E:\chitu\chitu_admin\trunk\thinkphp\lang\zh-cn.php
[ info ] [ ROUTE ] array (
  'type' => 'module',
  'module' => 
  array (
    0 => 'deiver',
    1 => 'pretend',
    2 => 'my_pretend',
  ),
)
[ info ] [ HEADER ] array (
  'host' => 'www.ctadmin.com',
  'connection' => 'keep-alive',
  'content-length' => '278',
  'user-agent' => 'Mozilla/5.0 (Windows NT 6.1; WOW64) AppleWebKit/537.36 (KHTML, like Gecko) Chrome/68.0.3440.84 Safari/537.36',
  'cache-control' => 'no-cache',
  'origin' => 'chrome-extension://niphlbdhgiabfnjeompmngebipomclik',
  'postman-token' => '5404c867-fed2-ffdd-6a2a-f5271f3593b6',
  'content-type' => 'multipart/form-data; boundary=----WebKitFormBoundaryvkYwQyje8zTjTNKI',
  'accept' => '*/*',
  'accept-encoding' => 'gzip, deflate',
  'accept-language' => 'zh-CN,zh;q=0.9,ja;q=0.8',
)
[ info ] [ PARAM ] array (
  '/deiver/pretend/my_pretend' => '',
  'token' => 'McTtU808M8D8QpzhMpjA0MzMxMDMyOWNvZGVwaHAO0O0O',
  'orderid' => '202',
)
[ info ] [ LOG ] INIT File

---------------------------------------------------------------
[ 2018-10-25T09:59:50+08:00 ] 127.0.0.1 127.0.0.1 POST /driver/pretend/my_pretend
[ log ] www.ctadmin.com/driver/pretend/my_pretend [运行时间：1.134500s][吞吐率：0.88req/s] [内存消耗：2,692.93kb] [文件加载：56]
[ info ] [ LANG ] E:\chitu\chitu_admin\trunk\thinkphp\lang\zh-cn.php
[ info ] [ ROUTE ] array (
  'type' => 'module',
  'module' => 
  array (
    0 => 'driver',
    1 => 'pretend',
    2 => 'my_pretend',
  ),
)
[ info ] [ HEADER ] array (
  'host' => 'www.ctadmin.com',
  'connection' => 'keep-alive',
  'content-length' => '278',
  'user-agent' => 'Mozilla/5.0 (Windows NT 6.1; WOW64) AppleWebKit/537.36 (KHTML, like Gecko) Chrome/68.0.3440.84 Safari/537.36',
  'cache-control' => 'no-cache',
  'origin' => 'chrome-extension://niphlbdhgiabfnjeompmngebipomclik',
  'postman-token' => 'fdc02b84-fb94-97a8-47f5-a7665a5ff814',
  'content-type' => 'multipart/form-data; boundary=----WebKitFormBoundaryemVuQWH0nHKnxg9P',
  'accept' => '*/*',
  'accept-encoding' => 'gzip, deflate',
  'accept-language' => 'zh-CN,zh;q=0.9,ja;q=0.8',
)
[ info ] [ PARAM ] array (
  '/driver/pretend/my_pretend' => '',
  'token' => 'McTtU808M8D8QpzhMpjA0MzMxMDMyOWNvZGVwaHAO0O0O',
  'orderid' => '202',
)
[ info ] [ RUN ] app\driver\controller\Pretend->my_pretend[ E:\chitu\chitu_admin\trunk\application\driver\controller\Pretend.php ]
[ info ] [ DB ] INIT mysql
[ info ] [ LOG ] INIT File
[ sql ] [ DB ] CONNECT:[ UseTime:0.121000s ] mysql:dbname=chitutest;host=rm-2zezn1940ztq6hib5o.mysql.rds.aliyuncs.com;charset=utf8
[ sql ] [ SQL ] SHOW COLUMNS FROM `ct_driver_token` [ RunTime:0.093500s ]
[ sql ] [ SQL ] SELECT * FROM `ct_driver_token` WHERE  `token` = '1540432043310329codephp' LIMIT 1 [ RunTime:0.061000s ]
[ sql ] [ SQL ] SHOW COLUMNS FROM `ct_driver` [ RunTime:0.075000s ]
[ sql ] [ SQL ] SELECT * FROM `ct_driver` WHERE  `drivid` = 178  AND `delstate` = 1 LIMIT 1 [ RunTime:0.092500s ]
[ sql ] [ SQL ] SHOW COLUMNS FROM `ct_issue_item` [ RunTime:0.082000s ]
[ sql ] [ SQL ] SELECT COUNT(*) AS tp_count FROM `ct_issue_item` `o` INNER JOIN `ct_cartype` `c` ON `o`.`carid`=`c`.`car_id` WHERE  `ordertype` = 2  AND `paystate` = 2  AND `userid` = 178 LIMIT 1 [ RunTime:0.059500s ]
[ sql ] [ SQL ] SELECT `o`.`id`,`o`.`paystate`,`o`.`loaddate`,`o`.`start_city`,`o`.`end_city`,`c`.`carparame`,`o`.`addtime`,`o`.`orderstate` FROM `ct_issue_item` `o` INNER JOIN `ct_cartype` `c` ON `o`.`carid`=`c`.`car_id` WHERE  `ordertype` = 2  AND `paystate` = 2  AND `userid` = 178 ORDER BY addtime desc LIMIT 0,10 [ RunTime:0.060500s ]
[ sql ] [ SQL ] SHOW COLUMNS FROM `ct_district` [ RunTime:0.060500s ]
[ sql ] [ SQL ] SELECT * FROM `ct_district` WHERE  `id` = 45054 LIMIT 1 [ RunTime:0.067000s ]
[ sql ] [ SQL ] SELECT * FROM `ct_district` WHERE  `id` = 291 LIMIT 1 [ RunTime:0.036500s ]

---------------------------------------------------------------
[ 2018-10-25T10:00:09+08:00 ] 127.0.0.1 127.0.0.1 POST /driver/pretend/my_pretend_detail
[ log ] www.ctadmin.com/driver/pretend/my_pretend_detail [运行时间：0.589500s][吞吐率：1.70req/s] [内存消耗：2,616.46kb] [文件加载：57]
[ info ] [ LANG ] E:\chitu\chitu_admin\trunk\thinkphp\lang\zh-cn.php
[ info ] [ ROUTE ] array (
  'type' => 'module',
  'module' => 
  array (
    0 => 'driver',
    1 => 'pretend',
    2 => 'my_pretend_detail',
  ),
)
[ info ] [ HEADER ] array (
  'host' => 'www.ctadmin.com',
  'connection' => 'keep-alive',
  'content-length' => '278',
  'user-agent' => 'Mozilla/5.0 (Windows NT 6.1; WOW64) AppleWebKit/537.36 (KHTML, like Gecko) Chrome/68.0.3440.84 Safari/537.36',
  'cache-control' => 'no-cache',
  'origin' => 'chrome-extension://niphlbdhgiabfnjeompmngebipomclik',
  'postman-token' => 'e77bcc59-241d-cbac-d717-b180bb6ec168',
  'content-type' => 'multipart/form-data; boundary=----WebKitFormBoundaryn67kpc2ysBMhMctR',
  'accept' => '*/*',
  'accept-encoding' => 'gzip, deflate',
  'accept-language' => 'zh-CN,zh;q=0.9,ja;q=0.8',
)
[ info ] [ PARAM ] array (
  '/driver/pretend/my_pretend_detail' => '',
  'token' => 'McTtU808M8D8QpzhMpjA0MzMxMDMyOWNvZGVwaHAO0O0O',
  'orderid' => '535',
)
[ info ] [ RUN ] app\driver\controller\Pretend->my_pretend_detail[ E:\chitu\chitu_admin\trunk\application\driver\controller\Pretend.php ]
[ info ] [ DB ] INIT mysql
[ info ] [ LOG ] INIT File
[ sql ] [ DB ] CONNECT:[ UseTime:0.102000s ] mysql:dbname=chitutest;host=rm-2zezn1940ztq6hib5o.mysql.rds.aliyuncs.com;charset=utf8
[ sql ] [ SQL ] SHOW COLUMNS FROM `ct_driver_token` [ RunTime:0.100000s ]
[ sql ] [ SQL ] SELECT * FROM `ct_driver_token` WHERE  `token` = '1540432043310329codephp' LIMIT 1 [ RunTime:0.070500s ]
[ sql ] [ SQL ] SHOW COLUMNS FROM `ct_driver` [ RunTime:0.080000s ]
[ sql ] [ SQL ] SELECT * FROM `ct_driver` WHERE  `drivid` = 178  AND `delstate` = 1 LIMIT 1 [ RunTime:0.070500s ]
[ sql ] [ SQL ] SHOW COLUMNS FROM `ct_issue_item` [ RunTime:0.062000s ]
[ error ] [10501]SQLSTATE[42000]: Syntax error or access violation: 1064 You have an error in your SQL syntax; check the manual that corresponds to your MySQL server version for the right syntax to use near '.remark,`o`.`start_city`,`o`.`end_city`,`o`.`issue_realname`,`o`.`issue_phone`,`' at line 2[E:\chitu\chitu_admin\trunk\thinkphp\library\think\db\Connection.php:383]

---------------------------------------------------------------
[ 2018-10-25T10:00:25+08:00 ] 127.0.0.1 127.0.0.1 POST /driver/pretend/my_pretend_detail
[ log ] www.ctadmin.com/driver/pretend/my_pretend_detail [运行时间：0.657000s][吞吐率：1.52req/s] [内存消耗：2,585.71kb] [文件加载：53]
[ info ] [ LANG ] E:\chitu\chitu_admin\trunk\thinkphp\lang\zh-cn.php
[ info ] [ ROUTE ] array (
  'type' => 'module',
  'module' => 
  array (
    0 => 'driver',
    1 => 'pretend',
    2 => 'my_pretend_detail',
  ),
)
[ info ] [ HEADER ] array (
  'host' => 'www.ctadmin.com',
  'connection' => 'keep-alive',
  'content-length' => '278',
  'user-agent' => 'Mozilla/5.0 (Windows NT 6.1; WOW64) AppleWebKit/537.36 (KHTML, like Gecko) Chrome/68.0.3440.84 Safari/537.36',
  'cache-control' => 'no-cache',
  'origin' => 'chrome-extension://niphlbdhgiabfnjeompmngebipomclik',
  'postman-token' => '7b1317e4-1764-8c16-e2fb-df2330e97929',
  'content-type' => 'multipart/form-data; boundary=----WebKitFormBoundaryTJwqcT1PJtNMMnbx',
  'accept' => '*/*',
  'accept-encoding' => 'gzip, deflate',
  'accept-language' => 'zh-CN,zh;q=0.9,ja;q=0.8',
)
[ info ] [ PARAM ] array (
  '/driver/pretend/my_pretend_detail' => '',
  'token' => 'McTtU808M8D8QpzhMpjA0MzMxMDMyOWNvZGVwaHAO0O0O',
  'orderid' => '535',
)
[ info ] [ RUN ] app\driver\controller\Pretend->my_pretend_detail[ E:\chitu\chitu_admin\trunk\application\driver\controller\Pretend.php ]
[ info ] [ DB ] INIT mysql
[ info ] [ LOG ] INIT File
[ sql ] [ DB ] CONNECT:[ UseTime:0.098500s ] mysql:dbname=chitutest;host=rm-2zezn1940ztq6hib5o.mysql.rds.aliyuncs.com;charset=utf8
[ sql ] [ SQL ] SHOW COLUMNS FROM `ct_driver_token` [ RunTime:0.067500s ]
[ sql ] [ SQL ] SELECT * FROM `ct_driver_token` WHERE  `token` = '1540432043310329codephp' LIMIT 1 [ RunTime:0.061000s ]
[ sql ] [ SQL ] SHOW COLUMNS FROM `ct_driver` [ RunTime:0.063000s ]
[ sql ] [ SQL ] SELECT * FROM `ct_driver` WHERE  `drivid` = 178  AND `delstate` = 1 LIMIT 1 [ RunTime:0.060500s ]
[ sql ] [ SQL ] SHOW COLUMNS FROM `ct_issue_item` [ RunTime:0.061500s ]
[ sql ] [ SQL ] SELECT `o`.`ordernumber`,`o`.`orderstate`,`o`.`addtime`,`o`.`loaddate`,`o`.`weight`,`o`.`volume`,`o`.`remark`,`o`.`start_city`,`o`.`end_city`,`o`.`issue_realname`,`o`.`issue_phone`,`c`.`carparame`,`c`.`allweight`,`c`.`allvolume` FROM `ct_issue_item` `o` INNER JOIN `ct_cartype` `c` ON `o`.`carid`=`c`.`car_id` WHERE  `o`.`id` = '535' LIMIT 1 [ RunTime:0.060000s ]
[ sql ] [ SQL ] SHOW COLUMNS FROM `ct_district` [ RunTime:0.061000s ]
[ sql ] [ SQL ] SELECT * FROM `ct_district` WHERE  `id` = 45054 LIMIT 1 [ RunTime:0.061000s ]
[ sql ] [ SQL ] SELECT * FROM `ct_district` WHERE  `id` = 291 LIMIT 1 [ RunTime:0.030000s ]

---------------------------------------------------------------
[ 2018-10-25T11:44:40+08:00 ] 127.0.0.1 127.0.0.1 POST /driver/pretend/my_pretend_detail
[ log ] www.ctadmin.com/driver/pretend/my_pretend_detail [运行时间：0.660000s][吞吐率：1.52req/s] [内存消耗：2,585.76kb] [文件加载：53]
[ info ] [ LANG ] E:\chitu\chitu_admin\trunk\thinkphp\lang\zh-cn.php
[ info ] [ ROUTE ] array (
  'type' => 'module',
  'module' => 
  array (
    0 => 'driver',
    1 => 'pretend',
    2 => 'my_pretend_detail',
  ),
)
[ info ] [ HEADER ] array (
  'host' => 'www.ctadmin.com',
  'connection' => 'keep-alive',
  'content-length' => '278',
  'user-agent' => 'Mozilla/5.0 (Windows NT 6.1; WOW64) AppleWebKit/537.36 (KHTML, like Gecko) Chrome/68.0.3440.84 Safari/537.36',
  'cache-control' => 'no-cache',
  'origin' => 'chrome-extension://niphlbdhgiabfnjeompmngebipomclik',
  'postman-token' => 'e2c720c3-815f-8fff-b2b2-774d49b7cd72',
  'content-type' => 'multipart/form-data; boundary=----WebKitFormBoundaryYe3EBgFFy5yYYNzW',
  'accept' => '*/*',
  'accept-encoding' => 'gzip, deflate',
  'accept-language' => 'zh-CN,zh;q=0.9,ja;q=0.8',
)
[ info ] [ PARAM ] array (
  '/driver/pretend/my_pretend_detail' => '',
  'token' => 'McTtU808M8D8QpzhMpjA0MzMxMDMyOWNvZGVwaHAO0O0O',
  'orderid' => '535',
)
[ info ] [ RUN ] app\driver\controller\Pretend->my_pretend_detail[ E:\chitu\chitu_admin\trunk\application\driver\controller\Pretend.php ]
[ info ] [ DB ] INIT mysql
[ info ] [ LOG ] INIT File
[ sql ] [ DB ] CONNECT:[ UseTime:0.120000s ] mysql:dbname=chitutest;host=rm-2zezn1940ztq6hib5o.mysql.rds.aliyuncs.com;charset=utf8
[ sql ] [ SQL ] SHOW COLUMNS FROM `ct_driver_token` [ RunTime:0.059000s ]
[ sql ] [ SQL ] SELECT * FROM `ct_driver_token` WHERE  `token` = '1540432043310329codephp' LIMIT 1 [ RunTime:0.059000s ]
[ sql ] [ SQL ] SHOW COLUMNS FROM `ct_driver` [ RunTime:0.060500s ]
[ sql ] [ SQL ] SELECT * FROM `ct_driver` WHERE  `drivid` = 178  AND `delstate` = 1 LIMIT 1 [ RunTime:0.059500s ]
[ sql ] [ SQL ] SHOW COLUMNS FROM `ct_issue_item` [ RunTime:0.058000s ]
[ sql ] [ SQL ] SELECT `o`.`ordernumber`,`o`.`orderstate`,`o`.`addtime`,`o`.`loaddate`,`o`.`weight`,`o`.`volume`,`o`.`remark`,`o`.`start_city`,`o`.`end_city`,`o`.`issue_realname`,`o`.`issue_phone`,`c`.`carparame`,`c`.`allweight`,`c`.`allvolume` FROM `ct_issue_item` `o` INNER JOIN `ct_cartype` `c` ON `o`.`carid`=`c`.`car_id` WHERE  `o`.`id` = '535' LIMIT 1 [ RunTime:0.062000s ]
[ sql ] [ SQL ] SHOW COLUMNS FROM `ct_district` [ RunTime:0.058500s ]
[ sql ] [ SQL ] SELECT * FROM `ct_district` WHERE  `id` = 45054 LIMIT 1 [ RunTime:0.058500s ]
[ sql ] [ SQL ] SELECT * FROM `ct_district` WHERE  `id` = 291 LIMIT 1 [ RunTime:0.029000s ]

---------------------------------------------------------------
[ 2018-10-25T11:46:08+08:00 ] 127.0.0.1 127.0.0.1 POST /user/ucenter/pretend_item_list
[ log ] www.ctadmin.com/user/ucenter/pretend_item_list [运行时间：0.414000s][吞吐率：2.42req/s] [内存消耗：3,127.37kb] [文件加载：53]
[ info ] [ LANG ] E:\chitu\chitu_admin\trunk\thinkphp\lang\zh-cn.php
[ info ] [ ROUTE ] array (
  'type' => 'module',
  'module' => 
  array (
    0 => 'user',
    1 => 'ucenter',
    2 => 'pretend_item_list',
  ),
)
[ info ] [ HEADER ] array (
  'host' => 'www.ctadmin.com',
  'connection' => 'keep-alive',
  'content-length' => '280',
  'user-agent' => 'Mozilla/5.0 (Windows NT 6.1; WOW64) AppleWebKit/537.36 (KHTML, like Gecko) Chrome/68.0.3440.84 Safari/537.36',
  'cache-control' => 'no-cache',
  'origin' => 'chrome-extension://niphlbdhgiabfnjeompmngebipomclik',
  'postman-token' => 'f217e47e-b858-4f97-83c3-3a822eed6395',
  'content-type' => 'multipart/form-data; boundary=----WebKitFormBoundary1ptyqNmeY1kdlpEj',
  'accept' => '*/*',
  'accept-encoding' => 'gzip, deflate',
  'accept-language' => 'zh-CN,zh;q=0.9,ja;q=0.8',
)
[ info ] [ PARAM ] array (
  '/user/ucenter/pretend_item_list' => '',
  'token' => 'McTtUp0hMpD6I926N9T6I9xOTkyNzg2OWNvZGVwaHAO0O0O',
  'orderid' => '495',
)
[ info ] [ DB ] INIT mysql
[ info ] [ RUN ] app\user\controller\Ucenter->pretend_item_list[ E:\chitu\chitu_admin\trunk\application\user\controller\Ucenter.php ]
[ info ] [ LOG ] INIT File
[ sql ] [ DB ] CONNECT:[ UseTime:0.086500s ] mysql:dbname=chitutest;host=rm-2zezn1940ztq6hib5o.mysql.rds.aliyuncs.com;charset=utf8
[ sql ] [ SQL ] SHOW COLUMNS FROM `ct_config` [ RunTime:0.059500s ]
[ sql ] [ SQL ] SELECT * FROM `ct_config` WHERE  `id` = 13 LIMIT 1 [ RunTime:0.055500s ]
[ sql ] [ SQL ] SHOW COLUMNS FROM `ct_user_token` [ RunTime:0.058500s ]
[ sql ] [ SQL ] SELECT * FROM `ct_user_token` WHERE  `token` = '1540265219927869codephp' LIMIT 1 [ RunTime:0.055000s ]

---------------------------------------------------------------
[ 2018-10-25T11:46:19+08:00 ] 127.0.0.1 127.0.0.1 POST /user/ucenter/pretend_item_list
[ log ] www.ctadmin.com/user/ucenter/pretend_item_list [运行时间：0.829000s][吞吐率：1.21req/s] [内存消耗：3,149.59kb] [文件加载：53]
[ info ] [ LANG ] E:\chitu\chitu_admin\trunk\thinkphp\lang\zh-cn.php
[ info ] [ ROUTE ] array (
  'type' => 'module',
  'module' => 
  array (
    0 => 'user',
    1 => 'ucenter',
    2 => 'pretend_item_list',
  ),
)
[ info ] [ HEADER ] array (
  'host' => 'www.ctadmin.com',
  'connection' => 'keep-alive',
  'content-length' => '280',
  'user-agent' => 'Mozilla/5.0 (Windows NT 6.1; WOW64) AppleWebKit/537.36 (KHTML, like Gecko) Chrome/68.0.3440.84 Safari/537.36',
  'cache-control' => 'no-cache',
  'origin' => 'chrome-extension://niphlbdhgiabfnjeompmngebipomclik',
  'postman-token' => '0b99b8cd-7fc4-6afa-19d4-3c738b1d9fe3',
  'content-type' => 'multipart/form-data; boundary=----WebKitFormBoundaryc30oV4BHOYHfIydI',
  'accept' => '*/*',
  'accept-encoding' => 'gzip, deflate',
  'accept-language' => 'zh-CN,zh;q=0.9,ja;q=0.8',
)
[ info ] [ PARAM ] array (
  '/user/ucenter/pretend_item_list' => '',
  'token' => 'McTtUp0hMpD6Q9z6M9z6c9zNTczNzI0MmNvZGVwaHAO0O0O',
  'orderid' => '495',
)
[ info ] [ DB ] INIT mysql
[ info ] [ RUN ] app\user\controller\Ucenter->pretend_item_list[ E:\chitu\chitu_admin\trunk\application\user\controller\Ucenter.php ]
[ info ] [ LOG ] INIT File
[ sql ] [ DB ] CONNECT:[ UseTime:0.110500s ] mysql:dbname=chitutest;host=rm-2zezn1940ztq6hib5o.mysql.rds.aliyuncs.com;charset=utf8
[ sql ] [ SQL ] SHOW COLUMNS FROM `ct_config` [ RunTime:0.072000s ]
[ sql ] [ SQL ] SELECT * FROM `ct_config` WHERE  `id` = 13 LIMIT 1 [ RunTime:0.062500s ]
[ sql ] [ SQL ] SHOW COLUMNS FROM `ct_user_token` [ RunTime:0.060500s ]
[ sql ] [ SQL ] SELECT * FROM `ct_user_token` WHERE  `token` = '1540433735737242codephp' LIMIT 1 [ RunTime:0.061500s ]
[ sql ] [ SQL ] SHOW COLUMNS FROM `ct_user` [ RunTime:0.060500s ]
[ sql ] [ SQL ] SELECT * FROM `ct_user` WHERE  `uid` = 126  AND `delstate` = 1 LIMIT 1 [ RunTime:0.061500s ]
[ sql ] [ SQL ] SHOW COLUMNS FROM `ct_issue_item` [ RunTime:0.060500s ]
[ sql ] [ SQL ] SELECT `o`.*,`c`.`carparame` FROM `ct_issue_item` `o` INNER JOIN `ct_cartype` `c` ON `o`.`carid`=`c`.`car_id` WHERE  `o`.`paystate` = 2  AND `o`.`ordertype` = 2 ORDER BY addtime desc [ RunTime:0.094000s ]
[ sql ] [ SQL ] SHOW COLUMNS FROM `ct_district` [ RunTime:0.059500s ]
[ sql ] [ SQL ] SELECT * FROM `ct_district` WHERE  `id` = 45052 LIMIT 1 [ RunTime:0.059000s ]
[ sql ] [ SQL ] SELECT * FROM `ct_district` WHERE  `id` = 45054 LIMIT 1 [ RunTime:0.031000s ]

---------------------------------------------------------------
[ 2018-10-25T15:09:43+08:00 ] 127.0.0.1 127.0.0.1 POST /user/ucenter/pretend_item_list
[ log ] www.ctadmin.com/user/ucenter/pretend_item_list [运行时间：0.903500s][吞吐率：1.11req/s] [内存消耗：3,150.05kb] [文件加载：53]
[ info ] [ LANG ] E:\chitu\chitu_admin\trunk\thinkphp\lang\zh-cn.php
[ info ] [ ROUTE ] array (
  'type' => 'module',
  'module' => 
  array (
    0 => 'user',
    1 => 'ucenter',
    2 => 'pretend_item_list',
  ),
)
[ info ] [ HEADER ] array (
  'host' => 'www.ctadmin.com',
  'connection' => 'keep-alive',
  'content-length' => '280',
  'user-agent' => 'Mozilla/5.0 (Windows NT 6.1; WOW64) AppleWebKit/537.36 (KHTML, like Gecko) Chrome/68.0.3440.84 Safari/537.36',
  'cache-control' => 'no-cache',
  'origin' => 'chrome-extension://niphlbdhgiabfnjeompmngebipomclik',
  'postman-token' => 'f0cc4ce2-bb6e-a48e-44be-7ce62620cf40',
  'content-type' => 'multipart/form-data; boundary=----WebKitFormBoundarynnWIhzLs3AuuHfsN',
  'accept' => '*/*',
  'accept-encoding' => 'gzip, deflate',
  'accept-language' => 'zh-CN,zh;q=0.9,ja;q=0.8',
)
[ info ] [ PARAM ] array (
  '/user/ucenter/pretend_item_list' => '',
  'token' => 'McTtUp0hMpD6Q9z6M9z6c9zNTczNzI0MmNvZGVwaHAO0O0O',
  'orderid' => '495',
)
[ info ] [ DB ] INIT mysql
[ info ] [ RUN ] app\user\controller\Ucenter->pretend_item_list[ E:\chitu\chitu_admin\trunk\application\user\controller\Ucenter.php ]
[ info ] [ LOG ] INIT File
[ sql ] [ DB ] CONNECT:[ UseTime:0.119000s ] mysql:dbname=chitutest;host=rm-2zezn1940ztq6hib5o.mysql.rds.aliyuncs.com;charset=utf8
[ sql ] [ SQL ] SHOW COLUMNS FROM `ct_config` [ RunTime:0.080500s ]
[ sql ] [ SQL ] SELECT * FROM `ct_config` WHERE  `id` = 13 LIMIT 1 [ RunTime:0.059000s ]
[ sql ] [ SQL ] SHOW COLUMNS FROM `ct_user_token` [ RunTime:0.060500s ]
[ sql ] [ SQL ] SELECT * FROM `ct_user_token` WHERE  `token` = '1540433735737242codephp' LIMIT 1 [ RunTime:0.062000s ]
[ sql ] [ SQL ] SHOW COLUMNS FROM `ct_user` [ RunTime:0.065000s ]
[ sql ] [ SQL ] SELECT * FROM `ct_user` WHERE  `uid` = 126  AND `delstate` = 1 LIMIT 1 [ RunTime:0.066500s ]
[ sql ] [ SQL ] SHOW COLUMNS FROM `ct_issue_item` [ RunTime:0.055500s ]
[ sql ] [ SQL ] SELECT `o`.*,`c`.`carparame` FROM `ct_issue_item` `o` INNER JOIN `ct_cartype` `c` ON `o`.`carid`=`c`.`car_id` WHERE  `o`.`paystate` = 2  AND `o`.`ordertype` = 2 ORDER BY addtime desc [ RunTime:0.096500s ]
[ sql ] [ SQL ] SHOW COLUMNS FROM `ct_district` [ RunTime:0.061500s ]
[ sql ] [ SQL ] SELECT * FROM `ct_district` WHERE  `id` = 415 LIMIT 1 [ RunTime:0.054500s ]
[ sql ] [ SQL ] SELECT * FROM `ct_district` WHERE  `id` = 45054 LIMIT 1 [ RunTime:0.027500s ]
[ sql ] [ SQL ] SELECT * FROM `ct_district` WHERE  `id` = 45052 LIMIT 1 [ RunTime:0.028000s ]
[ sql ] [ SQL ] SELECT * FROM `ct_district` WHERE  `id` = 45054 LIMIT 1 [ RunTime:0.029000s ]

---------------------------------------------------------------
