[ 2018-10-29T09:32:59+08:00 ] 127.0.0.1 127.0.0.1 GET /
[ log ] www.ctadmin.com/ [运行时间：0.761000s][吞吐率：1.31req/s] [内存消耗：1,965.15kb] [文件加载：47]
[ info ] [ LANG ] E:\chitu\chitu_admin\trunk\thinkphp\lang\zh-cn.php
[ info ] [ ROUTE ] array (
  'type' => 'module',
  'module' => 
  array (
    0 => '',
    1 => NULL,
    2 => NULL,
  ),
)
[ info ] [ HEADER ] array (
  'host' => 'www.ctadmin.com',
  'connection' => 'keep-alive',
  'upgrade-insecure-requests' => '1',
  'user-agent' => 'Mozilla/5.0 (Windows NT 6.1; WOW64) AppleWebKit/537.36 (KHTML, like Gecko) Chrome/68.0.3440.84 Safari/537.36',
  'accept' => 'text/html,application/xhtml+xml,application/xml;q=0.9,image/webp,image/apng,*/*;q=0.8',
  'accept-encoding' => 'gzip, deflate',
  'accept-language' => 'zh-CN,zh;q=0.9,ja;q=0.8',
)
[ info ] [ PARAM ] array (
)
[ info ] [ RUN ] app\admin\controller\Index->index[ E:\chitu\chitu_admin\trunk\application\admin\controller\Index.php ]
[ info ] [ SESSION ] INIT array (
  'id' => '',
  'var_session_id' => '',
  'prefix' => 'think',
  'type' => '',
  'auto_start' => true,
)
[ info ] [ LOG ] INIT File

---------------------------------------------------------------
[ 2018-10-29T09:33:00+08:00 ] 127.0.0.1 127.0.0.1 GET /admin/index/login.html
[ log ] www.ctadmin.com/admin/index/login.html [运行时间：0.055000s][吞吐率：18.18req/s] [内存消耗：1,902.70kb] [文件加载：46]
[ info ] [ LANG ] E:\chitu\chitu_admin\trunk\thinkphp\lang\zh-cn.php
[ info ] [ ROUTE ] array (
  'type' => 'module',
  'module' => 
  array (
    0 => 'admin',
    1 => 'index',
    2 => 'login',
  ),
)
[ info ] [ HEADER ] array (
  'host' => 'www.ctadmin.com',
  'connection' => 'keep-alive',
  'upgrade-insecure-requests' => '1',
  'user-agent' => 'Mozilla/5.0 (Windows NT 6.1; WOW64) AppleWebKit/537.36 (KHTML, like Gecko) Chrome/68.0.3440.84 Safari/537.36',
  'accept' => 'text/html,application/xhtml+xml,application/xml;q=0.9,image/webp,image/apng,*/*;q=0.8',
  'accept-encoding' => 'gzip, deflate',
  'accept-language' => 'zh-CN,zh;q=0.9,ja;q=0.8',
  'cookie' => 'PHPSESSID=710fe78gqf8l4rhsc7405kork0',
)
[ info ] [ PARAM ] array (
  '/admin/index/login_html' => '',
)
[ info ] [ RUN ] app\admin\controller\Index->login[ E:\chitu\chitu_admin\trunk\application\admin\controller\Index.php ]
[ info ] [ VIEW ] E:\chitu\chitu_admin\trunk\public/../application/admin\view\index\login.html [ array (
) ]
[ info ] [ LOG ] INIT File

---------------------------------------------------------------
[ 2018-10-29T09:35:02+08:00 ] 127.0.0.1 127.0.0.1 GET /user/base/cancel_item
[ log ] www.ctadmin.com/user/base/cancel_item [运行时间：2.974000s][吞吐率：0.34req/s] [内存消耗：2,735.46kb] [文件加载：51]
[ info ] [ LANG ] E:\chitu\chitu_admin\trunk\thinkphp\lang\zh-cn.php
[ info ] [ ROUTE ] array (
  'type' => 'module',
  'module' => 
  array (
    0 => 'user',
    1 => 'base',
    2 => 'cancel_item',
  ),
)
[ info ] [ HEADER ] array (
  'host' => 'www.ctadmin.com',
  'connection' => 'keep-alive',
  'upgrade-insecure-requests' => '1',
  'user-agent' => 'Mozilla/5.0 (Windows NT 6.1; WOW64) AppleWebKit/537.36 (KHTML, like Gecko) Chrome/68.0.3440.84 Safari/537.36',
  'accept' => 'text/html,application/xhtml+xml,application/xml;q=0.9,image/webp,image/apng,*/*;q=0.8',
  'accept-encoding' => 'gzip, deflate',
  'accept-language' => 'zh-CN,zh;q=0.9,ja;q=0.8',
  'cookie' => 'PHPSESSID=710fe78gqf8l4rhsc7405kork0',
)
[ info ] [ PARAM ] array (
  '/user/base/cancel_item' => '',
)
[ info ] [ DB ] INIT mysql
[ info ] [ RUN ] app\user\controller\Base->cancel_item[ E:\chitu\chitu_admin\trunk\application\user\controller\Base.php ]
[ info ] [ LOG ] INIT File
[ sql ] [ DB ] CONNECT:[ UseTime:0.286000s ] mysql:dbname=chitutest;host=rm-2zezn1940ztq6hib5o.mysql.rds.aliyuncs.com;charset=utf8
[ sql ] [ SQL ] SHOW COLUMNS FROM `ct_config` [ RunTime:0.068000s ]
[ sql ] [ SQL ] SELECT * FROM `ct_config` WHERE  `id` = 13 LIMIT 1 [ RunTime:0.072000s ]
[ sql ] [ SQL ] SHOW COLUMNS FROM `ct_issue_item` [ RunTime:0.070000s ]
[ sql ] [ SQL ] SELECT * FROM `ct_issue_item` WHERE  `paystate` = 2  AND `orderstate` = 1  AND `ordertype` = 1 [ RunTime:0.088000s ]
[ sql ] [ SQL ] SELECT * FROM `ct_issue_item` WHERE  `paystate` = 2  AND `orderstate` = 1  AND `ordertype` = 2 [ RunTime:0.031000s ]
[ sql ] [ SQL ] UPDATE `ct_issue_item`  SET `orderstate`=4  WHERE  `id` = 572 [ RunTime:0.059000s ]
[ sql ] [ SQL ] UPDATE `ct_issue_item`  SET `orderstate`=4  WHERE  `id` = 573 [ RunTime:0.037000s ]
[ sql ] [ SQL ] UPDATE `ct_issue_item`  SET `orderstate`=4  WHERE  `id` = 574 [ RunTime:0.030000s ]
[ sql ] [ SQL ] UPDATE `ct_issue_item`  SET `orderstate`=4  WHERE  `id` = 580 [ RunTime:0.058000s ]
[ sql ] [ SQL ] UPDATE `ct_issue_item`  SET `orderstate`=4  WHERE  `id` = 581 [ RunTime:0.046000s ]
[ sql ] [ SQL ] UPDATE `ct_issue_item`  SET `orderstate`=4  WHERE  `id` = 582 [ RunTime:0.030000s ]
[ sql ] [ SQL ] UPDATE `ct_issue_item`  SET `orderstate`=4  WHERE  `id` = 584 [ RunTime:0.050000s ]
[ sql ] [ SQL ] UPDATE `ct_issue_item`  SET `orderstate`=4  WHERE  `id` = 585 [ RunTime:0.030000s ]
[ sql ] [ SQL ] UPDATE `ct_issue_item`  SET `orderstate`=4  WHERE  `id` = 586 [ RunTime:0.033000s ]
[ sql ] [ SQL ] UPDATE `ct_issue_item`  SET `orderstate`=4  WHERE  `id` = 587 [ RunTime:0.034000s ]
[ sql ] [ SQL ] UPDATE `ct_issue_item`  SET `orderstate`=4  WHERE  `id` = 588 [ RunTime:0.030000s ]
[ sql ] [ SQL ] UPDATE `ct_issue_item`  SET `orderstate`=4  WHERE  `id` = 589 [ RunTime:0.030000s ]
[ sql ] [ SQL ] UPDATE `ct_issue_item`  SET `orderstate`=4  WHERE  `id` = 590 [ RunTime:0.057000s ]
[ sql ] [ SQL ] UPDATE `ct_issue_item`  SET `orderstate`=4  WHERE  `id` = 591 [ RunTime:0.035000s ]
[ sql ] [ SQL ] UPDATE `ct_issue_item`  SET `orderstate`=4  WHERE  `id` = 592 [ RunTime:0.030000s ]
[ sql ] [ SQL ] UPDATE `ct_issue_item`  SET `orderstate`=4  WHERE  `id` = 593 [ RunTime:0.030000s ]
[ sql ] [ SQL ] UPDATE `ct_issue_item`  SET `orderstate`=4  WHERE  `id` = 594 [ RunTime:0.031000s ]
[ sql ] [ SQL ] UPDATE `ct_issue_item`  SET `orderstate`=4  WHERE  `id` = 595 [ RunTime:0.030000s ]
[ sql ] [ SQL ] UPDATE `ct_issue_item`  SET `orderstate`=4  WHERE  `id` = 596 [ RunTime:0.031000s ]
[ sql ] [ SQL ] UPDATE `ct_issue_item`  SET `orderstate`=4  WHERE  `id` = 597 [ RunTime:0.036000s ]
[ sql ] [ SQL ] UPDATE `ct_issue_item`  SET `orderstate`=4  WHERE  `id` = 598 [ RunTime:0.030000s ]
[ sql ] [ SQL ] UPDATE `ct_issue_item`  SET `orderstate`=4  WHERE  `id` = 599 [ RunTime:0.030000s ]
[ sql ] [ SQL ] UPDATE `ct_issue_item`  SET `orderstate`=4  WHERE  `id` = 600 [ RunTime:0.034000s ]
[ sql ] [ SQL ] UPDATE `ct_issue_item`  SET `orderstate`=4  WHERE  `id` = 601 [ RunTime:0.061000s ]
[ sql ] [ SQL ] UPDATE `ct_issue_item`  SET `orderstate`=4  WHERE  `id` = 602 [ RunTime:0.041000s ]
[ sql ] [ SQL ] UPDATE `ct_issue_item`  SET `orderstate`=4  WHERE  `id` = 603 [ RunTime:0.030000s ]
[ sql ] [ SQL ] UPDATE `ct_issue_item`  SET `orderstate`=4  WHERE  `id` = 604 [ RunTime:0.046000s ]
[ sql ] [ SQL ] UPDATE `ct_issue_item`  SET `orderstate`=4  WHERE  `id` = 605 [ RunTime:0.034000s ]
[ sql ] [ SQL ] UPDATE `ct_issue_item`  SET `orderstate`=4  WHERE  `id` = 606 [ RunTime:0.029000s ]
[ sql ] [ SQL ] UPDATE `ct_issue_item`  SET `orderstate`=4  WHERE  `id` = 607 [ RunTime:0.047000s ]
[ sql ] [ SQL ] UPDATE `ct_issue_item`  SET `orderstate`=4  WHERE  `id` = 615 [ RunTime:0.030000s ]
[ sql ] [ SQL ] UPDATE `ct_issue_item`  SET `orderstate`=4  WHERE  `id` = 616 [ RunTime:0.036000s ]
[ sql ] [ SQL ] UPDATE `ct_issue_item`  SET `orderstate`=4  WHERE  `id` = 617 [ RunTime:0.030000s ]
[ sql ] [ SQL ] UPDATE `ct_issue_item`  SET `orderstate`=4  WHERE  `id` = 618 [ RunTime:0.035000s ]
[ sql ] [ SQL ] UPDATE `ct_issue_item`  SET `orderstate`=4  WHERE  `id` = 619 [ RunTime:0.032000s ]
[ sql ] [ SQL ] UPDATE `ct_issue_item`  SET `orderstate`=4  WHERE  `id` = 620 [ RunTime:0.033000s ]
[ sql ] [ SQL ] UPDATE `ct_issue_item`  SET `orderstate`=4  WHERE  `id` = 621 [ RunTime:0.030000s ]
[ sql ] [ SQL ] UPDATE `ct_issue_item`  SET `orderstate`=4  WHERE  `id` = 622 [ RunTime:0.034000s ]
[ sql ] [ SQL ] UPDATE `ct_issue_item`  SET `orderstate`=4  WHERE  `id` = 623 [ RunTime:0.032000s ]
[ sql ] [ SQL ] UPDATE `ct_issue_item`  SET `orderstate`=4  WHERE  `id` = 624 [ RunTime:0.049000s ]
[ sql ] [ SQL ] UPDATE `ct_issue_item`  SET `orderstate`=4  WHERE  `id` = 625 [ RunTime:0.031000s ]
[ sql ] [ SQL ] UPDATE `ct_issue_item`  SET `orderstate`=4  WHERE  `id` = 626 [ RunTime:0.045000s ]
[ sql ] [ SQL ] UPDATE `ct_issue_item`  SET `orderstate`=4  WHERE  `id` = 627 [ RunTime:0.030000s ]
[ sql ] [ SQL ] UPDATE `ct_issue_item`  SET `orderstate`=4  WHERE  `id` = 628 [ RunTime:0.064000s ]
[ sql ] [ SQL ] UPDATE `ct_issue_item`  SET `orderstate`=4  WHERE  `id` = 629 [ RunTime:0.035000s ]
[ sql ] [ SQL ] UPDATE `ct_issue_item`  SET `orderstate`=4  WHERE  `id` = 630 [ RunTime:0.031000s ]
[ sql ] [ SQL ] UPDATE `ct_issue_item`  SET `orderstate`=4  WHERE  `id` = 631 [ RunTime:0.039000s ]
[ sql ] [ SQL ] UPDATE `ct_issue_item`  SET `orderstate`=4  WHERE  `id` = 632 [ RunTime:0.031000s ]
[ sql ] [ SQL ] UPDATE `ct_issue_item`  SET `orderstate`=4  WHERE  `id` = 633 [ RunTime:0.032000s ]
[ sql ] [ SQL ] UPDATE `ct_issue_item`  SET `orderstate`=4  WHERE  `id` = 634 [ RunTime:0.035000s ]
[ sql ] [ SQL ] UPDATE `ct_issue_item`  SET `orderstate`=4  WHERE  `id` = 635 [ RunTime:0.030000s ]
[ sql ] [ SQL ] UPDATE `ct_issue_item`  SET `orderstate`=4  WHERE  `id` = 636 [ RunTime:0.030000s ]
[ sql ] [ SQL ] UPDATE `ct_issue_item`  SET `orderstate`=4  WHERE  `id` = 637 [ RunTime:0.045000s ]
[ sql ] [ SQL ] UPDATE `ct_issue_item`  SET `orderstate`=4  WHERE  `id` = 638 [ RunTime:0.037000s ]
[ sql ] [ SQL ] SHOW COLUMNS FROM `ct_userorder` [ RunTime:0.079000s ]
[ sql ] [ SQL ] SELECT * FROM `ct_userorder` WHERE  `orderstate` = 1  AND `paystate` IN (2,4,5) [ RunTime:0.060000s ]
[ sql ] [ SQL ] SHOW COLUMNS FROM `ct_city_order` [ RunTime:0.072000s ]
[ sql ] [ SQL ] SELECT * FROM `ct_city_order` WHERE  `state` = 1  AND `paystate` IN (2,4) [ RunTime:0.078000s ]

---------------------------------------------------------------
[ 2018-10-29T11:33:38+08:00 ] 127.0.0.1 127.0.0.1 GET /driver/base/timeOutCarinfo
[ log ] www.ctadmin.com/driver/base/timeOutCarinfo [运行时间：1.141500s][吞吐率：0.88req/s] [内存消耗：2,500.58kb] [文件加载：49]
[ info ] [ LANG ] E:\chitu\chitu_admin\trunk\thinkphp\lang\zh-cn.php
[ info ] [ ROUTE ] array (
  'type' => 'module',
  'module' => 
  array (
    0 => 'driver',
    1 => 'base',
    2 => 'timeOutCarinfo',
  ),
)
[ info ] [ HEADER ] array (
  'host' => 'www.ctadmin.com',
  'connection' => 'keep-alive',
  'upgrade-insecure-requests' => '1',
  'user-agent' => 'Mozilla/5.0 (Windows NT 6.1; WOW64) AppleWebKit/537.36 (KHTML, like Gecko) Chrome/68.0.3440.84 Safari/537.36',
  'accept' => 'text/html,application/xhtml+xml,application/xml;q=0.9,image/webp,image/apng,*/*;q=0.8',
  'accept-encoding' => 'gzip, deflate',
  'accept-language' => 'zh-CN,zh;q=0.9,ja;q=0.8',
  'cookie' => 'PHPSESSID=710fe78gqf8l4rhsc7405kork0',
)
[ info ] [ PARAM ] array (
  '/driver/base/timeOutCarinfo' => '',
)
[ info ] [ RUN ] app\driver\controller\Base->timeOutCarinfo[ E:\chitu\chitu_admin\trunk\application\driver\controller\Base.php ]
[ info ] [ DB ] INIT mysql
[ info ] [ LOG ] INIT File
[ sql ] [ DB ] CONNECT:[ UseTime:0.237500s ] mysql:dbname=chitutest;host=rm-2zezn1940ztq6hib5o.mysql.rds.aliyuncs.com;charset=utf8
[ sql ] [ SQL ] SHOW COLUMNS FROM `ct_activitycity` [ RunTime:0.133500s ]
[ sql ] [ SQL ] SELECT * FROM `ct_activitycity` WHERE  `state` = 1 [ RunTime:0.087000s ]
[ sql ] [ SQL ] SHOW COLUMNS FROM `ct_driver` [ RunTime:0.086000s ]
[ sql ] [ SQL ] SELECT * FROM `ct_driver` WHERE  `drivid` = 189 LIMIT 1 [ RunTime:0.078500s ]
[ sql ] [ SQL ] SELECT * FROM `ct_driver` WHERE  `drivid` = 189 LIMIT 1 [ RunTime:0.046000s ]
[ sql ] [ SQL ] SELECT * FROM `ct_driver` WHERE  `drivid` = 189 LIMIT 1 [ RunTime:0.032500s ]
[ sql ] [ SQL ] SELECT * FROM `ct_driver` WHERE  `drivid` = 189 LIMIT 1 [ RunTime:0.037500s ]
[ sql ] [ SQL ] SELECT * FROM `ct_driver` WHERE  `drivid` = 187 LIMIT 1 [ RunTime:0.037500s ]
[ sql ] [ SQL ] SELECT * FROM `ct_driver` WHERE  `drivid` = 187 LIMIT 1 [ RunTime:0.035500s ]
[ sql ] [ SQL ] SELECT * FROM `ct_driver` WHERE  `drivid` = 187 LIMIT 1 [ RunTime:0.032000s ]
[ sql ] [ SQL ] SELECT * FROM `ct_driver` WHERE  `drivid` = 187 LIMIT 1 [ RunTime:0.037500s ]
[ sql ] [ SQL ] SELECT * FROM `ct_driver` WHERE  `drivid` = 187 LIMIT 1 [ RunTime:0.032000s ]
[ sql ] [ SQL ] SELECT * FROM `ct_driver` WHERE  `drivid` = 187 LIMIT 1 [ RunTime:0.038000s ]
[ sql ] [ SQL ] SELECT * FROM `ct_driver` WHERE  `drivid` = 187 LIMIT 1 [ RunTime:0.047500s ]
[ sql ] [ SQL ] SELECT * FROM `ct_driver` WHERE  `drivid` = 187 LIMIT 1 [ RunTime:0.051000s ]

---------------------------------------------------------------
[ 2018-10-29T11:44:55+08:00 ] 127.0.0.1 127.0.0.1 GET /driver/base/setCarinfo
[ log ] www.ctadmin.com/driver/base/setCarinfo [运行时间：1.083000s][吞吐率：0.92req/s] [内存消耗：1,853.41kb] [文件加载：48]
[ info ] [ LANG ] E:\chitu\chitu_admin\trunk\thinkphp\lang\zh-cn.php
[ info ] [ ROUTE ] array (
  'type' => 'module',
  'module' => 
  array (
    0 => 'driver',
    1 => 'base',
    2 => 'setCarinfo',
  ),
)
[ info ] [ HEADER ] array (
  'host' => 'www.ctadmin.com',
  'connection' => 'keep-alive',
  'upgrade-insecure-requests' => '1',
  'user-agent' => 'Mozilla/5.0 (Windows NT 6.1; WOW64) AppleWebKit/537.36 (KHTML, like Gecko) Chrome/68.0.3440.84 Safari/537.36',
  'accept' => 'text/html,application/xhtml+xml,application/xml;q=0.9,image/webp,image/apng,*/*;q=0.8',
  'accept-encoding' => 'gzip, deflate',
  'accept-language' => 'zh-CN,zh;q=0.9,ja;q=0.8',
  'cookie' => 'PHPSESSID=710fe78gqf8l4rhsc7405kork0',
)
[ info ] [ PARAM ] array (
  '/driver/base/setCarinfo' => '',
)
[ info ] [ RUN ] app\driver\controller\Base->setCarinfo[ E:\chitu\chitu_admin\trunk\application\driver\controller\Base.php ]
[ info ] [ LOG ] INIT File
[ error ] [8]未定义变量: dataArr[E:\chitu\chitu_admin\trunk\application\driver\controller\Base.php:364]

---------------------------------------------------------------
[ 2018-10-29T11:49:05+08:00 ] 127.0.0.1 127.0.0.1 GET /driver/base/setCarinfo
[ log ] www.ctadmin.com/driver/base/setCarinfo [运行时间：0.041000s][吞吐率：24.39req/s] [内存消耗：1,810.27kb] [文件加载：44]
[ info ] [ LANG ] E:\chitu\chitu_admin\trunk\thinkphp\lang\zh-cn.php
[ info ] [ ROUTE ] array (
  'type' => 'module',
  'module' => 
  array (
    0 => 'driver',
    1 => 'base',
    2 => 'setCarinfo',
  ),
)
[ info ] [ HEADER ] array (
  'host' => 'www.ctadmin.com',
  'connection' => 'keep-alive',
  'cache-control' => 'max-age=0',
  'upgrade-insecure-requests' => '1',
  'user-agent' => 'Mozilla/5.0 (Windows NT 6.1; WOW64) AppleWebKit/537.36 (KHTML, like Gecko) Chrome/68.0.3440.84 Safari/537.36',
  'accept' => 'text/html,application/xhtml+xml,application/xml;q=0.9,image/webp,image/apng,*/*;q=0.8',
  'accept-encoding' => 'gzip, deflate',
  'accept-language' => 'zh-CN,zh;q=0.9,ja;q=0.8',
  'cookie' => 'PHPSESSID=710fe78gqf8l4rhsc7405kork0',
)
[ info ] [ PARAM ] array (
  '/driver/base/setCarinfo' => '',
)
[ info ] [ RUN ] app\driver\controller\Base->setCarinfo[ E:\chitu\chitu_admin\trunk\application\driver\controller\Base.php ]
[ info ] [ LOG ] INIT File

---------------------------------------------------------------
[ 2018-10-29T11:49:18+08:00 ] 127.0.0.1 127.0.0.1 GET /driver/base/setCarinfo
[ log ] www.ctadmin.com/driver/base/setCarinfo [运行时间：0.024000s][吞吐率：41.67req/s] [内存消耗：1,810.27kb] [文件加载：44]
[ info ] [ LANG ] E:\chitu\chitu_admin\trunk\thinkphp\lang\zh-cn.php
[ info ] [ ROUTE ] array (
  'type' => 'module',
  'module' => 
  array (
    0 => 'driver',
    1 => 'base',
    2 => 'setCarinfo',
  ),
)
[ info ] [ HEADER ] array (
  'host' => 'www.ctadmin.com',
  'connection' => 'keep-alive',
  'cache-control' => 'max-age=0',
  'upgrade-insecure-requests' => '1',
  'user-agent' => 'Mozilla/5.0 (Windows NT 6.1; WOW64) AppleWebKit/537.36 (KHTML, like Gecko) Chrome/68.0.3440.84 Safari/537.36',
  'accept' => 'text/html,application/xhtml+xml,application/xml;q=0.9,image/webp,image/apng,*/*;q=0.8',
  'accept-encoding' => 'gzip, deflate',
  'accept-language' => 'zh-CN,zh;q=0.9,ja;q=0.8',
  'cookie' => 'PHPSESSID=710fe78gqf8l4rhsc7405kork0',
)
[ info ] [ PARAM ] array (
  '/driver/base/setCarinfo' => '',
)
[ info ] [ RUN ] app\driver\controller\Base->setCarinfo[ E:\chitu\chitu_admin\trunk\application\driver\controller\Base.php ]
[ info ] [ LOG ] INIT File

---------------------------------------------------------------
[ 2018-10-29T11:49:19+08:00 ] 127.0.0.1 127.0.0.1 GET /driver/base/setCarinfo
[ log ] www.ctadmin.com/driver/base/setCarinfo [运行时间：0.021500s][吞吐率：46.51req/s] [内存消耗：1,810.27kb] [文件加载：44]
[ info ] [ LANG ] E:\chitu\chitu_admin\trunk\thinkphp\lang\zh-cn.php
[ info ] [ ROUTE ] array (
  'type' => 'module',
  'module' => 
  array (
    0 => 'driver',
    1 => 'base',
    2 => 'setCarinfo',
  ),
)
[ info ] [ HEADER ] array (
  'host' => 'www.ctadmin.com',
  'connection' => 'keep-alive',
  'cache-control' => 'max-age=0',
  'upgrade-insecure-requests' => '1',
  'user-agent' => 'Mozilla/5.0 (Windows NT 6.1; WOW64) AppleWebKit/537.36 (KHTML, like Gecko) Chrome/68.0.3440.84 Safari/537.36',
  'accept' => 'text/html,application/xhtml+xml,application/xml;q=0.9,image/webp,image/apng,*/*;q=0.8',
  'accept-encoding' => 'gzip, deflate',
  'accept-language' => 'zh-CN,zh;q=0.9,ja;q=0.8',
  'cookie' => 'PHPSESSID=710fe78gqf8l4rhsc7405kork0',
)
[ info ] [ PARAM ] array (
  '/driver/base/setCarinfo' => '',
)
[ info ] [ RUN ] app\driver\controller\Base->setCarinfo[ E:\chitu\chitu_admin\trunk\application\driver\controller\Base.php ]
[ info ] [ LOG ] INIT File

---------------------------------------------------------------
[ 2018-10-29T11:49:19+08:00 ] 127.0.0.1 127.0.0.1 GET /driver/base/setCarinfo
[ log ] www.ctadmin.com/driver/base/setCarinfo [运行时间：0.020000s][吞吐率：50.00req/s] [内存消耗：1,810.27kb] [文件加载：44]
[ info ] [ LANG ] E:\chitu\chitu_admin\trunk\thinkphp\lang\zh-cn.php
[ info ] [ ROUTE ] array (
  'type' => 'module',
  'module' => 
  array (
    0 => 'driver',
    1 => 'base',
    2 => 'setCarinfo',
  ),
)
[ info ] [ HEADER ] array (
  'host' => 'www.ctadmin.com',
  'connection' => 'keep-alive',
  'cache-control' => 'max-age=0',
  'upgrade-insecure-requests' => '1',
  'user-agent' => 'Mozilla/5.0 (Windows NT 6.1; WOW64) AppleWebKit/537.36 (KHTML, like Gecko) Chrome/68.0.3440.84 Safari/537.36',
  'accept' => 'text/html,application/xhtml+xml,application/xml;q=0.9,image/webp,image/apng,*/*;q=0.8',
  'accept-encoding' => 'gzip, deflate',
  'accept-language' => 'zh-CN,zh;q=0.9,ja;q=0.8',
  'cookie' => 'PHPSESSID=710fe78gqf8l4rhsc7405kork0',
)
[ info ] [ PARAM ] array (
  '/driver/base/setCarinfo' => '',
)
[ info ] [ RUN ] app\driver\controller\Base->setCarinfo[ E:\chitu\chitu_admin\trunk\application\driver\controller\Base.php ]
[ info ] [ LOG ] INIT File

---------------------------------------------------------------
[ 2018-10-29T11:49:20+08:00 ] 127.0.0.1 127.0.0.1 GET /driver/base/setCarinfo
[ log ] www.ctadmin.com/driver/base/setCarinfo [运行时间：0.022000s][吞吐率：45.45req/s] [内存消耗：1,810.27kb] [文件加载：44]
[ info ] [ LANG ] E:\chitu\chitu_admin\trunk\thinkphp\lang\zh-cn.php
[ info ] [ ROUTE ] array (
  'type' => 'module',
  'module' => 
  array (
    0 => 'driver',
    1 => 'base',
    2 => 'setCarinfo',
  ),
)
[ info ] [ HEADER ] array (
  'host' => 'www.ctadmin.com',
  'connection' => 'keep-alive',
  'cache-control' => 'max-age=0',
  'upgrade-insecure-requests' => '1',
  'user-agent' => 'Mozilla/5.0 (Windows NT 6.1; WOW64) AppleWebKit/537.36 (KHTML, like Gecko) Chrome/68.0.3440.84 Safari/537.36',
  'accept' => 'text/html,application/xhtml+xml,application/xml;q=0.9,image/webp,image/apng,*/*;q=0.8',
  'accept-encoding' => 'gzip, deflate',
  'accept-language' => 'zh-CN,zh;q=0.9,ja;q=0.8',
  'cookie' => 'PHPSESSID=710fe78gqf8l4rhsc7405kork0',
)
[ info ] [ PARAM ] array (
  '/driver/base/setCarinfo' => '',
)
[ info ] [ RUN ] app\driver\controller\Base->setCarinfo[ E:\chitu\chitu_admin\trunk\application\driver\controller\Base.php ]
[ info ] [ LOG ] INIT File

---------------------------------------------------------------
[ 2018-10-29T11:49:57+08:00 ] 127.0.0.1 127.0.0.1 GET /driver/base/setCarinfo
[ log ] www.ctadmin.com/driver/base/setCarinfo [运行时间：0.019500s][吞吐率：51.28req/s] [内存消耗：1,810.32kb] [文件加载：44]
[ info ] [ LANG ] E:\chitu\chitu_admin\trunk\thinkphp\lang\zh-cn.php
[ info ] [ ROUTE ] array (
  'type' => 'module',
  'module' => 
  array (
    0 => 'driver',
    1 => 'base',
    2 => 'setCarinfo',
  ),
)
[ info ] [ HEADER ] array (
  'host' => 'www.ctadmin.com',
  'connection' => 'keep-alive',
  'cache-control' => 'max-age=0',
  'upgrade-insecure-requests' => '1',
  'user-agent' => 'Mozilla/5.0 (Windows NT 6.1; WOW64) AppleWebKit/537.36 (KHTML, like Gecko) Chrome/68.0.3440.84 Safari/537.36',
  'accept' => 'text/html,application/xhtml+xml,application/xml;q=0.9,image/webp,image/apng,*/*;q=0.8',
  'accept-encoding' => 'gzip, deflate',
  'accept-language' => 'zh-CN,zh;q=0.9,ja;q=0.8',
  'cookie' => 'PHPSESSID=710fe78gqf8l4rhsc7405kork0',
)
[ info ] [ PARAM ] array (
  '/driver/base/setCarinfo' => '',
)
[ info ] [ RUN ] app\driver\controller\Base->setCarinfo[ E:\chitu\chitu_admin\trunk\application\driver\controller\Base.php ]
[ info ] [ LOG ] INIT File

---------------------------------------------------------------
[ 2018-10-29T11:51:28+08:00 ] 127.0.0.1 127.0.0.1 GET /driver/base/setCarinfo
[ log ] www.ctadmin.com/driver/base/setCarinfo [运行时间：0.024000s][吞吐率：41.67req/s] [内存消耗：1,810.34kb] [文件加载：44]
[ info ] [ LANG ] E:\chitu\chitu_admin\trunk\thinkphp\lang\zh-cn.php
[ info ] [ ROUTE ] array (
  'type' => 'module',
  'module' => 
  array (
    0 => 'driver',
    1 => 'base',
    2 => 'setCarinfo',
  ),
)
[ info ] [ HEADER ] array (
  'host' => 'www.ctadmin.com',
  'connection' => 'keep-alive',
  'cache-control' => 'max-age=0',
  'upgrade-insecure-requests' => '1',
  'user-agent' => 'Mozilla/5.0 (Windows NT 6.1; WOW64) AppleWebKit/537.36 (KHTML, like Gecko) Chrome/68.0.3440.84 Safari/537.36',
  'accept' => 'text/html,application/xhtml+xml,application/xml;q=0.9,image/webp,image/apng,*/*;q=0.8',
  'accept-encoding' => 'gzip, deflate',
  'accept-language' => 'zh-CN,zh;q=0.9,ja;q=0.8',
  'cookie' => 'PHPSESSID=710fe78gqf8l4rhsc7405kork0',
)
[ info ] [ PARAM ] array (
  '/driver/base/setCarinfo' => '',
)
[ info ] [ RUN ] app\driver\controller\Base->setCarinfo[ E:\chitu\chitu_admin\trunk\application\driver\controller\Base.php ]
[ info ] [ LOG ] INIT File

---------------------------------------------------------------
[ 2018-10-29T11:52:49+08:00 ] 127.0.0.1 127.0.0.1 GET /driver/base/setCarinfo
[ log ] www.ctadmin.com/driver/base/setCarinfo [运行时间：0.023000s][吞吐率：43.48req/s] [内存消耗：1,810.81kb] [文件加载：44]
[ info ] [ LANG ] E:\chitu\chitu_admin\trunk\thinkphp\lang\zh-cn.php
[ info ] [ ROUTE ] array (
  'type' => 'module',
  'module' => 
  array (
    0 => 'driver',
    1 => 'base',
    2 => 'setCarinfo',
  ),
)
[ info ] [ HEADER ] array (
  'host' => 'www.ctadmin.com',
  'connection' => 'keep-alive',
  'cache-control' => 'max-age=0',
  'upgrade-insecure-requests' => '1',
  'user-agent' => 'Mozilla/5.0 (Windows NT 6.1; WOW64) AppleWebKit/537.36 (KHTML, like Gecko) Chrome/68.0.3440.84 Safari/537.36',
  'accept' => 'text/html,application/xhtml+xml,application/xml;q=0.9,image/webp,image/apng,*/*;q=0.8',
  'accept-encoding' => 'gzip, deflate',
  'accept-language' => 'zh-CN,zh;q=0.9,ja;q=0.8',
  'cookie' => 'PHPSESSID=710fe78gqf8l4rhsc7405kork0',
)
[ info ] [ PARAM ] array (
  '/driver/base/setCarinfo' => '',
)
[ info ] [ RUN ] app\driver\controller\Base->setCarinfo[ E:\chitu\chitu_admin\trunk\application\driver\controller\Base.php ]
[ info ] [ LOG ] INIT File

---------------------------------------------------------------
[ 2018-10-29T11:54:29+08:00 ] 127.0.0.1 127.0.0.1 GET /driver/base/setCarinfo
[ log ] www.ctadmin.com/driver/base/setCarinfo [运行时间：0.030000s][吞吐率：33.33req/s] [内存消耗：1,840.54kb] [文件加载：46]
[ info ] [ LANG ] E:\chitu\chitu_admin\trunk\thinkphp\lang\zh-cn.php
[ info ] [ ROUTE ] array (
  'type' => 'module',
  'module' => 
  array (
    0 => 'driver',
    1 => 'base',
    2 => 'setCarinfo',
  ),
)
[ info ] [ HEADER ] array (
  'host' => 'www.ctadmin.com',
  'connection' => 'keep-alive',
  'cache-control' => 'max-age=0',
  'upgrade-insecure-requests' => '1',
  'user-agent' => 'Mozilla/5.0 (Windows NT 6.1; WOW64) AppleWebKit/537.36 (KHTML, like Gecko) Chrome/68.0.3440.84 Safari/537.36',
  'accept' => 'text/html,application/xhtml+xml,application/xml;q=0.9,image/webp,image/apng,*/*;q=0.8',
  'accept-encoding' => 'gzip, deflate',
  'accept-language' => 'zh-CN,zh;q=0.9,ja;q=0.8',
  'cookie' => 'PHPSESSID=710fe78gqf8l4rhsc7405kork0',
)
[ info ] [ PARAM ] array (
  '/driver/base/setCarinfo' => '',
)
[ info ] [ RUN ] app\driver\controller\Base->setCarinfo[ E:\chitu\chitu_admin\trunk\application\driver\controller\Base.php ]
[ info ] [ LOG ] INIT File
[ error ] [0]variable type error： array[E:\chitu\chitu_admin\trunk\thinkphp\library\think\Response.php:312]

---------------------------------------------------------------
[ 2018-10-29T11:54:48+08:00 ] 127.0.0.1 127.0.0.1 GET /driver/base/setCarinfo
[ log ] www.ctadmin.com/driver/base/setCarinfo [运行时间：0.027000s][吞吐率：37.04req/s] [内存消耗：1,840.52kb] [文件加载：46]
[ info ] [ LANG ] E:\chitu\chitu_admin\trunk\thinkphp\lang\zh-cn.php
[ info ] [ ROUTE ] array (
  'type' => 'module',
  'module' => 
  array (
    0 => 'driver',
    1 => 'base',
    2 => 'setCarinfo',
  ),
)
[ info ] [ HEADER ] array (
  'host' => 'www.ctadmin.com',
  'connection' => 'keep-alive',
  'cache-control' => 'max-age=0',
  'upgrade-insecure-requests' => '1',
  'user-agent' => 'Mozilla/5.0 (Windows NT 6.1; WOW64) AppleWebKit/537.36 (KHTML, like Gecko) Chrome/68.0.3440.84 Safari/537.36',
  'accept' => 'text/html,application/xhtml+xml,application/xml;q=0.9,image/webp,image/apng,*/*;q=0.8',
  'accept-encoding' => 'gzip, deflate',
  'accept-language' => 'zh-CN,zh;q=0.9,ja;q=0.8',
  'cookie' => 'PHPSESSID=710fe78gqf8l4rhsc7405kork0',
)
[ info ] [ PARAM ] array (
  '/driver/base/setCarinfo' => '',
)
[ info ] [ RUN ] app\driver\controller\Base->setCarinfo[ E:\chitu\chitu_admin\trunk\application\driver\controller\Base.php ]
[ info ] [ LOG ] INIT File
[ error ] [0]variable type error： array[E:\chitu\chitu_admin\trunk\thinkphp\library\think\Response.php:312]

---------------------------------------------------------------
[ 2018-10-29T11:54:50+08:00 ] 127.0.0.1 127.0.0.1 GET /driver/base/setCarinfo
[ log ] www.ctadmin.com/driver/base/setCarinfo [运行时间：0.021500s][吞吐率：46.51req/s] [内存消耗：1,840.52kb] [文件加载：46]
[ info ] [ LANG ] E:\chitu\chitu_admin\trunk\thinkphp\lang\zh-cn.php
[ info ] [ ROUTE ] array (
  'type' => 'module',
  'module' => 
  array (
    0 => 'driver',
    1 => 'base',
    2 => 'setCarinfo',
  ),
)
[ info ] [ HEADER ] array (
  'host' => 'www.ctadmin.com',
  'connection' => 'keep-alive',
  'cache-control' => 'max-age=0',
  'upgrade-insecure-requests' => '1',
  'user-agent' => 'Mozilla/5.0 (Windows NT 6.1; WOW64) AppleWebKit/537.36 (KHTML, like Gecko) Chrome/68.0.3440.84 Safari/537.36',
  'accept' => 'text/html,application/xhtml+xml,application/xml;q=0.9,image/webp,image/apng,*/*;q=0.8',
  'accept-encoding' => 'gzip, deflate',
  'accept-language' => 'zh-CN,zh;q=0.9,ja;q=0.8',
  'cookie' => 'PHPSESSID=710fe78gqf8l4rhsc7405kork0',
)
[ info ] [ PARAM ] array (
  '/driver/base/setCarinfo' => '',
)
[ info ] [ RUN ] app\driver\controller\Base->setCarinfo[ E:\chitu\chitu_admin\trunk\application\driver\controller\Base.php ]
[ info ] [ LOG ] INIT File
[ error ] [0]variable type error： array[E:\chitu\chitu_admin\trunk\thinkphp\library\think\Response.php:312]

---------------------------------------------------------------
[ 2018-10-29T11:54:50+08:00 ] 127.0.0.1 127.0.0.1 GET /driver/base/setCarinfo
[ log ] www.ctadmin.com/driver/base/setCarinfo [运行时间：0.026500s][吞吐率：37.74req/s] [内存消耗：1,840.52kb] [文件加载：46]
[ info ] [ LANG ] E:\chitu\chitu_admin\trunk\thinkphp\lang\zh-cn.php
[ info ] [ ROUTE ] array (
  'type' => 'module',
  'module' => 
  array (
    0 => 'driver',
    1 => 'base',
    2 => 'setCarinfo',
  ),
)
[ info ] [ HEADER ] array (
  'host' => 'www.ctadmin.com',
  'connection' => 'keep-alive',
  'cache-control' => 'max-age=0',
  'upgrade-insecure-requests' => '1',
  'user-agent' => 'Mozilla/5.0 (Windows NT 6.1; WOW64) AppleWebKit/537.36 (KHTML, like Gecko) Chrome/68.0.3440.84 Safari/537.36',
  'accept' => 'text/html,application/xhtml+xml,application/xml;q=0.9,image/webp,image/apng,*/*;q=0.8',
  'accept-encoding' => 'gzip, deflate',
  'accept-language' => 'zh-CN,zh;q=0.9,ja;q=0.8',
  'cookie' => 'PHPSESSID=710fe78gqf8l4rhsc7405kork0',
)
[ info ] [ PARAM ] array (
  '/driver/base/setCarinfo' => '',
)
[ info ] [ RUN ] app\driver\controller\Base->setCarinfo[ E:\chitu\chitu_admin\trunk\application\driver\controller\Base.php ]
[ info ] [ LOG ] INIT File
[ error ] [0]variable type error： array[E:\chitu\chitu_admin\trunk\thinkphp\library\think\Response.php:312]

---------------------------------------------------------------
[ 2018-10-29T11:54:51+08:00 ] 127.0.0.1 127.0.0.1 GET /driver/base/setCarinfo
[ log ] www.ctadmin.com/driver/base/setCarinfo [运行时间：0.022500s][吞吐率：44.44req/s] [内存消耗：1,840.51kb] [文件加载：46]
[ info ] [ LANG ] E:\chitu\chitu_admin\trunk\thinkphp\lang\zh-cn.php
[ info ] [ ROUTE ] array (
  'type' => 'module',
  'module' => 
  array (
    0 => 'driver',
    1 => 'base',
    2 => 'setCarinfo',
  ),
)
[ info ] [ HEADER ] array (
  'host' => 'www.ctadmin.com',
  'connection' => 'keep-alive',
  'cache-control' => 'max-age=0',
  'upgrade-insecure-requests' => '1',
  'user-agent' => 'Mozilla/5.0 (Windows NT 6.1; WOW64) AppleWebKit/537.36 (KHTML, like Gecko) Chrome/68.0.3440.84 Safari/537.36',
  'accept' => 'text/html,application/xhtml+xml,application/xml;q=0.9,image/webp,image/apng,*/*;q=0.8',
  'accept-encoding' => 'gzip, deflate',
  'accept-language' => 'zh-CN,zh;q=0.9,ja;q=0.8',
  'cookie' => 'PHPSESSID=710fe78gqf8l4rhsc7405kork0',
)
[ info ] [ PARAM ] array (
  '/driver/base/setCarinfo' => '',
)
[ info ] [ RUN ] app\driver\controller\Base->setCarinfo[ E:\chitu\chitu_admin\trunk\application\driver\controller\Base.php ]
[ info ] [ LOG ] INIT File
[ error ] [0]variable type error： array[E:\chitu\chitu_admin\trunk\thinkphp\library\think\Response.php:312]

---------------------------------------------------------------
[ 2018-10-29T11:55:09+08:00 ] 127.0.0.1 127.0.0.1 GET /driver/base/setCarinfo
[ log ] www.ctadmin.com/driver/base/setCarinfo [运行时间：0.023500s][吞吐率：42.55req/s] [内存消耗：1,840.21kb] [文件加载：46]
[ info ] [ LANG ] E:\chitu\chitu_admin\trunk\thinkphp\lang\zh-cn.php
[ info ] [ ROUTE ] array (
  'type' => 'module',
  'module' => 
  array (
    0 => 'driver',
    1 => 'base',
    2 => 'setCarinfo',
  ),
)
[ info ] [ HEADER ] array (
  'host' => 'www.ctadmin.com',
  'connection' => 'keep-alive',
  'cache-control' => 'max-age=0',
  'upgrade-insecure-requests' => '1',
  'user-agent' => 'Mozilla/5.0 (Windows NT 6.1; WOW64) AppleWebKit/537.36 (KHTML, like Gecko) Chrome/68.0.3440.84 Safari/537.36',
  'accept' => 'text/html,application/xhtml+xml,application/xml;q=0.9,image/webp,image/apng,*/*;q=0.8',
  'accept-encoding' => 'gzip, deflate',
  'accept-language' => 'zh-CN,zh;q=0.9,ja;q=0.8',
  'cookie' => 'PHPSESSID=710fe78gqf8l4rhsc7405kork0',
)
[ info ] [ PARAM ] array (
  '/driver/base/setCarinfo' => '',
)
[ info ] [ RUN ] app\driver\controller\Base->setCarinfo[ E:\chitu\chitu_admin\trunk\application\driver\controller\Base.php ]
[ info ] [ LOG ] INIT File
[ error ] [0]variable type error： array[E:\chitu\chitu_admin\trunk\thinkphp\library\think\Response.php:312]

---------------------------------------------------------------
[ 2018-10-29T11:55:10+08:00 ] 127.0.0.1 127.0.0.1 GET /driver/base/setCarinfo
[ log ] www.ctadmin.com/driver/base/setCarinfo [运行时间：0.021000s][吞吐率：47.62req/s] [内存消耗：1,840.17kb] [文件加载：46]
[ info ] [ LANG ] E:\chitu\chitu_admin\trunk\thinkphp\lang\zh-cn.php
[ info ] [ ROUTE ] array (
  'type' => 'module',
  'module' => 
  array (
    0 => 'driver',
    1 => 'base',
    2 => 'setCarinfo',
  ),
)
[ info ] [ HEADER ] array (
  'host' => 'www.ctadmin.com',
  'connection' => 'keep-alive',
  'cache-control' => 'max-age=0',
  'upgrade-insecure-requests' => '1',
  'user-agent' => 'Mozilla/5.0 (Windows NT 6.1; WOW64) AppleWebKit/537.36 (KHTML, like Gecko) Chrome/68.0.3440.84 Safari/537.36',
  'accept' => 'text/html,application/xhtml+xml,application/xml;q=0.9,image/webp,image/apng,*/*;q=0.8',
  'accept-encoding' => 'gzip, deflate',
  'accept-language' => 'zh-CN,zh;q=0.9,ja;q=0.8',
  'cookie' => 'PHPSESSID=710fe78gqf8l4rhsc7405kork0',
)
[ info ] [ PARAM ] array (
  '/driver/base/setCarinfo' => '',
)
[ info ] [ RUN ] app\driver\controller\Base->setCarinfo[ E:\chitu\chitu_admin\trunk\application\driver\controller\Base.php ]
[ info ] [ LOG ] INIT File
[ error ] [0]variable type error： array[E:\chitu\chitu_admin\trunk\thinkphp\library\think\Response.php:312]

---------------------------------------------------------------
[ 2018-10-29T11:55:10+08:00 ] 127.0.0.1 127.0.0.1 GET /driver/base/setCarinfo
[ log ] www.ctadmin.com/driver/base/setCarinfo [运行时间：0.021000s][吞吐率：47.62req/s] [内存消耗：1,840.16kb] [文件加载：46]
[ info ] [ LANG ] E:\chitu\chitu_admin\trunk\thinkphp\lang\zh-cn.php
[ info ] [ ROUTE ] array (
  'type' => 'module',
  'module' => 
  array (
    0 => 'driver',
    1 => 'base',
    2 => 'setCarinfo',
  ),
)
[ info ] [ HEADER ] array (
  'host' => 'www.ctadmin.com',
  'connection' => 'keep-alive',
  'cache-control' => 'max-age=0',
  'upgrade-insecure-requests' => '1',
  'user-agent' => 'Mozilla/5.0 (Windows NT 6.1; WOW64) AppleWebKit/537.36 (KHTML, like Gecko) Chrome/68.0.3440.84 Safari/537.36',
  'accept' => 'text/html,application/xhtml+xml,application/xml;q=0.9,image/webp,image/apng,*/*;q=0.8',
  'accept-encoding' => 'gzip, deflate',
  'accept-language' => 'zh-CN,zh;q=0.9,ja;q=0.8',
  'cookie' => 'PHPSESSID=710fe78gqf8l4rhsc7405kork0',
)
[ info ] [ PARAM ] array (
  '/driver/base/setCarinfo' => '',
)
[ info ] [ RUN ] app\driver\controller\Base->setCarinfo[ E:\chitu\chitu_admin\trunk\application\driver\controller\Base.php ]
[ info ] [ LOG ] INIT File
[ error ] [0]variable type error： array[E:\chitu\chitu_admin\trunk\thinkphp\library\think\Response.php:312]

---------------------------------------------------------------
[ 2018-10-29T11:55:11+08:00 ] 127.0.0.1 127.0.0.1 GET /driver/base/setCarinfo
[ log ] www.ctadmin.com/driver/base/setCarinfo [运行时间：0.022500s][吞吐率：44.44req/s] [内存消耗：1,840.17kb] [文件加载：46]
[ info ] [ LANG ] E:\chitu\chitu_admin\trunk\thinkphp\lang\zh-cn.php
[ info ] [ ROUTE ] array (
  'type' => 'module',
  'module' => 
  array (
    0 => 'driver',
    1 => 'base',
    2 => 'setCarinfo',
  ),
)
[ info ] [ HEADER ] array (
  'host' => 'www.ctadmin.com',
  'connection' => 'keep-alive',
  'cache-control' => 'max-age=0',
  'upgrade-insecure-requests' => '1',
  'user-agent' => 'Mozilla/5.0 (Windows NT 6.1; WOW64) AppleWebKit/537.36 (KHTML, like Gecko) Chrome/68.0.3440.84 Safari/537.36',
  'accept' => 'text/html,application/xhtml+xml,application/xml;q=0.9,image/webp,image/apng,*/*;q=0.8',
  'accept-encoding' => 'gzip, deflate',
  'accept-language' => 'zh-CN,zh;q=0.9,ja;q=0.8',
  'cookie' => 'PHPSESSID=710fe78gqf8l4rhsc7405kork0',
)
[ info ] [ PARAM ] array (
  '/driver/base/setCarinfo' => '',
)
[ info ] [ RUN ] app\driver\controller\Base->setCarinfo[ E:\chitu\chitu_admin\trunk\application\driver\controller\Base.php ]
[ info ] [ LOG ] INIT File
[ error ] [0]variable type error： array[E:\chitu\chitu_admin\trunk\thinkphp\library\think\Response.php:312]

---------------------------------------------------------------
[ 2018-10-29T11:55:11+08:00 ] 127.0.0.1 127.0.0.1 GET /driver/base/setCarinfo
[ log ] www.ctadmin.com/driver/base/setCarinfo [运行时间：0.021500s][吞吐率：46.51req/s] [内存消耗：1,840.17kb] [文件加载：46]
[ info ] [ LANG ] E:\chitu\chitu_admin\trunk\thinkphp\lang\zh-cn.php
[ info ] [ ROUTE ] array (
  'type' => 'module',
  'module' => 
  array (
    0 => 'driver',
    1 => 'base',
    2 => 'setCarinfo',
  ),
)
[ info ] [ HEADER ] array (
  'host' => 'www.ctadmin.com',
  'connection' => 'keep-alive',
  'cache-control' => 'max-age=0',
  'upgrade-insecure-requests' => '1',
  'user-agent' => 'Mozilla/5.0 (Windows NT 6.1; WOW64) AppleWebKit/537.36 (KHTML, like Gecko) Chrome/68.0.3440.84 Safari/537.36',
  'accept' => 'text/html,application/xhtml+xml,application/xml;q=0.9,image/webp,image/apng,*/*;q=0.8',
  'accept-encoding' => 'gzip, deflate',
  'accept-language' => 'zh-CN,zh;q=0.9,ja;q=0.8',
  'cookie' => 'PHPSESSID=710fe78gqf8l4rhsc7405kork0',
)
[ info ] [ PARAM ] array (
  '/driver/base/setCarinfo' => '',
)
[ info ] [ RUN ] app\driver\controller\Base->setCarinfo[ E:\chitu\chitu_admin\trunk\application\driver\controller\Base.php ]
[ info ] [ LOG ] INIT File
[ error ] [0]variable type error： array[E:\chitu\chitu_admin\trunk\thinkphp\library\think\Response.php:312]

---------------------------------------------------------------
[ 2018-10-29T11:55:11+08:00 ] 127.0.0.1 127.0.0.1 GET /driver/base/setCarinfo
[ log ] www.ctadmin.com/driver/base/setCarinfo [运行时间：0.022500s][吞吐率：44.44req/s] [内存消耗：1,840.16kb] [文件加载：46]
[ info ] [ LANG ] E:\chitu\chitu_admin\trunk\thinkphp\lang\zh-cn.php
[ info ] [ ROUTE ] array (
  'type' => 'module',
  'module' => 
  array (
    0 => 'driver',
    1 => 'base',
    2 => 'setCarinfo',
  ),
)
[ info ] [ HEADER ] array (
  'host' => 'www.ctadmin.com',
  'connection' => 'keep-alive',
  'cache-control' => 'max-age=0',
  'upgrade-insecure-requests' => '1',
  'user-agent' => 'Mozilla/5.0 (Windows NT 6.1; WOW64) AppleWebKit/537.36 (KHTML, like Gecko) Chrome/68.0.3440.84 Safari/537.36',
  'accept' => 'text/html,application/xhtml+xml,application/xml;q=0.9,image/webp,image/apng,*/*;q=0.8',
  'accept-encoding' => 'gzip, deflate',
  'accept-language' => 'zh-CN,zh;q=0.9,ja;q=0.8',
  'cookie' => 'PHPSESSID=710fe78gqf8l4rhsc7405kork0',
)
[ info ] [ PARAM ] array (
  '/driver/base/setCarinfo' => '',
)
[ info ] [ RUN ] app\driver\controller\Base->setCarinfo[ E:\chitu\chitu_admin\trunk\application\driver\controller\Base.php ]
[ info ] [ LOG ] INIT File
[ error ] [0]variable type error： array[E:\chitu\chitu_admin\trunk\thinkphp\library\think\Response.php:312]

---------------------------------------------------------------
[ 2018-10-29T11:55:11+08:00 ] 127.0.0.1 127.0.0.1 GET /driver/base/setCarinfo
[ log ] www.ctadmin.com/driver/base/setCarinfo [运行时间：0.022500s][吞吐率：44.44req/s] [内存消耗：1,840.16kb] [文件加载：46]
[ info ] [ LANG ] E:\chitu\chitu_admin\trunk\thinkphp\lang\zh-cn.php
[ info ] [ ROUTE ] array (
  'type' => 'module',
  'module' => 
  array (
    0 => 'driver',
    1 => 'base',
    2 => 'setCarinfo',
  ),
)
[ info ] [ HEADER ] array (
  'host' => 'www.ctadmin.com',
  'connection' => 'keep-alive',
  'cache-control' => 'max-age=0',
  'upgrade-insecure-requests' => '1',
  'user-agent' => 'Mozilla/5.0 (Windows NT 6.1; WOW64) AppleWebKit/537.36 (KHTML, like Gecko) Chrome/68.0.3440.84 Safari/537.36',
  'accept' => 'text/html,application/xhtml+xml,application/xml;q=0.9,image/webp,image/apng,*/*;q=0.8',
  'accept-encoding' => 'gzip, deflate',
  'accept-language' => 'zh-CN,zh;q=0.9,ja;q=0.8',
  'cookie' => 'PHPSESSID=710fe78gqf8l4rhsc7405kork0',
)
[ info ] [ PARAM ] array (
  '/driver/base/setCarinfo' => '',
)
[ info ] [ RUN ] app\driver\controller\Base->setCarinfo[ E:\chitu\chitu_admin\trunk\application\driver\controller\Base.php ]
[ info ] [ LOG ] INIT File
[ error ] [0]variable type error： array[E:\chitu\chitu_admin\trunk\thinkphp\library\think\Response.php:312]

---------------------------------------------------------------
[ 2018-10-29T11:55:12+08:00 ] 127.0.0.1 127.0.0.1 GET /driver/base/setCarinfo
[ log ] www.ctadmin.com/driver/base/setCarinfo [运行时间：0.021000s][吞吐率：47.62req/s] [内存消耗：1,840.17kb] [文件加载：46]
[ info ] [ LANG ] E:\chitu\chitu_admin\trunk\thinkphp\lang\zh-cn.php
[ info ] [ ROUTE ] array (
  'type' => 'module',
  'module' => 
  array (
    0 => 'driver',
    1 => 'base',
    2 => 'setCarinfo',
  ),
)
[ info ] [ HEADER ] array (
  'host' => 'www.ctadmin.com',
  'connection' => 'keep-alive',
  'cache-control' => 'max-age=0',
  'upgrade-insecure-requests' => '1',
  'user-agent' => 'Mozilla/5.0 (Windows NT 6.1; WOW64) AppleWebKit/537.36 (KHTML, like Gecko) Chrome/68.0.3440.84 Safari/537.36',
  'accept' => 'text/html,application/xhtml+xml,application/xml;q=0.9,image/webp,image/apng,*/*;q=0.8',
  'accept-encoding' => 'gzip, deflate',
  'accept-language' => 'zh-CN,zh;q=0.9,ja;q=0.8',
  'cookie' => 'PHPSESSID=710fe78gqf8l4rhsc7405kork0',
)
[ info ] [ PARAM ] array (
  '/driver/base/setCarinfo' => '',
)
[ info ] [ RUN ] app\driver\controller\Base->setCarinfo[ E:\chitu\chitu_admin\trunk\application\driver\controller\Base.php ]
[ info ] [ LOG ] INIT File
[ error ] [0]variable type error： array[E:\chitu\chitu_admin\trunk\thinkphp\library\think\Response.php:312]

---------------------------------------------------------------
[ 2018-10-29T11:55:12+08:00 ] 127.0.0.1 127.0.0.1 GET /driver/base/setCarinfo
[ log ] www.ctadmin.com/driver/base/setCarinfo [运行时间：0.022000s][吞吐率：45.45req/s] [内存消耗：1,840.16kb] [文件加载：46]
[ info ] [ LANG ] E:\chitu\chitu_admin\trunk\thinkphp\lang\zh-cn.php
[ info ] [ ROUTE ] array (
  'type' => 'module',
  'module' => 
  array (
    0 => 'driver',
    1 => 'base',
    2 => 'setCarinfo',
  ),
)
[ info ] [ HEADER ] array (
  'host' => 'www.ctadmin.com',
  'connection' => 'keep-alive',
  'cache-control' => 'max-age=0',
  'upgrade-insecure-requests' => '1',
  'user-agent' => 'Mozilla/5.0 (Windows NT 6.1; WOW64) AppleWebKit/537.36 (KHTML, like Gecko) Chrome/68.0.3440.84 Safari/537.36',
  'accept' => 'text/html,application/xhtml+xml,application/xml;q=0.9,image/webp,image/apng,*/*;q=0.8',
  'accept-encoding' => 'gzip, deflate',
  'accept-language' => 'zh-CN,zh;q=0.9,ja;q=0.8',
  'cookie' => 'PHPSESSID=710fe78gqf8l4rhsc7405kork0',
)
[ info ] [ PARAM ] array (
  '/driver/base/setCarinfo' => '',
)
[ info ] [ RUN ] app\driver\controller\Base->setCarinfo[ E:\chitu\chitu_admin\trunk\application\driver\controller\Base.php ]
[ info ] [ LOG ] INIT File
[ error ] [0]variable type error： array[E:\chitu\chitu_admin\trunk\thinkphp\library\think\Response.php:312]

---------------------------------------------------------------
[ 2018-10-29T11:55:12+08:00 ] 127.0.0.1 127.0.0.1 GET /driver/base/setCarinfo
[ log ] www.ctadmin.com/driver/base/setCarinfo [运行时间：0.022000s][吞吐率：45.45req/s] [内存消耗：1,840.16kb] [文件加载：46]
[ info ] [ LANG ] E:\chitu\chitu_admin\trunk\thinkphp\lang\zh-cn.php
[ info ] [ ROUTE ] array (
  'type' => 'module',
  'module' => 
  array (
    0 => 'driver',
    1 => 'base',
    2 => 'setCarinfo',
  ),
)
[ info ] [ HEADER ] array (
  'host' => 'www.ctadmin.com',
  'connection' => 'keep-alive',
  'cache-control' => 'max-age=0',
  'upgrade-insecure-requests' => '1',
  'user-agent' => 'Mozilla/5.0 (Windows NT 6.1; WOW64) AppleWebKit/537.36 (KHTML, like Gecko) Chrome/68.0.3440.84 Safari/537.36',
  'accept' => 'text/html,application/xhtml+xml,application/xml;q=0.9,image/webp,image/apng,*/*;q=0.8',
  'accept-encoding' => 'gzip, deflate',
  'accept-language' => 'zh-CN,zh;q=0.9,ja;q=0.8',
  'cookie' => 'PHPSESSID=710fe78gqf8l4rhsc7405kork0',
)
[ info ] [ PARAM ] array (
  '/driver/base/setCarinfo' => '',
)
[ info ] [ RUN ] app\driver\controller\Base->setCarinfo[ E:\chitu\chitu_admin\trunk\application\driver\controller\Base.php ]
[ info ] [ LOG ] INIT File
[ error ] [0]variable type error： array[E:\chitu\chitu_admin\trunk\thinkphp\library\think\Response.php:312]

---------------------------------------------------------------
[ 2018-10-29T11:56:23+08:00 ] 127.0.0.1 127.0.0.1 GET /driver/base/setCarinfo
[ log ] www.ctadmin.com/driver/base/setCarinfo [运行时间：0.022000s][吞吐率：45.45req/s] [内存消耗：1,840.16kb] [文件加载：46]
[ info ] [ LANG ] E:\chitu\chitu_admin\trunk\thinkphp\lang\zh-cn.php
[ info ] [ ROUTE ] array (
  'type' => 'module',
  'module' => 
  array (
    0 => 'driver',
    1 => 'base',
    2 => 'setCarinfo',
  ),
)
[ info ] [ HEADER ] array (
  'host' => 'www.ctadmin.com',
  'connection' => 'keep-alive',
  'cache-control' => 'max-age=0',
  'upgrade-insecure-requests' => '1',
  'user-agent' => 'Mozilla/5.0 (Windows NT 6.1; WOW64) AppleWebKit/537.36 (KHTML, like Gecko) Chrome/68.0.3440.84 Safari/537.36',
  'accept' => 'text/html,application/xhtml+xml,application/xml;q=0.9,image/webp,image/apng,*/*;q=0.8',
  'accept-encoding' => 'gzip, deflate',
  'accept-language' => 'zh-CN,zh;q=0.9,ja;q=0.8',
  'cookie' => 'PHPSESSID=710fe78gqf8l4rhsc7405kork0',
)
[ info ] [ PARAM ] array (
  '/driver/base/setCarinfo' => '',
)
[ info ] [ RUN ] app\driver\controller\Base->setCarinfo[ E:\chitu\chitu_admin\trunk\application\driver\controller\Base.php ]
[ info ] [ LOG ] INIT File
[ error ] [0]variable type error： array[E:\chitu\chitu_admin\trunk\thinkphp\library\think\Response.php:312]

---------------------------------------------------------------
[ 2018-10-29T11:56:49+08:00 ] 127.0.0.1 127.0.0.1 GET /driver/base/setCarinfo
[ log ] www.ctadmin.com/driver/base/setCarinfo [运行时间：0.025000s][吞吐率：40.00req/s] [内存消耗：1,840.47kb] [文件加载：46]
[ info ] [ LANG ] E:\chitu\chitu_admin\trunk\thinkphp\lang\zh-cn.php
[ info ] [ ROUTE ] array (
  'type' => 'module',
  'module' => 
  array (
    0 => 'driver',
    1 => 'base',
    2 => 'setCarinfo',
  ),
)
[ info ] [ HEADER ] array (
  'host' => 'www.ctadmin.com',
  'connection' => 'keep-alive',
  'cache-control' => 'max-age=0',
  'upgrade-insecure-requests' => '1',
  'user-agent' => 'Mozilla/5.0 (Windows NT 6.1; WOW64) AppleWebKit/537.36 (KHTML, like Gecko) Chrome/68.0.3440.84 Safari/537.36',
  'accept' => 'text/html,application/xhtml+xml,application/xml;q=0.9,image/webp,image/apng,*/*;q=0.8',
  'accept-encoding' => 'gzip, deflate',
  'accept-language' => 'zh-CN,zh;q=0.9,ja;q=0.8',
  'cookie' => 'PHPSESSID=710fe78gqf8l4rhsc7405kork0',
)
[ info ] [ PARAM ] array (
  '/driver/base/setCarinfo' => '',
)
[ info ] [ RUN ] app\driver\controller\Base->setCarinfo[ E:\chitu\chitu_admin\trunk\application\driver\controller\Base.php ]
[ info ] [ LOG ] INIT File
[ error ] [0]variable type error： array[E:\chitu\chitu_admin\trunk\thinkphp\library\think\Response.php:312]

---------------------------------------------------------------
[ 2018-10-29T11:57:17+08:00 ] 127.0.0.1 127.0.0.1 GET /driver/base/setCarinfo
[ log ] www.ctadmin.com/driver/base/setCarinfo [运行时间：0.031000s][吞吐率：32.26req/s] [内存消耗：1,840.16kb] [文件加载：46]
[ info ] [ LANG ] E:\chitu\chitu_admin\trunk\thinkphp\lang\zh-cn.php
[ info ] [ ROUTE ] array (
  'type' => 'module',
  'module' => 
  array (
    0 => 'driver',
    1 => 'base',
    2 => 'setCarinfo',
  ),
)
[ info ] [ HEADER ] array (
  'host' => 'www.ctadmin.com',
  'connection' => 'keep-alive',
  'cache-control' => 'max-age=0',
  'upgrade-insecure-requests' => '1',
  'user-agent' => 'Mozilla/5.0 (Windows NT 6.1; WOW64) AppleWebKit/537.36 (KHTML, like Gecko) Chrome/68.0.3440.84 Safari/537.36',
  'accept' => 'text/html,application/xhtml+xml,application/xml;q=0.9,image/webp,image/apng,*/*;q=0.8',
  'accept-encoding' => 'gzip, deflate',
  'accept-language' => 'zh-CN,zh;q=0.9,ja;q=0.8',
  'cookie' => 'PHPSESSID=710fe78gqf8l4rhsc7405kork0',
)
[ info ] [ PARAM ] array (
  '/driver/base/setCarinfo' => '',
)
[ info ] [ RUN ] app\driver\controller\Base->setCarinfo[ E:\chitu\chitu_admin\trunk\application\driver\controller\Base.php ]
[ info ] [ LOG ] INIT File
[ error ] [0]variable type error： array[E:\chitu\chitu_admin\trunk\thinkphp\library\think\Response.php:312]

---------------------------------------------------------------
[ 2018-10-29T11:58:38+08:00 ] 127.0.0.1 127.0.0.1 GET /driver/base/setCarinfo
[ log ] www.ctadmin.com/driver/base/setCarinfo [运行时间：0.048500s][吞吐率：20.62req/s] [内存消耗：1,839.80kb] [文件加载：46]
[ info ] [ LANG ] E:\chitu\chitu_admin\trunk\thinkphp\lang\zh-cn.php
[ info ] [ ROUTE ] array (
  'type' => 'module',
  'module' => 
  array (
    0 => 'driver',
    1 => 'base',
    2 => 'setCarinfo',
  ),
)
[ info ] [ HEADER ] array (
  'host' => 'www.ctadmin.com',
  'connection' => 'keep-alive',
  'cache-control' => 'max-age=0',
  'upgrade-insecure-requests' => '1',
  'user-agent' => 'Mozilla/5.0 (Windows NT 6.1; WOW64) AppleWebKit/537.36 (KHTML, like Gecko) Chrome/68.0.3440.84 Safari/537.36',
  'accept' => 'text/html,application/xhtml+xml,application/xml;q=0.9,image/webp,image/apng,*/*;q=0.8',
  'accept-encoding' => 'gzip, deflate',
  'accept-language' => 'zh-CN,zh;q=0.9,ja;q=0.8',
  'cookie' => 'PHPSESSID=710fe78gqf8l4rhsc7405kork0',
)
[ info ] [ PARAM ] array (
  '/driver/base/setCarinfo' => '',
)
[ info ] [ LOG ] INIT File
[ error ] [0]方法参数错误:time[E:\chitu\chitu_admin\trunk\thinkphp\library\think\App.php:294]

---------------------------------------------------------------
[ 2018-10-29T11:59:00+08:00 ] 127.0.0.1 127.0.0.1 GET /driver/base/setCarinfo
[ log ] www.ctadmin.com/driver/base/setCarinfo [运行时间：0.023500s][吞吐率：42.55req/s] [内存消耗：1,853.77kb] [文件加载：48]
[ info ] [ LANG ] E:\chitu\chitu_admin\trunk\thinkphp\lang\zh-cn.php
[ info ] [ ROUTE ] array (
  'type' => 'module',
  'module' => 
  array (
    0 => 'driver',
    1 => 'base',
    2 => 'setCarinfo',
  ),
)
[ info ] [ HEADER ] array (
  'host' => 'www.ctadmin.com',
  'connection' => 'keep-alive',
  'cache-control' => 'max-age=0',
  'upgrade-insecure-requests' => '1',
  'user-agent' => 'Mozilla/5.0 (Windows NT 6.1; WOW64) AppleWebKit/537.36 (KHTML, like Gecko) Chrome/68.0.3440.84 Safari/537.36',
  'accept' => 'text/html,application/xhtml+xml,application/xml;q=0.9,image/webp,image/apng,*/*;q=0.8',
  'accept-encoding' => 'gzip, deflate',
  'accept-language' => 'zh-CN,zh;q=0.9,ja;q=0.8',
  'cookie' => 'PHPSESSID=710fe78gqf8l4rhsc7405kork0',
)
[ info ] [ PARAM ] array (
  '/driver/base/setCarinfo' => '',
)
[ info ] [ RUN ] app\driver\controller\Base->setCarinfo[ E:\chitu\chitu_admin\trunk\application\driver\controller\Base.php ]
[ info ] [ LOG ] INIT File
[ error ] [8]Array to string conversion[E:\chitu\chitu_admin\trunk\application\driver\controller\Base.php:406]

---------------------------------------------------------------
[ 2018-10-29T11:59:48+08:00 ] 127.0.0.1 127.0.0.1 GET /driver/base/setCarinfo
[ log ] www.ctadmin.com/driver/base/setCarinfo [运行时间：0.054000s][吞吐率：18.52req/s] [内存消耗：1,818.91kb] [文件加载：45]
[ info ] [ LANG ] E:\chitu\chitu_admin\trunk\thinkphp\lang\zh-cn.php
[ info ] [ ROUTE ] array (
  'type' => 'module',
  'module' => 
  array (
    0 => 'driver',
    1 => 'base',
    2 => 'setCarinfo',
  ),
)
[ info ] [ HEADER ] array (
  'host' => 'www.ctadmin.com',
  'connection' => 'keep-alive',
  'cache-control' => 'max-age=0',
  'upgrade-insecure-requests' => '1',
  'user-agent' => 'Mozilla/5.0 (Windows NT 6.1; WOW64) AppleWebKit/537.36 (KHTML, like Gecko) Chrome/68.0.3440.84 Safari/537.36',
  'accept' => 'text/html,application/xhtml+xml,application/xml;q=0.9,image/webp,image/apng,*/*;q=0.8',
  'accept-encoding' => 'gzip, deflate',
  'accept-language' => 'zh-CN,zh;q=0.9,ja;q=0.8',
  'cookie' => 'PHPSESSID=710fe78gqf8l4rhsc7405kork0',
)
[ info ] [ PARAM ] array (
  '/driver/base/setCarinfo' => '',
)
[ info ] [ RUN ] app\driver\controller\Base->setCarinfo[ E:\chitu\chitu_admin\trunk\application\driver\controller\Base.php ]
[ info ] [ LOG ] INIT File

---------------------------------------------------------------
[ 2018-10-29T12:00:06+08:00 ] 127.0.0.1 127.0.0.1 GET /driver/base/timeOutCarinfo
[ log ] www.ctadmin.com/driver/base/timeOutCarinfo [运行时间：0.772500s][吞吐率：1.29req/s] [内存消耗：2,547.32kb] [文件加载：51]
[ info ] [ LANG ] E:\chitu\chitu_admin\trunk\thinkphp\lang\zh-cn.php
[ info ] [ ROUTE ] array (
  'type' => 'module',
  'module' => 
  array (
    0 => 'driver',
    1 => 'base',
    2 => 'timeOutCarinfo',
  ),
)
[ info ] [ HEADER ] array (
  'host' => 'www.ctadmin.com',
  'connection' => 'keep-alive',
  'upgrade-insecure-requests' => '1',
  'user-agent' => 'Mozilla/5.0 (Windows NT 6.1; WOW64) AppleWebKit/537.36 (KHTML, like Gecko) Chrome/68.0.3440.84 Safari/537.36',
  'accept' => 'text/html,application/xhtml+xml,application/xml;q=0.9,image/webp,image/apng,*/*;q=0.8',
  'accept-encoding' => 'gzip, deflate',
  'accept-language' => 'zh-CN,zh;q=0.9,ja;q=0.8',
  'cookie' => 'PHPSESSID=710fe78gqf8l4rhsc7405kork0',
)
[ info ] [ PARAM ] array (
  '/driver/base/timeOutCarinfo' => '',
)
[ info ] [ RUN ] app\driver\controller\Base->timeOutCarinfo[ E:\chitu\chitu_admin\trunk\application\driver\controller\Base.php ]
[ info ] [ DB ] INIT mysql
[ info ] [ LOG ] INIT File
[ sql ] [ DB ] CONNECT:[ UseTime:0.110500s ] mysql:dbname=chitutest;host=rm-2zezn1940ztq6hib5o.mysql.rds.aliyuncs.com;charset=utf8
[ sql ] [ SQL ] SHOW COLUMNS FROM `ct_activitycity` [ RunTime:0.063000s ]
[ sql ] [ SQL ] SELECT * FROM `ct_activitycity` WHERE  `state` = 1 [ RunTime:0.063000s ]
[ sql ] [ SQL ] SHOW COLUMNS FROM `ct_driver` [ RunTime:0.067000s ]
[ sql ] [ SQL ] SELECT * FROM `ct_driver` WHERE  `drivid` = 189 LIMIT 1 [ RunTime:0.065000s ]
[ sql ] [ SQL ] SELECT * FROM `ct_driver` WHERE  `drivid` = 189 LIMIT 1 [ RunTime:0.031000s ]
[ sql ] [ SQL ] SELECT * FROM `ct_driver` WHERE  `drivid` = 189 LIMIT 1 [ RunTime:0.033500s ]
[ sql ] [ SQL ] SELECT * FROM `ct_driver` WHERE  `drivid` = 189 LIMIT 1 [ RunTime:0.031500s ]
[ sql ] [ SQL ] SELECT * FROM `ct_driver` WHERE  `drivid` = 187 LIMIT 1 [ RunTime:0.040500s ]
[ sql ] [ SQL ] SELECT * FROM `ct_driver` WHERE  `drivid` = 187 LIMIT 1 [ RunTime:0.031500s ]
[ sql ] [ SQL ] SELECT * FROM `ct_driver` WHERE  `drivid` = 187 LIMIT 1 [ RunTime:0.031500s ]
[ sql ] [ SQL ] SELECT * FROM `ct_driver` WHERE  `drivid` = 187 LIMIT 1 [ RunTime:0.043500s ]
[ sql ] [ SQL ] SELECT * FROM `ct_driver` WHERE  `drivid` = 187 LIMIT 1 [ RunTime:0.031500s ]
[ sql ] [ SQL ] SELECT * FROM `ct_driver` WHERE  `drivid` = 187 LIMIT 1 [ RunTime:0.031000s ]
[ sql ] [ SQL ] SELECT * FROM `ct_driver` WHERE  `drivid` = 187 LIMIT 1 [ RunTime:0.031500s ]
[ sql ] [ SQL ] SELECT * FROM `ct_driver` WHERE  `drivid` = 187 LIMIT 1 [ RunTime:0.031500s ]

---------------------------------------------------------------
[ 2018-10-29T12:01:12+08:00 ] 127.0.0.1 127.0.0.1 GET /driver/base/timeOutCarinfo
[ log ] www.ctadmin.com/driver/base/timeOutCarinfo [运行时间：0.798000s][吞吐率：1.25req/s] [内存消耗：2,580.77kb] [文件加载：55]
[ info ] [ LANG ] E:\chitu\chitu_admin\trunk\thinkphp\lang\zh-cn.php
[ info ] [ ROUTE ] array (
  'type' => 'module',
  'module' => 
  array (
    0 => 'driver',
    1 => 'base',
    2 => 'timeOutCarinfo',
  ),
)
[ info ] [ HEADER ] array (
  'host' => 'www.ctadmin.com',
  'connection' => 'keep-alive',
  'cache-control' => 'max-age=0',
  'upgrade-insecure-requests' => '1',
  'user-agent' => 'Mozilla/5.0 (Windows NT 6.1; WOW64) AppleWebKit/537.36 (KHTML, like Gecko) Chrome/68.0.3440.84 Safari/537.36',
  'accept' => 'text/html,application/xhtml+xml,application/xml;q=0.9,image/webp,image/apng,*/*;q=0.8',
  'accept-encoding' => 'gzip, deflate',
  'accept-language' => 'zh-CN,zh;q=0.9,ja;q=0.8',
  'cookie' => 'PHPSESSID=710fe78gqf8l4rhsc7405kork0',
)
[ info ] [ PARAM ] array (
  '/driver/base/timeOutCarinfo' => '',
)
[ info ] [ RUN ] app\driver\controller\Base->timeOutCarinfo[ E:\chitu\chitu_admin\trunk\application\driver\controller\Base.php ]
[ info ] [ DB ] INIT mysql
[ info ] [ LOG ] INIT File
[ sql ] [ DB ] CONNECT:[ UseTime:0.093500s ] mysql:dbname=chitutest;host=rm-2zezn1940ztq6hib5o.mysql.rds.aliyuncs.com;charset=utf8
[ sql ] [ SQL ] SHOW COLUMNS FROM `ct_activitycity` [ RunTime:0.067000s ]
[ sql ] [ SQL ] SELECT * FROM `ct_activitycity` WHERE  `state` = 1 [ RunTime:0.068000s ]
[ sql ] [ SQL ] SHOW COLUMNS FROM `ct_driver` [ RunTime:0.070000s ]
[ sql ] [ SQL ] SELECT * FROM `ct_driver` WHERE  `drivid` = 189 LIMIT 1 [ RunTime:0.075500s ]
[ sql ] [ SQL ] SELECT * FROM `ct_driver` WHERE  `drivid` = 189 LIMIT 1 [ RunTime:0.030000s ]
[ sql ] [ SQL ] SELECT * FROM `ct_driver` WHERE  `drivid` = 189 LIMIT 1 [ RunTime:0.040000s ]
[ sql ] [ SQL ] SELECT * FROM `ct_driver` WHERE  `drivid` = 189 LIMIT 1 [ RunTime:0.030500s ]
[ sql ] [ SQL ] SELECT * FROM `ct_driver` WHERE  `drivid` = 187 LIMIT 1 [ RunTime:0.049000s ]
[ sql ] [ SQL ] SELECT * FROM `ct_driver` WHERE  `drivid` = 187 LIMIT 1 [ RunTime:0.039000s ]
[ sql ] [ SQL ] SELECT * FROM `ct_driver` WHERE  `drivid` = 187 LIMIT 1 [ RunTime:0.037500s ]
[ sql ] [ SQL ] SELECT * FROM `ct_driver` WHERE  `drivid` = 187 LIMIT 1 [ RunTime:0.036000s ]
[ sql ] [ SQL ] SELECT * FROM `ct_driver` WHERE  `drivid` = 187 LIMIT 1 [ RunTime:0.031000s ]
[ sql ] [ SQL ] SELECT * FROM `ct_driver` WHERE  `drivid` = 187 LIMIT 1 [ RunTime:0.032500s ]
[ sql ] [ SQL ] SELECT * FROM `ct_driver` WHERE  `drivid` = 187 LIMIT 1 [ RunTime:0.030500s ]
[ sql ] [ SQL ] SELECT * FROM `ct_driver` WHERE  `drivid` = 187 LIMIT 1 [ RunTime:0.034500s ]
[ error ] [2]json_decode() expects parameter 1 to be string, array given[E:\chitu\chitu_admin\trunk\application\driver\controller\Base.php:406]

---------------------------------------------------------------
[ 2018-10-29T12:01:27+08:00 ] 127.0.0.1 127.0.0.1 GET /driver/base/timeOutCarinfo
[ log ] www.ctadmin.com/driver/base/timeOutCarinfo [运行时间：0.715500s][吞吐率：1.40req/s] [内存消耗：2,502.14kb] [文件加载：49]
[ info ] [ LANG ] E:\chitu\chitu_admin\trunk\thinkphp\lang\zh-cn.php
[ info ] [ ROUTE ] array (
  'type' => 'module',
  'module' => 
  array (
    0 => 'driver',
    1 => 'base',
    2 => 'timeOutCarinfo',
  ),
)
[ info ] [ HEADER ] array (
  'host' => 'www.ctadmin.com',
  'connection' => 'keep-alive',
  'cache-control' => 'max-age=0',
  'upgrade-insecure-requests' => '1',
  'user-agent' => 'Mozilla/5.0 (Windows NT 6.1; WOW64) AppleWebKit/537.36 (KHTML, like Gecko) Chrome/68.0.3440.84 Safari/537.36',
  'accept' => 'text/html,application/xhtml+xml,application/xml;q=0.9,image/webp,image/apng,*/*;q=0.8',
  'accept-encoding' => 'gzip, deflate',
  'accept-language' => 'zh-CN,zh;q=0.9,ja;q=0.8',
  'cookie' => 'PHPSESSID=710fe78gqf8l4rhsc7405kork0',
)
[ info ] [ PARAM ] array (
  '/driver/base/timeOutCarinfo' => '',
)
[ info ] [ RUN ] app\driver\controller\Base->timeOutCarinfo[ E:\chitu\chitu_admin\trunk\application\driver\controller\Base.php ]
[ info ] [ DB ] INIT mysql
[ info ] [ LOG ] INIT File
[ sql ] [ DB ] CONNECT:[ UseTime:0.092000s ] mysql:dbname=chitutest;host=rm-2zezn1940ztq6hib5o.mysql.rds.aliyuncs.com;charset=utf8
[ sql ] [ SQL ] SHOW COLUMNS FROM `ct_activitycity` [ RunTime:0.061000s ]
[ sql ] [ SQL ] SELECT * FROM `ct_activitycity` WHERE  `state` = 1 [ RunTime:0.061500s ]
[ sql ] [ SQL ] SHOW COLUMNS FROM `ct_driver` [ RunTime:0.060500s ]
[ sql ] [ SQL ] SELECT * FROM `ct_driver` WHERE  `drivid` = 189 LIMIT 1 [ RunTime:0.060500s ]
[ sql ] [ SQL ] SELECT * FROM `ct_driver` WHERE  `drivid` = 189 LIMIT 1 [ RunTime:0.030000s ]
[ sql ] [ SQL ] SELECT * FROM `ct_driver` WHERE  `drivid` = 189 LIMIT 1 [ RunTime:0.032000s ]
[ sql ] [ SQL ] SELECT * FROM `ct_driver` WHERE  `drivid` = 189 LIMIT 1 [ RunTime:0.031000s ]
[ sql ] [ SQL ] SELECT * FROM `ct_driver` WHERE  `drivid` = 187 LIMIT 1 [ RunTime:0.030500s ]
[ sql ] [ SQL ] SELECT * FROM `ct_driver` WHERE  `drivid` = 187 LIMIT 1 [ RunTime:0.031000s ]
[ sql ] [ SQL ] SELECT * FROM `ct_driver` WHERE  `drivid` = 187 LIMIT 1 [ RunTime:0.030500s ]
[ sql ] [ SQL ] SELECT * FROM `ct_driver` WHERE  `drivid` = 187 LIMIT 1 [ RunTime:0.044000s ]
[ sql ] [ SQL ] SELECT * FROM `ct_driver` WHERE  `drivid` = 187 LIMIT 1 [ RunTime:0.031000s ]
[ sql ] [ SQL ] SELECT * FROM `ct_driver` WHERE  `drivid` = 187 LIMIT 1 [ RunTime:0.031500s ]
[ sql ] [ SQL ] SELECT * FROM `ct_driver` WHERE  `drivid` = 187 LIMIT 1 [ RunTime:0.030000s ]
[ sql ] [ SQL ] SELECT * FROM `ct_driver` WHERE  `drivid` = 187 LIMIT 1 [ RunTime:0.030500s ]

---------------------------------------------------------------
[ 2018-10-29T12:02:00+08:00 ] 127.0.0.1 127.0.0.1 GET /driver/base/timeOutCarinfo
[ log ] www.ctadmin.com/driver/base/timeOutCarinfo [运行时间：0.777000s][吞吐率：1.29req/s] [内存消耗：2,505.70kb] [文件加载：49]
[ info ] [ LANG ] E:\chitu\chitu_admin\trunk\thinkphp\lang\zh-cn.php
[ info ] [ ROUTE ] array (
  'type' => 'module',
  'module' => 
  array (
    0 => 'driver',
    1 => 'base',
    2 => 'timeOutCarinfo',
  ),
)
[ info ] [ HEADER ] array (
  'host' => 'www.ctadmin.com',
  'connection' => 'keep-alive',
  'cache-control' => 'max-age=0',
  'upgrade-insecure-requests' => '1',
  'user-agent' => 'Mozilla/5.0 (Windows NT 6.1; WOW64) AppleWebKit/537.36 (KHTML, like Gecko) Chrome/68.0.3440.84 Safari/537.36',
  'accept' => 'text/html,application/xhtml+xml,application/xml;q=0.9,image/webp,image/apng,*/*;q=0.8',
  'accept-encoding' => 'gzip, deflate',
  'accept-language' => 'zh-CN,zh;q=0.9,ja;q=0.8',
  'cookie' => 'PHPSESSID=710fe78gqf8l4rhsc7405kork0',
)
[ info ] [ PARAM ] array (
  '/driver/base/timeOutCarinfo' => '',
)
[ info ] [ RUN ] app\driver\controller\Base->timeOutCarinfo[ E:\chitu\chitu_admin\trunk\application\driver\controller\Base.php ]
[ info ] [ DB ] INIT mysql
[ info ] [ LOG ] INIT File
[ sql ] [ DB ] CONNECT:[ UseTime:0.105000s ] mysql:dbname=chitutest;host=rm-2zezn1940ztq6hib5o.mysql.rds.aliyuncs.com;charset=utf8
[ sql ] [ SQL ] SHOW COLUMNS FROM `ct_activitycity` [ RunTime:0.066000s ]
[ sql ] [ SQL ] SELECT * FROM `ct_activitycity` WHERE  `state` = 1 [ RunTime:0.068500s ]
[ sql ] [ SQL ] SHOW COLUMNS FROM `ct_driver` [ RunTime:0.061500s ]
[ sql ] [ SQL ] SELECT * FROM `ct_driver` WHERE  `drivid` = 189 LIMIT 1 [ RunTime:0.080000s ]
[ sql ] [ SQL ] SELECT * FROM `ct_driver` WHERE  `drivid` = 189 LIMIT 1 [ RunTime:0.040500s ]
[ sql ] [ SQL ] SELECT * FROM `ct_driver` WHERE  `drivid` = 189 LIMIT 1 [ RunTime:0.031000s ]
[ sql ] [ SQL ] SELECT * FROM `ct_driver` WHERE  `drivid` = 189 LIMIT 1 [ RunTime:0.031000s ]
[ sql ] [ SQL ] SELECT * FROM `ct_driver` WHERE  `drivid` = 187 LIMIT 1 [ RunTime:0.039500s ]
[ sql ] [ SQL ] SELECT * FROM `ct_driver` WHERE  `drivid` = 187 LIMIT 1 [ RunTime:0.030500s ]
[ sql ] [ SQL ] SELECT * FROM `ct_driver` WHERE  `drivid` = 187 LIMIT 1 [ RunTime:0.030000s ]
[ sql ] [ SQL ] SELECT * FROM `ct_driver` WHERE  `drivid` = 187 LIMIT 1 [ RunTime:0.033500s ]
[ sql ] [ SQL ] SELECT * FROM `ct_driver` WHERE  `drivid` = 187 LIMIT 1 [ RunTime:0.031000s ]
[ sql ] [ SQL ] SELECT * FROM `ct_driver` WHERE  `drivid` = 187 LIMIT 1 [ RunTime:0.030500s ]
[ sql ] [ SQL ] SELECT * FROM `ct_driver` WHERE  `drivid` = 187 LIMIT 1 [ RunTime:0.031000s ]
[ sql ] [ SQL ] SELECT * FROM `ct_driver` WHERE  `drivid` = 187 LIMIT 1 [ RunTime:0.033500s ]

---------------------------------------------------------------
[ 2018-10-29T12:02:11+08:00 ] 127.0.0.1 127.0.0.1 GET /driver/base/timeOutCarinfo
[ log ] www.ctadmin.com/driver/base/timeOutCarinfo [运行时间：0.771000s][吞吐率：1.30req/s] [内存消耗：2,507.52kb] [文件加载：49]
[ info ] [ LANG ] E:\chitu\chitu_admin\trunk\thinkphp\lang\zh-cn.php
[ info ] [ ROUTE ] array (
  'type' => 'module',
  'module' => 
  array (
    0 => 'driver',
    1 => 'base',
    2 => 'timeOutCarinfo',
  ),
)
[ info ] [ HEADER ] array (
  'host' => 'www.ctadmin.com',
  'connection' => 'keep-alive',
  'cache-control' => 'max-age=0',
  'upgrade-insecure-requests' => '1',
  'user-agent' => 'Mozilla/5.0 (Windows NT 6.1; WOW64) AppleWebKit/537.36 (KHTML, like Gecko) Chrome/68.0.3440.84 Safari/537.36',
  'accept' => 'text/html,application/xhtml+xml,application/xml;q=0.9,image/webp,image/apng,*/*;q=0.8',
  'accept-encoding' => 'gzip, deflate',
  'accept-language' => 'zh-CN,zh;q=0.9,ja;q=0.8',
  'cookie' => 'PHPSESSID=710fe78gqf8l4rhsc7405kork0',
)
[ info ] [ PARAM ] array (
  '/driver/base/timeOutCarinfo' => '',
)
[ info ] [ RUN ] app\driver\controller\Base->timeOutCarinfo[ E:\chitu\chitu_admin\trunk\application\driver\controller\Base.php ]
[ info ] [ DB ] INIT mysql
[ info ] [ LOG ] INIT File
[ sql ] [ DB ] CONNECT:[ UseTime:0.097500s ] mysql:dbname=chitutest;host=rm-2zezn1940ztq6hib5o.mysql.rds.aliyuncs.com;charset=utf8
[ sql ] [ SQL ] SHOW COLUMNS FROM `ct_activitycity` [ RunTime:0.070000s ]
[ sql ] [ SQL ] SELECT * FROM `ct_activitycity` WHERE  `state` = 1 [ RunTime:0.071500s ]
[ sql ] [ SQL ] SHOW COLUMNS FROM `ct_driver` [ RunTime:0.064500s ]
[ sql ] [ SQL ] SELECT * FROM `ct_driver` WHERE  `drivid` = 189 LIMIT 1 [ RunTime:0.067000s ]
[ sql ] [ SQL ] SELECT * FROM `ct_driver` WHERE  `drivid` = 189 LIMIT 1 [ RunTime:0.033500s ]
[ sql ] [ SQL ] SELECT * FROM `ct_driver` WHERE  `drivid` = 189 LIMIT 1 [ RunTime:0.031500s ]
[ sql ] [ SQL ] SELECT * FROM `ct_driver` WHERE  `drivid` = 189 LIMIT 1 [ RunTime:0.031500s ]
[ sql ] [ SQL ] SELECT * FROM `ct_driver` WHERE  `drivid` = 187 LIMIT 1 [ RunTime:0.031500s ]
[ sql ] [ SQL ] SELECT * FROM `ct_driver` WHERE  `drivid` = 187 LIMIT 1 [ RunTime:0.031500s ]
[ sql ] [ SQL ] SELECT * FROM `ct_driver` WHERE  `drivid` = 187 LIMIT 1 [ RunTime:0.032000s ]
[ sql ] [ SQL ] SELECT * FROM `ct_driver` WHERE  `drivid` = 187 LIMIT 1 [ RunTime:0.035000s ]
[ sql ] [ SQL ] SELECT * FROM `ct_driver` WHERE  `drivid` = 187 LIMIT 1 [ RunTime:0.041000s ]
[ sql ] [ SQL ] SELECT * FROM `ct_driver` WHERE  `drivid` = 187 LIMIT 1 [ RunTime:0.032500s ]
[ sql ] [ SQL ] SELECT * FROM `ct_driver` WHERE  `drivid` = 187 LIMIT 1 [ RunTime:0.031500s ]
[ sql ] [ SQL ] SELECT * FROM `ct_driver` WHERE  `drivid` = 187 LIMIT 1 [ RunTime:0.034000s ]

---------------------------------------------------------------
