[ 2018-03-19T18:25:15+08:00 ] 127.0.0.1 127.0.0.1 POST /admin/index/sendordernotice
[ log ] www.ctadmin.com/admin/index/sendordernotice [运行时间：0.479000s][吞吐率：2.09req/s] [内存消耗：2,517.08kb] [文件加载：52]
[ info ] [ LANG ] E:\chitu\chitu_admin\trunk\thinkphp\lang\zh-cn.php
[ info ] [ ROUTE ] array (
  'type' => 'module',
  'module' => 
  array (
    0 => 'admin',
    1 => 'index',
    2 => 'sendordernotice',
  ),
)
[ info ] [ HEADER ] array (
  'host' => 'www.ctadmin.com',
  'connection' => 'keep-alive',
  'content-length' => '0',
  'accept' => 'application/json, text/javascript, */*; q=0.01',
  'origin' => 'http://www.ctadmin.com',
  'x-requested-with' => 'XMLHttpRequest',
  'user-agent' => 'Mozilla/5.0 (Windows NT 6.1; WOW64) AppleWebKit/537.36 (KHTML, like Gecko) Chrome/65.0.3325.162 Safari/537.36',
  'referer' => 'http://www.ctadmin.com/admin/index/index.html',
  'accept-encoding' => 'gzip, deflate',
  'accept-language' => 'zh-CN,zh;q=0.9',
  'cookie' => 'PHPSESSID=2na7irsj7ta6bl57t47n5qc1l3',
)
[ info ] [ PARAM ] array (
  '/admin/index/sendordernotice' => '',
)
[ info ] [ RUN ] app\admin\controller\Index->sendordernotice[ E:\chitu\chitu_admin\trunk\application\admin\controller\Index.php ]
[ info ] [ DB ] INIT mysql
[ info ] [ LOG ] INIT File
[ sql ] [ DB ] CONNECT:[ UseTime:0.101000s ] mysql:dbname=chitutest;host=rm-2zezn1940ztq6hib5o.mysql.rds.aliyuncs.com;charset=utf8
[ sql ] [ SQL ] SHOW COLUMNS FROM `ct_order` [ RunTime:0.057000s ]
[ sql ] [ SQL ] SELECT `a`.`ordernumber`,`a`.`oid` FROM `ct_order` `a` INNER JOIN `ct_lineorder` `b` ON `b`.`orderid`=`a`.`oid` WHERE  `paystate` = 2  AND `affirm` = '1' [ RunTime:0.054000s ]
[ sql ] [ SQL ] SHOW COLUMNS FROM `ct_userorder` [ RunTime:0.060000s ]
[ sql ] [ SQL ] SELECT `ordernumber`,`uoid` FROM `ct_userorder` WHERE  `orderstate` = 1  AND `paystate` = 2 [ RunTime:0.056000s ]
[ sql ] [ SQL ] SHOW COLUMNS FROM `ct_rout_order` [ RunTime:0.055000s ]
[ sql ] [ SQL ] SELECT `rid` FROM `ct_rout_order` WHERE  `status` = 1 [ RunTime:0.055000s ]

---------------------------------------------------------------
[ 2018-03-19T18:30:14+08:00 ] 127.0.0.1 127.0.0.1 POST /admin/index/sendordernotice
[ log ] www.ctadmin.com/admin/index/sendordernotice [运行时间：0.451000s][吞吐率：2.22req/s] [内存消耗：2,517.14kb] [文件加载：52]
[ info ] [ LANG ] E:\chitu\chitu_admin\trunk\thinkphp\lang\zh-cn.php
[ info ] [ ROUTE ] array (
  'type' => 'module',
  'module' => 
  array (
    0 => 'admin',
    1 => 'index',
    2 => 'sendordernotice',
  ),
)
[ info ] [ HEADER ] array (
  'host' => 'www.ctadmin.com',
  'connection' => 'keep-alive',
  'content-length' => '0',
  'accept' => 'application/json, text/javascript, */*; q=0.01',
  'origin' => 'http://www.ctadmin.com',
  'x-requested-with' => 'XMLHttpRequest',
  'user-agent' => 'Mozilla/5.0 (Windows NT 6.1; WOW64) AppleWebKit/537.36 (KHTML, like Gecko) Chrome/65.0.3325.162 Safari/537.36',
  'referer' => 'http://www.ctadmin.com/admin/index/index.html',
  'accept-encoding' => 'gzip, deflate',
  'accept-language' => 'zh-CN,zh;q=0.9',
  'cookie' => 'PHPSESSID=2na7irsj7ta6bl57t47n5qc1l3',
)
[ info ] [ PARAM ] array (
  '/admin/index/sendordernotice' => '',
)
[ info ] [ RUN ] app\admin\controller\Index->sendordernotice[ E:\chitu\chitu_admin\trunk\application\admin\controller\Index.php ]
[ info ] [ DB ] INIT mysql
[ info ] [ LOG ] INIT File
[ sql ] [ DB ] CONNECT:[ UseTime:0.097000s ] mysql:dbname=chitutest;host=rm-2zezn1940ztq6hib5o.mysql.rds.aliyuncs.com;charset=utf8
[ sql ] [ SQL ] SHOW COLUMNS FROM `ct_order` [ RunTime:0.051000s ]
[ sql ] [ SQL ] SELECT `a`.`ordernumber`,`a`.`oid` FROM `ct_order` `a` INNER JOIN `ct_lineorder` `b` ON `b`.`orderid`=`a`.`oid` WHERE  `paystate` = 2  AND `affirm` = '1' [ RunTime:0.052000s ]
[ sql ] [ SQL ] SHOW COLUMNS FROM `ct_userorder` [ RunTime:0.055000s ]
[ sql ] [ SQL ] SELECT `ordernumber`,`uoid` FROM `ct_userorder` WHERE  `orderstate` = 1  AND `paystate` = 2 [ RunTime:0.051000s ]
[ sql ] [ SQL ] SHOW COLUMNS FROM `ct_rout_order` [ RunTime:0.050000s ]
[ sql ] [ SQL ] SELECT `rid` FROM `ct_rout_order` WHERE  `status` = 1 [ RunTime:0.051000s ]

---------------------------------------------------------------
[ 2018-03-19T18:30:26+08:00 ] 127.0.0.1 127.0.0.1 GET /admin/carriers/detail?id=97&cid=94
[ log ] www.ctadmin.com/admin/carriers/detail?id=97&cid=94 [运行时间：0.607000s][吞吐率：1.65req/s] [内存消耗：2,584.52kb] [文件加载：55]
[ info ] [ LANG ] E:\chitu\chitu_admin\trunk\thinkphp\lang\zh-cn.php
[ info ] [ ROUTE ] array (
  'type' => 'module',
  'module' => 
  array (
    0 => 'admin',
    1 => 'carriers',
    2 => 'detail',
  ),
)
[ info ] [ HEADER ] array (
  'host' => 'www.ctadmin.com',
  'connection' => 'keep-alive',
  'upgrade-insecure-requests' => '1',
  'user-agent' => 'Mozilla/5.0 (Windows NT 6.1; WOW64) AppleWebKit/537.36 (KHTML, like Gecko) Chrome/65.0.3325.162 Safari/537.36',
  'accept' => 'text/html,application/xhtml+xml,application/xml;q=0.9,image/webp,image/apng,*/*;q=0.8',
  'referer' => 'http://www.ctadmin.com/admin/carriers/index',
  'accept-encoding' => 'gzip, deflate',
  'accept-language' => 'zh-CN,zh;q=0.9',
  'cookie' => 'PHPSESSID=2na7irsj7ta6bl57t47n5qc1l3',
)
[ info ] [ PARAM ] array (
  '/admin/carriers/detail' => '',
  'id' => '97',
  'cid' => '94',
)
[ info ] [ SESSION ] INIT array (
  'id' => '',
  'var_session_id' => '',
  'prefix' => 'think',
  'type' => '',
  'auto_start' => true,
)
[ info ] [ DB ] INIT mysql
[ info ] [ RUN ] app\admin\controller\Carriers->detail[ E:\chitu\chitu_admin\trunk\application\admin\controller\Carriers.php ]
[ info ] [ VIEW ] E:\chitu\chitu_admin\trunk\public/../application/admin\view\carriers\detail.html [ array (
  0 => 'list',
) ]
[ info ] [ LOG ] INIT File
[ sql ] [ DB ] CONNECT:[ UseTime:0.081000s ] mysql:dbname=chitutest;host=rm-2zezn1940ztq6hib5o.mysql.rds.aliyuncs.com;charset=utf8
[ sql ] [ SQL ] SHOW COLUMNS FROM `ct_auth_group_access` [ RunTime:0.055000s ]
[ sql ] [ SQL ] SELECT `uid`,`group_id`,`title`,`rules` FROM `ct_auth_group_access` `a` INNER JOIN `ct_auth_group` `g` ON `g`.`id`=`a`.`group_id` WHERE  `a`.`uid` = 2  AND `g`.`status` = 1  AND `a`.`ustype` = 1 [ RunTime:0.052000s ]
[ sql ] [ SQL ] SHOW COLUMNS FROM `ct_auth_rule` [ RunTime:0.053000s ]
[ sql ] [ SQL ] SELECT `condition`,`name` FROM `ct_auth_rule` WHERE  `id` IN (1,2,168,3,4,7,8,9,5,10,11,12,6,13,14,15,16,17,18,19,20,21,22,23,24,25,26,170,171,27,28,29,30,31,32,33,34,35,36,37,38,39,40,42,43,44,45,47,48,49,50,57,46,51,52,53,54,55,56,58,59,60,61,62,63,64,65,66,67,68,69,70,71,72,73,74,75,76,77,79,80,81,82,83,84,85,86,87,88,89,90,91,92,93,94,95,96,97,98,99,100,101,102,103,104,105,106,107,108,109,110,111,112,113,114,115,116,117,118,119,120,121,122,123,124,125,126,127,128,129,130,131,132,133,134,135,136,137,138,139,144,140,141,142,143,145,146,147,148,149,150,151,152,153,154,162,163,169,164,165,166,155,156,157,158,159,160)  AND `type` = 1  AND `ertype` = 1  AND `status` = 1 [ RunTime:0.056000s ]
[ sql ] [ SQL ] SHOW COLUMNS FROM `ct_driver` [ RunTime:0.056000s ]
[ sql ] [ SQL ] SELECT `a`.*,`b`.`name` FROM `ct_driver` `a` INNER JOIN `ct_company` `b` ON `b`.`cid`=`a`.`companyid` WHERE  `drivid` = 97 LIMIT 1 [ RunTime:0.054000s ]
[ sql ] [ SQL ] SELECT * FROM `ct_driver` WHERE  `companyid` = 94 ORDER BY `type`  desc [ RunTime:0.052000s ]
[ sql ] [ SQL ] SHOW COLUMNS FROM `ct_carcategory` [ RunTime:0.054000s ]
[ sql ] [ SQL ] SELECT * FROM `ct_carcategory` WHERE  `com_id` = 94 [ RunTime:0.055000s ]

---------------------------------------------------------------
[ 2018-03-19T18:30:26+08:00 ] 127.0.0.1 127.0.0.1 GET /static/tpl/css/bootstrap.min.css.map
[ log ] www.ctadmin.com/static/tpl/css/bootstrap.min.css.map [运行时间：0.016000s][吞吐率：62.50req/s] [内存消耗：1,446.02kb] [文件加载：40]
[ info ] [ LANG ] E:\chitu\chitu_admin\trunk\thinkphp\lang\zh-cn.php
[ info ] [ ROUTE ] array (
  'type' => 'module',
  'module' => 
  array (
    0 => 'static',
    1 => 'tpl',
    2 => 'css',
  ),
)
[ info ] [ HEADER ] array (
  'host' => 'www.ctadmin.com',
  'connection' => 'keep-alive',
  'user-agent' => 'Mozilla/5.0 (Windows NT 6.1; WOW64) AppleWebKit/537.36 (KHTML, like Gecko) Chrome/65.0.3325.162 Safari/537.36',
  'accept-encoding' => 'gzip, deflate',
  'accept-language' => 'zh-CN,zh;q=0.9',
  'cookie' => 'PHPSESSID=2na7irsj7ta6bl57t47n5qc1l3',
)
[ info ] [ PARAM ] array (
  '/static/tpl/css/bootstrap_min_css_map' => '',
)
[ info ] [ LOG ] INIT File

---------------------------------------------------------------
[ 2018-03-19T18:33:38+08:00 ] 127.0.0.1 127.0.0.1 GET /admin/carriers/index
[ log ] www.ctadmin.com/admin/carriers/index [运行时间：0.542000s][吞吐率：1.85req/s] [内存消耗：2,796.17kb] [文件加载：58]
[ info ] [ LANG ] E:\chitu\chitu_admin\trunk\thinkphp\lang\zh-cn.php
[ info ] [ ROUTE ] array (
  'type' => 'module',
  'module' => 
  array (
    0 => 'admin',
    1 => 'carriers',
    2 => 'index',
  ),
)
[ info ] [ HEADER ] array (
  'host' => 'www.ctadmin.com',
  'connection' => 'keep-alive',
  'upgrade-insecure-requests' => '1',
  'user-agent' => 'Mozilla/5.0 (Windows NT 6.1; WOW64) AppleWebKit/537.36 (KHTML, like Gecko) Chrome/65.0.3325.162 Safari/537.36',
  'accept' => 'text/html,application/xhtml+xml,application/xml;q=0.9,image/webp,image/apng,*/*;q=0.8',
  'referer' => 'http://www.ctadmin.com/admin/index/index.html',
  'accept-encoding' => 'gzip, deflate',
  'accept-language' => 'zh-CN,zh;q=0.9',
  'cookie' => 'PHPSESSID=2na7irsj7ta6bl57t47n5qc1l3',
)
[ info ] [ PARAM ] array (
  '/admin/carriers/index' => '',
)
[ info ] [ SESSION ] INIT array (
  'id' => '',
  'var_session_id' => '',
  'prefix' => 'think',
  'type' => '',
  'auto_start' => true,
)
[ info ] [ DB ] INIT mysql
[ info ] [ RUN ] app\admin\controller\Carriers->index[ E:\chitu\chitu_admin\trunk\application\admin\controller\Carriers.php ]
[ info ] [ VIEW ] E:\chitu\chitu_admin\trunk\public/../application/admin\view\carriers\index.html [ array (
  0 => 'page',
  1 => 'list',
) ]
[ info ] [ LOG ] INIT File
[ sql ] [ DB ] CONNECT:[ UseTime:0.099000s ] mysql:dbname=chitutest;host=rm-2zezn1940ztq6hib5o.mysql.rds.aliyuncs.com;charset=utf8
[ sql ] [ SQL ] SHOW COLUMNS FROM `ct_auth_group_access` [ RunTime:0.055000s ]
[ sql ] [ SQL ] SELECT `uid`,`group_id`,`title`,`rules` FROM `ct_auth_group_access` `a` INNER JOIN `ct_auth_group` `g` ON `g`.`id`=`a`.`group_id` WHERE  `a`.`uid` = 2  AND `g`.`status` = 1  AND `a`.`ustype` = 1 [ RunTime:0.054000s ]
[ sql ] [ SQL ] SHOW COLUMNS FROM `ct_auth_rule` [ RunTime:0.054000s ]
[ sql ] [ SQL ] SELECT `condition`,`name` FROM `ct_auth_rule` WHERE  `id` IN (1,2,168,3,4,7,8,9,5,10,11,12,6,13,14,15,16,17,18,19,20,21,22,23,24,25,26,170,171,27,28,29,30,31,32,33,34,35,36,37,38,39,40,42,43,44,45,47,48,49,50,57,46,51,52,53,54,55,56,58,59,60,61,62,63,64,65,66,67,68,69,70,71,72,73,74,75,76,77,79,80,81,82,83,84,85,86,87,88,89,90,91,92,93,94,95,96,97,98,99,100,101,102,103,104,105,106,107,108,109,110,111,112,113,114,115,116,117,118,119,120,121,122,123,124,125,126,127,128,129,130,131,132,133,134,135,136,137,138,139,144,140,141,142,143,145,146,147,148,149,150,151,152,153,154,162,163,169,164,165,166,155,156,157,158,159,160)  AND `type` = 1  AND `ertype` = 1  AND `status` = 1 [ RunTime:0.058000s ]
[ sql ] [ SQL ] SHOW COLUMNS FROM `ct_driver` [ RunTime:0.053000s ]
[ sql ] [ SQL ] SELECT COUNT(*) AS tp_count FROM `ct_driver` `a` INNER JOIN `ct_company` `b` ON `b`.`cid`=`a`.`companyid` WHERE  `a`.`type` = 3  AND `a`.`delstate` = 1 LIMIT 1 [ RunTime:0.052000s ]
[ sql ] [ SQL ] SELECT `a`.*,`b`.`name` FROM `ct_driver` `a` INNER JOIN `ct_company` `b` ON `b`.`cid`=`a`.`companyid` WHERE  `a`.`type` = 3  AND `a`.`delstate` = 1 ORDER BY `a`.`drivid`  desc LIMIT 0,10 [ RunTime:0.054000s ]

---------------------------------------------------------------
[ 2018-03-19T18:33:38+08:00 ] 127.0.0.1 127.0.0.1 GET /static/tpl/css/bootstrap.min.css.map
[ log ] www.ctadmin.com/static/tpl/css/bootstrap.min.css.map [运行时间：0.017000s][吞吐率：58.82req/s] [内存消耗：1,446.02kb] [文件加载：40]
[ info ] [ LANG ] E:\chitu\chitu_admin\trunk\thinkphp\lang\zh-cn.php
[ info ] [ ROUTE ] array (
  'type' => 'module',
  'module' => 
  array (
    0 => 'static',
    1 => 'tpl',
    2 => 'css',
  ),
)
[ info ] [ HEADER ] array (
  'host' => 'www.ctadmin.com',
  'connection' => 'keep-alive',
  'user-agent' => 'Mozilla/5.0 (Windows NT 6.1; WOW64) AppleWebKit/537.36 (KHTML, like Gecko) Chrome/65.0.3325.162 Safari/537.36',
  'accept-encoding' => 'gzip, deflate',
  'accept-language' => 'zh-CN,zh;q=0.9',
  'cookie' => 'PHPSESSID=2na7irsj7ta6bl57t47n5qc1l3',
)
[ info ] [ PARAM ] array (
  '/static/tpl/css/bootstrap_min_css_map' => '',
)
[ info ] [ LOG ] INIT File

---------------------------------------------------------------
[ 2018-03-19T18:35:14+08:00 ] 127.0.0.1 127.0.0.1 POST /admin/index/sendordernotice
[ log ] www.ctadmin.com/admin/index/sendordernotice [运行时间：0.481000s][吞吐率：2.08req/s] [内存消耗：2,517.14kb] [文件加载：52]
[ info ] [ LANG ] E:\chitu\chitu_admin\trunk\thinkphp\lang\zh-cn.php
[ info ] [ ROUTE ] array (
  'type' => 'module',
  'module' => 
  array (
    0 => 'admin',
    1 => 'index',
    2 => 'sendordernotice',
  ),
)
[ info ] [ HEADER ] array (
  'host' => 'www.ctadmin.com',
  'connection' => 'keep-alive',
  'content-length' => '0',
  'accept' => 'application/json, text/javascript, */*; q=0.01',
  'origin' => 'http://www.ctadmin.com',
  'x-requested-with' => 'XMLHttpRequest',
  'user-agent' => 'Mozilla/5.0 (Windows NT 6.1; WOW64) AppleWebKit/537.36 (KHTML, like Gecko) Chrome/65.0.3325.162 Safari/537.36',
  'referer' => 'http://www.ctadmin.com/admin/index/index.html',
  'accept-encoding' => 'gzip, deflate',
  'accept-language' => 'zh-CN,zh;q=0.9',
  'cookie' => 'PHPSESSID=2na7irsj7ta6bl57t47n5qc1l3',
)
[ info ] [ PARAM ] array (
  '/admin/index/sendordernotice' => '',
)
[ info ] [ RUN ] app\admin\controller\Index->sendordernotice[ E:\chitu\chitu_admin\trunk\application\admin\controller\Index.php ]
[ info ] [ DB ] INIT mysql
[ info ] [ LOG ] INIT File
[ sql ] [ DB ] CONNECT:[ UseTime:0.100000s ] mysql:dbname=chitutest;host=rm-2zezn1940ztq6hib5o.mysql.rds.aliyuncs.com;charset=utf8
[ sql ] [ SQL ] SHOW COLUMNS FROM `ct_order` [ RunTime:0.055000s ]
[ sql ] [ SQL ] SELECT `a`.`ordernumber`,`a`.`oid` FROM `ct_order` `a` INNER JOIN `ct_lineorder` `b` ON `b`.`orderid`=`a`.`oid` WHERE  `paystate` = 2  AND `affirm` = '1' [ RunTime:0.053000s ]
[ sql ] [ SQL ] SHOW COLUMNS FROM `ct_userorder` [ RunTime:0.059000s ]
[ sql ] [ SQL ] SELECT `ordernumber`,`uoid` FROM `ct_userorder` WHERE  `orderstate` = 1  AND `paystate` = 2 [ RunTime:0.053000s ]
[ sql ] [ SQL ] SHOW COLUMNS FROM `ct_rout_order` [ RunTime:0.054000s ]
[ sql ] [ SQL ] SELECT `rid` FROM `ct_rout_order` WHERE  `status` = 1 [ RunTime:0.054000s ]

---------------------------------------------------------------
[ 2018-03-19T18:35:34+08:00 ] 127.0.0.1 127.0.0.1 GET /admin/driver/addcarcategory
[ log ] www.ctadmin.com/admin/driver/addcarcategory [运行时间：0.457000s][吞吐率：2.19req/s] [内存消耗：2,708.38kb] [文件加载：55]
[ info ] [ LANG ] E:\chitu\chitu_admin\trunk\thinkphp\lang\zh-cn.php
[ info ] [ ROUTE ] array (
  'type' => 'module',
  'module' => 
  array (
    0 => 'admin',
    1 => 'driver',
    2 => 'addcarcategory',
  ),
)
[ info ] [ HEADER ] array (
  'host' => 'www.ctadmin.com',
  'connection' => 'keep-alive',
  'upgrade-insecure-requests' => '1',
  'user-agent' => 'Mozilla/5.0 (Windows NT 6.1; WOW64) AppleWebKit/537.36 (KHTML, like Gecko) Chrome/65.0.3325.162 Safari/537.36',
  'accept' => 'text/html,application/xhtml+xml,application/xml;q=0.9,image/webp,image/apng,*/*;q=0.8',
  'referer' => 'http://www.ctadmin.com/admin/driver/carindex',
  'accept-encoding' => 'gzip, deflate',
  'accept-language' => 'zh-CN,zh;q=0.9',
  'cookie' => 'PHPSESSID=2na7irsj7ta6bl57t47n5qc1l3',
)
[ info ] [ PARAM ] array (
  '/admin/driver/addcarcategory' => '',
)
[ info ] [ SESSION ] INIT array (
  'id' => '',
  'var_session_id' => '',
  'prefix' => 'think',
  'type' => '',
  'auto_start' => true,
)
[ info ] [ DB ] INIT mysql
[ info ] [ RUN ] app\admin\controller\Driver->addcarcategory[ E:\chitu\chitu_admin\trunk\application\admin\controller\Driver.php ]
[ info ] [ VIEW ] E:\chitu\chitu_admin\trunk\public/../application/admin\view\driver\carcategory.html [ array (
  0 => 'list',
) ]
[ info ] [ LOG ] INIT File
[ sql ] [ DB ] CONNECT:[ UseTime:0.084000s ] mysql:dbname=chitutest;host=rm-2zezn1940ztq6hib5o.mysql.rds.aliyuncs.com;charset=utf8
[ sql ] [ SQL ] SHOW COLUMNS FROM `ct_auth_group_access` [ RunTime:0.053000s ]
[ sql ] [ SQL ] SELECT `uid`,`group_id`,`title`,`rules` FROM `ct_auth_group_access` `a` INNER JOIN `ct_auth_group` `g` ON `g`.`id`=`a`.`group_id` WHERE  `a`.`uid` = 2  AND `g`.`status` = 1  AND `a`.`ustype` = 1 [ RunTime:0.053000s ]
[ sql ] [ SQL ] SHOW COLUMNS FROM `ct_auth_rule` [ RunTime:0.055000s ]
[ sql ] [ SQL ] SELECT `condition`,`name` FROM `ct_auth_rule` WHERE  `id` IN (1,2,168,3,4,7,8,9,5,10,11,12,6,13,14,15,16,17,18,19,20,21,22,23,24,25,26,170,171,27,28,29,30,31,32,33,34,35,36,37,38,39,40,42,43,44,45,47,48,49,50,57,46,51,52,53,54,55,56,58,59,60,61,62,63,64,65,66,67,68,69,70,71,72,73,74,75,76,77,79,80,81,82,83,84,85,86,87,88,89,90,91,92,93,94,95,96,97,98,99,100,101,102,103,104,105,106,107,108,109,110,111,112,113,114,115,116,117,118,119,120,121,122,123,124,125,126,127,128,129,130,131,132,133,134,135,136,137,138,139,144,140,141,142,143,145,146,147,148,149,150,151,152,153,154,162,163,169,164,165,166,155,156,157,158,159,160)  AND `type` = 1  AND `ertype` = 1  AND `status` = 1 [ RunTime:0.056000s ]
[ sql ] [ SQL ] SHOW COLUMNS FROM `ct_cartype` [ RunTime:0.054000s ]
[ sql ] [ SQL ] SELECT * FROM `ct_cartype` [ RunTime:0.054000s ]

---------------------------------------------------------------
[ 2018-03-19T18:35:34+08:00 ] 127.0.0.1 127.0.0.1 GET /static/tpl/css/bootstrap.min.css.map
[ log ] www.ctadmin.com/static/tpl/css/bootstrap.min.css.map [运行时间：0.016000s][吞吐率：62.50req/s] [内存消耗：1,446.02kb] [文件加载：40]
[ info ] [ LANG ] E:\chitu\chitu_admin\trunk\thinkphp\lang\zh-cn.php
[ info ] [ ROUTE ] array (
  'type' => 'module',
  'module' => 
  array (
    0 => 'static',
    1 => 'tpl',
    2 => 'css',
  ),
)
[ info ] [ HEADER ] array (
  'host' => 'www.ctadmin.com',
  'connection' => 'keep-alive',
  'user-agent' => 'Mozilla/5.0 (Windows NT 6.1; WOW64) AppleWebKit/537.36 (KHTML, like Gecko) Chrome/65.0.3325.162 Safari/537.36',
  'accept-encoding' => 'gzip, deflate',
  'accept-language' => 'zh-CN,zh;q=0.9',
  'cookie' => 'PHPSESSID=2na7irsj7ta6bl57t47n5qc1l3',
)
[ info ] [ PARAM ] array (
  '/static/tpl/css/bootstrap_min_css_map' => '',
)
[ info ] [ LOG ] INIT File

---------------------------------------------------------------
[ 2018-03-19T18:37:01+08:00 ] 127.0.0.1 127.0.0.1 GET /admin/carriers/detail?id=97&cid=94
[ log ] www.ctadmin.com/admin/carriers/detail?id=97&cid=94 [运行时间：0.646000s][吞吐率：1.55req/s] [内存消耗：2,584.52kb] [文件加载：55]
[ info ] [ LANG ] E:\chitu\chitu_admin\trunk\thinkphp\lang\zh-cn.php
[ info ] [ ROUTE ] array (
  'type' => 'module',
  'module' => 
  array (
    0 => 'admin',
    1 => 'carriers',
    2 => 'detail',
  ),
)
[ info ] [ HEADER ] array (
  'host' => 'www.ctadmin.com',
  'connection' => 'keep-alive',
  'upgrade-insecure-requests' => '1',
  'user-agent' => 'Mozilla/5.0 (Windows NT 6.1; WOW64) AppleWebKit/537.36 (KHTML, like Gecko) Chrome/65.0.3325.162 Safari/537.36',
  'accept' => 'text/html,application/xhtml+xml,application/xml;q=0.9,image/webp,image/apng,*/*;q=0.8',
  'referer' => 'http://www.ctadmin.com/admin/carriers/index',
  'accept-encoding' => 'gzip, deflate',
  'accept-language' => 'zh-CN,zh;q=0.9',
  'cookie' => 'PHPSESSID=2na7irsj7ta6bl57t47n5qc1l3',
)
[ info ] [ PARAM ] array (
  '/admin/carriers/detail' => '',
  'id' => '97',
  'cid' => '94',
)
[ info ] [ SESSION ] INIT array (
  'id' => '',
  'var_session_id' => '',
  'prefix' => 'think',
  'type' => '',
  'auto_start' => true,
)
[ info ] [ DB ] INIT mysql
[ info ] [ RUN ] app\admin\controller\Carriers->detail[ E:\chitu\chitu_admin\trunk\application\admin\controller\Carriers.php ]
[ info ] [ VIEW ] E:\chitu\chitu_admin\trunk\public/../application/admin\view\carriers\detail.html [ array (
  0 => 'list',
) ]
[ info ] [ LOG ] INIT File
[ sql ] [ DB ] CONNECT:[ UseTime:0.099000s ] mysql:dbname=chitutest;host=rm-2zezn1940ztq6hib5o.mysql.rds.aliyuncs.com;charset=utf8
[ sql ] [ SQL ] SHOW COLUMNS FROM `ct_auth_group_access` [ RunTime:0.056000s ]
[ sql ] [ SQL ] SELECT `uid`,`group_id`,`title`,`rules` FROM `ct_auth_group_access` `a` INNER JOIN `ct_auth_group` `g` ON `g`.`id`=`a`.`group_id` WHERE  `a`.`uid` = 2  AND `g`.`status` = 1  AND `a`.`ustype` = 1 [ RunTime:0.054000s ]
[ sql ] [ SQL ] SHOW COLUMNS FROM `ct_auth_rule` [ RunTime:0.056000s ]
[ sql ] [ SQL ] SELECT `condition`,`name` FROM `ct_auth_rule` WHERE  `id` IN (1,2,168,3,4,7,8,9,5,10,11,12,6,13,14,15,16,17,18,19,20,21,22,23,24,25,26,170,171,27,28,29,30,31,32,33,34,35,36,37,38,39,40,42,43,44,45,47,48,49,50,57,46,51,52,53,54,55,56,58,59,60,61,62,63,64,65,66,67,68,69,70,71,72,73,74,75,76,77,79,80,81,82,83,84,85,86,87,88,89,90,91,92,93,94,95,96,97,98,99,100,101,102,103,104,105,106,107,108,109,110,111,112,113,114,115,116,117,118,119,120,121,122,123,124,125,126,127,128,129,130,131,132,133,134,135,136,137,138,139,144,140,141,142,143,145,146,147,148,149,150,151,152,153,154,162,163,169,164,165,166,155,156,157,158,159,160)  AND `type` = 1  AND `ertype` = 1  AND `status` = 1 [ RunTime:0.056000s ]
[ sql ] [ SQL ] SHOW COLUMNS FROM `ct_driver` [ RunTime:0.054000s ]
[ sql ] [ SQL ] SELECT `a`.*,`b`.`name` FROM `ct_driver` `a` INNER JOIN `ct_company` `b` ON `b`.`cid`=`a`.`companyid` WHERE  `drivid` = 97 LIMIT 1 [ RunTime:0.052000s ]
[ sql ] [ SQL ] SELECT * FROM `ct_driver` WHERE  `companyid` = 94 ORDER BY `type`  desc [ RunTime:0.054000s ]
[ sql ] [ SQL ] SHOW COLUMNS FROM `ct_carcategory` [ RunTime:0.052000s ]
[ sql ] [ SQL ] SELECT * FROM `ct_carcategory` WHERE  `com_id` = 94 [ RunTime:0.055000s ]

---------------------------------------------------------------
[ 2018-03-19T18:37:01+08:00 ] 127.0.0.1 127.0.0.1 GET /static/tpl/css/bootstrap.min.css.map
[ log ] www.ctadmin.com/static/tpl/css/bootstrap.min.css.map [运行时间：0.016000s][吞吐率：62.50req/s] [内存消耗：1,446.02kb] [文件加载：40]
[ info ] [ LANG ] E:\chitu\chitu_admin\trunk\thinkphp\lang\zh-cn.php
[ info ] [ ROUTE ] array (
  'type' => 'module',
  'module' => 
  array (
    0 => 'static',
    1 => 'tpl',
    2 => 'css',
  ),
)
[ info ] [ HEADER ] array (
  'host' => 'www.ctadmin.com',
  'connection' => 'keep-alive',
  'user-agent' => 'Mozilla/5.0 (Windows NT 6.1; WOW64) AppleWebKit/537.36 (KHTML, like Gecko) Chrome/65.0.3325.162 Safari/537.36',
  'accept-encoding' => 'gzip, deflate',
  'accept-language' => 'zh-CN,zh;q=0.9',
  'cookie' => 'PHPSESSID=2na7irsj7ta6bl57t47n5qc1l3',
)
[ info ] [ PARAM ] array (
  '/static/tpl/css/bootstrap_min_css_map' => '',
)
[ info ] [ LOG ] INIT File

---------------------------------------------------------------
[ 2018-03-19T18:40:15+08:00 ] 127.0.0.1 127.0.0.1 POST /admin/index/sendordernotice
[ log ] www.ctadmin.com/admin/index/sendordernotice [运行时间：0.453000s][吞吐率：2.21req/s] [内存消耗：2,517.14kb] [文件加载：52]
[ info ] [ LANG ] E:\chitu\chitu_admin\trunk\thinkphp\lang\zh-cn.php
[ info ] [ ROUTE ] array (
  'type' => 'module',
  'module' => 
  array (
    0 => 'admin',
    1 => 'index',
    2 => 'sendordernotice',
  ),
)
[ info ] [ HEADER ] array (
  'host' => 'www.ctadmin.com',
  'connection' => 'keep-alive',
  'content-length' => '0',
  'accept' => 'application/json, text/javascript, */*; q=0.01',
  'origin' => 'http://www.ctadmin.com',
  'x-requested-with' => 'XMLHttpRequest',
  'user-agent' => 'Mozilla/5.0 (Windows NT 6.1; WOW64) AppleWebKit/537.36 (KHTML, like Gecko) Chrome/65.0.3325.162 Safari/537.36',
  'referer' => 'http://www.ctadmin.com/admin/index/index.html',
  'accept-encoding' => 'gzip, deflate',
  'accept-language' => 'zh-CN,zh;q=0.9',
  'cookie' => 'PHPSESSID=2na7irsj7ta6bl57t47n5qc1l3',
)
[ info ] [ PARAM ] array (
  '/admin/index/sendordernotice' => '',
)
[ info ] [ RUN ] app\admin\controller\Index->sendordernotice[ E:\chitu\chitu_admin\trunk\application\admin\controller\Index.php ]
[ info ] [ DB ] INIT mysql
[ info ] [ LOG ] INIT File
[ sql ] [ DB ] CONNECT:[ UseTime:0.097000s ] mysql:dbname=chitutest;host=rm-2zezn1940ztq6hib5o.mysql.rds.aliyuncs.com;charset=utf8
[ sql ] [ SQL ] SHOW COLUMNS FROM `ct_order` [ RunTime:0.053000s ]
[ sql ] [ SQL ] SELECT `a`.`ordernumber`,`a`.`oid` FROM `ct_order` `a` INNER JOIN `ct_lineorder` `b` ON `b`.`orderid`=`a`.`oid` WHERE  `paystate` = 2  AND `affirm` = '1' [ RunTime:0.052000s ]
[ sql ] [ SQL ] SHOW COLUMNS FROM `ct_userorder` [ RunTime:0.051000s ]
[ sql ] [ SQL ] SELECT `ordernumber`,`uoid` FROM `ct_userorder` WHERE  `orderstate` = 1  AND `paystate` = 2 [ RunTime:0.050000s ]
[ sql ] [ SQL ] SHOW COLUMNS FROM `ct_rout_order` [ RunTime:0.050000s ]
[ sql ] [ SQL ] SELECT `rid` FROM `ct_rout_order` WHERE  `status` = 1 [ RunTime:0.051000s ]

---------------------------------------------------------------
[ 2018-03-19T18:45:14+08:00 ] 127.0.0.1 127.0.0.1 POST /admin/index/sendordernotice
[ log ] www.ctadmin.com/admin/index/sendordernotice [运行时间：0.484000s][吞吐率：2.07req/s] [内存消耗：2,517.14kb] [文件加载：52]
[ info ] [ LANG ] E:\chitu\chitu_admin\trunk\thinkphp\lang\zh-cn.php
[ info ] [ ROUTE ] array (
  'type' => 'module',
  'module' => 
  array (
    0 => 'admin',
    1 => 'index',
    2 => 'sendordernotice',
  ),
)
[ info ] [ HEADER ] array (
  'host' => 'www.ctadmin.com',
  'connection' => 'keep-alive',
  'content-length' => '0',
  'accept' => 'application/json, text/javascript, */*; q=0.01',
  'origin' => 'http://www.ctadmin.com',
  'x-requested-with' => 'XMLHttpRequest',
  'user-agent' => 'Mozilla/5.0 (Windows NT 6.1; WOW64) AppleWebKit/537.36 (KHTML, like Gecko) Chrome/65.0.3325.162 Safari/537.36',
  'referer' => 'http://www.ctadmin.com/admin/index/index.html',
  'accept-encoding' => 'gzip, deflate',
  'accept-language' => 'zh-CN,zh;q=0.9',
  'cookie' => 'PHPSESSID=2na7irsj7ta6bl57t47n5qc1l3',
)
[ info ] [ PARAM ] array (
  '/admin/index/sendordernotice' => '',
)
[ info ] [ RUN ] app\admin\controller\Index->sendordernotice[ E:\chitu\chitu_admin\trunk\application\admin\controller\Index.php ]
[ info ] [ DB ] INIT mysql
[ info ] [ LOG ] INIT File
[ sql ] [ DB ] CONNECT:[ UseTime:0.102000s ] mysql:dbname=chitutest;host=rm-2zezn1940ztq6hib5o.mysql.rds.aliyuncs.com;charset=utf8
[ sql ] [ SQL ] SHOW COLUMNS FROM `ct_order` [ RunTime:0.055000s ]
[ sql ] [ SQL ] SELECT `a`.`ordernumber`,`a`.`oid` FROM `ct_order` `a` INNER JOIN `ct_lineorder` `b` ON `b`.`orderid`=`a`.`oid` WHERE  `paystate` = 2  AND `affirm` = '1' [ RunTime:0.055000s ]
[ sql ] [ SQL ] SHOW COLUMNS FROM `ct_userorder` [ RunTime:0.058000s ]
[ sql ] [ SQL ] SELECT `ordernumber`,`uoid` FROM `ct_userorder` WHERE  `orderstate` = 1  AND `paystate` = 2 [ RunTime:0.055000s ]
[ sql ] [ SQL ] SHOW COLUMNS FROM `ct_rout_order` [ RunTime:0.056000s ]
[ sql ] [ SQL ] SELECT `rid` FROM `ct_rout_order` WHERE  `status` = 1 [ RunTime:0.055000s ]

---------------------------------------------------------------
[ 2018-03-19T18:50:14+08:00 ] 127.0.0.1 127.0.0.1 POST /admin/index/sendordernotice
[ log ] www.ctadmin.com/admin/index/sendordernotice [运行时间：0.481000s][吞吐率：2.08req/s] [内存消耗：2,517.14kb] [文件加载：52]
[ info ] [ LANG ] E:\chitu\chitu_admin\trunk\thinkphp\lang\zh-cn.php
[ info ] [ ROUTE ] array (
  'type' => 'module',
  'module' => 
  array (
    0 => 'admin',
    1 => 'index',
    2 => 'sendordernotice',
  ),
)
[ info ] [ HEADER ] array (
  'host' => 'www.ctadmin.com',
  'connection' => 'keep-alive',
  'content-length' => '0',
  'accept' => 'application/json, text/javascript, */*; q=0.01',
  'origin' => 'http://www.ctadmin.com',
  'x-requested-with' => 'XMLHttpRequest',
  'user-agent' => 'Mozilla/5.0 (Windows NT 6.1; WOW64) AppleWebKit/537.36 (KHTML, like Gecko) Chrome/65.0.3325.162 Safari/537.36',
  'referer' => 'http://www.ctadmin.com/admin/index/index.html',
  'accept-encoding' => 'gzip, deflate',
  'accept-language' => 'zh-CN,zh;q=0.9',
  'cookie' => 'PHPSESSID=2na7irsj7ta6bl57t47n5qc1l3',
)
[ info ] [ PARAM ] array (
  '/admin/index/sendordernotice' => '',
)
[ info ] [ RUN ] app\admin\controller\Index->sendordernotice[ E:\chitu\chitu_admin\trunk\application\admin\controller\Index.php ]
[ info ] [ DB ] INIT mysql
[ info ] [ LOG ] INIT File
[ sql ] [ DB ] CONNECT:[ UseTime:0.100000s ] mysql:dbname=chitutest;host=rm-2zezn1940ztq6hib5o.mysql.rds.aliyuncs.com;charset=utf8
[ sql ] [ SQL ] SHOW COLUMNS FROM `ct_order` [ RunTime:0.054000s ]
[ sql ] [ SQL ] SELECT `a`.`ordernumber`,`a`.`oid` FROM `ct_order` `a` INNER JOIN `ct_lineorder` `b` ON `b`.`orderid`=`a`.`oid` WHERE  `paystate` = 2  AND `affirm` = '1' [ RunTime:0.055000s ]
[ sql ] [ SQL ] SHOW COLUMNS FROM `ct_userorder` [ RunTime:0.056000s ]
[ sql ] [ SQL ] SELECT `ordernumber`,`uoid` FROM `ct_userorder` WHERE  `orderstate` = 1  AND `paystate` = 2 [ RunTime:0.053000s ]
[ sql ] [ SQL ] SHOW COLUMNS FROM `ct_rout_order` [ RunTime:0.055000s ]
[ sql ] [ SQL ] SELECT `rid` FROM `ct_rout_order` WHERE  `status` = 1 [ RunTime:0.054000s ]

---------------------------------------------------------------
[ 2018-03-19T18:55:15+08:00 ] 127.0.0.1 127.0.0.1 POST /admin/index/sendordernotice
[ log ] www.ctadmin.com/admin/index/sendordernotice [运行时间：0.486000s][吞吐率：2.06req/s] [内存消耗：2,517.14kb] [文件加载：52]
[ info ] [ LANG ] E:\chitu\chitu_admin\trunk\thinkphp\lang\zh-cn.php
[ info ] [ ROUTE ] array (
  'type' => 'module',
  'module' => 
  array (
    0 => 'admin',
    1 => 'index',
    2 => 'sendordernotice',
  ),
)
[ info ] [ HEADER ] array (
  'host' => 'www.ctadmin.com',
  'connection' => 'keep-alive',
  'content-length' => '0',
  'accept' => 'application/json, text/javascript, */*; q=0.01',
  'origin' => 'http://www.ctadmin.com',
  'x-requested-with' => 'XMLHttpRequest',
  'user-agent' => 'Mozilla/5.0 (Windows NT 6.1; WOW64) AppleWebKit/537.36 (KHTML, like Gecko) Chrome/65.0.3325.162 Safari/537.36',
  'referer' => 'http://www.ctadmin.com/admin/index/index.html',
  'accept-encoding' => 'gzip, deflate',
  'accept-language' => 'zh-CN,zh;q=0.9',
  'cookie' => 'PHPSESSID=2na7irsj7ta6bl57t47n5qc1l3',
)
[ info ] [ PARAM ] array (
  '/admin/index/sendordernotice' => '',
)
[ info ] [ RUN ] app\admin\controller\Index->sendordernotice[ E:\chitu\chitu_admin\trunk\application\admin\controller\Index.php ]
[ info ] [ DB ] INIT mysql
[ info ] [ LOG ] INIT File
[ sql ] [ DB ] CONNECT:[ UseTime:0.106000s ] mysql:dbname=chitutest;host=rm-2zezn1940ztq6hib5o.mysql.rds.aliyuncs.com;charset=utf8
[ sql ] [ SQL ] SHOW COLUMNS FROM `ct_order` [ RunTime:0.056000s ]
[ sql ] [ SQL ] SELECT `a`.`ordernumber`,`a`.`oid` FROM `ct_order` `a` INNER JOIN `ct_lineorder` `b` ON `b`.`orderid`=`a`.`oid` WHERE  `paystate` = 2  AND `affirm` = '1' [ RunTime:0.054000s ]
[ sql ] [ SQL ] SHOW COLUMNS FROM `ct_userorder` [ RunTime:0.056000s ]
[ sql ] [ SQL ] SELECT `ordernumber`,`uoid` FROM `ct_userorder` WHERE  `orderstate` = 1  AND `paystate` = 2 [ RunTime:0.056000s ]
[ sql ] [ SQL ] SHOW COLUMNS FROM `ct_rout_order` [ RunTime:0.056000s ]
[ sql ] [ SQL ] SELECT `rid` FROM `ct_rout_order` WHERE  `status` = 1 [ RunTime:0.056000s ]

---------------------------------------------------------------
[ 2018-03-19T19:00:15+08:00 ] 127.0.0.1 127.0.0.1 POST /admin/index/sendordernotice
[ log ] www.ctadmin.com/admin/index/sendordernotice [运行时间：0.477000s][吞吐率：2.10req/s] [内存消耗：2,517.14kb] [文件加载：52]
[ info ] [ LANG ] E:\chitu\chitu_admin\trunk\thinkphp\lang\zh-cn.php
[ info ] [ ROUTE ] array (
  'type' => 'module',
  'module' => 
  array (
    0 => 'admin',
    1 => 'index',
    2 => 'sendordernotice',
  ),
)
[ info ] [ HEADER ] array (
  'host' => 'www.ctadmin.com',
  'connection' => 'keep-alive',
  'content-length' => '0',
  'accept' => 'application/json, text/javascript, */*; q=0.01',
  'origin' => 'http://www.ctadmin.com',
  'x-requested-with' => 'XMLHttpRequest',
  'user-agent' => 'Mozilla/5.0 (Windows NT 6.1; WOW64) AppleWebKit/537.36 (KHTML, like Gecko) Chrome/65.0.3325.162 Safari/537.36',
  'referer' => 'http://www.ctadmin.com/admin/index/index.html',
  'accept-encoding' => 'gzip, deflate',
  'accept-language' => 'zh-CN,zh;q=0.9',
  'cookie' => 'PHPSESSID=2na7irsj7ta6bl57t47n5qc1l3',
)
[ info ] [ PARAM ] array (
  '/admin/index/sendordernotice' => '',
)
[ info ] [ RUN ] app\admin\controller\Index->sendordernotice[ E:\chitu\chitu_admin\trunk\application\admin\controller\Index.php ]
[ info ] [ DB ] INIT mysql
[ info ] [ LOG ] INIT File
[ sql ] [ DB ] CONNECT:[ UseTime:0.102000s ] mysql:dbname=chitutest;host=rm-2zezn1940ztq6hib5o.mysql.rds.aliyuncs.com;charset=utf8
[ sql ] [ SQL ] SHOW COLUMNS FROM `ct_order` [ RunTime:0.055000s ]
[ sql ] [ SQL ] SELECT `a`.`ordernumber`,`a`.`oid` FROM `ct_order` `a` INNER JOIN `ct_lineorder` `b` ON `b`.`orderid`=`a`.`oid` WHERE  `paystate` = 2  AND `affirm` = '1' [ RunTime:0.055000s ]
[ sql ] [ SQL ] SHOW COLUMNS FROM `ct_userorder` [ RunTime:0.056000s ]
[ sql ] [ SQL ] SELECT `ordernumber`,`uoid` FROM `ct_userorder` WHERE  `orderstate` = 1  AND `paystate` = 2 [ RunTime:0.054000s ]
[ sql ] [ SQL ] SHOW COLUMNS FROM `ct_rout_order` [ RunTime:0.054000s ]
[ sql ] [ SQL ] SELECT `rid` FROM `ct_rout_order` WHERE  `status` = 1 [ RunTime:0.053000s ]

---------------------------------------------------------------
