[ 2018-03-23T18:26:07+08:00 ] 127.0.0.1 127.0.0.1 GET /static/tpl/css/bootstrap.min.css.map
[ log ] www.ctadmin.com/static/tpl/css/bootstrap.min.css.map [运行时间：0.016000s][吞吐率：62.50req/s] [内存消耗：1,445.95kb] [文件加载：40]
[ info ] [ LANG ] E:\chitu\chitu_admin\trunk\thinkphp\lang\zh-cn.php
[ info ] [ ROUTE ] array (
  'type' => 'module',
  'module' => 
  array (
    0 => 'static',
    1 => 'tpl',
    2 => 'css',
  ),
)
[ info ] [ HEADER ] array (
  'host' => 'www.ctadmin.com',
  'connection' => 'keep-alive',
  'user-agent' => 'Mozilla/5.0 (Windows NT 6.1; WOW64) AppleWebKit/537.36 (KHTML, like Gecko) Chrome/65.0.3325.181 Safari/537.36',
  'accept-encoding' => 'gzip, deflate',
  'accept-language' => 'zh-CN,zh;q=0.9',
  'cookie' => 'PHPSESSID=p89p0661rh75u2830aksci9ne4',
)
[ info ] [ PARAM ] array (
  '/static/tpl/css/bootstrap_min_css_map' => '',
)
[ info ] [ LOG ] INIT File

---------------------------------------------------------------
[ 2018-03-23T18:26:30+08:00 ] 127.0.0.1 127.0.0.1 GET /admin/account/index
[ log ] www.ctadmin.com/admin/account/index [运行时间：1.060000s][吞吐率：0.94req/s] [内存消耗：2,916.47kb] [文件加载：57]
[ info ] [ LANG ] E:\chitu\chitu_admin\trunk\thinkphp\lang\zh-cn.php
[ info ] [ ROUTE ] array (
  'type' => 'module',
  'module' => 
  array (
    0 => 'admin',
    1 => 'account',
    2 => 'index',
  ),
)
[ info ] [ HEADER ] array (
  'host' => 'www.ctadmin.com',
  'connection' => 'keep-alive',
  'cache-control' => 'max-age=0',
  'upgrade-insecure-requests' => '1',
  'user-agent' => 'Mozilla/5.0 (Windows NT 6.1; WOW64) AppleWebKit/537.36 (KHTML, like Gecko) Chrome/65.0.3325.181 Safari/537.36',
  'accept' => 'text/html,application/xhtml+xml,application/xml;q=0.9,image/webp,image/apng,*/*;q=0.8',
  'referer' => 'http://www.ctadmin.com/admin/index/index.html',
  'accept-encoding' => 'gzip, deflate',
  'accept-language' => 'zh-CN,zh;q=0.9',
  'cookie' => 'PHPSESSID=p89p0661rh75u2830aksci9ne4',
)
[ info ] [ PARAM ] array (
  '/admin/account/index' => '',
)
[ info ] [ SESSION ] INIT array (
  'id' => '',
  'var_session_id' => '',
  'prefix' => 'think',
  'type' => '',
  'auto_start' => true,
)
[ info ] [ DB ] INIT mysql
[ info ] [ RUN ] app\admin\controller\Account->index[ E:\chitu\chitu_admin\trunk\application\admin\controller\Account.php ]
[ info ] [ VIEW ] E:\chitu\chitu_admin\trunk\public/../application/admin\view\account\index.html [ array (
  0 => 'comnum',
  1 => 'list',
  2 => 'count',
  3 => 'ordercount',
) ]
[ info ] [ LOG ] INIT File
[ sql ] [ DB ] CONNECT:[ UseTime:0.080000s ] mysql:dbname=chitutest;host=rm-2zezn1940ztq6hib5o.mysql.rds.aliyuncs.com;charset=utf8
[ sql ] [ SQL ] SHOW COLUMNS FROM `ct_auth_group_access` [ RunTime:0.054000s ]
[ sql ] [ SQL ] SELECT `uid`,`group_id`,`title`,`rules` FROM `ct_auth_group_access` `a` INNER JOIN `ct_auth_group` `g` ON `g`.`id`=`a`.`group_id` WHERE  `a`.`uid` = 2  AND `g`.`status` = 1  AND `a`.`ustype` = 1 [ RunTime:0.053000s ]
[ sql ] [ SQL ] SHOW COLUMNS FROM `ct_auth_rule` [ RunTime:0.055000s ]
[ sql ] [ SQL ] SELECT `condition`,`name` FROM `ct_auth_rule` WHERE  `id` IN (1,2,168,3,4,7,8,9,5,10,11,12,6,13,14,15,16,17,18,19,20,21,22,23,24,25,26,170,171,27,28,29,30,31,32,33,34,35,36,37,38,39,40,42,43,44,45,47,48,49,50,57,46,51,52,53,54,55,56,58,59,60,61,62,63,64,65,66,67,68,69,70,71,72,73,74,75,76,77,79,80,81,82,83,84,85,86,87,88,89,90,91,92,93,94,95,96,97,98,99,100,101,102,103,104,105,106,107,108,109,110,111,112,113,114,115,116,117,118,119,120,121,122,123,124,125,126,127,128,129,130,131,132,133,134,135,136,137,138,139,144,140,141,142,143,145,146,147,148,149,150,151,152,153,154,162,163,169,164,165,166,155,156,157,158,159,160)  AND `type` = 1  AND `ertype` = 1  AND `status` = 1 [ RunTime:0.055000s ]
[ sql ] [ SQL ] SHOW COLUMNS FROM `ct_shift_order` [ RunTime:0.052000s ]
[ sql ] [ SQL ] SELECT `a`.*,`f`.`lienid`,`u`.`lineclient`,`c`.`name`,`c`.`cid`,`u`.`realname` FROM `ct_shift_order` `a` INNER JOIN `ct_fixation_line` `f` ON `f`.`id`=`a`.`shiftid` INNER JOIN `ct_user` `u` ON `u`.`uid`=`a`.`userid` INNER JOIN `ct_company` `c` ON `c`.`cid`=`u`.`lineclient` WHERE  `usercheck` = 1  AND `userstate` = 2  AND `orderstate` = 3 [ RunTime:0.052000s ]
[ sql ] [ SQL ] SHOW COLUMNS FROM `ct_already_city` [ RunTime:0.052000s ]
[ sql ] [ SQL ] SELECT * FROM `ct_already_city` WHERE  `city_id` = 77 LIMIT 1 [ RunTime:0.052000s ]
[ sql ] [ SQL ] SHOW COLUMNS FROM `ct_district` [ RunTime:0.069000s ]
[ sql ] [ SQL ] SELECT * FROM `ct_district` WHERE  `id` = 38 LIMIT 1 [ RunTime:0.053000s ]
[ sql ] [ SQL ] SELECT * FROM `ct_district` WHERE  `id` = 45052 LIMIT 1 [ RunTime:0.026000s ]
[ sql ] [ SQL ] SELECT * FROM `ct_district` WHERE  `id` = 57 LIMIT 1 [ RunTime:0.027000s ]
[ sql ] [ SQL ] SELECT * FROM `ct_district` WHERE  `id` = 45053 LIMIT 1 [ RunTime:0.027000s ]
[ sql ] [ SQL ] SELECT * FROM `ct_already_city` WHERE  `city_id` = 89 LIMIT 1 [ RunTime:0.052000s ]
[ sql ] [ SQL ] SELECT * FROM `ct_district` WHERE  `id` = 152 LIMIT 1 [ RunTime:0.052000s ]
[ sql ] [ SQL ] SELECT * FROM `ct_district` WHERE  `id` = 45054 LIMIT 1 [ RunTime:0.027000s ]
[ sql ] [ SQL ] SELECT * FROM `ct_district` WHERE  `id` = 2072 LIMIT 1 [ RunTime:0.027000s ]
[ sql ] [ SQL ] SELECT * FROM `ct_district` WHERE  `id` = 166 LIMIT 1 [ RunTime:0.025000s ]
[ sql ] [ SQL ] SHOW COLUMNS FROM `ct_order` [ RunTime:0.052000s ]
[ sql ] [ SQL ] SELECT `a`.*,`c`.`tprice`,`b`.`realname`,`b`.`userstate`,`b`.`lineclient`,`com`.`name`,`com`.`cid` FROM `ct_order` `a` INNER JOIN `ct_user` `b` ON `b`.`uid`=`a`.`userid` INNER JOIN `ct_company` `com` ON `com`.`cid`=`b`.`lineclient` INNER JOIN `ct_pickorder` `c` ON `c`.`picid`=`a`.`oid` WHERE  `usercheck` = 1  AND `userstate` = 2  AND `orderstate` = 7 [ RunTime:0.053000s ]

---------------------------------------------------------------
[ 2018-03-23T18:26:30+08:00 ] 127.0.0.1 127.0.0.1 GET /static/tpl/css/bootstrap.min.css.map
[ log ] www.ctadmin.com/static/tpl/css/bootstrap.min.css.map [运行时间：0.017000s][吞吐率：58.82req/s] [内存消耗：1,446.02kb] [文件加载：40]
[ info ] [ LANG ] E:\chitu\chitu_admin\trunk\thinkphp\lang\zh-cn.php
[ info ] [ ROUTE ] array (
  'type' => 'module',
  'module' => 
  array (
    0 => 'static',
    1 => 'tpl',
    2 => 'css',
  ),
)
[ info ] [ HEADER ] array (
  'host' => 'www.ctadmin.com',
  'connection' => 'keep-alive',
  'user-agent' => 'Mozilla/5.0 (Windows NT 6.1; WOW64) AppleWebKit/537.36 (KHTML, like Gecko) Chrome/65.0.3325.181 Safari/537.36',
  'accept-encoding' => 'gzip, deflate',
  'accept-language' => 'zh-CN,zh;q=0.9',
  'cookie' => 'PHPSESSID=p89p0661rh75u2830aksci9ne4',
)
[ info ] [ PARAM ] array (
  '/static/tpl/css/bootstrap_min_css_map' => '',
)
[ info ] [ LOG ] INIT File

---------------------------------------------------------------
[ 2018-03-23T18:26:39+08:00 ] 127.0.0.1 127.0.0.1 POST /admin/index/sendordernotice
[ log ] www.ctadmin.com/admin/index/sendordernotice [运行时间：0.464000s][吞吐率：2.16req/s] [内存消耗：2,517.48kb] [文件加载：52]
[ info ] [ LANG ] E:\chitu\chitu_admin\trunk\thinkphp\lang\zh-cn.php
[ info ] [ ROUTE ] array (
  'type' => 'module',
  'module' => 
  array (
    0 => 'admin',
    1 => 'index',
    2 => 'sendordernotice',
  ),
)
[ info ] [ HEADER ] array (
  'host' => 'www.ctadmin.com',
  'connection' => 'keep-alive',
  'content-length' => '0',
  'accept' => 'application/json, text/javascript, */*; q=0.01',
  'origin' => 'http://www.ctadmin.com',
  'x-requested-with' => 'XMLHttpRequest',
  'user-agent' => 'Mozilla/5.0 (Windows NT 6.1; WOW64) AppleWebKit/537.36 (KHTML, like Gecko) Chrome/65.0.3325.181 Safari/537.36',
  'referer' => 'http://www.ctadmin.com/admin/index/index.html',
  'accept-encoding' => 'gzip, deflate',
  'accept-language' => 'zh-CN,zh;q=0.9',
  'cookie' => 'PHPSESSID=p89p0661rh75u2830aksci9ne4',
)
[ info ] [ PARAM ] array (
  '/admin/index/sendordernotice' => '',
)
[ info ] [ RUN ] app\admin\controller\Index->sendordernotice[ E:\chitu\chitu_admin\trunk\application\admin\controller\Index.php ]
[ info ] [ DB ] INIT mysql
[ info ] [ LOG ] INIT File
[ sql ] [ DB ] CONNECT:[ UseTime:0.099000s ] mysql:dbname=chitutest;host=rm-2zezn1940ztq6hib5o.mysql.rds.aliyuncs.com;charset=utf8
[ sql ] [ SQL ] SHOW COLUMNS FROM `ct_order` [ RunTime:0.054000s ]
[ sql ] [ SQL ] SELECT `a`.`ordernumber`,`a`.`oid` FROM `ct_order` `a` INNER JOIN `ct_lineorder` `b` ON `b`.`orderid`=`a`.`oid` WHERE  `paystate` = 2  AND `affirm` = '1' [ RunTime:0.054000s ]
[ sql ] [ SQL ] SHOW COLUMNS FROM `ct_userorder` [ RunTime:0.054000s ]
[ sql ] [ SQL ] SELECT `ordernumber`,`uoid` FROM `ct_userorder` WHERE  `orderstate` = 1  AND `paystate` = 2 [ RunTime:0.052000s ]
[ sql ] [ SQL ] SHOW COLUMNS FROM `ct_rout_order` [ RunTime:0.051000s ]
[ sql ] [ SQL ] SELECT `rid` FROM `ct_rout_order` WHERE  `status` = 1 [ RunTime:0.050000s ]

---------------------------------------------------------------
[ 2018-03-23T18:26:42+08:00 ] 127.0.0.1 127.0.0.1 GET /admin/account/index
[ log ] www.ctadmin.com/admin/account/index [运行时间：1.025000s][吞吐率：0.98req/s] [内存消耗：2,916.47kb] [文件加载：57]
[ info ] [ LANG ] E:\chitu\chitu_admin\trunk\thinkphp\lang\zh-cn.php
[ info ] [ ROUTE ] array (
  'type' => 'module',
  'module' => 
  array (
    0 => 'admin',
    1 => 'account',
    2 => 'index',
  ),
)
[ info ] [ HEADER ] array (
  'host' => 'www.ctadmin.com',
  'connection' => 'keep-alive',
  'cache-control' => 'max-age=0',
  'upgrade-insecure-requests' => '1',
  'user-agent' => 'Mozilla/5.0 (Windows NT 6.1; WOW64) AppleWebKit/537.36 (KHTML, like Gecko) Chrome/65.0.3325.181 Safari/537.36',
  'accept' => 'text/html,application/xhtml+xml,application/xml;q=0.9,image/webp,image/apng,*/*;q=0.8',
  'referer' => 'http://www.ctadmin.com/admin/index/index.html',
  'accept-encoding' => 'gzip, deflate',
  'accept-language' => 'zh-CN,zh;q=0.9',
  'cookie' => 'PHPSESSID=p89p0661rh75u2830aksci9ne4',
)
[ info ] [ PARAM ] array (
  '/admin/account/index' => '',
)
[ info ] [ SESSION ] INIT array (
  'id' => '',
  'var_session_id' => '',
  'prefix' => 'think',
  'type' => '',
  'auto_start' => true,
)
[ info ] [ DB ] INIT mysql
[ info ] [ RUN ] app\admin\controller\Account->index[ E:\chitu\chitu_admin\trunk\application\admin\controller\Account.php ]
[ info ] [ VIEW ] E:\chitu\chitu_admin\trunk\public/../application/admin\view\account\index.html [ array (
  0 => 'comnum',
  1 => 'list',
  2 => 'count',
  3 => 'ordercount',
) ]
[ info ] [ LOG ] INIT File
[ sql ] [ DB ] CONNECT:[ UseTime:0.081000s ] mysql:dbname=chitutest;host=rm-2zezn1940ztq6hib5o.mysql.rds.aliyuncs.com;charset=utf8
[ sql ] [ SQL ] SHOW COLUMNS FROM `ct_auth_group_access` [ RunTime:0.055000s ]
[ sql ] [ SQL ] SELECT `uid`,`group_id`,`title`,`rules` FROM `ct_auth_group_access` `a` INNER JOIN `ct_auth_group` `g` ON `g`.`id`=`a`.`group_id` WHERE  `a`.`uid` = 2  AND `g`.`status` = 1  AND `a`.`ustype` = 1 [ RunTime:0.051000s ]
[ sql ] [ SQL ] SHOW COLUMNS FROM `ct_auth_rule` [ RunTime:0.052000s ]
[ sql ] [ SQL ] SELECT `condition`,`name` FROM `ct_auth_rule` WHERE  `id` IN (1,2,168,3,4,7,8,9,5,10,11,12,6,13,14,15,16,17,18,19,20,21,22,23,24,25,26,170,171,27,28,29,30,31,32,33,34,35,36,37,38,39,40,42,43,44,45,47,48,49,50,57,46,51,52,53,54,55,56,58,59,60,61,62,63,64,65,66,67,68,69,70,71,72,73,74,75,76,77,79,80,81,82,83,84,85,86,87,88,89,90,91,92,93,94,95,96,97,98,99,100,101,102,103,104,105,106,107,108,109,110,111,112,113,114,115,116,117,118,119,120,121,122,123,124,125,126,127,128,129,130,131,132,133,134,135,136,137,138,139,144,140,141,142,143,145,146,147,148,149,150,151,152,153,154,162,163,169,164,165,166,155,156,157,158,159,160)  AND `type` = 1  AND `ertype` = 1  AND `status` = 1 [ RunTime:0.055000s ]
[ sql ] [ SQL ] SHOW COLUMNS FROM `ct_shift_order` [ RunTime:0.051000s ]
[ sql ] [ SQL ] SELECT `a`.*,`f`.`lienid`,`u`.`lineclient`,`c`.`name`,`c`.`cid`,`u`.`realname` FROM `ct_shift_order` `a` INNER JOIN `ct_fixation_line` `f` ON `f`.`id`=`a`.`shiftid` INNER JOIN `ct_user` `u` ON `u`.`uid`=`a`.`userid` INNER JOIN `ct_company` `c` ON `c`.`cid`=`u`.`lineclient` WHERE  `usercheck` = 1  AND `userstate` = 2  AND `orderstate` = 3 [ RunTime:0.054000s ]
[ sql ] [ SQL ] SHOW COLUMNS FROM `ct_already_city` [ RunTime:0.051000s ]
[ sql ] [ SQL ] SELECT * FROM `ct_already_city` WHERE  `city_id` = 77 LIMIT 1 [ RunTime:0.053000s ]
[ sql ] [ SQL ] SHOW COLUMNS FROM `ct_district` [ RunTime:0.053000s ]
[ sql ] [ SQL ] SELECT * FROM `ct_district` WHERE  `id` = 38 LIMIT 1 [ RunTime:0.052000s ]
[ sql ] [ SQL ] SELECT * FROM `ct_district` WHERE  `id` = 45052 LIMIT 1 [ RunTime:0.026000s ]
[ sql ] [ SQL ] SELECT * FROM `ct_district` WHERE  `id` = 57 LIMIT 1 [ RunTime:0.026000s ]
[ sql ] [ SQL ] SELECT * FROM `ct_district` WHERE  `id` = 45053 LIMIT 1 [ RunTime:0.026000s ]
[ sql ] [ SQL ] SELECT * FROM `ct_already_city` WHERE  `city_id` = 89 LIMIT 1 [ RunTime:0.052000s ]
[ sql ] [ SQL ] SELECT * FROM `ct_district` WHERE  `id` = 152 LIMIT 1 [ RunTime:0.051000s ]
[ sql ] [ SQL ] SELECT * FROM `ct_district` WHERE  `id` = 45054 LIMIT 1 [ RunTime:0.026000s ]
[ sql ] [ SQL ] SELECT * FROM `ct_district` WHERE  `id` = 2072 LIMIT 1 [ RunTime:0.025000s ]
[ sql ] [ SQL ] SELECT * FROM `ct_district` WHERE  `id` = 166 LIMIT 1 [ RunTime:0.025000s ]
[ sql ] [ SQL ] SHOW COLUMNS FROM `ct_order` [ RunTime:0.055000s ]
[ sql ] [ SQL ] SELECT `a`.*,`c`.`tprice`,`b`.`realname`,`b`.`userstate`,`b`.`lineclient`,`com`.`name`,`com`.`cid` FROM `ct_order` `a` INNER JOIN `ct_user` `b` ON `b`.`uid`=`a`.`userid` INNER JOIN `ct_company` `com` ON `com`.`cid`=`b`.`lineclient` INNER JOIN `ct_pickorder` `c` ON `c`.`picid`=`a`.`oid` WHERE  `usercheck` = 1  AND `userstate` = 2  AND `orderstate` = 7 [ RunTime:0.053000s ]

---------------------------------------------------------------
[ 2018-03-23T18:26:43+08:00 ] 127.0.0.1 127.0.0.1 GET /static/tpl/css/bootstrap.min.css.map
[ log ] www.ctadmin.com/static/tpl/css/bootstrap.min.css.map [运行时间：0.016000s][吞吐率：62.50req/s] [内存消耗：1,446.02kb] [文件加载：40]
[ info ] [ LANG ] E:\chitu\chitu_admin\trunk\thinkphp\lang\zh-cn.php
[ info ] [ ROUTE ] array (
  'type' => 'module',
  'module' => 
  array (
    0 => 'static',
    1 => 'tpl',
    2 => 'css',
  ),
)
[ info ] [ HEADER ] array (
  'host' => 'www.ctadmin.com',
  'connection' => 'keep-alive',
  'user-agent' => 'Mozilla/5.0 (Windows NT 6.1; WOW64) AppleWebKit/537.36 (KHTML, like Gecko) Chrome/65.0.3325.181 Safari/537.36',
  'accept-encoding' => 'gzip, deflate',
  'accept-language' => 'zh-CN,zh;q=0.9',
  'cookie' => 'PHPSESSID=p89p0661rh75u2830aksci9ne4',
)
[ info ] [ PARAM ] array (
  '/static/tpl/css/bootstrap_min_css_map' => '',
)
[ info ] [ LOG ] INIT File

---------------------------------------------------------------
[ 2018-03-23T18:26:47+08:00 ] 127.0.0.1 127.0.0.1 GET /admin/account/index
[ log ] www.ctadmin.com/admin/account/index [运行时间：1.023000s][吞吐率：0.98req/s] [内存消耗：2,738.76kb] [文件加载：55]
[ info ] [ LANG ] E:\chitu\chitu_admin\trunk\thinkphp\lang\zh-cn.php
[ info ] [ ROUTE ] array (
  'type' => 'module',
  'module' => 
  array (
    0 => 'admin',
    1 => 'account',
    2 => 'index',
  ),
)
[ info ] [ HEADER ] array (
  'host' => 'www.ctadmin.com',
  'connection' => 'keep-alive',
  'cache-control' => 'max-age=0',
  'upgrade-insecure-requests' => '1',
  'user-agent' => 'Mozilla/5.0 (Windows NT 6.1; WOW64) AppleWebKit/537.36 (KHTML, like Gecko) Chrome/65.0.3325.181 Safari/537.36',
  'accept' => 'text/html,application/xhtml+xml,application/xml;q=0.9,image/webp,image/apng,*/*;q=0.8',
  'referer' => 'http://www.ctadmin.com/admin/index/index.html',
  'accept-encoding' => 'gzip, deflate',
  'accept-language' => 'zh-CN,zh;q=0.9',
  'cookie' => 'PHPSESSID=p89p0661rh75u2830aksci9ne4',
)
[ info ] [ PARAM ] array (
  '/admin/account/index' => '',
)
[ info ] [ SESSION ] INIT array (
  'id' => '',
  'var_session_id' => '',
  'prefix' => 'think',
  'type' => '',
  'auto_start' => true,
)
[ info ] [ DB ] INIT mysql
[ info ] [ RUN ] app\admin\controller\Account->index[ E:\chitu\chitu_admin\trunk\application\admin\controller\Account.php ]
[ info ] [ VIEW ] E:\chitu\chitu_admin\trunk\public/../application/admin\view\account\index.html [ array (
  0 => 'comnum',
  1 => 'list',
  2 => 'count',
  3 => 'ordercount',
) ]
[ info ] [ LOG ] INIT File
[ sql ] [ DB ] CONNECT:[ UseTime:0.081000s ] mysql:dbname=chitutest;host=rm-2zezn1940ztq6hib5o.mysql.rds.aliyuncs.com;charset=utf8
[ sql ] [ SQL ] SHOW COLUMNS FROM `ct_auth_group_access` [ RunTime:0.053000s ]
[ sql ] [ SQL ] SELECT `uid`,`group_id`,`title`,`rules` FROM `ct_auth_group_access` `a` INNER JOIN `ct_auth_group` `g` ON `g`.`id`=`a`.`group_id` WHERE  `a`.`uid` = 2  AND `g`.`status` = 1  AND `a`.`ustype` = 1 [ RunTime:0.051000s ]
[ sql ] [ SQL ] SHOW COLUMNS FROM `ct_auth_rule` [ RunTime:0.054000s ]
[ sql ] [ SQL ] SELECT `condition`,`name` FROM `ct_auth_rule` WHERE  `id` IN (1,2,168,3,4,7,8,9,5,10,11,12,6,13,14,15,16,17,18,19,20,21,22,23,24,25,26,170,171,27,28,29,30,31,32,33,34,35,36,37,38,39,40,42,43,44,45,47,48,49,50,57,46,51,52,53,54,55,56,58,59,60,61,62,63,64,65,66,67,68,69,70,71,72,73,74,75,76,77,79,80,81,82,83,84,85,86,87,88,89,90,91,92,93,94,95,96,97,98,99,100,101,102,103,104,105,106,107,108,109,110,111,112,113,114,115,116,117,118,119,120,121,122,123,124,125,126,127,128,129,130,131,132,133,134,135,136,137,138,139,144,140,141,142,143,145,146,147,148,149,150,151,152,153,154,162,163,169,164,165,166,155,156,157,158,159,160)  AND `type` = 1  AND `ertype` = 1  AND `status` = 1 [ RunTime:0.055000s ]
[ sql ] [ SQL ] SHOW COLUMNS FROM `ct_shift_order` [ RunTime:0.053000s ]
[ sql ] [ SQL ] SELECT `a`.*,`f`.`lienid`,`u`.`lineclient`,`c`.`name`,`c`.`cid`,`u`.`realname` FROM `ct_shift_order` `a` INNER JOIN `ct_fixation_line` `f` ON `f`.`id`=`a`.`shiftid` INNER JOIN `ct_user` `u` ON `u`.`uid`=`a`.`userid` INNER JOIN `ct_company` `c` ON `c`.`cid`=`u`.`lineclient` WHERE  `usercheck` = 1  AND `userstate` = 2  AND `orderstate` = 3 [ RunTime:0.053000s ]
[ sql ] [ SQL ] SHOW COLUMNS FROM `ct_already_city` [ RunTime:0.053000s ]
[ sql ] [ SQL ] SELECT * FROM `ct_already_city` WHERE  `city_id` = 77 LIMIT 1 [ RunTime:0.050000s ]
[ sql ] [ SQL ] SHOW COLUMNS FROM `ct_district` [ RunTime:0.052000s ]
[ sql ] [ SQL ] SELECT * FROM `ct_district` WHERE  `id` = 38 LIMIT 1 [ RunTime:0.051000s ]
[ sql ] [ SQL ] SELECT * FROM `ct_district` WHERE  `id` = 45052 LIMIT 1 [ RunTime:0.026000s ]
[ sql ] [ SQL ] SELECT * FROM `ct_district` WHERE  `id` = 57 LIMIT 1 [ RunTime:0.025000s ]
[ sql ] [ SQL ] SELECT * FROM `ct_district` WHERE  `id` = 45053 LIMIT 1 [ RunTime:0.025000s ]
[ sql ] [ SQL ] SELECT * FROM `ct_already_city` WHERE  `city_id` = 89 LIMIT 1 [ RunTime:0.053000s ]
[ sql ] [ SQL ] SELECT * FROM `ct_district` WHERE  `id` = 152 LIMIT 1 [ RunTime:0.050000s ]
[ sql ] [ SQL ] SELECT * FROM `ct_district` WHERE  `id` = 45054 LIMIT 1 [ RunTime:0.025000s ]
[ sql ] [ SQL ] SELECT * FROM `ct_district` WHERE  `id` = 2072 LIMIT 1 [ RunTime:0.026000s ]
[ sql ] [ SQL ] SELECT * FROM `ct_district` WHERE  `id` = 166 LIMIT 1 [ RunTime:0.026000s ]
[ sql ] [ SQL ] SHOW COLUMNS FROM `ct_order` [ RunTime:0.052000s ]
[ sql ] [ SQL ] SELECT `a`.*,`c`.`tprice`,`b`.`realname`,`b`.`userstate`,`b`.`lineclient`,`com`.`name`,`com`.`cid` FROM `ct_order` `a` INNER JOIN `ct_user` `b` ON `b`.`uid`=`a`.`userid` INNER JOIN `ct_company` `com` ON `com`.`cid`=`b`.`lineclient` INNER JOIN `ct_pickorder` `c` ON `c`.`picid`=`a`.`oid` WHERE  `usercheck` = 1  AND `userstate` = 2  AND `orderstate` = 7 [ RunTime:0.053000s ]

---------------------------------------------------------------
[ 2018-03-23T18:26:47+08:00 ] 127.0.0.1 127.0.0.1 GET /static/tpl/css/bootstrap.min.css.map
[ log ] www.ctadmin.com/static/tpl/css/bootstrap.min.css.map [运行时间：0.017000s][吞吐率：58.82req/s] [内存消耗：1,446.02kb] [文件加载：40]
[ info ] [ LANG ] E:\chitu\chitu_admin\trunk\thinkphp\lang\zh-cn.php
[ info ] [ ROUTE ] array (
  'type' => 'module',
  'module' => 
  array (
    0 => 'static',
    1 => 'tpl',
    2 => 'css',
  ),
)
[ info ] [ HEADER ] array (
  'host' => 'www.ctadmin.com',
  'connection' => 'keep-alive',
  'user-agent' => 'Mozilla/5.0 (Windows NT 6.1; WOW64) AppleWebKit/537.36 (KHTML, like Gecko) Chrome/65.0.3325.181 Safari/537.36',
  'accept-encoding' => 'gzip, deflate',
  'accept-language' => 'zh-CN,zh;q=0.9',
  'cookie' => 'PHPSESSID=p89p0661rh75u2830aksci9ne4',
)
[ info ] [ PARAM ] array (
  '/static/tpl/css/bootstrap_min_css_map' => '',
)
[ info ] [ LOG ] INIT File

---------------------------------------------------------------
[ 2018-03-23T18:26:59+08:00 ] 127.0.0.1 127.0.0.1 GET /admin/account/index
[ log ] www.ctadmin.com/admin/account/index [运行时间：1.064000s][吞吐率：0.94req/s] [内存消耗：2,916.47kb] [文件加载：57]
[ info ] [ LANG ] E:\chitu\chitu_admin\trunk\thinkphp\lang\zh-cn.php
[ info ] [ ROUTE ] array (
  'type' => 'module',
  'module' => 
  array (
    0 => 'admin',
    1 => 'account',
    2 => 'index',
  ),
)
[ info ] [ HEADER ] array (
  'host' => 'www.ctadmin.com',
  'connection' => 'keep-alive',
  'cache-control' => 'max-age=0',
  'upgrade-insecure-requests' => '1',
  'user-agent' => 'Mozilla/5.0 (Windows NT 6.1; WOW64) AppleWebKit/537.36 (KHTML, like Gecko) Chrome/65.0.3325.181 Safari/537.36',
  'accept' => 'text/html,application/xhtml+xml,application/xml;q=0.9,image/webp,image/apng,*/*;q=0.8',
  'referer' => 'http://www.ctadmin.com/admin/index/index.html',
  'accept-encoding' => 'gzip, deflate',
  'accept-language' => 'zh-CN,zh;q=0.9',
  'cookie' => 'PHPSESSID=p89p0661rh75u2830aksci9ne4',
)
[ info ] [ PARAM ] array (
  '/admin/account/index' => '',
)
[ info ] [ SESSION ] INIT array (
  'id' => '',
  'var_session_id' => '',
  'prefix' => 'think',
  'type' => '',
  'auto_start' => true,
)
[ info ] [ DB ] INIT mysql
[ info ] [ RUN ] app\admin\controller\Account->index[ E:\chitu\chitu_admin\trunk\application\admin\controller\Account.php ]
[ info ] [ VIEW ] E:\chitu\chitu_admin\trunk\public/../application/admin\view\account\index.html [ array (
  0 => 'comnum',
  1 => 'list',
  2 => 'count',
  3 => 'ordercount',
) ]
[ info ] [ LOG ] INIT File
[ sql ] [ DB ] CONNECT:[ UseTime:0.083000s ] mysql:dbname=chitutest;host=rm-2zezn1940ztq6hib5o.mysql.rds.aliyuncs.com;charset=utf8
[ sql ] [ SQL ] SHOW COLUMNS FROM `ct_auth_group_access` [ RunTime:0.053000s ]
[ sql ] [ SQL ] SELECT `uid`,`group_id`,`title`,`rules` FROM `ct_auth_group_access` `a` INNER JOIN `ct_auth_group` `g` ON `g`.`id`=`a`.`group_id` WHERE  `a`.`uid` = 2  AND `g`.`status` = 1  AND `a`.`ustype` = 1 [ RunTime:0.056000s ]
[ sql ] [ SQL ] SHOW COLUMNS FROM `ct_auth_rule` [ RunTime:0.054000s ]
[ sql ] [ SQL ] SELECT `condition`,`name` FROM `ct_auth_rule` WHERE  `id` IN (1,2,168,3,4,7,8,9,5,10,11,12,6,13,14,15,16,17,18,19,20,21,22,23,24,25,26,170,171,27,28,29,30,31,32,33,34,35,36,37,38,39,40,42,43,44,45,47,48,49,50,57,46,51,52,53,54,55,56,58,59,60,61,62,63,64,65,66,67,68,69,70,71,72,73,74,75,76,77,79,80,81,82,83,84,85,86,87,88,89,90,91,92,93,94,95,96,97,98,99,100,101,102,103,104,105,106,107,108,109,110,111,112,113,114,115,116,117,118,119,120,121,122,123,124,125,126,127,128,129,130,131,132,133,134,135,136,137,138,139,144,140,141,142,143,145,146,147,148,149,150,151,152,153,154,162,163,169,164,165,166,155,156,157,158,159,160)  AND `type` = 1  AND `ertype` = 1  AND `status` = 1 [ RunTime:0.057000s ]
[ sql ] [ SQL ] SHOW COLUMNS FROM `ct_shift_order` [ RunTime:0.058000s ]
[ sql ] [ SQL ] SELECT `a`.*,`f`.`lienid`,`u`.`lineclient`,`c`.`name`,`c`.`cid`,`u`.`realname` FROM `ct_shift_order` `a` INNER JOIN `ct_fixation_line` `f` ON `f`.`id`=`a`.`shiftid` INNER JOIN `ct_user` `u` ON `u`.`uid`=`a`.`userid` INNER JOIN `ct_company` `c` ON `c`.`cid`=`u`.`lineclient` WHERE  `usercheck` = 1  AND `userstate` = 2  AND `orderstate` = 3 [ RunTime:0.055000s ]
[ sql ] [ SQL ] SHOW COLUMNS FROM `ct_already_city` [ RunTime:0.054000s ]
[ sql ] [ SQL ] SELECT * FROM `ct_already_city` WHERE  `city_id` = 77 LIMIT 1 [ RunTime:0.055000s ]
[ sql ] [ SQL ] SHOW COLUMNS FROM `ct_district` [ RunTime:0.056000s ]
[ sql ] [ SQL ] SELECT * FROM `ct_district` WHERE  `id` = 38 LIMIT 1 [ RunTime:0.054000s ]
[ sql ] [ SQL ] SELECT * FROM `ct_district` WHERE  `id` = 45052 LIMIT 1 [ RunTime:0.027000s ]
[ sql ] [ SQL ] SELECT * FROM `ct_district` WHERE  `id` = 57 LIMIT 1 [ RunTime:0.025000s ]
[ sql ] [ SQL ] SELECT * FROM `ct_district` WHERE  `id` = 45053 LIMIT 1 [ RunTime:0.028000s ]
[ sql ] [ SQL ] SELECT * FROM `ct_already_city` WHERE  `city_id` = 89 LIMIT 1 [ RunTime:0.052000s ]
[ sql ] [ SQL ] SELECT * FROM `ct_district` WHERE  `id` = 152 LIMIT 1 [ RunTime:0.053000s ]
[ sql ] [ SQL ] SELECT * FROM `ct_district` WHERE  `id` = 45054 LIMIT 1 [ RunTime:0.026000s ]
[ sql ] [ SQL ] SELECT * FROM `ct_district` WHERE  `id` = 2072 LIMIT 1 [ RunTime:0.026000s ]
[ sql ] [ SQL ] SELECT * FROM `ct_district` WHERE  `id` = 166 LIMIT 1 [ RunTime:0.027000s ]
[ sql ] [ SQL ] SHOW COLUMNS FROM `ct_order` [ RunTime:0.054000s ]
[ sql ] [ SQL ] SELECT `a`.*,`c`.`tprice`,`b`.`realname`,`b`.`userstate`,`b`.`lineclient`,`com`.`name`,`com`.`cid` FROM `ct_order` `a` INNER JOIN `ct_user` `b` ON `b`.`uid`=`a`.`userid` INNER JOIN `ct_company` `com` ON `com`.`cid`=`b`.`lineclient` INNER JOIN `ct_pickorder` `c` ON `c`.`picid`=`a`.`oid` WHERE  `usercheck` = 1  AND `userstate` = 2  AND `orderstate` = 7 [ RunTime:0.054000s ]

---------------------------------------------------------------
[ 2018-03-23T18:26:59+08:00 ] 127.0.0.1 127.0.0.1 GET /static/tpl/css/bootstrap.min.css.map
[ log ] www.ctadmin.com/static/tpl/css/bootstrap.min.css.map [运行时间：0.018000s][吞吐率：55.56req/s] [内存消耗：1,446.02kb] [文件加载：40]
[ info ] [ LANG ] E:\chitu\chitu_admin\trunk\thinkphp\lang\zh-cn.php
[ info ] [ ROUTE ] array (
  'type' => 'module',
  'module' => 
  array (
    0 => 'static',
    1 => 'tpl',
    2 => 'css',
  ),
)
[ info ] [ HEADER ] array (
  'host' => 'www.ctadmin.com',
  'connection' => 'keep-alive',
  'user-agent' => 'Mozilla/5.0 (Windows NT 6.1; WOW64) AppleWebKit/537.36 (KHTML, like Gecko) Chrome/65.0.3325.181 Safari/537.36',
  'accept-encoding' => 'gzip, deflate',
  'accept-language' => 'zh-CN,zh;q=0.9',
  'cookie' => 'PHPSESSID=p89p0661rh75u2830aksci9ne4',
)
[ info ] [ PARAM ] array (
  '/static/tpl/css/bootstrap_min_css_map' => '',
)
[ info ] [ LOG ] INIT File

---------------------------------------------------------------
[ 2018-03-23T18:27:37+08:00 ] 127.0.0.1 127.0.0.1 GET /admin/account/index
[ log ] www.ctadmin.com/admin/account/index [运行时间：1.065000s][吞吐率：0.94req/s] [内存消耗：2,916.40kb] [文件加载：57]
[ info ] [ LANG ] E:\chitu\chitu_admin\trunk\thinkphp\lang\zh-cn.php
[ info ] [ ROUTE ] array (
  'type' => 'module',
  'module' => 
  array (
    0 => 'admin',
    1 => 'account',
    2 => 'index',
  ),
)
[ info ] [ HEADER ] array (
  'host' => 'www.ctadmin.com',
  'connection' => 'keep-alive',
  'cache-control' => 'max-age=0',
  'upgrade-insecure-requests' => '1',
  'user-agent' => 'Mozilla/5.0 (Windows NT 6.1; WOW64) AppleWebKit/537.36 (KHTML, like Gecko) Chrome/65.0.3325.181 Safari/537.36',
  'accept' => 'text/html,application/xhtml+xml,application/xml;q=0.9,image/webp,image/apng,*/*;q=0.8',
  'referer' => 'http://www.ctadmin.com/admin/index/index.html',
  'accept-encoding' => 'gzip, deflate',
  'accept-language' => 'zh-CN,zh;q=0.9',
  'cookie' => 'PHPSESSID=p89p0661rh75u2830aksci9ne4',
)
[ info ] [ PARAM ] array (
  '/admin/account/index' => '',
)
[ info ] [ SESSION ] INIT array (
  'id' => '',
  'var_session_id' => '',
  'prefix' => 'think',
  'type' => '',
  'auto_start' => true,
)
[ info ] [ DB ] INIT mysql
[ info ] [ RUN ] app\admin\controller\Account->index[ E:\chitu\chitu_admin\trunk\application\admin\controller\Account.php ]
[ info ] [ VIEW ] E:\chitu\chitu_admin\trunk\public/../application/admin\view\account\index.html [ array (
  0 => 'comnum',
  1 => 'list',
  2 => 'count',
  3 => 'ordercount',
) ]
[ info ] [ LOG ] INIT File
[ sql ] [ DB ] CONNECT:[ UseTime:0.099000s ] mysql:dbname=chitutest;host=rm-2zezn1940ztq6hib5o.mysql.rds.aliyuncs.com;charset=utf8
[ sql ] [ SQL ] SHOW COLUMNS FROM `ct_auth_group_access` [ RunTime:0.052000s ]
[ sql ] [ SQL ] SELECT `uid`,`group_id`,`title`,`rules` FROM `ct_auth_group_access` `a` INNER JOIN `ct_auth_group` `g` ON `g`.`id`=`a`.`group_id` WHERE  `a`.`uid` = 2  AND `g`.`status` = 1  AND `a`.`ustype` = 1 [ RunTime:0.052000s ]
[ sql ] [ SQL ] SHOW COLUMNS FROM `ct_auth_rule` [ RunTime:0.053000s ]
[ sql ] [ SQL ] SELECT `condition`,`name` FROM `ct_auth_rule` WHERE  `id` IN (1,2,168,3,4,7,8,9,5,10,11,12,6,13,14,15,16,17,18,19,20,21,22,23,24,25,26,170,171,27,28,29,30,31,32,33,34,35,36,37,38,39,40,42,43,44,45,47,48,49,50,57,46,51,52,53,54,55,56,58,59,60,61,62,63,64,65,66,67,68,69,70,71,72,73,74,75,76,77,79,80,81,82,83,84,85,86,87,88,89,90,91,92,93,94,95,96,97,98,99,100,101,102,103,104,105,106,107,108,109,110,111,112,113,114,115,116,117,118,119,120,121,122,123,124,125,126,127,128,129,130,131,132,133,134,135,136,137,138,139,144,140,141,142,143,145,146,147,148,149,150,151,152,153,154,162,163,169,164,165,166,155,156,157,158,159,160)  AND `type` = 1  AND `ertype` = 1  AND `status` = 1 [ RunTime:0.056000s ]
[ sql ] [ SQL ] SHOW COLUMNS FROM `ct_shift_order` [ RunTime:0.053000s ]
[ sql ] [ SQL ] SELECT `a`.*,`f`.`lienid`,`u`.`lineclient`,`c`.`name`,`c`.`cid`,`u`.`realname` FROM `ct_shift_order` `a` INNER JOIN `ct_fixation_line` `f` ON `f`.`id`=`a`.`shiftid` INNER JOIN `ct_user` `u` ON `u`.`uid`=`a`.`userid` INNER JOIN `ct_company` `c` ON `c`.`cid`=`u`.`lineclient` WHERE  `usercheck` = 1  AND `userstate` = 2  AND `orderstate` = 3 [ RunTime:0.058000s ]
[ sql ] [ SQL ] SHOW COLUMNS FROM `ct_already_city` [ RunTime:0.054000s ]
[ sql ] [ SQL ] SELECT * FROM `ct_already_city` WHERE  `city_id` = 77 LIMIT 1 [ RunTime:0.051000s ]
[ sql ] [ SQL ] SHOW COLUMNS FROM `ct_district` [ RunTime:0.052000s ]
[ sql ] [ SQL ] SELECT * FROM `ct_district` WHERE  `id` = 38 LIMIT 1 [ RunTime:0.053000s ]
[ sql ] [ SQL ] SELECT * FROM `ct_district` WHERE  `id` = 45052 LIMIT 1 [ RunTime:0.027000s ]
[ sql ] [ SQL ] SELECT * FROM `ct_district` WHERE  `id` = 57 LIMIT 1 [ RunTime:0.026000s ]
[ sql ] [ SQL ] SELECT * FROM `ct_district` WHERE  `id` = 45053 LIMIT 1 [ RunTime:0.027000s ]
[ sql ] [ SQL ] SELECT * FROM `ct_already_city` WHERE  `city_id` = 89 LIMIT 1 [ RunTime:0.052000s ]
[ sql ] [ SQL ] SELECT * FROM `ct_district` WHERE  `id` = 152 LIMIT 1 [ RunTime:0.052000s ]
[ sql ] [ SQL ] SELECT * FROM `ct_district` WHERE  `id` = 45054 LIMIT 1 [ RunTime:0.026000s ]
[ sql ] [ SQL ] SELECT * FROM `ct_district` WHERE  `id` = 2072 LIMIT 1 [ RunTime:0.026000s ]
[ sql ] [ SQL ] SELECT * FROM `ct_district` WHERE  `id` = 166 LIMIT 1 [ RunTime:0.027000s ]
[ sql ] [ SQL ] SHOW COLUMNS FROM `ct_order` [ RunTime:0.054000s ]
[ sql ] [ SQL ] SELECT `a`.*,`c`.`tprice`,`b`.`realname`,`b`.`userstate`,`b`.`lineclient`,`com`.`name`,`com`.`cid` FROM `ct_order` `a` INNER JOIN `ct_user` `b` ON `b`.`uid`=`a`.`userid` INNER JOIN `ct_company` `com` ON `com`.`cid`=`b`.`lineclient` INNER JOIN `ct_pickorder` `c` ON `c`.`picid`=`a`.`oid` WHERE  `usercheck` = 1  AND `userstate` = 2  AND `orderstate` = 7 [ RunTime:0.054000s ]

---------------------------------------------------------------
[ 2018-03-23T18:27:37+08:00 ] 127.0.0.1 127.0.0.1 GET /static/tpl/css/bootstrap.min.css.map
[ log ] www.ctadmin.com/static/tpl/css/bootstrap.min.css.map [运行时间：0.024000s][吞吐率：41.67req/s] [内存消耗：1,446.02kb] [文件加载：40]
[ info ] [ LANG ] E:\chitu\chitu_admin\trunk\thinkphp\lang\zh-cn.php
[ info ] [ ROUTE ] array (
  'type' => 'module',
  'module' => 
  array (
    0 => 'static',
    1 => 'tpl',
    2 => 'css',
  ),
)
[ info ] [ HEADER ] array (
  'host' => 'www.ctadmin.com',
  'connection' => 'keep-alive',
  'user-agent' => 'Mozilla/5.0 (Windows NT 6.1; WOW64) AppleWebKit/537.36 (KHTML, like Gecko) Chrome/65.0.3325.181 Safari/537.36',
  'accept-encoding' => 'gzip, deflate',
  'accept-language' => 'zh-CN,zh;q=0.9',
  'cookie' => 'PHPSESSID=p89p0661rh75u2830aksci9ne4',
)
[ info ] [ PARAM ] array (
  '/static/tpl/css/bootstrap_min_css_map' => '',
)
[ info ] [ LOG ] INIT File

---------------------------------------------------------------
[ 2018-03-23T18:27:59+08:00 ] 127.0.0.1 127.0.0.1 GET /admin/account/index
[ log ] www.ctadmin.com/admin/account/index [运行时间：1.054000s][吞吐率：0.95req/s] [内存消耗：2,916.27kb] [文件加载：57]
[ info ] [ LANG ] E:\chitu\chitu_admin\trunk\thinkphp\lang\zh-cn.php
[ info ] [ ROUTE ] array (
  'type' => 'module',
  'module' => 
  array (
    0 => 'admin',
    1 => 'account',
    2 => 'index',
  ),
)
[ info ] [ HEADER ] array (
  'host' => 'www.ctadmin.com',
  'connection' => 'keep-alive',
  'cache-control' => 'max-age=0',
  'upgrade-insecure-requests' => '1',
  'user-agent' => 'Mozilla/5.0 (Windows NT 6.1; WOW64) AppleWebKit/537.36 (KHTML, like Gecko) Chrome/65.0.3325.181 Safari/537.36',
  'accept' => 'text/html,application/xhtml+xml,application/xml;q=0.9,image/webp,image/apng,*/*;q=0.8',
  'referer' => 'http://www.ctadmin.com/admin/index/index.html',
  'accept-encoding' => 'gzip, deflate',
  'accept-language' => 'zh-CN,zh;q=0.9',
  'cookie' => 'PHPSESSID=p89p0661rh75u2830aksci9ne4',
)
[ info ] [ PARAM ] array (
  '/admin/account/index' => '',
)
[ info ] [ SESSION ] INIT array (
  'id' => '',
  'var_session_id' => '',
  'prefix' => 'think',
  'type' => '',
  'auto_start' => true,
)
[ info ] [ DB ] INIT mysql
[ info ] [ RUN ] app\admin\controller\Account->index[ E:\chitu\chitu_admin\trunk\application\admin\controller\Account.php ]
[ info ] [ VIEW ] E:\chitu\chitu_admin\trunk\public/../application/admin\view\account\index.html [ array (
  0 => 'comnum',
  1 => 'list',
  2 => 'count',
  3 => 'ordercount',
) ]
[ info ] [ LOG ] INIT File
[ sql ] [ DB ] CONNECT:[ UseTime:0.082000s ] mysql:dbname=chitutest;host=rm-2zezn1940ztq6hib5o.mysql.rds.aliyuncs.com;charset=utf8
[ sql ] [ SQL ] SHOW COLUMNS FROM `ct_auth_group_access` [ RunTime:0.056000s ]
[ sql ] [ SQL ] SELECT `uid`,`group_id`,`title`,`rules` FROM `ct_auth_group_access` `a` INNER JOIN `ct_auth_group` `g` ON `g`.`id`=`a`.`group_id` WHERE  `a`.`uid` = 2  AND `g`.`status` = 1  AND `a`.`ustype` = 1 [ RunTime:0.054000s ]
[ sql ] [ SQL ] SHOW COLUMNS FROM `ct_auth_rule` [ RunTime:0.054000s ]
[ sql ] [ SQL ] SELECT `condition`,`name` FROM `ct_auth_rule` WHERE  `id` IN (1,2,168,3,4,7,8,9,5,10,11,12,6,13,14,15,16,17,18,19,20,21,22,23,24,25,26,170,171,27,28,29,30,31,32,33,34,35,36,37,38,39,40,42,43,44,45,47,48,49,50,57,46,51,52,53,54,55,56,58,59,60,61,62,63,64,65,66,67,68,69,70,71,72,73,74,75,76,77,79,80,81,82,83,84,85,86,87,88,89,90,91,92,93,94,95,96,97,98,99,100,101,102,103,104,105,106,107,108,109,110,111,112,113,114,115,116,117,118,119,120,121,122,123,124,125,126,127,128,129,130,131,132,133,134,135,136,137,138,139,144,140,141,142,143,145,146,147,148,149,150,151,152,153,154,162,163,169,164,165,166,155,156,157,158,159,160)  AND `type` = 1  AND `ertype` = 1  AND `status` = 1 [ RunTime:0.056000s ]
[ sql ] [ SQL ] SHOW COLUMNS FROM `ct_shift_order` [ RunTime:0.054000s ]
[ sql ] [ SQL ] SELECT `a`.*,`f`.`lienid`,`u`.`lineclient`,`c`.`name`,`c`.`cid`,`u`.`realname` FROM `ct_shift_order` `a` INNER JOIN `ct_fixation_line` `f` ON `f`.`id`=`a`.`shiftid` INNER JOIN `ct_user` `u` ON `u`.`uid`=`a`.`userid` INNER JOIN `ct_company` `c` ON `c`.`cid`=`u`.`lineclient` WHERE  `usercheck` = 1  AND `userstate` = 2  AND `orderstate` = 3 [ RunTime:0.053000s ]
[ sql ] [ SQL ] SHOW COLUMNS FROM `ct_already_city` [ RunTime:0.052000s ]
[ sql ] [ SQL ] SELECT * FROM `ct_already_city` WHERE  `city_id` = 77 LIMIT 1 [ RunTime:0.053000s ]
[ sql ] [ SQL ] SHOW COLUMNS FROM `ct_district` [ RunTime:0.055000s ]
[ sql ] [ SQL ] SELECT * FROM `ct_district` WHERE  `id` = 38 LIMIT 1 [ RunTime:0.054000s ]
[ sql ] [ SQL ] SELECT * FROM `ct_district` WHERE  `id` = 45052 LIMIT 1 [ RunTime:0.026000s ]
[ sql ] [ SQL ] SELECT * FROM `ct_district` WHERE  `id` = 57 LIMIT 1 [ RunTime:0.028000s ]
[ sql ] [ SQL ] SELECT * FROM `ct_district` WHERE  `id` = 45053 LIMIT 1 [ RunTime:0.026000s ]
[ sql ] [ SQL ] SELECT * FROM `ct_already_city` WHERE  `city_id` = 89 LIMIT 1 [ RunTime:0.054000s ]
[ sql ] [ SQL ] SELECT * FROM `ct_district` WHERE  `id` = 152 LIMIT 1 [ RunTime:0.054000s ]
[ sql ] [ SQL ] SELECT * FROM `ct_district` WHERE  `id` = 45054 LIMIT 1 [ RunTime:0.027000s ]
[ sql ] [ SQL ] SELECT * FROM `ct_district` WHERE  `id` = 2072 LIMIT 1 [ RunTime:0.027000s ]
[ sql ] [ SQL ] SELECT * FROM `ct_district` WHERE  `id` = 166 LIMIT 1 [ RunTime:0.027000s ]
[ sql ] [ SQL ] SHOW COLUMNS FROM `ct_order` [ RunTime:0.054000s ]
[ sql ] [ SQL ] SELECT `a`.*,`c`.`tprice`,`b`.`realname`,`b`.`userstate`,`b`.`lineclient`,`com`.`name`,`com`.`cid` FROM `ct_order` `a` INNER JOIN `ct_user` `b` ON `b`.`uid`=`a`.`userid` INNER JOIN `ct_company` `com` ON `com`.`cid`=`b`.`lineclient` INNER JOIN `ct_pickorder` `c` ON `c`.`picid`=`a`.`oid` WHERE  `usercheck` = 1  AND `userstate` = 2  AND `orderstate` = 7 [ RunTime:0.053000s ]

---------------------------------------------------------------
[ 2018-03-23T18:27:59+08:00 ] 127.0.0.1 127.0.0.1 GET /static/tpl/css/bootstrap.min.css.map
[ log ] www.ctadmin.com/static/tpl/css/bootstrap.min.css.map [运行时间：0.017000s][吞吐率：58.82req/s] [内存消耗：1,446.02kb] [文件加载：40]
[ info ] [ LANG ] E:\chitu\chitu_admin\trunk\thinkphp\lang\zh-cn.php
[ info ] [ ROUTE ] array (
  'type' => 'module',
  'module' => 
  array (
    0 => 'static',
    1 => 'tpl',
    2 => 'css',
  ),
)
[ info ] [ HEADER ] array (
  'host' => 'www.ctadmin.com',
  'connection' => 'keep-alive',
  'user-agent' => 'Mozilla/5.0 (Windows NT 6.1; WOW64) AppleWebKit/537.36 (KHTML, like Gecko) Chrome/65.0.3325.181 Safari/537.36',
  'accept-encoding' => 'gzip, deflate',
  'accept-language' => 'zh-CN,zh;q=0.9',
  'cookie' => 'PHPSESSID=p89p0661rh75u2830aksci9ne4',
)
[ info ] [ PARAM ] array (
  '/static/tpl/css/bootstrap_min_css_map' => '',
)
[ info ] [ LOG ] INIT File

---------------------------------------------------------------
[ 2018-03-23T18:29:10+08:00 ] 127.0.0.1 127.0.0.1 GET /admin/account/index
[ log ] www.ctadmin.com/admin/account/index [运行时间：1.117000s][吞吐率：0.90req/s] [内存消耗：2,916.23kb] [文件加载：57]
[ info ] [ LANG ] E:\chitu\chitu_admin\trunk\thinkphp\lang\zh-cn.php
[ info ] [ ROUTE ] array (
  'type' => 'module',
  'module' => 
  array (
    0 => 'admin',
    1 => 'account',
    2 => 'index',
  ),
)
[ info ] [ HEADER ] array (
  'host' => 'www.ctadmin.com',
  'connection' => 'keep-alive',
  'cache-control' => 'max-age=0',
  'upgrade-insecure-requests' => '1',
  'user-agent' => 'Mozilla/5.0 (Windows NT 6.1; WOW64) AppleWebKit/537.36 (KHTML, like Gecko) Chrome/65.0.3325.181 Safari/537.36',
  'accept' => 'text/html,application/xhtml+xml,application/xml;q=0.9,image/webp,image/apng,*/*;q=0.8',
  'referer' => 'http://www.ctadmin.com/admin/index/index.html',
  'accept-encoding' => 'gzip, deflate',
  'accept-language' => 'zh-CN,zh;q=0.9',
  'cookie' => 'PHPSESSID=p89p0661rh75u2830aksci9ne4',
)
[ info ] [ PARAM ] array (
  '/admin/account/index' => '',
)
[ info ] [ SESSION ] INIT array (
  'id' => '',
  'var_session_id' => '',
  'prefix' => 'think',
  'type' => '',
  'auto_start' => true,
)
[ info ] [ DB ] INIT mysql
[ info ] [ RUN ] app\admin\controller\Account->index[ E:\chitu\chitu_admin\trunk\application\admin\controller\Account.php ]
[ info ] [ VIEW ] E:\chitu\chitu_admin\trunk\public/../application/admin\view\account\index.html [ array (
  0 => 'comnum',
  1 => 'list',
  2 => 'count',
  3 => 'ordercount',
) ]
[ info ] [ LOG ] INIT File
[ sql ] [ DB ] CONNECT:[ UseTime:0.104000s ] mysql:dbname=chitutest;host=rm-2zezn1940ztq6hib5o.mysql.rds.aliyuncs.com;charset=utf8
[ sql ] [ SQL ] SHOW COLUMNS FROM `ct_auth_group_access` [ RunTime:0.057000s ]
[ sql ] [ SQL ] SELECT `uid`,`group_id`,`title`,`rules` FROM `ct_auth_group_access` `a` INNER JOIN `ct_auth_group` `g` ON `g`.`id`=`a`.`group_id` WHERE  `a`.`uid` = 2  AND `g`.`status` = 1  AND `a`.`ustype` = 1 [ RunTime:0.055000s ]
[ sql ] [ SQL ] SHOW COLUMNS FROM `ct_auth_rule` [ RunTime:0.057000s ]
[ sql ] [ SQL ] SELECT `condition`,`name` FROM `ct_auth_rule` WHERE  `id` IN (1,2,168,3,4,7,8,9,5,10,11,12,6,13,14,15,16,17,18,19,20,21,22,23,24,25,26,170,171,27,28,29,30,31,32,33,34,35,36,37,38,39,40,42,43,44,45,47,48,49,50,57,46,51,52,53,54,55,56,58,59,60,61,62,63,64,65,66,67,68,69,70,71,72,73,74,75,76,77,79,80,81,82,83,84,85,86,87,88,89,90,91,92,93,94,95,96,97,98,99,100,101,102,103,104,105,106,107,108,109,110,111,112,113,114,115,116,117,118,119,120,121,122,123,124,125,126,127,128,129,130,131,132,133,134,135,136,137,138,139,144,140,141,142,143,145,146,147,148,149,150,151,152,153,154,162,163,169,164,165,166,155,156,157,158,159,160)  AND `type` = 1  AND `ertype` = 1  AND `status` = 1 [ RunTime:0.060000s ]
[ sql ] [ SQL ] SHOW COLUMNS FROM `ct_shift_order` [ RunTime:0.056000s ]
[ sql ] [ SQL ] SELECT `a`.*,`f`.`lienid`,`u`.`lineclient`,`c`.`name`,`c`.`cid`,`u`.`realname` FROM `ct_shift_order` `a` INNER JOIN `ct_fixation_line` `f` ON `f`.`id`=`a`.`shiftid` INNER JOIN `ct_user` `u` ON `u`.`uid`=`a`.`userid` INNER JOIN `ct_company` `c` ON `c`.`cid`=`u`.`lineclient` WHERE  `usercheck` = 1  AND `userstate` = 2  AND `orderstate` = 3 [ RunTime:0.059000s ]
[ sql ] [ SQL ] SHOW COLUMNS FROM `ct_already_city` [ RunTime:0.055000s ]
[ sql ] [ SQL ] SELECT * FROM `ct_already_city` WHERE  `city_id` = 77 LIMIT 1 [ RunTime:0.055000s ]
[ sql ] [ SQL ] SHOW COLUMNS FROM `ct_district` [ RunTime:0.055000s ]
[ sql ] [ SQL ] SELECT * FROM `ct_district` WHERE  `id` = 38 LIMIT 1 [ RunTime:0.056000s ]
[ sql ] [ SQL ] SELECT * FROM `ct_district` WHERE  `id` = 45052 LIMIT 1 [ RunTime:0.029000s ]
[ sql ] [ SQL ] SELECT * FROM `ct_district` WHERE  `id` = 57 LIMIT 1 [ RunTime:0.027000s ]
[ sql ] [ SQL ] SELECT * FROM `ct_district` WHERE  `id` = 45053 LIMIT 1 [ RunTime:0.027000s ]
[ sql ] [ SQL ] SELECT * FROM `ct_already_city` WHERE  `city_id` = 89 LIMIT 1 [ RunTime:0.057000s ]
[ sql ] [ SQL ] SELECT * FROM `ct_district` WHERE  `id` = 152 LIMIT 1 [ RunTime:0.056000s ]
[ sql ] [ SQL ] SELECT * FROM `ct_district` WHERE  `id` = 45054 LIMIT 1 [ RunTime:0.029000s ]
[ sql ] [ SQL ] SELECT * FROM `ct_district` WHERE  `id` = 2072 LIMIT 1 [ RunTime:0.027000s ]
[ sql ] [ SQL ] SELECT * FROM `ct_district` WHERE  `id` = 166 LIMIT 1 [ RunTime:0.028000s ]
[ sql ] [ SQL ] SHOW COLUMNS FROM `ct_order` [ RunTime:0.058000s ]
[ sql ] [ SQL ] SELECT `a`.*,`c`.`tprice`,`b`.`realname`,`b`.`userstate`,`b`.`lineclient`,`com`.`name`,`com`.`cid` FROM `ct_order` `a` INNER JOIN `ct_user` `b` ON `b`.`uid`=`a`.`userid` INNER JOIN `ct_company` `com` ON `com`.`cid`=`b`.`lineclient` INNER JOIN `ct_pickorder` `c` ON `c`.`picid`=`a`.`oid` WHERE  `usercheck` = 1  AND `userstate` = 2  AND `orderstate` = 7 [ RunTime:0.055000s ]

---------------------------------------------------------------
[ 2018-03-23T18:29:10+08:00 ] 127.0.0.1 127.0.0.1 GET /static/tpl/css/bootstrap.min.css.map
[ log ] www.ctadmin.com/static/tpl/css/bootstrap.min.css.map [运行时间：0.017000s][吞吐率：58.82req/s] [内存消耗：1,446.02kb] [文件加载：40]
[ info ] [ LANG ] E:\chitu\chitu_admin\trunk\thinkphp\lang\zh-cn.php
[ info ] [ ROUTE ] array (
  'type' => 'module',
  'module' => 
  array (
    0 => 'static',
    1 => 'tpl',
    2 => 'css',
  ),
)
[ info ] [ HEADER ] array (
  'host' => 'www.ctadmin.com',
  'connection' => 'keep-alive',
  'user-agent' => 'Mozilla/5.0 (Windows NT 6.1; WOW64) AppleWebKit/537.36 (KHTML, like Gecko) Chrome/65.0.3325.181 Safari/537.36',
  'accept-encoding' => 'gzip, deflate',
  'accept-language' => 'zh-CN,zh;q=0.9',
  'cookie' => 'PHPSESSID=p89p0661rh75u2830aksci9ne4',
)
[ info ] [ PARAM ] array (
  '/static/tpl/css/bootstrap_min_css_map' => '',
)
[ info ] [ LOG ] INIT File

---------------------------------------------------------------
[ 2018-03-23T18:31:39+08:00 ] 127.0.0.1 127.0.0.1 POST /admin/index/sendordernotice
[ log ] www.ctadmin.com/admin/index/sendordernotice [运行时间：0.458000s][吞吐率：2.18req/s] [内存消耗：2,517.48kb] [文件加载：52]
[ info ] [ LANG ] E:\chitu\chitu_admin\trunk\thinkphp\lang\zh-cn.php
[ info ] [ ROUTE ] array (
  'type' => 'module',
  'module' => 
  array (
    0 => 'admin',
    1 => 'index',
    2 => 'sendordernotice',
  ),
)
[ info ] [ HEADER ] array (
  'host' => 'www.ctadmin.com',
  'connection' => 'keep-alive',
  'content-length' => '0',
  'accept' => 'application/json, text/javascript, */*; q=0.01',
  'origin' => 'http://www.ctadmin.com',
  'x-requested-with' => 'XMLHttpRequest',
  'user-agent' => 'Mozilla/5.0 (Windows NT 6.1; WOW64) AppleWebKit/537.36 (KHTML, like Gecko) Chrome/65.0.3325.181 Safari/537.36',
  'referer' => 'http://www.ctadmin.com/admin/index/index.html',
  'accept-encoding' => 'gzip, deflate',
  'accept-language' => 'zh-CN,zh;q=0.9',
  'cookie' => 'PHPSESSID=p89p0661rh75u2830aksci9ne4',
)
[ info ] [ PARAM ] array (
  '/admin/index/sendordernotice' => '',
)
[ info ] [ RUN ] app\admin\controller\Index->sendordernotice[ E:\chitu\chitu_admin\trunk\application\admin\controller\Index.php ]
[ info ] [ DB ] INIT mysql
[ info ] [ LOG ] INIT File
[ sql ] [ DB ] CONNECT:[ UseTime:0.100000s ] mysql:dbname=chitutest;host=rm-2zezn1940ztq6hib5o.mysql.rds.aliyuncs.com;charset=utf8
[ sql ] [ SQL ] SHOW COLUMNS FROM `ct_order` [ RunTime:0.054000s ]
[ sql ] [ SQL ] SELECT `a`.`ordernumber`,`a`.`oid` FROM `ct_order` `a` INNER JOIN `ct_lineorder` `b` ON `b`.`orderid`=`a`.`oid` WHERE  `paystate` = 2  AND `affirm` = '1' [ RunTime:0.052000s ]
[ sql ] [ SQL ] SHOW COLUMNS FROM `ct_userorder` [ RunTime:0.053000s ]
[ sql ] [ SQL ] SELECT `ordernumber`,`uoid` FROM `ct_userorder` WHERE  `orderstate` = 1  AND `paystate` = 2 [ RunTime:0.052000s ]
[ sql ] [ SQL ] SHOW COLUMNS FROM `ct_rout_order` [ RunTime:0.053000s ]
[ sql ] [ SQL ] SELECT `rid` FROM `ct_rout_order` WHERE  `status` = 1 [ RunTime:0.053000s ]

---------------------------------------------------------------
[ 2018-03-23T18:36:39+08:00 ] 127.0.0.1 127.0.0.1 POST /admin/index/sendordernotice
[ log ] www.ctadmin.com/admin/index/sendordernotice [运行时间：0.475000s][吞吐率：2.11req/s] [内存消耗：2,517.48kb] [文件加载：52]
[ info ] [ LANG ] E:\chitu\chitu_admin\trunk\thinkphp\lang\zh-cn.php
[ info ] [ ROUTE ] array (
  'type' => 'module',
  'module' => 
  array (
    0 => 'admin',
    1 => 'index',
    2 => 'sendordernotice',
  ),
)
[ info ] [ HEADER ] array (
  'host' => 'www.ctadmin.com',
  'connection' => 'keep-alive',
  'content-length' => '0',
  'accept' => 'application/json, text/javascript, */*; q=0.01',
  'origin' => 'http://www.ctadmin.com',
  'x-requested-with' => 'XMLHttpRequest',
  'user-agent' => 'Mozilla/5.0 (Windows NT 6.1; WOW64) AppleWebKit/537.36 (KHTML, like Gecko) Chrome/65.0.3325.181 Safari/537.36',
  'referer' => 'http://www.ctadmin.com/admin/index/index.html',
  'accept-encoding' => 'gzip, deflate',
  'accept-language' => 'zh-CN,zh;q=0.9',
  'cookie' => 'PHPSESSID=p89p0661rh75u2830aksci9ne4',
)
[ info ] [ PARAM ] array (
  '/admin/index/sendordernotice' => '',
)
[ info ] [ RUN ] app\admin\controller\Index->sendordernotice[ E:\chitu\chitu_admin\trunk\application\admin\controller\Index.php ]
[ info ] [ DB ] INIT mysql
[ info ] [ LOG ] INIT File
[ sql ] [ DB ] CONNECT:[ UseTime:0.100000s ] mysql:dbname=chitutest;host=rm-2zezn1940ztq6hib5o.mysql.rds.aliyuncs.com;charset=utf8
[ sql ] [ SQL ] SHOW COLUMNS FROM `ct_order` [ RunTime:0.055000s ]
[ sql ] [ SQL ] SELECT `a`.`ordernumber`,`a`.`oid` FROM `ct_order` `a` INNER JOIN `ct_lineorder` `b` ON `b`.`orderid`=`a`.`oid` WHERE  `paystate` = 2  AND `affirm` = '1' [ RunTime:0.054000s ]
[ sql ] [ SQL ] SHOW COLUMNS FROM `ct_userorder` [ RunTime:0.055000s ]
[ sql ] [ SQL ] SELECT `ordernumber`,`uoid` FROM `ct_userorder` WHERE  `orderstate` = 1  AND `paystate` = 2 [ RunTime:0.052000s ]
[ sql ] [ SQL ] SHOW COLUMNS FROM `ct_rout_order` [ RunTime:0.055000s ]
[ sql ] [ SQL ] SELECT `rid` FROM `ct_rout_order` WHERE  `status` = 1 [ RunTime:0.053000s ]

---------------------------------------------------------------
[ 2018-03-23T18:41:40+08:00 ] 127.0.0.1 127.0.0.1 POST /admin/index/sendordernotice
[ log ] www.ctadmin.com/admin/index/sendordernotice [运行时间：0.478000s][吞吐率：2.09req/s] [内存消耗：2,517.48kb] [文件加载：52]
[ info ] [ LANG ] E:\chitu\chitu_admin\trunk\thinkphp\lang\zh-cn.php
[ info ] [ ROUTE ] array (
  'type' => 'module',
  'module' => 
  array (
    0 => 'admin',
    1 => 'index',
    2 => 'sendordernotice',
  ),
)
[ info ] [ HEADER ] array (
  'host' => 'www.ctadmin.com',
  'connection' => 'keep-alive',
  'content-length' => '0',
  'accept' => 'application/json, text/javascript, */*; q=0.01',
  'origin' => 'http://www.ctadmin.com',
  'x-requested-with' => 'XMLHttpRequest',
  'user-agent' => 'Mozilla/5.0 (Windows NT 6.1; WOW64) AppleWebKit/537.36 (KHTML, like Gecko) Chrome/65.0.3325.181 Safari/537.36',
  'referer' => 'http://www.ctadmin.com/admin/index/index.html',
  'accept-encoding' => 'gzip, deflate',
  'accept-language' => 'zh-CN,zh;q=0.9',
  'cookie' => 'PHPSESSID=p89p0661rh75u2830aksci9ne4',
)
[ info ] [ PARAM ] array (
  '/admin/index/sendordernotice' => '',
)
[ info ] [ RUN ] app\admin\controller\Index->sendordernotice[ E:\chitu\chitu_admin\trunk\application\admin\controller\Index.php ]
[ info ] [ DB ] INIT mysql
[ info ] [ LOG ] INIT File
[ sql ] [ DB ] CONNECT:[ UseTime:0.100000s ] mysql:dbname=chitutest;host=rm-2zezn1940ztq6hib5o.mysql.rds.aliyuncs.com;charset=utf8
[ sql ] [ SQL ] SHOW COLUMNS FROM `ct_order` [ RunTime:0.055000s ]
[ sql ] [ SQL ] SELECT `a`.`ordernumber`,`a`.`oid` FROM `ct_order` `a` INNER JOIN `ct_lineorder` `b` ON `b`.`orderid`=`a`.`oid` WHERE  `paystate` = 2  AND `affirm` = '1' [ RunTime:0.053000s ]
[ sql ] [ SQL ] SHOW COLUMNS FROM `ct_userorder` [ RunTime:0.053000s ]
[ sql ] [ SQL ] SELECT `ordernumber`,`uoid` FROM `ct_userorder` WHERE  `orderstate` = 1  AND `paystate` = 2 [ RunTime:0.055000s ]
[ sql ] [ SQL ] SHOW COLUMNS FROM `ct_rout_order` [ RunTime:0.053000s ]
[ sql ] [ SQL ] SELECT `rid` FROM `ct_rout_order` WHERE  `status` = 1 [ RunTime:0.053000s ]

---------------------------------------------------------------
[ 2018-03-23T18:46:40+08:00 ] 127.0.0.1 127.0.0.1 POST /admin/index/sendordernotice
[ log ] www.ctadmin.com/admin/index/sendordernotice [运行时间：0.478000s][吞吐率：2.09req/s] [内存消耗：2,517.48kb] [文件加载：52]
[ info ] [ LANG ] E:\chitu\chitu_admin\trunk\thinkphp\lang\zh-cn.php
[ info ] [ ROUTE ] array (
  'type' => 'module',
  'module' => 
  array (
    0 => 'admin',
    1 => 'index',
    2 => 'sendordernotice',
  ),
)
[ info ] [ HEADER ] array (
  'host' => 'www.ctadmin.com',
  'connection' => 'keep-alive',
  'content-length' => '0',
  'accept' => 'application/json, text/javascript, */*; q=0.01',
  'origin' => 'http://www.ctadmin.com',
  'x-requested-with' => 'XMLHttpRequest',
  'user-agent' => 'Mozilla/5.0 (Windows NT 6.1; WOW64) AppleWebKit/537.36 (KHTML, like Gecko) Chrome/65.0.3325.181 Safari/537.36',
  'referer' => 'http://www.ctadmin.com/admin/index/index.html',
  'accept-encoding' => 'gzip, deflate',
  'accept-language' => 'zh-CN,zh;q=0.9',
  'cookie' => 'PHPSESSID=p89p0661rh75u2830aksci9ne4',
)
[ info ] [ PARAM ] array (
  '/admin/index/sendordernotice' => '',
)
[ info ] [ RUN ] app\admin\controller\Index->sendordernotice[ E:\chitu\chitu_admin\trunk\application\admin\controller\Index.php ]
[ info ] [ DB ] INIT mysql
[ info ] [ LOG ] INIT File
[ sql ] [ DB ] CONNECT:[ UseTime:0.103000s ] mysql:dbname=chitutest;host=rm-2zezn1940ztq6hib5o.mysql.rds.aliyuncs.com;charset=utf8
[ sql ] [ SQL ] SHOW COLUMNS FROM `ct_order` [ RunTime:0.057000s ]
[ sql ] [ SQL ] SELECT `a`.`ordernumber`,`a`.`oid` FROM `ct_order` `a` INNER JOIN `ct_lineorder` `b` ON `b`.`orderid`=`a`.`oid` WHERE  `paystate` = 2  AND `affirm` = '1' [ RunTime:0.055000s ]
[ sql ] [ SQL ] SHOW COLUMNS FROM `ct_userorder` [ RunTime:0.057000s ]
[ sql ] [ SQL ] SELECT `ordernumber`,`uoid` FROM `ct_userorder` WHERE  `orderstate` = 1  AND `paystate` = 2 [ RunTime:0.053000s ]
[ sql ] [ SQL ] SHOW COLUMNS FROM `ct_rout_order` [ RunTime:0.055000s ]
[ sql ] [ SQL ] SELECT `rid` FROM `ct_rout_order` WHERE  `status` = 1 [ RunTime:0.056000s ]

---------------------------------------------------------------
[ 2018-03-23T18:51:40+08:00 ] 127.0.0.1 127.0.0.1 POST /admin/index/sendordernotice
[ log ] www.ctadmin.com/admin/index/sendordernotice [运行时间：0.499000s][吞吐率：2.00req/s] [内存消耗：2,517.48kb] [文件加载：52]
[ info ] [ LANG ] E:\chitu\chitu_admin\trunk\thinkphp\lang\zh-cn.php
[ info ] [ ROUTE ] array (
  'type' => 'module',
  'module' => 
  array (
    0 => 'admin',
    1 => 'index',
    2 => 'sendordernotice',
  ),
)
[ info ] [ HEADER ] array (
  'host' => 'www.ctadmin.com',
  'connection' => 'keep-alive',
  'content-length' => '0',
  'accept' => 'application/json, text/javascript, */*; q=0.01',
  'origin' => 'http://www.ctadmin.com',
  'x-requested-with' => 'XMLHttpRequest',
  'user-agent' => 'Mozilla/5.0 (Windows NT 6.1; WOW64) AppleWebKit/537.36 (KHTML, like Gecko) Chrome/65.0.3325.181 Safari/537.36',
  'referer' => 'http://www.ctadmin.com/admin/index/index.html',
  'accept-encoding' => 'gzip, deflate',
  'accept-language' => 'zh-CN,zh;q=0.9',
  'cookie' => 'PHPSESSID=p89p0661rh75u2830aksci9ne4',
)
[ info ] [ PARAM ] array (
  '/admin/index/sendordernotice' => '',
)
[ info ] [ RUN ] app\admin\controller\Index->sendordernotice[ E:\chitu\chitu_admin\trunk\application\admin\controller\Index.php ]
[ info ] [ DB ] INIT mysql
[ info ] [ LOG ] INIT File
[ sql ] [ DB ] CONNECT:[ UseTime:0.103000s ] mysql:dbname=chitutest;host=rm-2zezn1940ztq6hib5o.mysql.rds.aliyuncs.com;charset=utf8
[ sql ] [ SQL ] SHOW COLUMNS FROM `ct_order` [ RunTime:0.056000s ]
[ sql ] [ SQL ] SELECT `a`.`ordernumber`,`a`.`oid` FROM `ct_order` `a` INNER JOIN `ct_lineorder` `b` ON `b`.`orderid`=`a`.`oid` WHERE  `paystate` = 2  AND `affirm` = '1' [ RunTime:0.055000s ]
[ sql ] [ SQL ] SHOW COLUMNS FROM `ct_userorder` [ RunTime:0.057000s ]
[ sql ] [ SQL ] SELECT `ordernumber`,`uoid` FROM `ct_userorder` WHERE  `orderstate` = 1  AND `paystate` = 2 [ RunTime:0.055000s ]
[ sql ] [ SQL ] SHOW COLUMNS FROM `ct_rout_order` [ RunTime:0.058000s ]
[ sql ] [ SQL ] SELECT `rid` FROM `ct_rout_order` WHERE  `status` = 1 [ RunTime:0.055000s ]

---------------------------------------------------------------
[ 2018-03-23T18:56:40+08:00 ] 127.0.0.1 127.0.0.1 POST /admin/index/sendordernotice
[ log ] www.ctadmin.com/admin/index/sendordernotice [运行时间：0.488000s][吞吐率：2.05req/s] [内存消耗：2,517.48kb] [文件加载：52]
[ info ] [ LANG ] E:\chitu\chitu_admin\trunk\thinkphp\lang\zh-cn.php
[ info ] [ ROUTE ] array (
  'type' => 'module',
  'module' => 
  array (
    0 => 'admin',
    1 => 'index',
    2 => 'sendordernotice',
  ),
)
[ info ] [ HEADER ] array (
  'host' => 'www.ctadmin.com',
  'connection' => 'keep-alive',
  'content-length' => '0',
  'accept' => 'application/json, text/javascript, */*; q=0.01',
  'origin' => 'http://www.ctadmin.com',
  'x-requested-with' => 'XMLHttpRequest',
  'user-agent' => 'Mozilla/5.0 (Windows NT 6.1; WOW64) AppleWebKit/537.36 (KHTML, like Gecko) Chrome/65.0.3325.181 Safari/537.36',
  'referer' => 'http://www.ctadmin.com/admin/index/index.html',
  'accept-encoding' => 'gzip, deflate',
  'accept-language' => 'zh-CN,zh;q=0.9',
  'cookie' => 'PHPSESSID=p89p0661rh75u2830aksci9ne4',
)
[ info ] [ PARAM ] array (
  '/admin/index/sendordernotice' => '',
)
[ info ] [ RUN ] app\admin\controller\Index->sendordernotice[ E:\chitu\chitu_admin\trunk\application\admin\controller\Index.php ]
[ info ] [ DB ] INIT mysql
[ info ] [ LOG ] INIT File
[ sql ] [ DB ] CONNECT:[ UseTime:0.101000s ] mysql:dbname=chitutest;host=rm-2zezn1940ztq6hib5o.mysql.rds.aliyuncs.com;charset=utf8
[ sql ] [ SQL ] SHOW COLUMNS FROM `ct_order` [ RunTime:0.054000s ]
[ sql ] [ SQL ] SELECT `a`.`ordernumber`,`a`.`oid` FROM `ct_order` `a` INNER JOIN `ct_lineorder` `b` ON `b`.`orderid`=`a`.`oid` WHERE  `paystate` = 2  AND `affirm` = '1' [ RunTime:0.054000s ]
[ sql ] [ SQL ] SHOW COLUMNS FROM `ct_userorder` [ RunTime:0.055000s ]
[ sql ] [ SQL ] SELECT `ordernumber`,`uoid` FROM `ct_userorder` WHERE  `orderstate` = 1  AND `paystate` = 2 [ RunTime:0.055000s ]
[ sql ] [ SQL ] SHOW COLUMNS FROM `ct_rout_order` [ RunTime:0.056000s ]
[ sql ] [ SQL ] SELECT `rid` FROM `ct_rout_order` WHERE  `status` = 1 [ RunTime:0.053000s ]

---------------------------------------------------------------
[ 2018-03-23T19:01:40+08:00 ] 127.0.0.1 127.0.0.1 POST /admin/index/sendordernotice
[ log ] www.ctadmin.com/admin/index/sendordernotice [运行时间：0.466000s][吞吐率：2.15req/s] [内存消耗：2,517.48kb] [文件加载：52]
[ info ] [ LANG ] E:\chitu\chitu_admin\trunk\thinkphp\lang\zh-cn.php
[ info ] [ ROUTE ] array (
  'type' => 'module',
  'module' => 
  array (
    0 => 'admin',
    1 => 'index',
    2 => 'sendordernotice',
  ),
)
[ info ] [ HEADER ] array (
  'host' => 'www.ctadmin.com',
  'connection' => 'keep-alive',
  'content-length' => '0',
  'accept' => 'application/json, text/javascript, */*; q=0.01',
  'origin' => 'http://www.ctadmin.com',
  'x-requested-with' => 'XMLHttpRequest',
  'user-agent' => 'Mozilla/5.0 (Windows NT 6.1; WOW64) AppleWebKit/537.36 (KHTML, like Gecko) Chrome/65.0.3325.181 Safari/537.36',
  'referer' => 'http://www.ctadmin.com/admin/index/index.html',
  'accept-encoding' => 'gzip, deflate',
  'accept-language' => 'zh-CN,zh;q=0.9',
  'cookie' => 'PHPSESSID=p89p0661rh75u2830aksci9ne4',
)
[ info ] [ PARAM ] array (
  '/admin/index/sendordernotice' => '',
)
[ info ] [ RUN ] app\admin\controller\Index->sendordernotice[ E:\chitu\chitu_admin\trunk\application\admin\controller\Index.php ]
[ info ] [ DB ] INIT mysql
[ info ] [ LOG ] INIT File
[ sql ] [ DB ] CONNECT:[ UseTime:0.098000s ] mysql:dbname=chitutest;host=rm-2zezn1940ztq6hib5o.mysql.rds.aliyuncs.com;charset=utf8
[ sql ] [ SQL ] SHOW COLUMNS FROM `ct_order` [ RunTime:0.053000s ]
[ sql ] [ SQL ] SELECT `a`.`ordernumber`,`a`.`oid` FROM `ct_order` `a` INNER JOIN `ct_lineorder` `b` ON `b`.`orderid`=`a`.`oid` WHERE  `paystate` = 2  AND `affirm` = '1' [ RunTime:0.053000s ]
[ sql ] [ SQL ] SHOW COLUMNS FROM `ct_userorder` [ RunTime:0.054000s ]
[ sql ] [ SQL ] SELECT `ordernumber`,`uoid` FROM `ct_userorder` WHERE  `orderstate` = 1  AND `paystate` = 2 [ RunTime:0.051000s ]
[ sql ] [ SQL ] SHOW COLUMNS FROM `ct_rout_order` [ RunTime:0.051000s ]
[ sql ] [ SQL ] SELECT `rid` FROM `ct_rout_order` WHERE  `status` = 1 [ RunTime:0.053000s ]

---------------------------------------------------------------
[ 2018-03-23T19:06:40+08:00 ] 127.0.0.1 127.0.0.1 POST /admin/index/sendordernotice
[ log ] www.ctadmin.com/admin/index/sendordernotice [运行时间：0.474000s][吞吐率：2.11req/s] [内存消耗：2,517.48kb] [文件加载：52]
[ info ] [ LANG ] E:\chitu\chitu_admin\trunk\thinkphp\lang\zh-cn.php
[ info ] [ ROUTE ] array (
  'type' => 'module',
  'module' => 
  array (
    0 => 'admin',
    1 => 'index',
    2 => 'sendordernotice',
  ),
)
[ info ] [ HEADER ] array (
  'host' => 'www.ctadmin.com',
  'connection' => 'keep-alive',
  'content-length' => '0',
  'accept' => 'application/json, text/javascript, */*; q=0.01',
  'origin' => 'http://www.ctadmin.com',
  'x-requested-with' => 'XMLHttpRequest',
  'user-agent' => 'Mozilla/5.0 (Windows NT 6.1; WOW64) AppleWebKit/537.36 (KHTML, like Gecko) Chrome/65.0.3325.181 Safari/537.36',
  'referer' => 'http://www.ctadmin.com/admin/index/index.html',
  'accept-encoding' => 'gzip, deflate',
  'accept-language' => 'zh-CN,zh;q=0.9',
  'cookie' => 'PHPSESSID=p89p0661rh75u2830aksci9ne4',
)
[ info ] [ PARAM ] array (
  '/admin/index/sendordernotice' => '',
)
[ info ] [ RUN ] app\admin\controller\Index->sendordernotice[ E:\chitu\chitu_admin\trunk\application\admin\controller\Index.php ]
[ info ] [ DB ] INIT mysql
[ info ] [ LOG ] INIT File
[ sql ] [ DB ] CONNECT:[ UseTime:0.099000s ] mysql:dbname=chitutest;host=rm-2zezn1940ztq6hib5o.mysql.rds.aliyuncs.com;charset=utf8
[ sql ] [ SQL ] SHOW COLUMNS FROM `ct_order` [ RunTime:0.055000s ]
[ sql ] [ SQL ] SELECT `a`.`ordernumber`,`a`.`oid` FROM `ct_order` `a` INNER JOIN `ct_lineorder` `b` ON `b`.`orderid`=`a`.`oid` WHERE  `paystate` = 2  AND `affirm` = '1' [ RunTime:0.055000s ]
[ sql ] [ SQL ] SHOW COLUMNS FROM `ct_userorder` [ RunTime:0.054000s ]
[ sql ] [ SQL ] SELECT `ordernumber`,`uoid` FROM `ct_userorder` WHERE  `orderstate` = 1  AND `paystate` = 2 [ RunTime:0.053000s ]
[ sql ] [ SQL ] SHOW COLUMNS FROM `ct_rout_order` [ RunTime:0.053000s ]
[ sql ] [ SQL ] SELECT `rid` FROM `ct_rout_order` WHERE  `status` = 1 [ RunTime:0.054000s ]

---------------------------------------------------------------
[ 2018-03-23T19:11:40+08:00 ] 127.0.0.1 127.0.0.1 POST /admin/index/sendordernotice
[ log ] www.ctadmin.com/admin/index/sendordernotice [运行时间：0.490000s][吞吐率：2.04req/s] [内存消耗：2,517.48kb] [文件加载：52]
[ info ] [ LANG ] E:\chitu\chitu_admin\trunk\thinkphp\lang\zh-cn.php
[ info ] [ ROUTE ] array (
  'type' => 'module',
  'module' => 
  array (
    0 => 'admin',
    1 => 'index',
    2 => 'sendordernotice',
  ),
)
[ info ] [ HEADER ] array (
  'host' => 'www.ctadmin.com',
  'connection' => 'keep-alive',
  'content-length' => '0',
  'accept' => 'application/json, text/javascript, */*; q=0.01',
  'origin' => 'http://www.ctadmin.com',
  'x-requested-with' => 'XMLHttpRequest',
  'user-agent' => 'Mozilla/5.0 (Windows NT 6.1; WOW64) AppleWebKit/537.36 (KHTML, like Gecko) Chrome/65.0.3325.181 Safari/537.36',
  'referer' => 'http://www.ctadmin.com/admin/index/index.html',
  'accept-encoding' => 'gzip, deflate',
  'accept-language' => 'zh-CN,zh;q=0.9',
  'cookie' => 'PHPSESSID=p89p0661rh75u2830aksci9ne4',
)
[ info ] [ PARAM ] array (
  '/admin/index/sendordernotice' => '',
)
[ info ] [ RUN ] app\admin\controller\Index->sendordernotice[ E:\chitu\chitu_admin\trunk\application\admin\controller\Index.php ]
[ info ] [ DB ] INIT mysql
[ info ] [ LOG ] INIT File
[ sql ] [ DB ] CONNECT:[ UseTime:0.100000s ] mysql:dbname=chitutest;host=rm-2zezn1940ztq6hib5o.mysql.rds.aliyuncs.com;charset=utf8
[ sql ] [ SQL ] SHOW COLUMNS FROM `ct_order` [ RunTime:0.055000s ]
[ sql ] [ SQL ] SELECT `a`.`ordernumber`,`a`.`oid` FROM `ct_order` `a` INNER JOIN `ct_lineorder` `b` ON `b`.`orderid`=`a`.`oid` WHERE  `paystate` = 2  AND `affirm` = '1' [ RunTime:0.054000s ]
[ sql ] [ SQL ] SHOW COLUMNS FROM `ct_userorder` [ RunTime:0.054000s ]
[ sql ] [ SQL ] SELECT `ordernumber`,`uoid` FROM `ct_userorder` WHERE  `orderstate` = 1  AND `paystate` = 2 [ RunTime:0.054000s ]
[ sql ] [ SQL ] SHOW COLUMNS FROM `ct_rout_order` [ RunTime:0.057000s ]
[ sql ] [ SQL ] SELECT `rid` FROM `ct_rout_order` WHERE  `status` = 1 [ RunTime:0.054000s ]

---------------------------------------------------------------
[ 2018-03-23T19:16:40+08:00 ] 127.0.0.1 127.0.0.1 POST /admin/index/sendordernotice
[ log ] www.ctadmin.com/admin/index/sendordernotice [运行时间：0.469000s][吞吐率：2.13req/s] [内存消耗：2,517.48kb] [文件加载：52]
[ info ] [ LANG ] E:\chitu\chitu_admin\trunk\thinkphp\lang\zh-cn.php
[ info ] [ ROUTE ] array (
  'type' => 'module',
  'module' => 
  array (
    0 => 'admin',
    1 => 'index',
    2 => 'sendordernotice',
  ),
)
[ info ] [ HEADER ] array (
  'host' => 'www.ctadmin.com',
  'connection' => 'keep-alive',
  'content-length' => '0',
  'accept' => 'application/json, text/javascript, */*; q=0.01',
  'origin' => 'http://www.ctadmin.com',
  'x-requested-with' => 'XMLHttpRequest',
  'user-agent' => 'Mozilla/5.0 (Windows NT 6.1; WOW64) AppleWebKit/537.36 (KHTML, like Gecko) Chrome/65.0.3325.181 Safari/537.36',
  'referer' => 'http://www.ctadmin.com/admin/index/index.html',
  'accept-encoding' => 'gzip, deflate',
  'accept-language' => 'zh-CN,zh;q=0.9',
  'cookie' => 'PHPSESSID=p89p0661rh75u2830aksci9ne4',
)
[ info ] [ PARAM ] array (
  '/admin/index/sendordernotice' => '',
)
[ info ] [ RUN ] app\admin\controller\Index->sendordernotice[ E:\chitu\chitu_admin\trunk\application\admin\controller\Index.php ]
[ info ] [ DB ] INIT mysql
[ info ] [ LOG ] INIT File
[ sql ] [ DB ] CONNECT:[ UseTime:0.098000s ] mysql:dbname=chitutest;host=rm-2zezn1940ztq6hib5o.mysql.rds.aliyuncs.com;charset=utf8
[ sql ] [ SQL ] SHOW COLUMNS FROM `ct_order` [ RunTime:0.054000s ]
[ sql ] [ SQL ] SELECT `a`.`ordernumber`,`a`.`oid` FROM `ct_order` `a` INNER JOIN `ct_lineorder` `b` ON `b`.`orderid`=`a`.`oid` WHERE  `paystate` = 2  AND `affirm` = '1' [ RunTime:0.054000s ]
[ sql ] [ SQL ] SHOW COLUMNS FROM `ct_userorder` [ RunTime:0.054000s ]
[ sql ] [ SQL ] SELECT `ordernumber`,`uoid` FROM `ct_userorder` WHERE  `orderstate` = 1  AND `paystate` = 2 [ RunTime:0.055000s ]
[ sql ] [ SQL ] SHOW COLUMNS FROM `ct_rout_order` [ RunTime:0.055000s ]
[ sql ] [ SQL ] SELECT `rid` FROM `ct_rout_order` WHERE  `status` = 1 [ RunTime:0.054000s ]

---------------------------------------------------------------
[ 2018-03-23T19:21:40+08:00 ] 127.0.0.1 127.0.0.1 POST /admin/index/sendordernotice
[ log ] www.ctadmin.com/admin/index/sendordernotice [运行时间：0.461000s][吞吐率：2.17req/s] [内存消耗：2,517.48kb] [文件加载：52]
[ info ] [ LANG ] E:\chitu\chitu_admin\trunk\thinkphp\lang\zh-cn.php
[ info ] [ ROUTE ] array (
  'type' => 'module',
  'module' => 
  array (
    0 => 'admin',
    1 => 'index',
    2 => 'sendordernotice',
  ),
)
[ info ] [ HEADER ] array (
  'host' => 'www.ctadmin.com',
  'connection' => 'keep-alive',
  'content-length' => '0',
  'accept' => 'application/json, text/javascript, */*; q=0.01',
  'origin' => 'http://www.ctadmin.com',
  'x-requested-with' => 'XMLHttpRequest',
  'user-agent' => 'Mozilla/5.0 (Windows NT 6.1; WOW64) AppleWebKit/537.36 (KHTML, like Gecko) Chrome/65.0.3325.181 Safari/537.36',
  'referer' => 'http://www.ctadmin.com/admin/index/index.html',
  'accept-encoding' => 'gzip, deflate',
  'accept-language' => 'zh-CN,zh;q=0.9',
  'cookie' => 'PHPSESSID=p89p0661rh75u2830aksci9ne4',
)
[ info ] [ PARAM ] array (
  '/admin/index/sendordernotice' => '',
)
[ info ] [ RUN ] app\admin\controller\Index->sendordernotice[ E:\chitu\chitu_admin\trunk\application\admin\controller\Index.php ]
[ info ] [ DB ] INIT mysql
[ info ] [ LOG ] INIT File
[ sql ] [ DB ] CONNECT:[ UseTime:0.101000s ] mysql:dbname=chitutest;host=rm-2zezn1940ztq6hib5o.mysql.rds.aliyuncs.com;charset=utf8
[ sql ] [ SQL ] SHOW COLUMNS FROM `ct_order` [ RunTime:0.054000s ]
[ sql ] [ SQL ] SELECT `a`.`ordernumber`,`a`.`oid` FROM `ct_order` `a` INNER JOIN `ct_lineorder` `b` ON `b`.`orderid`=`a`.`oid` WHERE  `paystate` = 2  AND `affirm` = '1' [ RunTime:0.051000s ]
[ sql ] [ SQL ] SHOW COLUMNS FROM `ct_userorder` [ RunTime:0.054000s ]
[ sql ] [ SQL ] SELECT `ordernumber`,`uoid` FROM `ct_userorder` WHERE  `orderstate` = 1  AND `paystate` = 2 [ RunTime:0.052000s ]
[ sql ] [ SQL ] SHOW COLUMNS FROM `ct_rout_order` [ RunTime:0.051000s ]
[ sql ] [ SQL ] SELECT `rid` FROM `ct_rout_order` WHERE  `status` = 1 [ RunTime:0.051000s ]

---------------------------------------------------------------
[ 2018-03-23T19:29:43+08:00 ] 127.0.0.1 127.0.0.1 GET /admin/index/index.html
[ log ] www.ctadmin.com/admin/index/index.html [运行时间：0.032000s][吞吐率：31.25req/s] [内存消耗：1,856.30kb] [文件加载：47]
[ info ] [ LANG ] E:\chitu\chitu_admin\trunk\thinkphp\lang\zh-cn.php
[ info ] [ ROUTE ] array (
  'type' => 'module',
  'module' => 
  array (
    0 => 'admin',
    1 => 'index',
    2 => 'index',
  ),
)
[ info ] [ HEADER ] array (
  'host' => 'www.ctadmin.com',
  'connection' => 'keep-alive',
  'upgrade-insecure-requests' => '1',
  'user-agent' => 'Mozilla/5.0 (Windows NT 6.1; WOW64) AppleWebKit/537.36 (KHTML, like Gecko) Chrome/65.0.3325.181 Safari/537.36',
  'accept' => 'text/html,application/xhtml+xml,application/xml;q=0.9,image/webp,image/apng,*/*;q=0.8',
  'referer' => 'http://www.ctadmin.com/admin/index/login.html',
  'accept-encoding' => 'gzip, deflate',
  'accept-language' => 'zh-CN,zh;q=0.9',
)
[ info ] [ PARAM ] array (
  '/admin/index/index_html' => '',
)
[ info ] [ RUN ] app\admin\controller\Index->index[ E:\chitu\chitu_admin\trunk\application\admin\controller\Index.php ]
[ info ] [ SESSION ] INIT array (
  'id' => '',
  'var_session_id' => '',
  'prefix' => 'think',
  'type' => '',
  'auto_start' => true,
)
[ info ] [ LOG ] INIT File

---------------------------------------------------------------
[ 2018-03-23T19:29:46+08:00 ] 127.0.0.1 127.0.0.1 GET /admin/customline/companyadd
[ log ] www.ctadmin.com/admin/customline/companyadd [运行时间：0.233000s][吞吐率：4.29req/s] [内存消耗：2,715.86kb] [文件加载：56]
[ info ] [ LANG ] E:\chitu\chitu_admin\trunk\thinkphp\lang\zh-cn.php
[ info ] [ ROUTE ] array (
  'type' => 'module',
  'module' => 
  array (
    0 => 'admin',
    1 => 'customline',
    2 => 'companyadd',
  ),
)
[ info ] [ HEADER ] array (
  'host' => 'www.ctadmin.com',
  'connection' => 'keep-alive',
  'upgrade-insecure-requests' => '1',
  'user-agent' => 'Mozilla/5.0 (Windows NT 6.1; WOW64) AppleWebKit/537.36 (KHTML, like Gecko) Chrome/65.0.3325.181 Safari/537.36',
  'accept' => 'text/html,application/xhtml+xml,application/xml;q=0.9,image/webp,image/apng,*/*;q=0.8',
  'referer' => 'http://www.ctadmin.com/admin/customline/companylist',
  'accept-encoding' => 'gzip, deflate',
  'accept-language' => 'zh-CN,zh;q=0.9',
  'cookie' => 'PHPSESSID=fsjk1fpmbodf04ld6553grcbp0',
)
[ info ] [ PARAM ] array (
  '/admin/customline/companyadd' => '',
)
[ info ] [ SESSION ] INIT array (
  'id' => '',
  'var_session_id' => '',
  'prefix' => 'think',
  'type' => '',
  'auto_start' => true,
)
[ info ] [ DB ] INIT mysql
[ info ] [ LOG ] INIT File
[ sql ] [ DB ] CONNECT:[ UseTime:0.097000s ] mysql:dbname=chitutest;host=rm-2zezn1940ztq6hib5o.mysql.rds.aliyuncs.com;charset=utf8
[ sql ] [ SQL ] SHOW COLUMNS FROM `ct_auth_group_access` [ RunTime:0.052000s ]
[ sql ] [ SQL ] SELECT `uid`,`group_id`,`title`,`rules` FROM `ct_auth_group_access` `a` INNER JOIN `ct_auth_group` `g` ON `g`.`id`=`a`.`group_id` WHERE  `a`.`uid` = null  AND `g`.`status` = 1  AND `a`.`ustype` = 1 [ RunTime:0.052000s ]

---------------------------------------------------------------
[ 2018-03-23T19:29:46+08:00 ] 127.0.0.1 127.0.0.1 GET /admin/account/index
[ log ] www.ctadmin.com/admin/account/index [运行时间：0.219000s][吞吐率：4.57req/s] [内存消耗：2,724.60kb] [文件加载：56]
[ info ] [ LANG ] E:\chitu\chitu_admin\trunk\thinkphp\lang\zh-cn.php
[ info ] [ ROUTE ] array (
  'type' => 'module',
  'module' => 
  array (
    0 => 'admin',
    1 => 'account',
    2 => 'index',
  ),
)
[ info ] [ HEADER ] array (
  'host' => 'www.ctadmin.com',
  'connection' => 'keep-alive',
  'upgrade-insecure-requests' => '1',
  'user-agent' => 'Mozilla/5.0 (Windows NT 6.1; WOW64) AppleWebKit/537.36 (KHTML, like Gecko) Chrome/65.0.3325.181 Safari/537.36',
  'accept' => 'text/html,application/xhtml+xml,application/xml;q=0.9,image/webp,image/apng,*/*;q=0.8',
  'referer' => 'http://www.ctadmin.com/admin/index/index.html',
  'accept-encoding' => 'gzip, deflate',
  'accept-language' => 'zh-CN,zh;q=0.9',
  'cookie' => 'PHPSESSID=fsjk1fpmbodf04ld6553grcbp0',
)
[ info ] [ PARAM ] array (
  '/admin/account/index' => '',
)
[ info ] [ SESSION ] INIT array (
  'id' => '',
  'var_session_id' => '',
  'prefix' => 'think',
  'type' => '',
  'auto_start' => true,
)
[ info ] [ DB ] INIT mysql
[ info ] [ LOG ] INIT File
[ sql ] [ DB ] CONNECT:[ UseTime:0.082000s ] mysql:dbname=chitutest;host=rm-2zezn1940ztq6hib5o.mysql.rds.aliyuncs.com;charset=utf8
[ sql ] [ SQL ] SHOW COLUMNS FROM `ct_auth_group_access` [ RunTime:0.056000s ]
[ sql ] [ SQL ] SELECT `uid`,`group_id`,`title`,`rules` FROM `ct_auth_group_access` `a` INNER JOIN `ct_auth_group` `g` ON `g`.`id`=`a`.`group_id` WHERE  `a`.`uid` = null  AND `g`.`status` = 1  AND `a`.`ustype` = 1 [ RunTime:0.054000s ]

---------------------------------------------------------------
