[ 2018-09-10T10:15:53+08:00 ] 127.0.0.1 127.0.0.1 POST /driver/undertake/vehical
[ log ] www.ctadmin.com/driver/undertake/vehical [运行时间：2.123000s][吞吐率：0.47req/s] [内存消耗：2,776.10kb] [文件加载：56]
[ info ] [ LANG ] E:\chitu\chitu_admin\trunk\thinkphp\lang\zh-cn.php
[ info ] [ ROUTE ] array (
  'type' => 'module',
  'module' => 
  array (
    0 => 'driver',
    1 => 'undertake',
    2 => 'vehical',
  ),
)
[ info ] [ HEADER ] array (
  'host' => 'www.ctadmin.com',
  'connection' => 'keep-alive',
  'content-length' => '131',
  'user-agent' => 'Mozilla/5.0 (Windows NT 6.1; WOW64) AppleWebKit/537.36 (KHTML, like Gecko) Chrome/68.0.3440.84 Safari/537.36',
  'cache-control' => 'no-cache',
  'origin' => 'chrome-extension://niphlbdhgiabfnjeompmngebipomclik',
  'postman-token' => '92caf2f1-65ff-f714-2c0c-a23050e6dd8e',
  'content-type' => 'multipart/form-data; boundary=----WebKitFormBoundaryAE5c2mpV6BAGvxkq',
  'accept' => '*/*',
  'accept-encoding' => 'gzip, deflate',
  'accept-language' => 'zh-CN,zh;q=0.9',
)
[ info ] [ PARAM ] array (
  '/driver/undertake/vehical' => '',
)
[ info ] [ RUN ] app\driver\controller\Undertake->vehical[ E:\chitu\chitu_admin\trunk\application\driver\controller\Undertake.php ]
[ info ] [ DB ] INIT mysql
[ info ] [ LOG ] INIT File
[ sql ] [ DB ] CONNECT:[ UseTime:0.174500s ] mysql:dbname=chitutest;host=rm-2zezn1940ztq6hib5o.mysql.rds.aliyuncs.com;charset=utf8
[ sql ] [ SQL ] SHOW COLUMNS FROM `ct_userorder` [ RunTime:0.053000s ]
[ sql ] [ SQL ] SELECT COUNT(*) AS tp_count FROM `ct_userorder` `u` LEFT JOIN `ct_cartype` `c` ON `c`.`car_id`=`u`.`carid` WHERE  `paystate` <> 1 LIMIT 1 [ RunTime:0.051500s ]
[ sql ] [ SQL ] SELECT `u`.`uoid`,`u`.`startcity`,`u`.`endcity`,`u`.`loaddate`,`u`.`temperture`,`u`.`orderstate`,`c`.`carparame`,`u`.`price`,`u`.`carr_upprice`,`u`.`type`,`u`.`pickaddress`,`u`.`sendaddress` FROM `ct_userorder` `u` LEFT JOIN `ct_cartype` `c` ON `c`.`car_id`=`u`.`carid` WHERE  `paystate` <> 1 ORDER BY u.addtime desc LIMIT 0,10 [ RunTime:0.053500s ]
[ sql ] [ SQL ] SHOW COLUMNS FROM `ct_district` [ RunTime:0.053000s ]
[ sql ] [ SQL ] SELECT * FROM `ct_district` WHERE  `id` = 45053 LIMIT 1 [ RunTime:0.052500s ]
[ sql ] [ SQL ] SELECT * FROM `ct_district` WHERE  `id` = 2 LIMIT 1 [ RunTime:0.025500s ]
[ sql ] [ SQL ] SELECT * FROM `ct_district` WHERE  `id` = 165 LIMIT 1 [ RunTime:0.050500s ]
[ sql ] [ SQL ] SELECT * FROM `ct_district` WHERE  `id` = 10 LIMIT 1 [ RunTime:0.025500s ]
[ sql ] [ SQL ] SELECT * FROM `ct_district` WHERE  `id` = 74 LIMIT 1 [ RunTime:0.026000s ]
[ sql ] [ SQL ] SELECT * FROM `ct_district` WHERE  `id` = 3 LIMIT 1 [ RunTime:0.025000s ]
[ sql ] [ SQL ] SELECT * FROM `ct_district` WHERE  `id` = 167 LIMIT 1 [ RunTime:0.027000s ]
[ sql ] [ SQL ] SELECT * FROM `ct_district` WHERE  `id` = 10 LIMIT 1 [ RunTime:0.026500s ]
[ sql ] [ SQL ] SELECT * FROM `ct_district` WHERE  `id` = 45053 LIMIT 1 [ RunTime:0.026000s ]
[ sql ] [ SQL ] SELECT * FROM `ct_district` WHERE  `id` = 2 LIMIT 1 [ RunTime:0.027000s ]
[ sql ] [ SQL ] SELECT * FROM `ct_district` WHERE  `id` = 45054 LIMIT 1 [ RunTime:0.026000s ]
[ sql ] [ SQL ] SELECT * FROM `ct_district` WHERE  `id` = 9 LIMIT 1 [ RunTime:0.026000s ]
[ sql ] [ SQL ] SELECT * FROM `ct_district` WHERE  `id` = 45053 LIMIT 1 [ RunTime:0.025500s ]
[ sql ] [ SQL ] SELECT * FROM `ct_district` WHERE  `id` = 2 LIMIT 1 [ RunTime:0.026000s ]
[ sql ] [ SQL ] SELECT * FROM `ct_district` WHERE  `id` = 45054 LIMIT 1 [ RunTime:0.026500s ]
[ sql ] [ SQL ] SELECT * FROM `ct_district` WHERE  `id` = 9 LIMIT 1 [ RunTime:0.026000s ]
[ sql ] [ SQL ] SELECT * FROM `ct_district` WHERE  `id` = 390 LIMIT 1 [ RunTime:0.024500s ]
[ sql ] [ SQL ] SELECT * FROM `ct_district` WHERE  `id` = 23 LIMIT 1 [ RunTime:0.026500s ]
[ sql ] [ SQL ] SELECT * FROM `ct_district` WHERE  `id` = 167 LIMIT 1 [ RunTime:0.027000s ]
[ sql ] [ SQL ] SELECT * FROM `ct_district` WHERE  `id` = 10 LIMIT 1 [ RunTime:0.026000s ]
[ sql ] [ SQL ] SELECT * FROM `ct_district` WHERE  `id` = 396 LIMIT 1 [ RunTime:0.026000s ]
[ sql ] [ SQL ] SELECT * FROM `ct_district` WHERE  `id` = 23 LIMIT 1 [ RunTime:0.026000s ]
[ sql ] [ SQL ] SELECT * FROM `ct_district` WHERE  `id` = 45054 LIMIT 1 [ RunTime:0.024500s ]
[ sql ] [ SQL ] SELECT * FROM `ct_district` WHERE  `id` = 9 LIMIT 1 [ RunTime:0.037000s ]
[ sql ] [ SQL ] SELECT * FROM `ct_district` WHERE  `id` = 45054 LIMIT 1 [ RunTime:0.024500s ]
[ sql ] [ SQL ] SELECT * FROM `ct_district` WHERE  `id` = 9 LIMIT 1 [ RunTime:0.027000s ]
[ sql ] [ SQL ] SELECT * FROM `ct_district` WHERE  `id` = 163 LIMIT 1 [ RunTime:0.026500s ]
[ sql ] [ SQL ] SELECT * FROM `ct_district` WHERE  `id` = 10 LIMIT 1 [ RunTime:0.026000s ]
[ sql ] [ SQL ] SELECT * FROM `ct_district` WHERE  `id` = 45053 LIMIT 1 [ RunTime:0.026500s ]
[ sql ] [ SQL ] SELECT * FROM `ct_district` WHERE  `id` = 2 LIMIT 1 [ RunTime:0.025000s ]
[ sql ] [ SQL ] SELECT * FROM `ct_district` WHERE  `id` = 79 LIMIT 1 [ RunTime:0.026500s ]
[ sql ] [ SQL ] SELECT * FROM `ct_district` WHERE  `id` = 3 LIMIT 1 [ RunTime:0.026000s ]
[ sql ] [ SQL ] SELECT * FROM `ct_district` WHERE  `id` = 105 LIMIT 1 [ RunTime:0.026500s ]
[ sql ] [ SQL ] SELECT * FROM `ct_district` WHERE  `id` = 5 LIMIT 1 [ RunTime:0.025500s ]
[ sql ] [ SQL ] SELECT * FROM `ct_district` WHERE  `id` = 75 LIMIT 1 [ RunTime:0.026500s ]
[ sql ] [ SQL ] SELECT * FROM `ct_district` WHERE  `id` = 3 LIMIT 1 [ RunTime:0.025500s ]
[ sql ] [ SQL ] SELECT * FROM `ct_district` WHERE  `id` = 45054 LIMIT 1 [ RunTime:0.027000s ]
[ sql ] [ SQL ] SELECT * FROM `ct_district` WHERE  `id` = 9 LIMIT 1 [ RunTime:0.027000s ]
[ sql ] [ SQL ] SELECT * FROM `ct_district` WHERE  `id` = 45052 LIMIT 1 [ RunTime:0.026500s ]
[ sql ] [ SQL ] SELECT * FROM `ct_district` WHERE  `id` = 1 LIMIT 1 [ RunTime:0.026000s ]

---------------------------------------------------------------
[ 2018-09-10T10:16:43+08:00 ] 127.0.0.1 127.0.0.1 POST /driver/undertake/vehical
[ log ] www.ctadmin.com/driver/undertake/vehical [运行时间：1.417000s][吞吐率：0.71req/s] [内存消耗：2,776.18kb] [文件加载：56]
[ info ] [ LANG ] E:\chitu\chitu_admin\trunk\thinkphp\lang\zh-cn.php
[ info ] [ ROUTE ] array (
  'type' => 'module',
  'module' => 
  array (
    0 => 'driver',
    1 => 'undertake',
    2 => 'vehical',
  ),
)
[ info ] [ HEADER ] array (
  'host' => 'www.ctadmin.com',
  'connection' => 'keep-alive',
  'content-length' => '131',
  'user-agent' => 'Mozilla/5.0 (Windows NT 6.1; WOW64) AppleWebKit/537.36 (KHTML, like Gecko) Chrome/68.0.3440.84 Safari/537.36',
  'cache-control' => 'no-cache',
  'origin' => 'chrome-extension://niphlbdhgiabfnjeompmngebipomclik',
  'postman-token' => '9741483c-8f92-f2d7-2ab0-fe5638896451',
  'content-type' => 'multipart/form-data; boundary=----WebKitFormBoundaryM4JABZ4TaJuwFQfj',
  'accept' => '*/*',
  'accept-encoding' => 'gzip, deflate',
  'accept-language' => 'zh-CN,zh;q=0.9',
)
[ info ] [ PARAM ] array (
  '/driver/undertake/vehical' => '',
)
[ info ] [ RUN ] app\driver\controller\Undertake->vehical[ E:\chitu\chitu_admin\trunk\application\driver\controller\Undertake.php ]
[ info ] [ DB ] INIT mysql
[ info ] [ LOG ] INIT File
[ sql ] [ DB ] CONNECT:[ UseTime:0.099000s ] mysql:dbname=chitutest;host=rm-2zezn1940ztq6hib5o.mysql.rds.aliyuncs.com;charset=utf8
[ sql ] [ SQL ] SHOW COLUMNS FROM `ct_userorder` [ RunTime:0.051500s ]
[ sql ] [ SQL ] SELECT COUNT(*) AS tp_count FROM `ct_userorder` `u` LEFT JOIN `ct_cartype` `c` ON `c`.`car_id`=`u`.`carid` WHERE  `paystate` <> 1 LIMIT 1 [ RunTime:0.054000s ]
[ sql ] [ SQL ] SELECT `u`.`uoid`,`u`.`startcity`,`u`.`endcity`,`u`.`loaddate`,`u`.`temperture`,`u`.`orderstate`,`c`.`carparame`,`u`.`price`,`u`.`carr_upprice`,`u`.`type`,`u`.`pickaddress`,`u`.`sendaddress` FROM `ct_userorder` `u` LEFT JOIN `ct_cartype` `c` ON `c`.`car_id`=`u`.`carid` WHERE  `paystate` <> 1 ORDER BY u.addtime desc LIMIT 0,10 [ RunTime:0.052500s ]
[ sql ] [ SQL ] SHOW COLUMNS FROM `ct_district` [ RunTime:0.053000s ]
[ sql ] [ SQL ] SELECT * FROM `ct_district` WHERE  `id` = 45053 LIMIT 1 [ RunTime:0.051000s ]
[ sql ] [ SQL ] SELECT * FROM `ct_district` WHERE  `id` = 2 LIMIT 1 [ RunTime:0.026500s ]
[ sql ] [ SQL ] SELECT * FROM `ct_district` WHERE  `id` = 165 LIMIT 1 [ RunTime:0.025500s ]
[ sql ] [ SQL ] SELECT * FROM `ct_district` WHERE  `id` = 10 LIMIT 1 [ RunTime:0.025000s ]
[ sql ] [ SQL ] SELECT * FROM `ct_district` WHERE  `id` = 74 LIMIT 1 [ RunTime:0.025000s ]
[ sql ] [ SQL ] SELECT * FROM `ct_district` WHERE  `id` = 3 LIMIT 1 [ RunTime:0.026000s ]
[ sql ] [ SQL ] SELECT * FROM `ct_district` WHERE  `id` = 167 LIMIT 1 [ RunTime:0.026500s ]
[ sql ] [ SQL ] SELECT * FROM `ct_district` WHERE  `id` = 10 LIMIT 1 [ RunTime:0.027000s ]
[ sql ] [ SQL ] SELECT * FROM `ct_district` WHERE  `id` = 45053 LIMIT 1 [ RunTime:0.026500s ]
[ sql ] [ SQL ] SELECT * FROM `ct_district` WHERE  `id` = 2 LIMIT 1 [ RunTime:0.027000s ]
[ sql ] [ SQL ] SELECT * FROM `ct_district` WHERE  `id` = 45054 LIMIT 1 [ RunTime:0.027000s ]
[ sql ] [ SQL ] SELECT * FROM `ct_district` WHERE  `id` = 9 LIMIT 1 [ RunTime:0.025000s ]
[ sql ] [ SQL ] SELECT * FROM `ct_district` WHERE  `id` = 45053 LIMIT 1 [ RunTime:0.026000s ]
[ sql ] [ SQL ] SELECT * FROM `ct_district` WHERE  `id` = 2 LIMIT 1 [ RunTime:0.026000s ]
[ sql ] [ SQL ] SELECT * FROM `ct_district` WHERE  `id` = 45054 LIMIT 1 [ RunTime:0.027000s ]
[ sql ] [ SQL ] SELECT * FROM `ct_district` WHERE  `id` = 9 LIMIT 1 [ RunTime:0.025000s ]
[ sql ] [ SQL ] SELECT * FROM `ct_district` WHERE  `id` = 390 LIMIT 1 [ RunTime:0.026000s ]
[ sql ] [ SQL ] SELECT * FROM `ct_district` WHERE  `id` = 23 LIMIT 1 [ RunTime:0.025500s ]
[ sql ] [ SQL ] SELECT * FROM `ct_district` WHERE  `id` = 167 LIMIT 1 [ RunTime:0.026000s ]
[ sql ] [ SQL ] SELECT * FROM `ct_district` WHERE  `id` = 10 LIMIT 1 [ RunTime:0.026000s ]
[ sql ] [ SQL ] SELECT * FROM `ct_district` WHERE  `id` = 396 LIMIT 1 [ RunTime:0.029500s ]
[ sql ] [ SQL ] SELECT * FROM `ct_district` WHERE  `id` = 23 LIMIT 1 [ RunTime:0.026000s ]
[ sql ] [ SQL ] SELECT * FROM `ct_district` WHERE  `id` = 45054 LIMIT 1 [ RunTime:0.025500s ]
[ sql ] [ SQL ] SELECT * FROM `ct_district` WHERE  `id` = 9 LIMIT 1 [ RunTime:0.025500s ]
[ sql ] [ SQL ] SELECT * FROM `ct_district` WHERE  `id` = 45054 LIMIT 1 [ RunTime:0.026500s ]
[ sql ] [ SQL ] SELECT * FROM `ct_district` WHERE  `id` = 9 LIMIT 1 [ RunTime:0.025000s ]
[ sql ] [ SQL ] SELECT * FROM `ct_district` WHERE  `id` = 163 LIMIT 1 [ RunTime:0.026500s ]
[ sql ] [ SQL ] SELECT * FROM `ct_district` WHERE  `id` = 10 LIMIT 1 [ RunTime:0.027000s ]
[ sql ] [ SQL ] SELECT * FROM `ct_district` WHERE  `id` = 45053 LIMIT 1 [ RunTime:0.026000s ]
[ sql ] [ SQL ] SELECT * FROM `ct_district` WHERE  `id` = 2 LIMIT 1 [ RunTime:0.025500s ]
[ sql ] [ SQL ] SELECT * FROM `ct_district` WHERE  `id` = 79 LIMIT 1 [ RunTime:0.026000s ]
[ sql ] [ SQL ] SELECT * FROM `ct_district` WHERE  `id` = 3 LIMIT 1 [ RunTime:0.026000s ]
[ sql ] [ SQL ] SELECT * FROM `ct_district` WHERE  `id` = 105 LIMIT 1 [ RunTime:0.026000s ]
[ sql ] [ SQL ] SELECT * FROM `ct_district` WHERE  `id` = 5 LIMIT 1 [ RunTime:0.026500s ]
[ sql ] [ SQL ] SELECT * FROM `ct_district` WHERE  `id` = 75 LIMIT 1 [ RunTime:0.025000s ]
[ sql ] [ SQL ] SELECT * FROM `ct_district` WHERE  `id` = 3 LIMIT 1 [ RunTime:0.026000s ]
[ sql ] [ SQL ] SELECT * FROM `ct_district` WHERE  `id` = 45054 LIMIT 1 [ RunTime:0.027000s ]
[ sql ] [ SQL ] SELECT * FROM `ct_district` WHERE  `id` = 9 LIMIT 1 [ RunTime:0.025500s ]
[ sql ] [ SQL ] SELECT * FROM `ct_district` WHERE  `id` = 45052 LIMIT 1 [ RunTime:0.025500s ]
[ sql ] [ SQL ] SELECT * FROM `ct_district` WHERE  `id` = 1 LIMIT 1 [ RunTime:0.026500s ]

---------------------------------------------------------------
[ 2018-09-10T10:17:41+08:00 ] 127.0.0.1 127.0.0.1 POST /driver/undertake/vehical
[ log ] www.ctadmin.com/driver/undertake/vehical [运行时间：1.426500s][吞吐率：0.70req/s] [内存消耗：2,776.16kb] [文件加载：56]
[ info ] [ LANG ] E:\chitu\chitu_admin\trunk\thinkphp\lang\zh-cn.php
[ info ] [ ROUTE ] array (
  'type' => 'module',
  'module' => 
  array (
    0 => 'driver',
    1 => 'undertake',
    2 => 'vehical',
  ),
)
[ info ] [ HEADER ] array (
  'host' => 'www.ctadmin.com',
  'connection' => 'keep-alive',
  'content-length' => '131',
  'user-agent' => 'Mozilla/5.0 (Windows NT 6.1; WOW64) AppleWebKit/537.36 (KHTML, like Gecko) Chrome/68.0.3440.84 Safari/537.36',
  'cache-control' => 'no-cache',
  'origin' => 'chrome-extension://niphlbdhgiabfnjeompmngebipomclik',
  'postman-token' => '599d62d3-f772-25d0-db66-f278492bc806',
  'content-type' => 'multipart/form-data; boundary=----WebKitFormBoundaryME8BBio7HYyP8pOX',
  'accept' => '*/*',
  'accept-encoding' => 'gzip, deflate',
  'accept-language' => 'zh-CN,zh;q=0.9',
)
[ info ] [ PARAM ] array (
  '/driver/undertake/vehical' => '',
)
[ info ] [ RUN ] app\driver\controller\Undertake->vehical[ E:\chitu\chitu_admin\trunk\application\driver\controller\Undertake.php ]
[ info ] [ DB ] INIT mysql
[ info ] [ LOG ] INIT File
[ sql ] [ DB ] CONNECT:[ UseTime:0.099000s ] mysql:dbname=chitutest;host=rm-2zezn1940ztq6hib5o.mysql.rds.aliyuncs.com;charset=utf8
[ sql ] [ SQL ] SHOW COLUMNS FROM `ct_userorder` [ RunTime:0.055000s ]
[ sql ] [ SQL ] SELECT COUNT(*) AS tp_count FROM `ct_userorder` `u` LEFT JOIN `ct_cartype` `c` ON `c`.`car_id`=`u`.`carid` WHERE  `paystate` <> 1 LIMIT 1 [ RunTime:0.053500s ]
[ sql ] [ SQL ] SELECT `u`.`uoid`,`u`.`startcity`,`u`.`endcity`,`u`.`loaddate`,`u`.`temperture`,`u`.`orderstate`,`c`.`carparame`,`u`.`price`,`u`.`carr_upprice`,`u`.`type`,`u`.`pickaddress`,`u`.`sendaddress` FROM `ct_userorder` `u` LEFT JOIN `ct_cartype` `c` ON `c`.`car_id`=`u`.`carid` WHERE  `paystate` <> 1 ORDER BY u.addtime desc LIMIT 0,10 [ RunTime:0.053000s ]
[ sql ] [ SQL ] SHOW COLUMNS FROM `ct_district` [ RunTime:0.052000s ]
[ sql ] [ SQL ] SELECT * FROM `ct_district` WHERE  `id` = 45053 LIMIT 1 [ RunTime:0.053000s ]
[ sql ] [ SQL ] SELECT * FROM `ct_district` WHERE  `id` = 2 LIMIT 1 [ RunTime:0.027000s ]
[ sql ] [ SQL ] SELECT * FROM `ct_district` WHERE  `id` = 165 LIMIT 1 [ RunTime:0.026500s ]
[ sql ] [ SQL ] SELECT * FROM `ct_district` WHERE  `id` = 10 LIMIT 1 [ RunTime:0.026500s ]
[ sql ] [ SQL ] SELECT * FROM `ct_district` WHERE  `id` = 74 LIMIT 1 [ RunTime:0.025500s ]
[ sql ] [ SQL ] SELECT * FROM `ct_district` WHERE  `id` = 3 LIMIT 1 [ RunTime:0.026500s ]
[ sql ] [ SQL ] SELECT * FROM `ct_district` WHERE  `id` = 167 LIMIT 1 [ RunTime:0.025000s ]
[ sql ] [ SQL ] SELECT * FROM `ct_district` WHERE  `id` = 10 LIMIT 1 [ RunTime:0.026500s ]
[ sql ] [ SQL ] SELECT * FROM `ct_district` WHERE  `id` = 45053 LIMIT 1 [ RunTime:0.025500s ]
[ sql ] [ SQL ] SELECT * FROM `ct_district` WHERE  `id` = 2 LIMIT 1 [ RunTime:0.026500s ]
[ sql ] [ SQL ] SELECT * FROM `ct_district` WHERE  `id` = 45054 LIMIT 1 [ RunTime:0.025500s ]
[ sql ] [ SQL ] SELECT * FROM `ct_district` WHERE  `id` = 9 LIMIT 1 [ RunTime:0.026500s ]
[ sql ] [ SQL ] SELECT * FROM `ct_district` WHERE  `id` = 45053 LIMIT 1 [ RunTime:0.025500s ]
[ sql ] [ SQL ] SELECT * FROM `ct_district` WHERE  `id` = 2 LIMIT 1 [ RunTime:0.025000s ]
[ sql ] [ SQL ] SELECT * FROM `ct_district` WHERE  `id` = 45054 LIMIT 1 [ RunTime:0.027500s ]
[ sql ] [ SQL ] SELECT * FROM `ct_district` WHERE  `id` = 9 LIMIT 1 [ RunTime:0.026000s ]
[ sql ] [ SQL ] SELECT * FROM `ct_district` WHERE  `id` = 390 LIMIT 1 [ RunTime:0.025000s ]
[ sql ] [ SQL ] SELECT * FROM `ct_district` WHERE  `id` = 23 LIMIT 1 [ RunTime:0.026500s ]
[ sql ] [ SQL ] SELECT * FROM `ct_district` WHERE  `id` = 167 LIMIT 1 [ RunTime:0.027000s ]
[ sql ] [ SQL ] SELECT * FROM `ct_district` WHERE  `id` = 10 LIMIT 1 [ RunTime:0.027000s ]
[ sql ] [ SQL ] SELECT * FROM `ct_district` WHERE  `id` = 396 LIMIT 1 [ RunTime:0.026000s ]
[ sql ] [ SQL ] SELECT * FROM `ct_district` WHERE  `id` = 23 LIMIT 1 [ RunTime:0.026500s ]
[ sql ] [ SQL ] SELECT * FROM `ct_district` WHERE  `id` = 45054 LIMIT 1 [ RunTime:0.025000s ]
[ sql ] [ SQL ] SELECT * FROM `ct_district` WHERE  `id` = 9 LIMIT 1 [ RunTime:0.025000s ]
[ sql ] [ SQL ] SELECT * FROM `ct_district` WHERE  `id` = 45054 LIMIT 1 [ RunTime:0.026500s ]
[ sql ] [ SQL ] SELECT * FROM `ct_district` WHERE  `id` = 9 LIMIT 1 [ RunTime:0.025000s ]
[ sql ] [ SQL ] SELECT * FROM `ct_district` WHERE  `id` = 163 LIMIT 1 [ RunTime:0.026500s ]
[ sql ] [ SQL ] SELECT * FROM `ct_district` WHERE  `id` = 10 LIMIT 1 [ RunTime:0.027000s ]
[ sql ] [ SQL ] SELECT * FROM `ct_district` WHERE  `id` = 45053 LIMIT 1 [ RunTime:0.027000s ]
[ sql ] [ SQL ] SELECT * FROM `ct_district` WHERE  `id` = 2 LIMIT 1 [ RunTime:0.027000s ]
[ sql ] [ SQL ] SELECT * FROM `ct_district` WHERE  `id` = 79 LIMIT 1 [ RunTime:0.026000s ]
[ sql ] [ SQL ] SELECT * FROM `ct_district` WHERE  `id` = 3 LIMIT 1 [ RunTime:0.027000s ]
[ sql ] [ SQL ] SELECT * FROM `ct_district` WHERE  `id` = 105 LIMIT 1 [ RunTime:0.027000s ]
[ sql ] [ SQL ] SELECT * FROM `ct_district` WHERE  `id` = 5 LIMIT 1 [ RunTime:0.026000s ]
[ sql ] [ SQL ] SELECT * FROM `ct_district` WHERE  `id` = 75 LIMIT 1 [ RunTime:0.025500s ]
[ sql ] [ SQL ] SELECT * FROM `ct_district` WHERE  `id` = 3 LIMIT 1 [ RunTime:0.027000s ]
[ sql ] [ SQL ] SELECT * FROM `ct_district` WHERE  `id` = 45054 LIMIT 1 [ RunTime:0.027000s ]
[ sql ] [ SQL ] SELECT * FROM `ct_district` WHERE  `id` = 9 LIMIT 1 [ RunTime:0.026500s ]
[ sql ] [ SQL ] SELECT * FROM `ct_district` WHERE  `id` = 45052 LIMIT 1 [ RunTime:0.025500s ]
[ sql ] [ SQL ] SELECT * FROM `ct_district` WHERE  `id` = 1 LIMIT 1 [ RunTime:0.027000s ]

---------------------------------------------------------------
[ 2018-09-10T10:18:36+08:00 ] 127.0.0.1 127.0.0.1 POST /driver/undertake/vehical
[ log ] www.ctadmin.com/driver/undertake/vehical [运行时间：1.423500s][吞吐率：0.70req/s] [内存消耗：2,776.16kb] [文件加载：56]
[ info ] [ LANG ] E:\chitu\chitu_admin\trunk\thinkphp\lang\zh-cn.php
[ info ] [ ROUTE ] array (
  'type' => 'module',
  'module' => 
  array (
    0 => 'driver',
    1 => 'undertake',
    2 => 'vehical',
  ),
)
[ info ] [ HEADER ] array (
  'host' => 'www.ctadmin.com',
  'connection' => 'keep-alive',
  'content-length' => '131',
  'user-agent' => 'Mozilla/5.0 (Windows NT 6.1; WOW64) AppleWebKit/537.36 (KHTML, like Gecko) Chrome/68.0.3440.84 Safari/537.36',
  'cache-control' => 'no-cache',
  'origin' => 'chrome-extension://niphlbdhgiabfnjeompmngebipomclik',
  'postman-token' => 'e9b9521e-dfea-909e-eda3-3e0f91c04f22',
  'content-type' => 'multipart/form-data; boundary=----WebKitFormBoundaryt0xJHHPvXJ9xDA56',
  'accept' => '*/*',
  'accept-encoding' => 'gzip, deflate',
  'accept-language' => 'zh-CN,zh;q=0.9',
)
[ info ] [ PARAM ] array (
  '/driver/undertake/vehical' => '',
)
[ info ] [ RUN ] app\driver\controller\Undertake->vehical[ E:\chitu\chitu_admin\trunk\application\driver\controller\Undertake.php ]
[ info ] [ DB ] INIT mysql
[ info ] [ LOG ] INIT File
[ sql ] [ DB ] CONNECT:[ UseTime:0.099500s ] mysql:dbname=chitutest;host=rm-2zezn1940ztq6hib5o.mysql.rds.aliyuncs.com;charset=utf8
[ sql ] [ SQL ] SHOW COLUMNS FROM `ct_userorder` [ RunTime:0.054000s ]
[ sql ] [ SQL ] SELECT COUNT(*) AS tp_count FROM `ct_userorder` `u` LEFT JOIN `ct_cartype` `c` ON `c`.`car_id`=`u`.`carid` WHERE  `paystate` <> 1 LIMIT 1 [ RunTime:0.053500s ]
[ sql ] [ SQL ] SELECT `u`.`uoid`,`u`.`startcity`,`u`.`endcity`,`u`.`loaddate`,`u`.`temperture`,`u`.`orderstate`,`c`.`carparame`,`u`.`price`,`u`.`carr_upprice`,`u`.`type`,`u`.`pickaddress`,`u`.`sendaddress` FROM `ct_userorder` `u` LEFT JOIN `ct_cartype` `c` ON `c`.`car_id`=`u`.`carid` WHERE  `paystate` <> 1 ORDER BY u.addtime desc LIMIT 0,10 [ RunTime:0.054000s ]
[ sql ] [ SQL ] SHOW COLUMNS FROM `ct_district` [ RunTime:0.052000s ]
[ sql ] [ SQL ] SELECT * FROM `ct_district` WHERE  `id` = 45053 LIMIT 1 [ RunTime:0.053500s ]
[ sql ] [ SQL ] SELECT * FROM `ct_district` WHERE  `id` = 2 LIMIT 1 [ RunTime:0.027000s ]
[ sql ] [ SQL ] SELECT * FROM `ct_district` WHERE  `id` = 165 LIMIT 1 [ RunTime:0.025500s ]
[ sql ] [ SQL ] SELECT * FROM `ct_district` WHERE  `id` = 10 LIMIT 1 [ RunTime:0.025500s ]
[ sql ] [ SQL ] SELECT * FROM `ct_district` WHERE  `id` = 74 LIMIT 1 [ RunTime:0.026000s ]
[ sql ] [ SQL ] SELECT * FROM `ct_district` WHERE  `id` = 3 LIMIT 1 [ RunTime:0.027500s ]
[ sql ] [ SQL ] SELECT * FROM `ct_district` WHERE  `id` = 167 LIMIT 1 [ RunTime:0.027000s ]
[ sql ] [ SQL ] SELECT * FROM `ct_district` WHERE  `id` = 10 LIMIT 1 [ RunTime:0.025500s ]
[ sql ] [ SQL ] SELECT * FROM `ct_district` WHERE  `id` = 45053 LIMIT 1 [ RunTime:0.025500s ]
[ sql ] [ SQL ] SELECT * FROM `ct_district` WHERE  `id` = 2 LIMIT 1 [ RunTime:0.026000s ]
[ sql ] [ SQL ] SELECT * FROM `ct_district` WHERE  `id` = 45054 LIMIT 1 [ RunTime:0.026500s ]
[ sql ] [ SQL ] SELECT * FROM `ct_district` WHERE  `id` = 9 LIMIT 1 [ RunTime:0.025500s ]
[ sql ] [ SQL ] SELECT * FROM `ct_district` WHERE  `id` = 45053 LIMIT 1 [ RunTime:0.025500s ]
[ sql ] [ SQL ] SELECT * FROM `ct_district` WHERE  `id` = 2 LIMIT 1 [ RunTime:0.027000s ]
[ sql ] [ SQL ] SELECT * FROM `ct_district` WHERE  `id` = 45054 LIMIT 1 [ RunTime:0.026000s ]
[ sql ] [ SQL ] SELECT * FROM `ct_district` WHERE  `id` = 9 LIMIT 1 [ RunTime:0.026000s ]
[ sql ] [ SQL ] SELECT * FROM `ct_district` WHERE  `id` = 390 LIMIT 1 [ RunTime:0.025000s ]
[ sql ] [ SQL ] SELECT * FROM `ct_district` WHERE  `id` = 23 LIMIT 1 [ RunTime:0.027000s ]
[ sql ] [ SQL ] SELECT * FROM `ct_district` WHERE  `id` = 167 LIMIT 1 [ RunTime:0.027000s ]
[ sql ] [ SQL ] SELECT * FROM `ct_district` WHERE  `id` = 10 LIMIT 1 [ RunTime:0.025000s ]
[ sql ] [ SQL ] SELECT * FROM `ct_district` WHERE  `id` = 396 LIMIT 1 [ RunTime:0.027000s ]
[ sql ] [ SQL ] SELECT * FROM `ct_district` WHERE  `id` = 23 LIMIT 1 [ RunTime:0.027000s ]
[ sql ] [ SQL ] SELECT * FROM `ct_district` WHERE  `id` = 45054 LIMIT 1 [ RunTime:0.025000s ]
[ sql ] [ SQL ] SELECT * FROM `ct_district` WHERE  `id` = 9 LIMIT 1 [ RunTime:0.026500s ]
[ sql ] [ SQL ] SELECT * FROM `ct_district` WHERE  `id` = 45054 LIMIT 1 [ RunTime:0.027000s ]
[ sql ] [ SQL ] SELECT * FROM `ct_district` WHERE  `id` = 9 LIMIT 1 [ RunTime:0.025000s ]
[ sql ] [ SQL ] SELECT * FROM `ct_district` WHERE  `id` = 163 LIMIT 1 [ RunTime:0.025500s ]
[ sql ] [ SQL ] SELECT * FROM `ct_district` WHERE  `id` = 10 LIMIT 1 [ RunTime:0.025000s ]
[ sql ] [ SQL ] SELECT * FROM `ct_district` WHERE  `id` = 45053 LIMIT 1 [ RunTime:0.025500s ]
[ sql ] [ SQL ] SELECT * FROM `ct_district` WHERE  `id` = 2 LIMIT 1 [ RunTime:0.025500s ]
[ sql ] [ SQL ] SELECT * FROM `ct_district` WHERE  `id` = 79 LIMIT 1 [ RunTime:0.026000s ]
[ sql ] [ SQL ] SELECT * FROM `ct_district` WHERE  `id` = 3 LIMIT 1 [ RunTime:0.025500s ]
[ sql ] [ SQL ] SELECT * FROM `ct_district` WHERE  `id` = 105 LIMIT 1 [ RunTime:0.026000s ]
[ sql ] [ SQL ] SELECT * FROM `ct_district` WHERE  `id` = 5 LIMIT 1 [ RunTime:0.026500s ]
[ sql ] [ SQL ] SELECT * FROM `ct_district` WHERE  `id` = 75 LIMIT 1 [ RunTime:0.026000s ]
[ sql ] [ SQL ] SELECT * FROM `ct_district` WHERE  `id` = 3 LIMIT 1 [ RunTime:0.025500s ]
[ sql ] [ SQL ] SELECT * FROM `ct_district` WHERE  `id` = 45054 LIMIT 1 [ RunTime:0.025500s ]
[ sql ] [ SQL ] SELECT * FROM `ct_district` WHERE  `id` = 9 LIMIT 1 [ RunTime:0.027000s ]
[ sql ] [ SQL ] SELECT * FROM `ct_district` WHERE  `id` = 45052 LIMIT 1 [ RunTime:0.027000s ]
[ sql ] [ SQL ] SELECT * FROM `ct_district` WHERE  `id` = 1 LIMIT 1 [ RunTime:0.027000s ]

---------------------------------------------------------------
[ 2018-09-10T11:24:35+08:00 ] 127.0.0.1 127.0.0.1 GET /
[ log ] www.ctadmin.com/ [运行时间：0.640500s][吞吐率：1.56req/s] [内存消耗：1,958.77kb] [文件加载：47]
[ info ] [ LANG ] E:\chitu\chitu_admin\trunk\thinkphp\lang\zh-cn.php
[ info ] [ ROUTE ] array (
  'type' => 'module',
  'module' => 
  array (
    0 => '',
    1 => NULL,
    2 => NULL,
  ),
)
[ info ] [ HEADER ] array (
  'host' => 'www.ctadmin.com',
  'connection' => 'keep-alive',
  'upgrade-insecure-requests' => '1',
  'user-agent' => 'Mozilla/5.0 (Windows NT 6.1; WOW64) AppleWebKit/537.36 (KHTML, like Gecko) Chrome/68.0.3440.84 Safari/537.36',
  'accept' => 'text/html,application/xhtml+xml,application/xml;q=0.9,image/webp,image/apng,*/*;q=0.8',
  'accept-encoding' => 'gzip, deflate',
  'accept-language' => 'zh-CN,zh;q=0.9',
)
[ info ] [ PARAM ] array (
)
[ info ] [ RUN ] app\admin\controller\Index->index[ E:\chitu\chitu_admin\trunk\application\admin\controller\Index.php ]
[ info ] [ SESSION ] INIT array (
  'id' => '',
  'var_session_id' => '',
  'prefix' => 'think',
  'type' => '',
  'auto_start' => true,
)
[ info ] [ LOG ] INIT File

---------------------------------------------------------------
[ 2018-09-10T11:24:35+08:00 ] 127.0.0.1 127.0.0.1 GET /admin/index/login.html
[ log ] www.ctadmin.com/admin/index/login.html [运行时间：0.332500s][吞吐率：3.01req/s] [内存消耗：1,896.41kb] [文件加载：46]
[ info ] [ LANG ] E:\chitu\chitu_admin\trunk\thinkphp\lang\zh-cn.php
[ info ] [ ROUTE ] array (
  'type' => 'module',
  'module' => 
  array (
    0 => 'admin',
    1 => 'index',
    2 => 'login',
  ),
)
[ info ] [ HEADER ] array (
  'host' => 'www.ctadmin.com',
  'connection' => 'keep-alive',
  'upgrade-insecure-requests' => '1',
  'user-agent' => 'Mozilla/5.0 (Windows NT 6.1; WOW64) AppleWebKit/537.36 (KHTML, like Gecko) Chrome/68.0.3440.84 Safari/537.36',
  'accept' => 'text/html,application/xhtml+xml,application/xml;q=0.9,image/webp,image/apng,*/*;q=0.8',
  'accept-encoding' => 'gzip, deflate',
  'accept-language' => 'zh-CN,zh;q=0.9',
  'cookie' => 'PHPSESSID=e9fusdfl3eb8akjud327bonpr6',
)
[ info ] [ PARAM ] array (
  '/admin/index/login_html' => '',
)
[ info ] [ RUN ] app\admin\controller\Index->login[ E:\chitu\chitu_admin\trunk\application\admin\controller\Index.php ]
[ info ] [ VIEW ] E:\chitu\chitu_admin\trunk\public/../application/admin\view\index\login.html [ array (
) ]
[ info ] [ LOG ] INIT File

---------------------------------------------------------------
[ 2018-09-10T14:04:40+08:00 ] 127.0.0.1 127.0.0.1 GET /
[ log ] www.ctadmin.com/ [运行时间：0.024500s][吞吐率：40.82req/s] [内存消耗：1,958.86kb] [文件加载：47]
[ info ] [ LANG ] E:\chitu\chitu_admin\trunk\thinkphp\lang\zh-cn.php
[ info ] [ ROUTE ] array (
  'type' => 'module',
  'module' => 
  array (
    0 => '',
    1 => NULL,
    2 => NULL,
  ),
)
[ info ] [ HEADER ] array (
  'host' => 'www.ctadmin.com',
  'connection' => 'keep-alive',
  'upgrade-insecure-requests' => '1',
  'user-agent' => 'Mozilla/5.0 (Windows NT 6.1; WOW64) AppleWebKit/537.36 (KHTML, like Gecko) Chrome/68.0.3440.84 Safari/537.36',
  'accept' => 'text/html,application/xhtml+xml,application/xml;q=0.9,image/webp,image/apng,*/*;q=0.8',
  'accept-encoding' => 'gzip, deflate',
  'accept-language' => 'zh-CN,zh;q=0.9',
  'cookie' => 'PHPSESSID=e9fusdfl3eb8akjud327bonpr6',
)
[ info ] [ PARAM ] array (
)
[ info ] [ RUN ] app\admin\controller\Index->index[ E:\chitu\chitu_admin\trunk\application\admin\controller\Index.php ]
[ info ] [ SESSION ] INIT array (
  'id' => '',
  'var_session_id' => '',
  'prefix' => 'think',
  'type' => '',
  'auto_start' => true,
)
[ info ] [ LOG ] INIT File

---------------------------------------------------------------
[ 2018-09-10T14:04:40+08:00 ] 127.0.0.1 127.0.0.1 GET /admin/index/login.html
[ log ] www.ctadmin.com/admin/index/login.html [运行时间：0.027500s][吞吐率：36.36req/s] [内存消耗：1,896.41kb] [文件加载：46]
[ info ] [ LANG ] E:\chitu\chitu_admin\trunk\thinkphp\lang\zh-cn.php
[ info ] [ ROUTE ] array (
  'type' => 'module',
  'module' => 
  array (
    0 => 'admin',
    1 => 'index',
    2 => 'login',
  ),
)
[ info ] [ HEADER ] array (
  'host' => 'www.ctadmin.com',
  'connection' => 'keep-alive',
  'upgrade-insecure-requests' => '1',
  'user-agent' => 'Mozilla/5.0 (Windows NT 6.1; WOW64) AppleWebKit/537.36 (KHTML, like Gecko) Chrome/68.0.3440.84 Safari/537.36',
  'accept' => 'text/html,application/xhtml+xml,application/xml;q=0.9,image/webp,image/apng,*/*;q=0.8',
  'accept-encoding' => 'gzip, deflate',
  'accept-language' => 'zh-CN,zh;q=0.9',
  'cookie' => 'PHPSESSID=e9fusdfl3eb8akjud327bonpr6',
)
[ info ] [ PARAM ] array (
  '/admin/index/login_html' => '',
)
[ info ] [ RUN ] app\admin\controller\Index->login[ E:\chitu\chitu_admin\trunk\application\admin\controller\Index.php ]
[ info ] [ VIEW ] E:\chitu\chitu_admin\trunk\public/../application/admin\view\index\login.html [ array (
) ]
[ info ] [ LOG ] INIT File

---------------------------------------------------------------
