[ 2018-09-20T11:23:57+08:00 ] 127.0.0.1 127.0.0.1 GET /
[ log ] www.ctadmin.com/ [运行时间：1.223500s][吞吐率：0.82req/s] [内存消耗：1,963.64kb] [文件加载：47]
[ info ] [ LANG ] E:\chitu\chitu_admin\trunk\thinkphp\lang\zh-cn.php
[ info ] [ ROUTE ] array (
  'type' => 'module',
  'module' => 
  array (
    0 => '',
    1 => NULL,
    2 => NULL,
  ),
)
[ info ] [ HEADER ] array (
  'host' => 'www.ctadmin.com',
  'connection' => 'keep-alive',
  'upgrade-insecure-requests' => '1',
  'user-agent' => 'Mozilla/5.0 (Windows NT 6.1; WOW64) AppleWebKit/537.36 (KHTML, like Gecko) Chrome/68.0.3440.84 Safari/537.36',
  'accept' => 'text/html,application/xhtml+xml,application/xml;q=0.9,image/webp,image/apng,*/*;q=0.8',
  'accept-encoding' => 'gzip, deflate',
  'accept-language' => 'zh-CN,zh;q=0.9',
)
[ info ] [ PARAM ] array (
)
[ info ] [ RUN ] app\admin\controller\Index->index[ E:\chitu\chitu_admin\trunk\application\admin\controller\Index.php ]
[ info ] [ SESSION ] INIT array (
  'id' => '',
  'var_session_id' => '',
  'prefix' => 'think',
  'type' => '',
  'auto_start' => true,
)
[ info ] [ LOG ] INIT File

---------------------------------------------------------------
[ 2018-09-20T11:23:57+08:00 ] 127.0.0.1 127.0.0.1 GET /admin/index/login.html
[ log ] www.ctadmin.com/admin/index/login.html [运行时间：0.053000s][吞吐率：18.87req/s] [内存消耗：1,901.16kb] [文件加载：46]
[ info ] [ LANG ] E:\chitu\chitu_admin\trunk\thinkphp\lang\zh-cn.php
[ info ] [ ROUTE ] array (
  'type' => 'module',
  'module' => 
  array (
    0 => 'admin',
    1 => 'index',
    2 => 'login',
  ),
)
[ info ] [ HEADER ] array (
  'host' => 'www.ctadmin.com',
  'connection' => 'keep-alive',
  'upgrade-insecure-requests' => '1',
  'user-agent' => 'Mozilla/5.0 (Windows NT 6.1; WOW64) AppleWebKit/537.36 (KHTML, like Gecko) Chrome/68.0.3440.84 Safari/537.36',
  'accept' => 'text/html,application/xhtml+xml,application/xml;q=0.9,image/webp,image/apng,*/*;q=0.8',
  'accept-encoding' => 'gzip, deflate',
  'accept-language' => 'zh-CN,zh;q=0.9',
  'cookie' => 'PHPSESSID=mpdeg23hm0dicq8g9bjconjg14',
)
[ info ] [ PARAM ] array (
  '/admin/index/login_html' => '',
)
[ info ] [ RUN ] app\admin\controller\Index->login[ E:\chitu\chitu_admin\trunk\application\admin\controller\Index.php ]
[ info ] [ VIEW ] E:\chitu\chitu_admin\trunk\public/../application/admin\view\index\login.html [ array (
) ]
[ info ] [ LOG ] INIT File

---------------------------------------------------------------
[ 2018-09-20T11:24:09+08:00 ] 127.0.0.1 127.0.0.1 POST /user/ucenter/item_list
[ log ] www.ctadmin.com/user/ucenter/item_list [运行时间：0.467000s][吞吐率：2.14req/s] [内存消耗：3,124.84kb] [文件加载：53]
[ info ] [ LANG ] E:\chitu\chitu_admin\trunk\thinkphp\lang\zh-cn.php
[ info ] [ ROUTE ] array (
  'type' => 'module',
  'module' => 
  array (
    0 => 'user',
    1 => 'ucenter',
    2 => 'item_list',
  ),
)
[ info ] [ HEADER ] array (
  'host' => 'www.ctadmin.com',
  'connection' => 'keep-alive',
  'content-length' => '183',
  'user-agent' => 'Mozilla/5.0 (Windows NT 6.1; WOW64) AppleWebKit/537.36 (KHTML, like Gecko) Chrome/68.0.3440.84 Safari/537.36',
  'cache-control' => 'no-cache',
  'origin' => 'chrome-extension://niphlbdhgiabfnjeompmngebipomclik',
  'postman-token' => '75f0553f-82ca-0e3e-03f6-4d5dcb3e9f5b',
  'content-type' => 'multipart/form-data; boundary=----WebKitFormBoundaryCvMkTe2DsMgkylkg',
  'accept' => '*/*',
  'accept-encoding' => 'gzip, deflate',
  'accept-language' => 'zh-CN,zh;q=0.9',
)
[ info ] [ PARAM ] array (
  '/user/ucenter/item_list' => '',
  'token' => 'McTtUpzhNpz6Q9x6M9z6c93NzU1MzU2NWNvZGVwaHAO0O0O',
)
[ info ] [ DB ] INIT mysql
[ info ] [ RUN ] app\user\controller\Ucenter->item_list[ E:\chitu\chitu_admin\trunk\application\user\controller\Ucenter.php ]
[ info ] [ LOG ] INIT File
[ sql ] [ DB ] CONNECT:[ UseTime:0.108500s ] mysql:dbname=chitutest;host=rm-2zezn1940ztq6hib5o.mysql.rds.aliyuncs.com;charset=utf8
[ sql ] [ SQL ] SHOW COLUMNS FROM `ct_config` [ RunTime:0.057000s ]
[ sql ] [ SQL ] SELECT * FROM `ct_config` WHERE  `id` = 13 LIMIT 1 [ RunTime:0.053000s ]

---------------------------------------------------------------
[ 2018-09-20T11:24:16+08:00 ] 127.0.0.1 127.0.0.1 POST /user/ucenter/item_list
[ log ] www.ctadmin.com/user/ucenter/item_list [运行时间：0.659500s][吞吐率：1.52req/s] [内存消耗：3,266.44kb] [文件加载：56]
[ info ] [ LANG ] E:\chitu\chitu_admin\trunk\thinkphp\lang\zh-cn.php
[ info ] [ ROUTE ] array (
  'type' => 'module',
  'module' => 
  array (
    0 => 'user',
    1 => 'ucenter',
    2 => 'item_list',
  ),
)
[ info ] [ HEADER ] array (
  'host' => 'www.ctadmin.com',
  'connection' => 'keep-alive',
  'content-length' => '275',
  'user-agent' => 'Mozilla/5.0 (Windows NT 6.1; WOW64) AppleWebKit/537.36 (KHTML, like Gecko) Chrome/68.0.3440.84 Safari/537.36',
  'cache-control' => 'no-cache',
  'origin' => 'chrome-extension://niphlbdhgiabfnjeompmngebipomclik',
  'postman-token' => 'eb5fb32b-b195-b82f-8b3b-bd3487fa6c19',
  'content-type' => 'multipart/form-data; boundary=----WebKitFormBoundary8XHSFtBr35s9TvrN',
  'accept' => '*/*',
  'accept-encoding' => 'gzip, deflate',
  'accept-language' => 'zh-CN,zh;q=0.9',
)
[ info ] [ PARAM ] array (
  '/user/ucenter/item_list' => '',
  'token' => 'McTtUpzhNpz6Q9x6M9z6c93NzU1MzU2NWNvZGVwaHAO0O0O',
  'type' => '1',
)
[ info ] [ DB ] INIT mysql
[ info ] [ RUN ] app\user\controller\Ucenter->item_list[ E:\chitu\chitu_admin\trunk\application\user\controller\Ucenter.php ]
[ info ] [ LOG ] INIT File
[ sql ] [ DB ] CONNECT:[ UseTime:0.080000s ] mysql:dbname=chitutest;host=rm-2zezn1940ztq6hib5o.mysql.rds.aliyuncs.com;charset=utf8
[ sql ] [ SQL ] SHOW COLUMNS FROM `ct_config` [ RunTime:0.053000s ]
[ sql ] [ SQL ] SELECT * FROM `ct_config` WHERE  `id` = 13 LIMIT 1 [ RunTime:0.053000s ]
[ sql ] [ SQL ] SHOW COLUMNS FROM `ct_user_token` [ RunTime:0.054000s ]
[ sql ] [ SQL ] SELECT * FROM `ct_user_token` WHERE  `token` = '1537413777553565codephp' LIMIT 1 [ RunTime:0.052000s ]
[ sql ] [ SQL ] SHOW COLUMNS FROM `ct_user` [ RunTime:0.053500s ]
[ sql ] [ SQL ] SELECT * FROM `ct_user` WHERE  `uid` = 126  AND `delstate` = 1 LIMIT 1 [ RunTime:0.051000s ]
[ sql ] [ SQL ] SHOW COLUMNS FROM `ct_issue_item` [ RunTime:0.052500s ]
[ sql ] [ SQL ] SELECT COUNT(*) AS tp_count FROM `ct_issue_item` `o` LEFT JOIN `ct_cartype` `car` ON `car`.`car_id`=`o`.`carid` WHERE  `o`.`ordertype` = 1  AND `o`.`paystate` = 2  AND `o`.`userid` = 126  AND `o`.`orderstate` = 1 LIMIT 1 [ RunTime:0.052000s ]
[ sql ] [ SQL ] SELECT `o`.*,`car`.`carparame` FROM `ct_issue_item` `o` LEFT JOIN `ct_cartype` `car` ON `car`.`car_id`=`o`.`carid` WHERE  `o`.`ordertype` = 1  AND `o`.`paystate` = 2  AND `o`.`userid` = 126  AND `o`.`orderstate` = 1 ORDER BY addtime desc LIMIT 0,10 [ RunTime:0.052500s ]

---------------------------------------------------------------
[ 2018-09-20T11:24:21+08:00 ] 127.0.0.1 127.0.0.1 POST /user/ucenter/item_list
[ log ] www.ctadmin.com/user/ucenter/item_list [运行时间：1.635000s][吞吐率：0.61req/s] [内存消耗：3,260.19kb] [文件加载：56]
[ info ] [ LANG ] E:\chitu\chitu_admin\trunk\thinkphp\lang\zh-cn.php
[ info ] [ ROUTE ] array (
  'type' => 'module',
  'module' => 
  array (
    0 => 'user',
    1 => 'ucenter',
    2 => 'item_list',
  ),
)
[ info ] [ HEADER ] array (
  'host' => 'www.ctadmin.com',
  'connection' => 'keep-alive',
  'content-length' => '275',
  'user-agent' => 'Mozilla/5.0 (Windows NT 6.1; WOW64) AppleWebKit/537.36 (KHTML, like Gecko) Chrome/68.0.3440.84 Safari/537.36',
  'cache-control' => 'no-cache',
  'origin' => 'chrome-extension://niphlbdhgiabfnjeompmngebipomclik',
  'postman-token' => 'b625f87b-3782-6d43-cd2d-3e170b763032',
  'content-type' => 'multipart/form-data; boundary=----WebKitFormBoundaryUqcKJbBmfpml7FMx',
  'accept' => '*/*',
  'accept-encoding' => 'gzip, deflate',
  'accept-language' => 'zh-CN,zh;q=0.9',
)
[ info ] [ PARAM ] array (
  '/user/ucenter/item_list' => '',
  'token' => 'McTtUpzhNpz6Q9x6M9z6c93NzU1MzU2NWNvZGVwaHAO0O0O',
  'type' => '2',
)
[ info ] [ DB ] INIT mysql
[ info ] [ RUN ] app\user\controller\Ucenter->item_list[ E:\chitu\chitu_admin\trunk\application\user\controller\Ucenter.php ]
[ info ] [ LOG ] INIT File
[ sql ] [ DB ] CONNECT:[ UseTime:0.080500s ] mysql:dbname=chitutest;host=rm-2zezn1940ztq6hib5o.mysql.rds.aliyuncs.com;charset=utf8
[ sql ] [ SQL ] SHOW COLUMNS FROM `ct_config` [ RunTime:0.053500s ]
[ sql ] [ SQL ] SELECT * FROM `ct_config` WHERE  `id` = 13 LIMIT 1 [ RunTime:0.054000s ]
[ sql ] [ SQL ] SHOW COLUMNS FROM `ct_user_token` [ RunTime:0.053000s ]
[ sql ] [ SQL ] SELECT * FROM `ct_user_token` WHERE  `token` = '1537413777553565codephp' LIMIT 1 [ RunTime:0.051000s ]
[ sql ] [ SQL ] SHOW COLUMNS FROM `ct_user` [ RunTime:0.052500s ]
[ sql ] [ SQL ] SELECT * FROM `ct_user` WHERE  `uid` = 126  AND `delstate` = 1 LIMIT 1 [ RunTime:0.054000s ]
[ sql ] [ SQL ] SHOW COLUMNS FROM `ct_issue_item` [ RunTime:0.052500s ]
[ sql ] [ SQL ] SELECT COUNT(*) AS tp_count FROM `ct_issue_item` `o` LEFT JOIN `ct_cartype` `car` ON `car`.`car_id`=`o`.`carid` WHERE  `o`.`ordertype` = 1  AND `o`.`paystate` = 2  AND `o`.`userid` = 126  AND `o`.`orderstate` <> 1 LIMIT 1 [ RunTime:0.051000s ]
[ sql ] [ SQL ] SELECT `o`.*,`car`.`carparame` FROM `ct_issue_item` `o` LEFT JOIN `ct_cartype` `car` ON `car`.`car_id`=`o`.`carid` WHERE  `o`.`ordertype` = 1  AND `o`.`paystate` = 2  AND `o`.`userid` = 126  AND `o`.`orderstate` <> 1 ORDER BY addtime desc LIMIT 0,10 [ RunTime:0.053000s ]
[ sql ] [ SQL ] SHOW COLUMNS FROM `ct_district` [ RunTime:0.050000s ]
[ sql ] [ SQL ] SELECT * FROM `ct_district` WHERE  `id` = 1 LIMIT 1 [ RunTime:0.052500s ]
[ sql ] [ SQL ] SELECT * FROM `ct_district` WHERE  `id` = 1 LIMIT 1 [ RunTime:0.027000s ]
[ sql ] [ SQL ] SELECT * FROM `ct_district` WHERE  `id` = 37 LIMIT 1 [ RunTime:0.026500s ]
[ sql ] [ SQL ] SELECT * FROM `ct_district` WHERE  `id` = 2 LIMIT 1 [ RunTime:0.025000s ]
[ sql ] [ SQL ] SELECT * FROM `ct_district` WHERE  `id` = 45053 LIMIT 1 [ RunTime:0.027000s ]
[ sql ] [ SQL ] SELECT * FROM `ct_district` WHERE  `id` = 56 LIMIT 1 [ RunTime:0.026500s ]
[ sql ] [ SQL ] SELECT * FROM `ct_district` WHERE  `id` = null LIMIT 1 [ RunTime:0.053000s ]
[ sql ] [ SQL ] SELECT * FROM `ct_district` WHERE  `id` = 45054 LIMIT 1 [ RunTime:0.052000s ]
[ sql ] [ SQL ] SELECT * FROM `ct_district` WHERE  `id` = null LIMIT 1 [ RunTime:0.053000s ]
[ sql ] [ SQL ] SELECT * FROM `ct_district` WHERE  `id` = null LIMIT 1 [ RunTime:0.026000s ]
[ sql ] [ SQL ] SELECT * FROM `ct_district` WHERE  `id` = 291 LIMIT 1 [ RunTime:0.052500s ]
[ sql ] [ SQL ] SELECT * FROM `ct_district` WHERE  `id` = null LIMIT 1 [ RunTime:0.051500s ]
[ sql ] [ SQL ] SELECT * FROM `ct_district` WHERE  `id` = null LIMIT 1 [ RunTime:0.027000s ]
[ sql ] [ SQL ] SELECT * FROM `ct_district` WHERE  `id` = 45054 LIMIT 1 [ RunTime:0.051500s ]
[ sql ] [ SQL ] SELECT * FROM `ct_district` WHERE  `id` = null LIMIT 1 [ RunTime:0.051500s ]
[ sql ] [ SQL ] SELECT * FROM `ct_district` WHERE  `id` = null LIMIT 1 [ RunTime:0.026500s ]
[ sql ] [ SQL ] SELECT * FROM `ct_district` WHERE  `id` = 291 LIMIT 1 [ RunTime:0.052500s ]
[ sql ] [ SQL ] SELECT * FROM `ct_district` WHERE  `id` = null LIMIT 1 [ RunTime:0.051500s ]
[ sql ] [ SQL ] SELECT * FROM `ct_district` WHERE  `id` = null LIMIT 1 [ RunTime:0.026500s ]
[ sql ] [ SQL ] SELECT * FROM `ct_district` WHERE  `id` = 45052 LIMIT 1 [ RunTime:0.052500s ]
[ sql ] [ SQL ] SELECT * FROM `ct_district` WHERE  `id` = null LIMIT 1 [ RunTime:0.051500s ]
[ sql ] [ SQL ] SELECT * FROM `ct_district` WHERE  `id` = null LIMIT 1 [ RunTime:0.026000s ]
[ sql ] [ SQL ] SELECT * FROM `ct_district` WHERE  `id` = 45053 LIMIT 1 [ RunTime:0.052000s ]
[ sql ] [ SQL ] SELECT * FROM `ct_district` WHERE  `id` = null LIMIT 1 [ RunTime:0.050500s ]

---------------------------------------------------------------
