[ 2019-02-27T15:20:21+08:00 ] 127.0.0.1 127.0.0.1 GET /admin/index/login.html
[ log ] www.ctadmin.com/admin/index/login.html [运行时间：0.428000s][吞吐率：2.34req/s] [内存消耗：1,910.28kb] [文件加载：46]
[ info ] [ LANG ] E:\chitu\chitu_project\trunk\chitu_admin\thinkphp\lang\zh-cn.php
[ info ] [ ROUTE ] array (
  'type' => 'module',
  'module' => 
  array (
    0 => 'admin',
    1 => 'index',
    2 => 'login',
  ),
)
[ info ] [ HEADER ] array (
  'host' => 'www.ctadmin.com',
  'connection' => 'keep-alive',
  'upgrade-insecure-requests' => '1',
  'user-agent' => 'Mozilla/5.0 (Windows NT 6.1; WOW64) AppleWebKit/537.36 (KHTML, like Gecko) Chrome/68.0.3440.84 Safari/537.36',
  'accept' => 'text/html,application/xhtml+xml,application/xml;q=0.9,image/webp,image/apng,*/*;q=0.8',
  'accept-encoding' => 'gzip, deflate',
  'accept-language' => 'zh-CN,zh;q=0.9,ja;q=0.8',
)
[ info ] [ PARAM ] array (
  '/admin/index/login_html' => '',
)
[ info ] [ RUN ] app\admin\controller\Index->login[ E:\chitu\chitu_project\trunk\chitu_admin\application\admin\controller\Index.php ]
[ info ] [ VIEW ] E:\chitu\chitu_project\trunk\chitu_admin\public/../application/admin\view\index\login.html [ array (
) ]
[ info ] [ LOG ] INIT File

---------------------------------------------------------------
[ 2019-02-27T15:20:33+08:00 ] 127.0.0.1 127.0.0.1 GET /admin/index/login.html
[ log ] www.ctadmin.com/admin/index/login.html [运行时间：0.025000s][吞吐率：40.00req/s] [内存消耗：1,910.27kb] [文件加载：46]
[ info ] [ LANG ] E:\chitu\chitu_project\trunk\chitu_admin\thinkphp\lang\zh-cn.php
[ info ] [ ROUTE ] array (
  'type' => 'module',
  'module' => 
  array (
    0 => 'admin',
    1 => 'index',
    2 => 'login',
  ),
)
[ info ] [ HEADER ] array (
  'host' => 'www.ctadmin.com',
  'connection' => 'keep-alive',
  'upgrade-insecure-requests' => '1',
  'user-agent' => 'Mozilla/5.0 (Windows NT 6.1; WOW64) AppleWebKit/537.36 (KHTML, like Gecko) Chrome/68.0.3440.84 Safari/537.36',
  'accept' => 'text/html,application/xhtml+xml,application/xml;q=0.9,image/webp,image/apng,*/*;q=0.8',
  'accept-encoding' => 'gzip, deflate',
  'accept-language' => 'zh-CN,zh;q=0.9,ja;q=0.8',
)
[ info ] [ PARAM ] array (
  '/admin/index/login_html' => '',
)
[ info ] [ RUN ] app\admin\controller\Index->login[ E:\chitu\chitu_project\trunk\chitu_admin\application\admin\controller\Index.php ]
[ info ] [ VIEW ] E:\chitu\chitu_project\trunk\chitu_admin\public/../application/admin\view\index\login.html [ array (
) ]
[ info ] [ LOG ] INIT File

---------------------------------------------------------------
[ 2019-02-27T15:20:35+08:00 ] 127.0.0.1 127.0.0.1 POST /admin/index/login_send
[ log ] www.ctadmin.com/admin/index/login_send [运行时间：0.852000s][吞吐率：1.17req/s] [内存消耗：2,689.78kb] [文件加载：54]
[ info ] [ LANG ] E:\chitu\chitu_project\trunk\chitu_admin\thinkphp\lang\zh-cn.php
[ info ] [ ROUTE ] array (
  'type' => 'module',
  'module' => 
  array (
    0 => 'admin',
    1 => 'index',
    2 => 'login_send',
  ),
)
[ info ] [ HEADER ] array (
  'host' => 'www.ctadmin.com',
  'connection' => 'keep-alive',
  'content-length' => '38',
  'cache-control' => 'max-age=0',
  'origin' => 'http://www.ctadmin.com',
  'upgrade-insecure-requests' => '1',
  'content-type' => 'application/x-www-form-urlencoded',
  'user-agent' => 'Mozilla/5.0 (Windows NT 6.1; WOW64) AppleWebKit/537.36 (KHTML, like Gecko) Chrome/68.0.3440.84 Safari/537.36',
  'accept' => 'text/html,application/xhtml+xml,application/xml;q=0.9,image/webp,image/apng,*/*;q=0.8',
  'referer' => 'http://www.ctadmin.com/admin/index/login.html',
  'accept-encoding' => 'gzip, deflate',
  'accept-language' => 'zh-CN,zh;q=0.9,ja;q=0.8',
)
[ info ] [ PARAM ] array (
  '/admin/index/login_send' => '',
  'admin_name' => 'admin',
  'admin_password' => '666666',
)
[ info ] [ RUN ] app\admin\controller\Index->login_send[ E:\chitu\chitu_project\trunk\chitu_admin\application\admin\controller\Index.php ]
[ info ] [ DB ] INIT mysql
[ info ] [ SESSION ] INIT array (
  'id' => '',
  'var_session_id' => '',
  'prefix' => 'think',
  'type' => '',
  'auto_start' => true,
)
[ info ] [ LOG ] INIT File
[ sql ] [ DB ] CONNECT:[ UseTime:0.257000s ] mysql:dbname=chitutest;host=rm-2zezn1940ztq6hib5o.mysql.rds.aliyuncs.com;charset=utf8
[ sql ] [ SQL ] SHOW COLUMNS FROM `ct_admin` [ RunTime:0.069000s ]
[ sql ] [ SQL ] SELECT * FROM `ct_admin` WHERE  `username` = 'admin'  AND `password` = 'b3149bc65f030e6b5e5ce5cb645adb65'  AND `pstate` = 1 LIMIT 1 [ RunTime:0.064000s ]

---------------------------------------------------------------
[ 2019-02-27T15:20:35+08:00 ] 127.0.0.1 127.0.0.1 GET /admin/index/index.html
[ log ] www.ctadmin.com/admin/index/index.html [运行时间：0.050000s][吞吐率：20.00req/s] [内存消耗：1,928.43kb] [文件加载：46]
[ info ] [ LANG ] E:\chitu\chitu_project\trunk\chitu_admin\thinkphp\lang\zh-cn.php
[ info ] [ ROUTE ] array (
  'type' => 'module',
  'module' => 
  array (
    0 => 'admin',
    1 => 'index',
    2 => 'index',
  ),
)
[ info ] [ HEADER ] array (
  'host' => 'www.ctadmin.com',
  'connection' => 'keep-alive',
  'cache-control' => 'max-age=0',
  'upgrade-insecure-requests' => '1',
  'user-agent' => 'Mozilla/5.0 (Windows NT 6.1; WOW64) AppleWebKit/537.36 (KHTML, like Gecko) Chrome/68.0.3440.84 Safari/537.36',
  'accept' => 'text/html,application/xhtml+xml,application/xml;q=0.9,image/webp,image/apng,*/*;q=0.8',
  'referer' => 'http://www.ctadmin.com/admin/index/login.html',
  'accept-encoding' => 'gzip, deflate',
  'accept-language' => 'zh-CN,zh;q=0.9,ja;q=0.8',
  'cookie' => 'PHPSESSID=rmddbb5c6rc937dm74l2o4ftt3',
)
[ info ] [ PARAM ] array (
  '/admin/index/index_html' => '',
)
[ info ] [ RUN ] app\admin\controller\Index->index[ E:\chitu\chitu_project\trunk\chitu_admin\application\admin\controller\Index.php ]
[ info ] [ SESSION ] INIT array (
  'id' => '',
  'var_session_id' => '',
  'prefix' => 'think',
  'type' => '',
  'auto_start' => true,
)
[ info ] [ VIEW ] E:\chitu\chitu_project\trunk\chitu_admin\public/../application/admin\view\index\index.html [ array (
) ]
[ info ] [ LOG ] INIT File

---------------------------------------------------------------
[ 2019-02-27T15:20:35+08:00 ] 127.0.0.1 127.0.0.1 GET /static/tpl/css/patterns/header-profile.png
[ log ] www.ctadmin.com/static/tpl/css/patterns/header-profile.png [运行时间：0.096000s][吞吐率：10.42req/s] [内存消耗：1,498.39kb] [文件加载：40]
[ info ] [ LANG ] E:\chitu\chitu_project\trunk\chitu_admin\thinkphp\lang\zh-cn.php
[ info ] [ ROUTE ] array (
  'type' => 'module',
  'module' => 
  array (
    0 => 'static',
    1 => 'tpl',
    2 => 'css',
  ),
)
[ info ] [ HEADER ] array (
  'host' => 'www.ctadmin.com',
  'connection' => 'keep-alive',
  'user-agent' => 'Mozilla/5.0 (Windows NT 6.1; WOW64) AppleWebKit/537.36 (KHTML, like Gecko) Chrome/68.0.3440.84 Safari/537.36',
  'accept' => 'image/webp,image/apng,image/*,*/*;q=0.8',
  'referer' => 'http://www.ctadmin.com/static/tpl/css/style.min862f.css',
  'accept-encoding' => 'gzip, deflate',
  'accept-language' => 'zh-CN,zh;q=0.9,ja;q=0.8',
  'cookie' => 'PHPSESSID=rmddbb5c6rc937dm74l2o4ftt3',
)
[ info ] [ PARAM ] array (
  '/static/tpl/css/patterns/header-profile_png' => '',
  'patterns' => 'header-profile.png',
)
[ info ] [ LOG ] INIT File

---------------------------------------------------------------
[ 2019-02-27T15:20:36+08:00 ] 127.0.0.1 127.0.0.1 POST /admin/index/getcheckmsg
[ log ] www.ctadmin.com/admin/index/getcheckmsg [运行时间：0.879000s][吞吐率：1.14req/s] [内存消耗：2,659.49kb] [文件加载：51]
[ info ] [ LANG ] E:\chitu\chitu_project\trunk\chitu_admin\thinkphp\lang\zh-cn.php
[ info ] [ ROUTE ] array (
  'type' => 'module',
  'module' => 
  array (
    0 => 'admin',
    1 => 'index',
    2 => 'getcheckmsg',
  ),
)
[ info ] [ HEADER ] array (
  'host' => 'www.ctadmin.com',
  'connection' => 'keep-alive',
  'content-length' => '0',
  'accept' => 'application/json, text/javascript, */*; q=0.01',
  'origin' => 'http://www.ctadmin.com',
  'x-requested-with' => 'XMLHttpRequest',
  'user-agent' => 'Mozilla/5.0 (Windows NT 6.1; WOW64) AppleWebKit/537.36 (KHTML, like Gecko) Chrome/68.0.3440.84 Safari/537.36',
  'referer' => 'http://www.ctadmin.com/admin/index/index.html',
  'accept-encoding' => 'gzip, deflate',
  'accept-language' => 'zh-CN,zh;q=0.9,ja;q=0.8',
  'cookie' => 'PHPSESSID=rmddbb5c6rc937dm74l2o4ftt3',
)
[ info ] [ PARAM ] array (
  '/admin/index/getcheckmsg' => '',
)
[ info ] [ RUN ] app\admin\controller\Index->getcheckmsg[ E:\chitu\chitu_project\trunk\chitu_admin\application\admin\controller\Index.php ]
[ info ] [ DB ] INIT mysql
[ info ] [ LOG ] INIT File
[ sql ] [ DB ] CONNECT:[ UseTime:0.094000s ] mysql:dbname=chitutest;host=rm-2zezn1940ztq6hib5o.mysql.rds.aliyuncs.com;charset=utf8
[ sql ] [ SQL ] SHOW COLUMNS FROM `ct_city_order` [ RunTime:0.063000s ]
[ sql ] [ SQL ] SELECT COUNT(*) AS tp_count FROM `ct_city_order` WHERE  ( `addtime` > '1550992835' AND `addtime` < '1551252035' )  AND `paystate` IN (2,4)  AND `state` = 1 LIMIT 1 [ RunTime:0.058000s ]
[ sql ] [ SQL ] SHOW COLUMNS FROM `ct_userorder` [ RunTime:0.062000s ]
[ sql ] [ SQL ] SELECT COUNT(*) AS tp_count FROM `ct_userorder` WHERE  ( `addtime` > '1550992836' AND `addtime` < '1551252036' )  AND `paystate` IN (2,4,5)  AND `orderstate` = 1 LIMIT 1 [ RunTime:0.058000s ]
[ sql ] [ SQL ] SHOW COLUMNS FROM `ct_shift_order` [ RunTime:0.061000s ]
[ sql ] [ SQL ] SELECT COUNT(*) AS tp_count FROM `ct_shift_order` WHERE  ( `addtime` > '1550992836' AND `addtime` < '1551252036' )  AND `paystate` = 2  AND `orderstate` = 1 LIMIT 1 [ RunTime:0.061000s ]
[ sql ] [ SQL ] SHOW COLUMNS FROM `ct_carcategory` [ RunTime:0.059000s ]
[ sql ] [ SQL ] SELECT COUNT(*) AS tp_count FROM `ct_carcategory` WHERE  ( `addtime` > '1550992836' AND `addtime` < '1551252036' )  AND `status` = '1' LIMIT 1 [ RunTime:0.060000s ]
[ sql ] [ SQL ] SHOW COLUMNS FROM `ct_driver` [ RunTime:0.060000s ]
[ sql ] [ SQL ] SELECT COUNT(*) AS tp_count FROM `ct_driver` WHERE  ( `addtime` > '1550992836' AND `addtime` < '1551252036' )  AND `delstate` = 1  AND `carstatus` = 1 LIMIT 1 [ RunTime:0.072000s ]
[ sql ] [ SQL ] SHOW COLUMNS FROM `ct_order` [ RunTime:0.061000s ]
[ sql ] [ SQL ] SELECT COUNT(*) AS tp_count FROM `ct_order` WHERE  ( `addtime` > '1550992836' AND `addtime` < '1551252036' )  AND `orderstate` = 2  AND `paystate` = 2 LIMIT 1 [ RunTime:0.071000s ]

---------------------------------------------------------------
[ 2019-02-27T15:20:41+08:00 ] 127.0.0.1 127.0.0.1 GET /admin/index/main
[ log ] www.ctadmin.com/admin/index/main [运行时间：5.337000s][吞吐率：0.19req/s] [内存消耗：2,740.70kb] [文件加载：53]
[ info ] [ LANG ] E:\chitu\chitu_project\trunk\chitu_admin\thinkphp\lang\zh-cn.php
[ info ] [ ROUTE ] array (
  'type' => 'module',
  'module' => 
  array (
    0 => 'admin',
    1 => 'index',
    2 => 'main',
  ),
)
[ info ] [ HEADER ] array (
  'host' => 'www.ctadmin.com',
  'connection' => 'keep-alive',
  'upgrade-insecure-requests' => '1',
  'user-agent' => 'Mozilla/5.0 (Windows NT 6.1; WOW64) AppleWebKit/537.36 (KHTML, like Gecko) Chrome/68.0.3440.84 Safari/537.36',
  'accept' => 'text/html,application/xhtml+xml,application/xml;q=0.9,image/webp,image/apng,*/*;q=0.8',
  'referer' => 'http://www.ctadmin.com/admin/index/index.html',
  'accept-encoding' => 'gzip, deflate',
  'accept-language' => 'zh-CN,zh;q=0.9,ja;q=0.8',
  'cookie' => 'PHPSESSID=rmddbb5c6rc937dm74l2o4ftt3',
)
[ info ] [ PARAM ] array (
  '/admin/index/main' => '',
)
[ info ] [ RUN ] app\admin\controller\Index->main[ E:\chitu\chitu_project\trunk\chitu_admin\application\admin\controller\Index.php ]
[ info ] [ SESSION ] INIT array (
  'id' => '',
  'var_session_id' => '',
  'prefix' => 'think',
  'type' => '',
  'auto_start' => true,
)
[ info ] [ DB ] INIT mysql
[ info ] [ VIEW ] E:\chitu\chitu_project\trunk\chitu_admin\public/../application/admin\view\index\main.html [ array (
  0 => 'alipay',
  1 => 'wechat',
  2 => 'credit',
  3 => 'balance',
  4 => 'tatol_pay',
  5 => 'pay_recharge',
  6 => 'wei_recharge',
  7 => 'client_recharge',
  8 => 'driver_recharge',
  9 => 'sum_recharge',
  10 => 'replay_count',
  11 => 'replay_pass',
  12 => 'replay_pass_success',
  13 => 'replay_sum',
  14 => 'user',
  15 => 'driver',
  16 => 'proceed_order',
  17 => 'finish_order',
  18 => 'Invalid_order',
  19 => 'count_order',
  20 => 'uncity_user_order',
  21 => 'city_user_order',
  22 => 'city_user_cancelorder',
  23 => 'city_user_countorder',
  24 => 'uncity_driver_order',
  25 => 'city_driver_order',
  26 => 'city_driver_cancelorder',
  27 => 'city_driver_countorder',
  28 => 'unfeed_message',
  29 => 'feed_message',
  30 => 'sum_applay',
  31 => 'sum_applay_year',
  32 => 'sum_pay',
  33 => 'sum_pay_year',
) ]
[ info ] [ LOG ] INIT File
[ sql ] [ DB ] CONNECT:[ UseTime:0.124000s ] mysql:dbname=chitutest;host=rm-2zezn1940ztq6hib5o.mysql.rds.aliyuncs.com;charset=utf8
[ sql ] [ SQL ] SHOW COLUMNS FROM `ct_paymessage` [ RunTime:0.064000s ]
[ sql ] [ SQL ] SELECT SUM(paynum) AS tp_sum FROM `ct_paymessage` WHERE  `paytype` = 1  AND `state` = 1  AND ( `paytime` > '1551110400' AND `paytime` < '1551196799' ) LIMIT 1 [ RunTime:0.065000s ]
[ sql ] [ SQL ] SELECT SUM(paynum) AS tp_sum FROM `ct_paymessage` WHERE  `paytype` = 1  AND `state` = 1  AND ( `paytime` > '1551024000' AND `paytime` < '1551628799' ) LIMIT 1 [ RunTime:0.036000s ]
[ sql ] [ SQL ] SELECT SUM(paynum) AS tp_sum FROM `ct_paymessage` WHERE  `paytype` = 1  AND `state` = 1  AND ( `paytime` > '1548950400' AND `paytime` < '1551369599' ) LIMIT 1 [ RunTime:0.031000s ]
[ sql ] [ SQL ] SELECT SUM(paynum) AS tp_sum FROM `ct_paymessage` WHERE  `paytype` = 1  AND `state` = 1  AND ( `paytime` > '1546272000' AND `paytime` < '1577807999' ) LIMIT 1 [ RunTime:0.033000s ]
[ sql ] [ SQL ] SELECT SUM(paynum) AS tp_sum FROM `ct_paymessage` WHERE  `paytype` = 1  AND `state` = 1 LIMIT 1 [ RunTime:0.062000s ]
[ sql ] [ SQL ] SELECT SUM(paynum) AS tp_sum FROM `ct_paymessage` WHERE  `paytype` = 2  AND `state` = 1  AND ( `paytime` > '1551110400' AND `paytime` < '1551196799' ) LIMIT 1 [ RunTime:0.066000s ]
[ sql ] [ SQL ] SELECT SUM(paynum) AS tp_sum FROM `ct_paymessage` WHERE  `paytype` = 2  AND `state` = 1  AND ( `paytime` > '1551024000' AND `paytime` < '1551628799' ) LIMIT 1 [ RunTime:0.031000s ]
[ sql ] [ SQL ] SELECT SUM(paynum) AS tp_sum FROM `ct_paymessage` WHERE  `paytype` = 2  AND `state` = 1  AND ( `paytime` > '1548950400' AND `paytime` < '1551369599' ) LIMIT 1 [ RunTime:0.031000s ]
[ sql ] [ SQL ] SELECT SUM(paynum) AS tp_sum FROM `ct_paymessage` WHERE  `paytype` = 2  AND `state` = 1  AND ( `paytime` > '1546272000' AND `paytime` < '1577807999' ) LIMIT 1 [ RunTime:0.049000s ]
[ sql ] [ SQL ] SELECT SUM(paynum) AS tp_sum FROM `ct_paymessage` WHERE  `paytype` = 2  AND `state` = 1 LIMIT 1 [ RunTime:0.063000s ]
[ sql ] [ SQL ] SHOW COLUMNS FROM `ct_city_order` [ RunTime:0.063000s ]
[ sql ] [ SQL ] SELECT SUM(paymoney) AS tp_sum FROM `ct_city_order` WHERE  `pay_type` = 1  AND `paystate` = 2  AND ( `addtime` > '1551110400' AND `addtime` < '1551196799' ) LIMIT 1 [ RunTime:0.062000s ]
[ sql ] [ SQL ] SELECT SUM(paymoney) AS tp_sum FROM `ct_city_order` WHERE  `pay_type` = 1  AND `paystate` = 2  AND ( `addtime` > '1551024000' AND `addtime` < '1551628799' ) LIMIT 1 [ RunTime:0.032000s ]
[ sql ] [ SQL ] SELECT SUM(paymoney) AS tp_sum FROM `ct_city_order` WHERE  `pay_type` = 1  AND `paystate` = 2  AND ( `addtime` > '1548950400' AND `addtime` < '1551369599' ) LIMIT 1 [ RunTime:0.031000s ]
[ sql ] [ SQL ] SELECT SUM(paymoney) AS tp_sum FROM `ct_city_order` WHERE  `pay_type` = 1  AND `paystate` = 2  AND ( `addtime` > '1546272000' AND `addtime` < '1577807999' ) LIMIT 1 [ RunTime:0.031000s ]
[ sql ] [ SQL ] SELECT SUM(paymoney) AS tp_sum FROM `ct_city_order` WHERE  `pay_type` = 1  AND `paystate` = 2 LIMIT 1 [ RunTime:0.064000s ]
[ sql ] [ SQL ] SHOW COLUMNS FROM `ct_userorder` [ RunTime:0.064000s ]
[ sql ] [ SQL ] SELECT SUM(referprice) AS tp_sum FROM `ct_userorder` WHERE  `pay_type` = 1  AND `paystate` = 2  AND ( `addtime` > '1551110400' AND `addtime` < '1551196799' ) LIMIT 1 [ RunTime:0.067000s ]
[ sql ] [ SQL ] SELECT SUM(referprice) AS tp_sum FROM `ct_userorder` WHERE  `pay_type` = 1  AND `paystate` = 2  AND ( `addtime` > '1551024000' AND `addtime` < '1551628799' ) LIMIT 1 [ RunTime:0.038000s ]
[ sql ] [ SQL ] SELECT SUM(referprice) AS tp_sum FROM `ct_userorder` WHERE  `pay_type` = 1  AND `paystate` = 2  AND ( `addtime` > '1548950400' AND `addtime` < '1551369599' ) LIMIT 1 [ RunTime:0.033000s ]
[ sql ] [ SQL ] SELECT SUM(referprice) AS tp_sum FROM `ct_userorder` WHERE  `pay_type` = 1  AND `paystate` = 2  AND ( `addtime` > '1546272000' AND `addtime` < '1577807999' ) LIMIT 1 [ RunTime:0.031000s ]
[ sql ] [ SQL ] SELECT SUM(referprice) AS tp_sum FROM `ct_userorder` WHERE  `pay_type` = 1  AND `paystate` = 2 LIMIT 1 [ RunTime:0.082000s ]
[ sql ] [ SQL ] SHOW COLUMNS FROM `ct_shift_order` [ RunTime:0.064000s ]
[ sql ] [ SQL ] SELECT SUM(totalprice) AS tp_sum FROM `ct_shift_order` WHERE  `pay_type` = 1  AND `paystate` = 2  AND ( `addtime` > '1551110400' AND `addtime` < '1551196799' ) LIMIT 1 [ RunTime:0.062000s ]
[ sql ] [ SQL ] SELECT SUM(totalprice) AS tp_sum FROM `ct_shift_order` WHERE  `pay_type` = 1  AND `paystate` = 2  AND ( `addtime` > '1551024000' AND `addtime` < '1551628799' ) LIMIT 1 [ RunTime:0.031000s ]
[ sql ] [ SQL ] SELECT SUM(totalprice) AS tp_sum FROM `ct_shift_order` WHERE  `pay_type` = 1  AND `paystate` = 2  AND ( `addtime` > '1548950400' AND `addtime` < '1551369599' ) LIMIT 1 [ RunTime:0.032000s ]
[ sql ] [ SQL ] SELECT SUM(totalprice) AS tp_sum FROM `ct_shift_order` WHERE  `pay_type` = 1  AND `paystate` = 2  AND ( `addtime` > '1546272000' AND `addtime` < '1577807999' ) LIMIT 1 [ RunTime:0.037000s ]
[ sql ] [ SQL ] SELECT SUM(totalprice) AS tp_sum FROM `ct_shift_order` WHERE  `pay_type` = 1  AND `paystate` = 2 LIMIT 1 [ RunTime:0.062000s ]
[ sql ] [ SQL ] SHOW COLUMNS FROM `ct_order` [ RunTime:0.063000s ]
[ sql ] [ SQL ] SELECT SUM(all_price) AS tp_sum FROM `ct_order` WHERE  `pay_type` = 1  AND `paystate` = 2  AND ( `addtime` > '1551110400' AND `addtime` < '1551196799' ) LIMIT 1 [ RunTime:0.063000s ]
[ sql ] [ SQL ] SELECT SUM(all_price) AS tp_sum FROM `ct_order` WHERE  `pay_type` = 1  AND `paystate` = 2  AND ( `addtime` > '1551024000' AND `addtime` < '1551628799' ) LIMIT 1 [ RunTime:0.038000s ]
[ sql ] [ SQL ] SELECT SUM(all_price) AS tp_sum FROM `ct_order` WHERE  `pay_type` = 1  AND `paystate` = 2  AND ( `addtime` > '1548950400' AND `addtime` < '1551369599' ) LIMIT 1 [ RunTime:0.034000s ]
[ sql ] [ SQL ] SELECT SUM(all_price) AS tp_sum FROM `ct_order` WHERE  `pay_type` = 1  AND `paystate` = 2  AND ( `addtime` > '1546272000' AND `addtime` < '1577807999' ) LIMIT 1 [ RunTime:0.030000s ]
[ sql ] [ SQL ] SELECT SUM(all_price) AS tp_sum FROM `ct_order` WHERE  `pay_type` = 1  AND `paystate` = 2 LIMIT 1 [ RunTime:0.062000s ]
[ sql ] [ SQL ] SELECT SUM(paymoney) AS tp_sum FROM `ct_city_order` WHERE  `pay_type` = 2  AND `paystate` = 2  AND ( `addtime` > '1551110400' AND `addtime` < '1551196799' ) LIMIT 1 [ RunTime:0.076000s ]
[ sql ] [ SQL ] SELECT SUM(paymoney) AS tp_sum FROM `ct_city_order` WHERE  `pay_type` = 2  AND `paystate` = 2  AND ( `addtime` > '1551024000' AND `addtime` < '1551628799' ) LIMIT 1 [ RunTime:0.046000s ]
[ sql ] [ SQL ] SELECT SUM(paymoney) AS tp_sum FROM `ct_city_order` WHERE  `pay_type` = 2  AND `paystate` = 2  AND ( `addtime` > '1548950400' AND `addtime` < '1551369599' ) LIMIT 1 [ RunTime:0.031000s ]
[ sql ] [ SQL ] SELECT SUM(paymoney) AS tp_sum FROM `ct_city_order` WHERE  `pay_type` = 2  AND `paystate` = 2  AND ( `addtime` > '1546272000' AND `addtime` < '1577807999' ) LIMIT 1 [ RunTime:0.030000s ]
[ sql ] [ SQL ] SELECT SUM(paymoney) AS tp_sum FROM `ct_city_order` WHERE  `pay_type` = 2  AND `paystate` = 2 LIMIT 1 [ RunTime:0.072000s ]
[ sql ] [ SQL ] SELECT SUM(referprice) AS tp_sum FROM `ct_userorder` WHERE  `pay_type` = 2  AND `paystate` = 2  AND ( `addtime` > '1551110400' AND `addtime` < '1551196799' ) LIMIT 1 [ RunTime:0.062000s ]
[ sql ] [ SQL ] SELECT SUM(referprice) AS tp_sum FROM `ct_userorder` WHERE  `pay_type` = 2  AND `paystate` = 2  AND ( `addtime` > '1551024000' AND `addtime` < '1551628799' ) LIMIT 1 [ RunTime:0.032000s ]
[ sql ] [ SQL ] SELECT SUM(referprice) AS tp_sum FROM `ct_userorder` WHERE  `pay_type` = 2  AND `paystate` = 2  AND ( `addtime` > '1548950400' AND `addtime` < '1551369599' ) LIMIT 1 [ RunTime:0.031000s ]
[ sql ] [ SQL ] SELECT SUM(referprice) AS tp_sum FROM `ct_userorder` WHERE  `pay_type` = 2  AND `paystate` = 2  AND ( `addtime` > '1546272000' AND `addtime` < '1577807999' ) LIMIT 1 [ RunTime:0.033000s ]
[ sql ] [ SQL ] SELECT SUM(referprice) AS tp_sum FROM `ct_userorder` WHERE  `pay_type` = 2  AND `paystate` = 2 LIMIT 1 [ RunTime:0.062000s ]
[ sql ] [ SQL ] SELECT SUM(totalprice) AS tp_sum FROM `ct_shift_order` WHERE  `pay_type` = 2  AND `paystate` = 2  AND ( `addtime` > '1551110400' AND `addtime` < '1551196799' ) LIMIT 1 [ RunTime:0.078000s ]
[ sql ] [ SQL ] SELECT SUM(totalprice) AS tp_sum FROM `ct_shift_order` WHERE  `pay_type` = 2  AND `paystate` = 2  AND ( `addtime` > '1551024000' AND `addtime` < '1551628799' ) LIMIT 1 [ RunTime:0.031000s ]
[ sql ] [ SQL ] SELECT SUM(totalprice) AS tp_sum FROM `ct_shift_order` WHERE  `pay_type` = 2  AND `paystate` = 2  AND ( `addtime` > '1548950400' AND `addtime` < '1551369599' ) LIMIT 1 [ RunTime:0.031000s ]
[ sql ] [ SQL ] SELECT SUM(totalprice) AS tp_sum FROM `ct_shift_order` WHERE  `pay_type` = 2  AND `paystate` = 2  AND ( `addtime` > '1546272000' AND `addtime` < '1577807999' ) LIMIT 1 [ RunTime:0.031000s ]
[ sql ] [ SQL ] SELECT SUM(totalprice) AS tp_sum FROM `ct_shift_order` WHERE  `pay_type` = 2  AND `paystate` = 2 LIMIT 1 [ RunTime:0.068000s ]
[ sql ] [ SQL ] SELECT SUM(all_price) AS tp_sum FROM `ct_order` WHERE  `pay_type` = 2  AND `paystate` = 2  AND ( `addtime` > '1551110400' AND `addtime` < '1551196799' ) LIMIT 1 [ RunTime:0.064000s ]
[ sql ] [ SQL ] SELECT SUM(all_price) AS tp_sum FROM `ct_order` WHERE  `pay_type` = 2  AND `paystate` = 2  AND ( `addtime` > '1551024000' AND `addtime` < '1551628799' ) LIMIT 1 [ RunTime:0.032000s ]
[ sql ] [ SQL ] SELECT SUM(all_price) AS tp_sum FROM `ct_order` WHERE  `pay_type` = 2  AND `paystate` = 2  AND ( `addtime` > '1548950400' AND `addtime` < '1551369599' ) LIMIT 1 [ RunTime:0.031000s ]
[ sql ] [ SQL ] SELECT SUM(all_price) AS tp_sum FROM `ct_order` WHERE  `pay_type` = 2  AND `paystate` = 2  AND ( `addtime` > '1546272000' AND `addtime` < '1577807999' ) LIMIT 1 [ RunTime:0.048000s ]
[ sql ] [ SQL ] SELECT SUM(all_price) AS tp_sum FROM `ct_order` WHERE  `pay_type` = 2  AND `paystate` = 2 LIMIT 1 [ RunTime:0.063000s ]
[ sql ] [ SQL ] SELECT SUM(paynum) AS tp_sum FROM `ct_paymessage` WHERE  `paytype` = 1  AND `state` = 2 LIMIT 1 [ RunTime:0.062000s ]
[ sql ] [ SQL ] SELECT SUM(paynum) AS tp_sum FROM `ct_paymessage` WHERE  `paytype` = 2  AND `state` = 2 LIMIT 1 [ RunTime:0.054000s ]
[ sql ] [ SQL ] SELECT SUM(paynum) AS tp_sum FROM `ct_paymessage` WHERE  `type` = 1  AND `state` = 2 LIMIT 1 [ RunTime:0.063000s ]
[ sql ] [ SQL ] SELECT SUM(paynum) AS tp_sum FROM `ct_paymessage` WHERE  `type` = 2  AND `state` = 2 LIMIT 1 [ RunTime:0.059000s ]
[ sql ] [ SQL ] SELECT SUM(paynum) AS tp_sum FROM `ct_paymessage` LIMIT 1 [ RunTime:0.077000s ]
[ sql ] [ SQL ] SHOW COLUMNS FROM `ct_application` [ RunTime:0.071000s ]
[ sql ] [ SQL ] SELECT SUM(money) AS tp_sum FROM `ct_application` WHERE  `states` = 1 LIMIT 1 [ RunTime:0.075000s ]
[ sql ] [ SQL ] SELECT SUM(money) AS tp_sum FROM `ct_application` WHERE  `states` = 2 LIMIT 1 [ RunTime:0.031000s ]
[ sql ] [ SQL ] SELECT SUM(money) AS tp_sum FROM `ct_application` WHERE  `states` = 4 LIMIT 1 [ RunTime:0.031000s ]
[ sql ] [ SQL ] SELECT SUM(money) AS tp_sum FROM `ct_application` WHERE  `states` = 4 LIMIT 1 [ RunTime:0.036000s ]
[ sql ] [ SQL ] SHOW COLUMNS FROM `ct_user` [ RunTime:0.066000s ]
[ sql ] [ SQL ] SELECT COUNT(uid) AS tp_count FROM `ct_user` WHERE  ( `addtime` > '1551110400' AND `addtime` < '1551196799' )  AND `delstate` = 1 LIMIT 1 [ RunTime:0.076000s ]
[ sql ] [ SQL ] SELECT COUNT(uid) AS tp_count FROM `ct_user` WHERE  ( `addtime` > '1551024000' AND `addtime` < '1551628799' )  AND `delstate` = 1 LIMIT 1 [ RunTime:0.031000s ]
[ sql ] [ SQL ] SELECT COUNT(uid) AS tp_count FROM `ct_user` WHERE  ( `addtime` > '1548950400' AND `addtime` < '1551369599' )  AND `delstate` = 1 LIMIT 1 [ RunTime:0.030000s ]
[ sql ] [ SQL ] SELECT COUNT(uid) AS tp_count FROM `ct_user` WHERE  ( `addtime` > '1546272000' AND `addtime` < '1577807999' )  AND `delstate` = 1 LIMIT 1 [ RunTime:0.032000s ]
[ sql ] [ SQL ] SELECT COUNT(uid) AS tp_count FROM `ct_user` WHERE  `delstate` = 1 LIMIT 1 [ RunTime:0.062000s ]
[ sql ] [ SQL ] SHOW COLUMNS FROM `ct_driver` [ RunTime:0.063000s ]
[ sql ] [ SQL ] SELECT COUNT(drivid) AS tp_count FROM `ct_driver` WHERE  ( `addtime` > '1551110400' AND `addtime` < '1551196799' )  AND `delstate` = 1 LIMIT 1 [ RunTime:0.071000s ]
[ sql ] [ SQL ] SELECT COUNT(drivid) AS tp_count FROM `ct_driver` WHERE  ( `addtime` > '1551024000' AND `addtime` < '1551628799' )  AND `delstate` = 1 LIMIT 1 [ RunTime:0.038000s ]
[ sql ] [ SQL ] SELECT COUNT(drivid) AS tp_count FROM `ct_driver` WHERE  ( `addtime` > '1548950400' AND `addtime` < '1551369599' )  AND `delstate` = 1 LIMIT 1 [ RunTime:0.040000s ]
[ sql ] [ SQL ] SELECT COUNT(drivid) AS tp_count FROM `ct_driver` WHERE  ( `addtime` > '1546272000' AND `addtime` < '1577807999' )  AND `delstate` = 1 LIMIT 1 [ RunTime:0.032000s ]
[ sql ] [ SQL ] SELECT COUNT(drivid) AS tp_count FROM `ct_driver` WHERE  `delstate` = 1 LIMIT 1 [ RunTime:0.062000s ]
[ sql ] [ SQL ] SELECT COUNT(oid) AS tp_count FROM `ct_order` WHERE  `orderstate` NOT IN (7,8)  AND `paystate` = 2 LIMIT 1 [ RunTime:0.061000s ]
[ sql ] [ SQL ] SELECT COUNT(oid) AS tp_count FROM `ct_order` WHERE  `orderstate` = 7  AND `paystate` = 2 LIMIT 1 [ RunTime:0.064000s ]
[ sql ] [ SQL ] SELECT COUNT(oid) AS tp_count FROM `ct_order` WHERE  `paystate` = 1 LIMIT 1 [ RunTime:0.064000s ]
[ sql ] [ SQL ] SELECT COUNT(oid) AS tp_count FROM `ct_order` LIMIT 1 [ RunTime:0.062000s ]
[ sql ] [ SQL ] SELECT COUNT(uoid) AS tp_count FROM `ct_userorder` WHERE  `orderstate` = 1  AND `paystate` = 2 LIMIT 1 [ RunTime:0.062000s ]
[ sql ] [ SQL ] SELECT COUNT(uoid) AS tp_count FROM `ct_userorder` WHERE  `orderstate` = 3 LIMIT 1 [ RunTime:0.063000s ]
[ sql ] [ SQL ] SELECT COUNT(uoid) AS tp_count FROM `ct_userorder` WHERE  `paystate` = 1 LIMIT 1 [ RunTime:0.061000s ]
[ sql ] [ SQL ] SELECT COUNT(uoid) AS tp_count FROM `ct_userorder` LIMIT 1 [ RunTime:0.062000s ]
[ sql ] [ SQL ] SELECT COUNT(id) AS tp_count FROM `ct_city_order` WHERE  `paystate` = 2  AND `state` = 1 LIMIT 1 [ RunTime:0.072000s ]
[ sql ] [ SQL ] SELECT COUNT(id) AS tp_count FROM `ct_city_order` WHERE  `paystate` = 2  AND `state` = 3 LIMIT 1 [ RunTime:0.043000s ]
[ sql ] [ SQL ] SELECT COUNT(id) AS tp_count FROM `ct_city_order` WHERE  `paystate` = 1 LIMIT 1 [ RunTime:0.066000s ]
[ sql ] [ SQL ] SELECT COUNT(id) AS tp_count FROM `ct_city_order` LIMIT 1 [ RunTime:0.064000s ]
[ sql ] [ SQL ] SHOW COLUMNS FROM `ct_feedback` [ RunTime:0.065000s ]
[ sql ] [ SQL ] SELECT COUNT(id) AS tp_count FROM `ct_feedback` WHERE  `type` = 1 LIMIT 1 [ RunTime:0.061000s ]
[ sql ] [ SQL ] SELECT COUNT(id) AS tp_count FROM `ct_feedback` WHERE  `type` = 2 LIMIT 1 [ RunTime:0.031000s ]
[ sql ] [ SQL ] SELECT SUM(money) AS tp_sum FROM `ct_application` WHERE  `states` = 4 LIMIT 1 [ RunTime:0.062000s ]
[ sql ] [ SQL ] SELECT sum(money) as count FROM `ct_application` where states=4  AND DATE_FORMAT(FROM_UNIXTIME(start_time),'%Y') = DATE_FORMAT(FROM_UNIXTIME(1551252040),'%Y') [ RunTime:0.063000s ]
[ sql ] [ SQL ] SELECT SUM(paynum) AS tp_sum FROM `ct_paymessage` LIMIT 1 [ RunTime:0.062000s ]
[ sql ] [ SQL ] SELECT sum(paynum) as count FROM `ct_paymessage` where  DATE_FORMAT(FROM_UNIXTIME(paytime),'%Y') = DATE_FORMAT(FROM_UNIXTIME(1551252040),'%Y') [ RunTime:0.063000s ]
[ sql ] [ SQL ] SHOW COLUMNS FROM `ct_device` [ RunTime:0.062000s ]
[ sql ] [ SQL ] SELECT COUNT(id) AS tp_count FROM `ct_device` WHERE  `model` <> '' LIMIT 1 [ RunTime:0.071000s ]

---------------------------------------------------------------
[ 2019-02-27T15:20:47+08:00 ] 127.0.0.1 127.0.0.1 GET /admin/staff/index
[ log ] www.ctadmin.com/admin/staff/index [运行时间：0.955000s][吞吐率：1.05req/s] [内存消耗：2,939.27kb] [文件加载：60]
[ info ] [ LANG ] E:\chitu\chitu_project\trunk\chitu_admin\thinkphp\lang\zh-cn.php
[ info ] [ ROUTE ] array (
  'type' => 'module',
  'module' => 
  array (
    0 => 'admin',
    1 => 'staff',
    2 => 'index',
  ),
)
[ info ] [ HEADER ] array (
  'host' => 'www.ctadmin.com',
  'connection' => 'keep-alive',
  'upgrade-insecure-requests' => '1',
  'user-agent' => 'Mozilla/5.0 (Windows NT 6.1; WOW64) AppleWebKit/537.36 (KHTML, like Gecko) Chrome/68.0.3440.84 Safari/537.36',
  'accept' => 'text/html,application/xhtml+xml,application/xml;q=0.9,image/webp,image/apng,*/*;q=0.8',
  'referer' => 'http://www.ctadmin.com/admin/index/index.html',
  'accept-encoding' => 'gzip, deflate',
  'accept-language' => 'zh-CN,zh;q=0.9,ja;q=0.8',
  'cookie' => 'PHPSESSID=rmddbb5c6rc937dm74l2o4ftt3',
)
[ info ] [ PARAM ] array (
  '/admin/staff/index' => '',
)
[ info ] [ SESSION ] INIT array (
  'id' => '',
  'var_session_id' => '',
  'prefix' => 'think',
  'type' => '',
  'auto_start' => true,
)
[ info ] [ DB ] INIT mysql
[ info ] [ RUN ] app\admin\controller\Staff->index[ E:\chitu\chitu_project\trunk\chitu_admin\application\admin\controller\Staff.php ]
[ info ] [ VIEW ] E:\chitu\chitu_project\trunk\chitu_admin\public/../application/admin\view\staff\list.html [ array (
  0 => 'page',
  1 => 'list',
) ]
[ info ] [ LOG ] INIT File
[ sql ] [ DB ] CONNECT:[ UseTime:0.093000s ] mysql:dbname=chitutest;host=rm-2zezn1940ztq6hib5o.mysql.rds.aliyuncs.com;charset=utf8
[ sql ] [ SQL ] SHOW COLUMNS FROM `ct_auth_group_access` [ RunTime:0.061000s ]
[ sql ] [ SQL ] SELECT `uid`,`group_id`,`title`,`rules` FROM `ct_auth_group_access` `a` INNER JOIN `ct_auth_group` `g` ON `g`.`id`=`a`.`group_id` WHERE  `a`.`uid` = 1  AND `g`.`status` = 1  AND `a`.`ustype` = 1 [ RunTime:0.062000s ]
[ sql ] [ SQL ] SHOW COLUMNS FROM `ct_auth_rule` [ RunTime:0.059000s ]
[ sql ] [ SQL ] SELECT `condition`,`name` FROM `ct_auth_rule` WHERE  `id` IN (0)  AND `type` = 1  AND `ertype` = 1  AND `status` = 1 [ RunTime:0.058000s ]
[ sql ] [ SQL ] SHOW COLUMNS FROM `ct_admin` [ RunTime:0.067000s ]
[ sql ] [ SQL ] SELECT COUNT(*) AS tp_count FROM `ct_admin` WHERE  `pstate` = 1 LIMIT 1 [ RunTime:0.064000s ]
[ sql ] [ SQL ] SELECT * FROM `ct_admin` WHERE  `pstate` = 1 ORDER BY `aid`  asc LIMIT 0,10 [ RunTime:0.058000s ]

---------------------------------------------------------------
