[ 2019-07-11T18:21:37+08:00 ] 127.0.0.1 127.0.0.1 GET /uploads/car/20180408/a5538dcb3c1379c61aef2e18432bed3c.png
[ log ] www.chitu12.com/uploads/car/20180408/a5538dcb3c1379c61aef2e18432bed3c.png [运行时间：0.019000s][吞吐率：52.63req/s] [内存消耗：1,239.12kb] [文件加载：40]
[ info ] [ LANG ] D:\WWW\chitu_admin\thinkphp\lang\zh-cn.php
[ info ] [ ROUTE ] array (
  'type' => 'module',
  'module' => 
  array (
    0 => 'uploads',
    1 => 'car',
    2 => '20180408',
  ),
)
[ info ] [ HEADER ] array (
  'cookie' => 'PHPSESSID=9oohk8dm46a8tjhqitt2deonh4',
  'accept-language' => 'zh-CN,zh;q=0.9,ja;q=0.8',
  'accept-encoding' => 'gzip, deflate',
  'referer' => 'http://www.chitu12.com/admin/driver/carlist',
  'accept' => 'image/webp,image/apng,image/*,*/*;q=0.8',
  'user-agent' => 'Mozilla/5.0 (Windows NT 6.1; WOW64) AppleWebKit/537.36 (KHTML, like Gecko) Chrome/68.0.3440.84 Safari/537.36',
  'connection' => 'close',
  'host' => 'www.chitu12.com',
)
[ info ] [ PARAM ] array (
  '/uploads/car/20180408/a5538dcb3c1379c61aef2e18432bed3c_png' => '',
)
[ info ] [ LOG ] INIT File

---------------------------------------------------------------
[ 2019-07-11T18:21:37+08:00 ] 127.0.0.1 127.0.0.1 GET /uploads/car/20180408/6ac0889564909e85c5b0130beb659f4c.png
[ log ] www.chitu12.com/uploads/car/20180408/6ac0889564909e85c5b0130beb659f4c.png [运行时间：0.016000s][吞吐率：62.50req/s] [内存消耗：1,239.16kb] [文件加载：40]
[ info ] [ LANG ] D:\WWW\chitu_admin\thinkphp\lang\zh-cn.php
[ info ] [ ROUTE ] array (
  'type' => 'module',
  'module' => 
  array (
    0 => 'uploads',
    1 => 'car',
    2 => '20180408',
  ),
)
[ info ] [ HEADER ] array (
  'cookie' => 'PHPSESSID=9oohk8dm46a8tjhqitt2deonh4',
  'accept-language' => 'zh-CN,zh;q=0.9,ja;q=0.8',
  'accept-encoding' => 'gzip, deflate',
  'referer' => 'http://www.chitu12.com/admin/driver/carlist',
  'accept' => 'image/webp,image/apng,image/*,*/*;q=0.8',
  'user-agent' => 'Mozilla/5.0 (Windows NT 6.1; WOW64) AppleWebKit/537.36 (KHTML, like Gecko) Chrome/68.0.3440.84 Safari/537.36',
  'connection' => 'close',
  'host' => 'www.chitu12.com',
)
[ info ] [ PARAM ] array (
  '/uploads/car/20180408/6ac0889564909e85c5b0130beb659f4c_png' => '',
)
[ info ] [ LOG ] INIT File

---------------------------------------------------------------
[ 2019-07-11T18:21:37+08:00 ] 127.0.0.1 127.0.0.1 GET /uploads/car/20180408/fb2919550cbcc0eb3878d5582806a94e.png
[ log ] www.chitu12.com/uploads/car/20180408/fb2919550cbcc0eb3878d5582806a94e.png [运行时间：0.020000s][吞吐率：50.00req/s] [内存消耗：1,239.16kb] [文件加载：40]
[ info ] [ LANG ] D:\WWW\chitu_admin\thinkphp\lang\zh-cn.php
[ info ] [ ROUTE ] array (
  'type' => 'module',
  'module' => 
  array (
    0 => 'uploads',
    1 => 'car',
    2 => '20180408',
  ),
)
[ info ] [ HEADER ] array (
  'cookie' => 'PHPSESSID=9oohk8dm46a8tjhqitt2deonh4',
  'accept-language' => 'zh-CN,zh;q=0.9,ja;q=0.8',
  'accept-encoding' => 'gzip, deflate',
  'referer' => 'http://www.chitu12.com/admin/driver/carlist',
  'accept' => 'image/webp,image/apng,image/*,*/*;q=0.8',
  'user-agent' => 'Mozilla/5.0 (Windows NT 6.1; WOW64) AppleWebKit/537.36 (KHTML, like Gecko) Chrome/68.0.3440.84 Safari/537.36',
  'connection' => 'close',
  'host' => 'www.chitu12.com',
)
[ info ] [ PARAM ] array (
  '/uploads/car/20180408/fb2919550cbcc0eb3878d5582806a94e_png' => '',
)
[ info ] [ LOG ] INIT File

---------------------------------------------------------------
[ 2019-07-11T18:21:38+08:00 ] 127.0.0.1 127.0.0.1 GET /uploads/car/20180408/2827ddc91eadcfbf09467d656c0bcdd1.png
[ log ] www.chitu12.com/uploads/car/20180408/2827ddc91eadcfbf09467d656c0bcdd1.png [运行时间：0.024000s][吞吐率：41.67req/s] [内存消耗：1,239.16kb] [文件加载：40]
[ info ] [ LANG ] D:\WWW\chitu_admin\thinkphp\lang\zh-cn.php
[ info ] [ ROUTE ] array (
  'type' => 'module',
  'module' => 
  array (
    0 => 'uploads',
    1 => 'car',
    2 => '20180408',
  ),
)
[ info ] [ HEADER ] array (
  'cookie' => 'PHPSESSID=9oohk8dm46a8tjhqitt2deonh4',
  'accept-language' => 'zh-CN,zh;q=0.9,ja;q=0.8',
  'accept-encoding' => 'gzip, deflate',
  'referer' => 'http://www.chitu12.com/admin/driver/carlist',
  'accept' => 'image/webp,image/apng,image/*,*/*;q=0.8',
  'user-agent' => 'Mozilla/5.0 (Windows NT 6.1; WOW64) AppleWebKit/537.36 (KHTML, like Gecko) Chrome/68.0.3440.84 Safari/537.36',
  'connection' => 'close',
  'host' => 'www.chitu12.com',
)
[ info ] [ PARAM ] array (
  '/uploads/car/20180408/2827ddc91eadcfbf09467d656c0bcdd1_png' => '',
)
[ info ] [ LOG ] INIT File

---------------------------------------------------------------
[ 2019-07-11T18:21:38+08:00 ] 127.0.0.1 127.0.0.1 GET /uploads/car/20180408/b6ae1c7ca91288e738e5a0f1db5403ef.png
[ log ] www.chitu12.com/uploads/car/20180408/b6ae1c7ca91288e738e5a0f1db5403ef.png [运行时间：0.025000s][吞吐率：40.00req/s] [内存消耗：1,239.16kb] [文件加载：40]
[ info ] [ LANG ] D:\WWW\chitu_admin\thinkphp\lang\zh-cn.php
[ info ] [ ROUTE ] array (
  'type' => 'module',
  'module' => 
  array (
    0 => 'uploads',
    1 => 'car',
    2 => '20180408',
  ),
)
[ info ] [ HEADER ] array (
  'cookie' => 'PHPSESSID=9oohk8dm46a8tjhqitt2deonh4',
  'accept-language' => 'zh-CN,zh;q=0.9,ja;q=0.8',
  'accept-encoding' => 'gzip, deflate',
  'referer' => 'http://www.chitu12.com/admin/driver/carlist',
  'accept' => 'image/webp,image/apng,image/*,*/*;q=0.8',
  'user-agent' => 'Mozilla/5.0 (Windows NT 6.1; WOW64) AppleWebKit/537.36 (KHTML, like Gecko) Chrome/68.0.3440.84 Safari/537.36',
  'connection' => 'close',
  'host' => 'www.chitu12.com',
)
[ info ] [ PARAM ] array (
  '/uploads/car/20180408/b6ae1c7ca91288e738e5a0f1db5403ef_png' => '',
)
[ info ] [ LOG ] INIT File

---------------------------------------------------------------
[ 2019-07-11T18:21:38+08:00 ] 127.0.0.1 127.0.0.1 GET /uploads/car/20180408/2621f72bf37548fa5fe3a9631ba7158c.png
[ log ] www.chitu12.com/uploads/car/20180408/2621f72bf37548fa5fe3a9631ba7158c.png [运行时间：0.019000s][吞吐率：52.63req/s] [内存消耗：1,239.16kb] [文件加载：40]
[ info ] [ LANG ] D:\WWW\chitu_admin\thinkphp\lang\zh-cn.php
[ info ] [ ROUTE ] array (
  'type' => 'module',
  'module' => 
  array (
    0 => 'uploads',
    1 => 'car',
    2 => '20180408',
  ),
)
[ info ] [ HEADER ] array (
  'cookie' => 'PHPSESSID=9oohk8dm46a8tjhqitt2deonh4',
  'accept-language' => 'zh-CN,zh;q=0.9,ja;q=0.8',
  'accept-encoding' => 'gzip, deflate',
  'referer' => 'http://www.chitu12.com/admin/driver/carlist',
  'accept' => 'image/webp,image/apng,image/*,*/*;q=0.8',
  'user-agent' => 'Mozilla/5.0 (Windows NT 6.1; WOW64) AppleWebKit/537.36 (KHTML, like Gecko) Chrome/68.0.3440.84 Safari/537.36',
  'connection' => 'close',
  'host' => 'www.chitu12.com',
)
[ info ] [ PARAM ] array (
  '/uploads/car/20180408/2621f72bf37548fa5fe3a9631ba7158c_png' => '',
)
[ info ] [ LOG ] INIT File

---------------------------------------------------------------
[ 2019-07-11T18:21:43+08:00 ] 127.0.0.1 127.0.0.1 GET /admin/manager/index
[ log ] www.chitu12.com/admin/manager/index [运行时间：0.120000s][吞吐率：8.33req/s] [内存消耗：2,478.65kb] [文件加载：62]
[ info ] [ LANG ] D:\WWW\chitu_admin\thinkphp\lang\zh-cn.php
[ info ] [ ROUTE ] array (
  'type' => 'module',
  'module' => 
  array (
    0 => 'admin',
    1 => 'manager',
    2 => 'index',
  ),
)
[ info ] [ HEADER ] array (
  'cookie' => 'PHPSESSID=9oohk8dm46a8tjhqitt2deonh4',
  'accept-language' => 'zh-CN,zh;q=0.9,ja;q=0.8',
  'accept-encoding' => 'gzip, deflate',
  'referer' => 'http://www.chitu12.com/admin/index/index.html',
  'accept' => 'text/html,application/xhtml+xml,application/xml;q=0.9,image/webp,image/apng,*/*;q=0.8',
  'user-agent' => 'Mozilla/5.0 (Windows NT 6.1; WOW64) AppleWebKit/537.36 (KHTML, like Gecko) Chrome/68.0.3440.84 Safari/537.36',
  'upgrade-insecure-requests' => '1',
  'connection' => 'close',
  'host' => 'www.chitu12.com',
)
[ info ] [ PARAM ] array (
  '/admin/manager/index' => '',
)
[ info ] [ SESSION ] INIT array (
  'id' => '',
  'var_session_id' => '',
  'prefix' => '',
  'type' => '',
  'auto_start' => true,
)
[ info ] [ DB ] INIT mysql
[ info ] [ RUN ] app\admin\controller\Manager->index[ D:\WWW\chitu_admin\application\admin\controller\Manager.php ]
[ info ] [ VIEW ] D:\WWW\chitu_admin\public/../application/admin\view\manager\index.html [ array (
  0 => 'page',
  1 => 'list',
) ]
[ info ] [ LOG ] INIT File
[ sql ] [ DB ] CONNECT:[ UseTime:0.010000s ] mysql:dbname=test;host=127.0.0.1;charset=utf8
[ sql ] [ SQL ] SHOW COLUMNS FROM `ct_auth_group_access` [ RunTime:0.008000s ]
[ sql ] [ SQL ] SELECT `uid`,`group_id`,`title`,`rules` FROM `ct_auth_group_access` `a` INNER JOIN `ct_auth_group` `g` ON `g`.`id`=`a`.`group_id` WHERE  `a`.`uid` = 60  AND `g`.`status` = 1  AND `a`.`ustype` = 1 [ RunTime:0.000000s ]
[ sql ] [ SQL ] SHOW COLUMNS FROM `ct_auth_rule` [ RunTime:0.009000s ]
[ sql ] [ SQL ] SELECT `name` FROM `ct_auth_rule` WHERE  `name` = 'admin/manager/index' LIMIT 1 [ RunTime:0.000000s ]
[ sql ] [ SQL ] SHOW COLUMNS FROM `ct_admin` [ RunTime:0.010000s ]
[ sql ] [ SQL ] SELECT `qxz`,`admin` FROM `ct_admin` WHERE  `aid` = 60 LIMIT 1 [ RunTime:0.000000s ]
[ sql ] [ SQL ] SHOW COLUMNS FROM `ct_authstr` [ RunTime:0.009000s ]
[ sql ] [ SQL ] SELECT `quanxianstr` FROM `ct_authstr` WHERE  `qid` = 90 LIMIT 1 [ RunTime:0.001000s ]
[ sql ] [ SQL ] SHOW COLUMNS FROM `ct_company` [ RunTime:0.009000s ]
[ sql ] [ SQL ] SELECT COUNT(*) AS tp_count FROM `ct_company` WHERE  `status` = 1  AND `type` = 3 LIMIT 1 [ RunTime:0.000000s ]
[ sql ] [ SQL ] SELECT * FROM `ct_company` WHERE  `status` = 1  AND `type` = 3 ORDER BY cid desc LIMIT 0,10 [ RunTime:0.001000s ]
[ sql ] [ SQL ] SHOW COLUMNS FROM `ct_business` [ RunTime:0.010000s ]
[ sql ] [ SQL ] SELECT MAX(sort) AS tp_max FROM `ct_business` WHERE  `cid` = 169 LIMIT 1 [ RunTime:0.000000s ]
[ sql ] [ SQL ] SELECT * FROM `ct_business` WHERE  `cid` = 169  AND `sort` = 1 LIMIT 1 [ RunTime:0.001000s ]
[ sql ] [ SQL ] SELECT * FROM `ct_admin` WHERE  `aid` = 1 LIMIT 1 [ RunTime:0.000000s ]
[ sql ] [ SQL ] SHOW COLUMNS FROM `ct_user` [ RunTime:0.009000s ]
[ sql ] [ SQL ] SELECT * FROM `ct_user` WHERE  `lineclient` = 169  AND `delstate` = 1 [ RunTime:0.001000s ]

---------------------------------------------------------------
[ 2019-07-11T18:21:45+08:00 ] 127.0.0.1 127.0.0.1 GET /admin/customline/companylist
[ log ] www.chitu12.com/admin/customline/companylist [运行时间：0.078000s][吞吐率：12.82req/s] [内存消耗：2,568.81kb] [文件加载：62]
[ info ] [ LANG ] D:\WWW\chitu_admin\thinkphp\lang\zh-cn.php
[ info ] [ ROUTE ] array (
  'type' => 'module',
  'module' => 
  array (
    0 => 'admin',
    1 => 'customline',
    2 => 'companylist',
  ),
)
[ info ] [ HEADER ] array (
  'cookie' => 'PHPSESSID=9oohk8dm46a8tjhqitt2deonh4',
  'accept-language' => 'zh-CN,zh;q=0.9,ja;q=0.8',
  'accept-encoding' => 'gzip, deflate',
  'referer' => 'http://www.chitu12.com/admin/index/index.html',
  'accept' => 'text/html,application/xhtml+xml,application/xml;q=0.9,image/webp,image/apng,*/*;q=0.8',
  'user-agent' => 'Mozilla/5.0 (Windows NT 6.1; WOW64) AppleWebKit/537.36 (KHTML, like Gecko) Chrome/68.0.3440.84 Safari/537.36',
  'upgrade-insecure-requests' => '1',
  'connection' => 'close',
  'host' => 'www.chitu12.com',
)
[ info ] [ PARAM ] array (
  '/admin/customline/companylist' => '',
)
[ info ] [ SESSION ] INIT array (
  'id' => '',
  'var_session_id' => '',
  'prefix' => '',
  'type' => '',
  'auto_start' => true,
)
[ info ] [ DB ] INIT mysql
[ info ] [ RUN ] app\admin\controller\Customline->companylist[ D:\WWW\chitu_admin\application\admin\controller\Customline.php ]
[ info ] [ VIEW ] D:\WWW\chitu_admin\public/../application/admin\view\customline\companylist.html [ array (
  0 => 'page',
  1 => 'list',
) ]
[ info ] [ LOG ] INIT File
[ sql ] [ DB ] CONNECT:[ UseTime:0.001000s ] mysql:dbname=test;host=127.0.0.1;charset=utf8
[ sql ] [ SQL ] SHOW COLUMNS FROM `ct_auth_group_access` [ RunTime:0.008000s ]
[ sql ] [ SQL ] SELECT `uid`,`group_id`,`title`,`rules` FROM `ct_auth_group_access` `a` INNER JOIN `ct_auth_group` `g` ON `g`.`id`=`a`.`group_id` WHERE  `a`.`uid` = 60  AND `g`.`status` = 1  AND `a`.`ustype` = 1 [ RunTime:0.000000s ]
[ sql ] [ SQL ] SHOW COLUMNS FROM `ct_auth_rule` [ RunTime:0.010000s ]
[ sql ] [ SQL ] SELECT `name` FROM `ct_auth_rule` WHERE  `name` = 'admin/customline/companylist' LIMIT 1 [ RunTime:0.001000s ]
[ sql ] [ SQL ] SHOW COLUMNS FROM `ct_admin` [ RunTime:0.010000s ]
[ sql ] [ SQL ] SELECT `qxz`,`admin` FROM `ct_admin` WHERE  `aid` = 60 LIMIT 1 [ RunTime:0.000000s ]
[ sql ] [ SQL ] SHOW COLUMNS FROM `ct_authstr` [ RunTime:0.007000s ]
[ sql ] [ SQL ] SELECT `quanxianstr` FROM `ct_authstr` WHERE  `qid` = 90 LIMIT 1 [ RunTime:0.000000s ]
[ sql ] [ SQL ] SHOW COLUMNS FROM `ct_user` [ RunTime:0.010000s ]
[ sql ] [ SQL ] SELECT COUNT(*) AS tp_count FROM `ct_user` `a` INNER JOIN `ct_company` `b` ON `b`.`cid`=`a`.`lineclient` WHERE  `a`.`userstate` = 2  AND `a`.`user_grade` = 1  AND `a`.`delstate` = 1  AND `b`.`status` = 1  AND `b`.`customer` = 2 LIMIT 1 [ RunTime:0.001000s ]
[ sql ] [ SQL ] SELECT `a`.*,`b`.`name`,`b`.`cid` FROM `ct_user` `a` INNER JOIN `ct_company` `b` ON `b`.`cid`=`a`.`lineclient` WHERE  `a`.`userstate` = 2  AND `a`.`user_grade` = 1  AND `a`.`delstate` = 1  AND `b`.`status` = 1  AND `b`.`customer` = 2 ORDER BY `a`.`uid`  desc LIMIT 0,10 [ RunTime:0.000000s ]

---------------------------------------------------------------
[ 2019-07-11T18:21:46+08:00 ] 127.0.0.1 127.0.0.1 GET /admin/carriers/index
[ log ] www.chitu12.com/admin/carriers/index [运行时间：0.176000s][吞吐率：5.68req/s] [内存消耗：2,569.55kb] [文件加载：62]
[ info ] [ LANG ] D:\WWW\chitu_admin\thinkphp\lang\zh-cn.php
[ info ] [ ROUTE ] array (
  'type' => 'module',
  'module' => 
  array (
    0 => 'admin',
    1 => 'carriers',
    2 => 'index',
  ),
)
[ info ] [ HEADER ] array (
  'cookie' => 'PHPSESSID=9oohk8dm46a8tjhqitt2deonh4',
  'accept-language' => 'zh-CN,zh;q=0.9,ja;q=0.8',
  'accept-encoding' => 'gzip, deflate',
  'referer' => 'http://www.chitu12.com/admin/index/index.html',
  'accept' => 'text/html,application/xhtml+xml,application/xml;q=0.9,image/webp,image/apng,*/*;q=0.8',
  'user-agent' => 'Mozilla/5.0 (Windows NT 6.1; WOW64) AppleWebKit/537.36 (KHTML, like Gecko) Chrome/68.0.3440.84 Safari/537.36',
  'upgrade-insecure-requests' => '1',
  'connection' => 'close',
  'host' => 'www.chitu12.com',
)
[ info ] [ PARAM ] array (
  '/admin/carriers/index' => '',
)
[ info ] [ SESSION ] INIT array (
  'id' => '',
  'var_session_id' => '',
  'prefix' => '',
  'type' => '',
  'auto_start' => true,
)
[ info ] [ DB ] INIT mysql
[ info ] [ RUN ] app\admin\controller\Carriers->index[ D:\WWW\chitu_admin\application\admin\controller\Carriers.php ]
[ info ] [ VIEW ] D:\WWW\chitu_admin\public/../application/admin\view\carriers\index.html [ array (
  0 => 'page',
  1 => 'list',
) ]
[ info ] [ LOG ] INIT File
[ sql ] [ DB ] CONNECT:[ UseTime:0.001000s ] mysql:dbname=test;host=127.0.0.1;charset=utf8
[ sql ] [ SQL ] SHOW COLUMNS FROM `ct_auth_group_access` [ RunTime:0.009000s ]
[ sql ] [ SQL ] SELECT `uid`,`group_id`,`title`,`rules` FROM `ct_auth_group_access` `a` INNER JOIN `ct_auth_group` `g` ON `g`.`id`=`a`.`group_id` WHERE  `a`.`uid` = 60  AND `g`.`status` = 1  AND `a`.`ustype` = 1 [ RunTime:0.001000s ]
[ sql ] [ SQL ] SHOW COLUMNS FROM `ct_auth_rule` [ RunTime:0.010000s ]
[ sql ] [ SQL ] SELECT `name` FROM `ct_auth_rule` WHERE  `name` = 'admin/carriers/index' LIMIT 1 [ RunTime:0.000000s ]
[ sql ] [ SQL ] SHOW COLUMNS FROM `ct_admin` [ RunTime:0.009000s ]
[ sql ] [ SQL ] SELECT `qxz`,`admin` FROM `ct_admin` WHERE  `aid` = 60 LIMIT 1 [ RunTime:0.000000s ]
[ sql ] [ SQL ] SHOW COLUMNS FROM `ct_authstr` [ RunTime:0.011000s ]
[ sql ] [ SQL ] SELECT `quanxianstr` FROM `ct_authstr` WHERE  `qid` = 90 LIMIT 1 [ RunTime:0.001000s ]
[ sql ] [ SQL ] SHOW COLUMNS FROM `ct_company` [ RunTime:0.010000s ]
[ sql ] [ SQL ] SELECT COUNT(*) AS tp_count FROM `ct_company` WHERE  `status` = 1  AND `type` IN (1,2) LIMIT 1 [ RunTime:0.001000s ]
[ sql ] [ SQL ] SELECT * FROM `ct_company` WHERE  `status` = 1  AND `type` IN (1,2) ORDER BY `cid`  desc LIMIT 0,10 [ RunTime:0.001000s ]
[ sql ] [ SQL ] SHOW COLUMNS FROM `ct_driver` [ RunTime:0.010000s ]
[ sql ] [ SQL ] SELECT * FROM `ct_driver` WHERE  `type` = 3  AND `delstate` = 1  AND `companyid` = 171 LIMIT 1 [ RunTime:0.001000s ]
[ sql ] [ SQL ] SHOW COLUMNS FROM `ct_tpprice` [ RunTime:0.010000s ]
[ sql ] [ SQL ] SELECT * FROM `ct_tpprice` WHERE  `companyid` = 171  AND `type` = 1 [ RunTime:0.001000s ]
[ sql ] [ SQL ] SELECT * FROM `ct_tpprice` WHERE  `companyid` = 171  AND `type` = 2 [ RunTime:0.000000s ]
[ sql ] [ SQL ] SHOW COLUMNS FROM `ct_shift` [ RunTime:0.011000s ]
[ sql ] [ SQL ] SELECT `a`.`shiftnumber`,`b`.`start_id`,`b`.`end_id` FROM `ct_shift` `a` INNER JOIN `ct_already_city` `b` ON `b`.`city_id`=`a`.`linecityid` WHERE  `companyid` = '171'  AND `delstate` = 1 [ RunTime:0.001000s ]
[ sql ] [ SQL ] SHOW COLUMNS FROM `ct_district` [ RunTime:0.008000s ]
[ sql ] [ SQL ] SELECT * FROM `ct_district` WHERE  `id` = 45054 LIMIT 1 [ RunTime:0.000000s ]
[ sql ] [ SQL ] SELECT * FROM `ct_district` WHERE  `id` = 0 LIMIT 1 [ RunTime:0.001000s ]
[ sql ] [ SQL ] SELECT * FROM `ct_district` WHERE  `id` = 0 LIMIT 1 [ RunTime:0.000000s ]
[ sql ] [ SQL ] SHOW COLUMNS FROM `ct_addressinfo` [ RunTime:0.010000s ]
[ sql ] [ SQL ] SELECT * FROM `ct_addressinfo` WHERE  `inid` = 79 [ RunTime:0.000000s ]
[ sql ] [ SQL ] SELECT * FROM `ct_district` WHERE  `id` = 1 LIMIT 1 [ RunTime:0.001000s ]
[ sql ] [ SQL ] SELECT * FROM `ct_district` WHERE  `id` = 45052 LIMIT 1 [ RunTime:0.000000s ]
[ sql ] [ SQL ] SELECT * FROM `ct_district` WHERE  `id` = 43 LIMIT 1 [ RunTime:0.000000s ]
[ sql ] [ SQL ] SELECT * FROM `ct_district` WHERE  `id` = 45052 LIMIT 1 [ RunTime:0.000000s ]
[ sql ] [ SQL ] SELECT * FROM `ct_district` `` WHERE  `id` = 45054 LIMIT 1 [ RunTime:0.000000s ]
[ sql ] [ SQL ] SELECT * FROM `ct_district` `` WHERE  `id` = 45052 LIMIT 1 [ RunTime:0.000000s ]
[ sql ] [ SQL ] SELECT * FROM `ct_driver` WHERE  `type` = 3  AND `delstate` = 1  AND `companyid` = 170 LIMIT 1 [ RunTime:0.001000s ]
[ sql ] [ SQL ] SELECT * FROM `ct_tpprice` WHERE  `companyid` = 170  AND `type` = 1 [ RunTime:0.000000s ]
[ sql ] [ SQL ] SELECT * FROM `ct_tpprice` WHERE  `companyid` = 170  AND `type` = 2 [ RunTime:0.000000s ]
[ sql ] [ SQL ] SELECT `a`.`shiftnumber`,`b`.`start_id`,`b`.`end_id` FROM `ct_shift` `a` INNER JOIN `ct_already_city` `b` ON `b`.`city_id`=`a`.`linecityid` WHERE  `companyid` = '170'  AND `delstate` = 1 [ RunTime:0.000000s ]
[ sql ] [ SQL ] SELECT * FROM `ct_district` `` WHERE  `id` = 0 LIMIT 1 [ RunTime:0.000000s ]
[ sql ] [ SQL ] SELECT * FROM `ct_district` `` WHERE  `id` = 0 LIMIT 1 [ RunTime:0.001000s ]
[ sql ] [ SQL ] SELECT * FROM `ct_district` `` WHERE  `id` = 45052 LIMIT 1 [ RunTime:0.000000s ]
[ sql ] [ SQL ] SELECT * FROM `ct_district` `` WHERE  `id` = 175 LIMIT 1 [ RunTime:0.000000s ]
[ sql ] [ SQL ] SELECT * FROM `ct_district` `` WHERE  `id` = 45052 LIMIT 1 [ RunTime:0.000000s ]
[ sql ] [ SQL ] SELECT * FROM `ct_district` `` WHERE  `id` = 214 LIMIT 1 [ RunTime:0.000000s ]
[ sql ] [ SQL ] SELECT * FROM `ct_driver` WHERE  `type` = 3  AND `delstate` = 1  AND `companyid` = 165 LIMIT 1 [ RunTime:0.000000s ]
[ sql ] [ SQL ] SELECT * FROM `ct_tpprice` WHERE  `companyid` = 165  AND `type` = 1 [ RunTime:0.001000s ]
[ sql ] [ SQL ] SELECT * FROM `ct_tpprice` WHERE  `companyid` = 165  AND `type` = 2 [ RunTime:0.000000s ]
[ sql ] [ SQL ] SELECT `a`.`shiftnumber`,`b`.`start_id`,`b`.`end_id` FROM `ct_shift` `a` INNER JOIN `ct_already_city` `b` ON `b`.`city_id`=`a`.`linecityid` WHERE  `companyid` = '165'  AND `delstate` = 1 [ RunTime:0.001000s ]
[ sql ] [ SQL ] SELECT * FROM `ct_district` WHERE  `id` = 45054 LIMIT 1 [ RunTime:0.000000s ]
[ sql ] [ SQL ] SELECT * FROM `ct_district` WHERE  `id` = 0 LIMIT 1 [ RunTime:0.001000s ]
[ sql ] [ SQL ] SELECT * FROM `ct_district` WHERE  `id` = 0 LIMIT 1 [ RunTime:0.000000s ]
[ sql ] [ SQL ] SELECT * FROM `ct_addressinfo` WHERE  `inid` = 77 [ RunTime:0.000000s ]
[ sql ] [ SQL ] SELECT * FROM `ct_district` WHERE  `id` = 19 LIMIT 1 [ RunTime:0.000000s ]
[ sql ] [ SQL ] SELECT * FROM `ct_district` WHERE  `id` = 289 LIMIT 1 [ RunTime:0.000000s ]
[ sql ] [ SQL ] SELECT * FROM `ct_district` WHERE  `id` = 3047 LIMIT 1 [ RunTime:0.000000s ]
[ sql ] [ SQL ] SELECT * FROM `ct_district` WHERE  `id` = 289 LIMIT 1 [ RunTime:0.001000s ]
[ sql ] [ SQL ] SELECT * FROM `ct_addressinfo` WHERE  `inid` = null [ RunTime:0.000000s ]
[ sql ] [ SQL ] SELECT * FROM `ct_district` WHERE  `id` = 45052 LIMIT 1 [ RunTime:0.000000s ]
[ sql ] [ SQL ] SELECT * FROM `ct_district` `` WHERE  `id` = 396 LIMIT 1 [ RunTime:0.001000s ]
[ sql ] [ SQL ] SELECT * FROM `ct_district` `` WHERE  `id` = 166 LIMIT 1 [ RunTime:0.000000s ]
[ sql ] [ SQL ] SELECT * FROM `ct_district` `` WHERE  `id` = 45054 LIMIT 1 [ RunTime:0.000000s ]
[ sql ] [ SQL ] SELECT * FROM `ct_district` `` WHERE  `id` = 45052 LIMIT 1 [ RunTime:0.000000s ]
[ sql ] [ SQL ] SELECT * FROM `ct_district` `` WHERE  `id` = 45054 LIMIT 1 [ RunTime:0.000000s ]
[ sql ] [ SQL ] SELECT * FROM `ct_district` `` WHERE  `id` = 45052 LIMIT 1 [ RunTime:0.000000s ]
[ sql ] [ SQL ] SELECT * FROM `ct_district` `` WHERE  `id` = 45054 LIMIT 1 [ RunTime:0.000000s ]
[ sql ] [ SQL ] SELECT * FROM `ct_district` `` WHERE  `id` = 45052 LIMIT 1 [ RunTime:0.000000s ]
[ sql ] [ SQL ] SELECT * FROM `ct_driver` WHERE  `type` = 3  AND `delstate` = 1  AND `companyid` = 160 LIMIT 1 [ RunTime:0.001000s ]
[ sql ] [ SQL ] SELECT * FROM `ct_tpprice` WHERE  `companyid` = 160  AND `type` = 1 [ RunTime:0.000000s ]
[ sql ] [ SQL ] SELECT * FROM `ct_tpprice` WHERE  `companyid` = 160  AND `type` = 2 [ RunTime:0.001000s ]
[ sql ] [ SQL ] SELECT `a`.`shiftnumber`,`b`.`start_id`,`b`.`end_id` FROM `ct_shift` `a` INNER JOIN `ct_already_city` `b` ON `b`.`city_id`=`a`.`linecityid` WHERE  `companyid` = '160'  AND `delstate` = 1 [ RunTime:0.000000s ]
[ sql ] [ SQL ] SELECT * FROM `ct_district` WHERE  `id` = 45054 LIMIT 1 [ RunTime:0.000000s ]
[ sql ] [ SQL ] SELECT * FROM `ct_district` WHERE  `id` = 0 LIMIT 1 [ RunTime:0.000000s ]
[ sql ] [ SQL ] SELECT * FROM `ct_district` WHERE  `id` = 0 LIMIT 1 [ RunTime:0.000000s ]
[ sql ] [ SQL ] SELECT * FROM `ct_addressinfo` WHERE  `inid` = 76 [ RunTime:0.000000s ]
[ sql ] [ SQL ] SELECT * FROM `ct_district` WHERE  `id` = 1 LIMIT 1 [ RunTime:0.001000s ]
[ sql ] [ SQL ] SELECT * FROM `ct_district` WHERE  `id` = 45052 LIMIT 1 [ RunTime:0.000000s ]
[ sql ] [ SQL ] SELECT * FROM `ct_district` WHERE  `id` = 37 LIMIT 1 [ RunTime:0.000000s ]
[ sql ] [ SQL ] SELECT * FROM `ct_district` WHERE  `id` = 45052 LIMIT 1 [ RunTime:0.000000s ]
[ sql ] [ SQL ] SELECT * FROM `ct_district` `` WHERE  `id` = 45054 LIMIT 1 [ RunTime:0.000000s ]
[ sql ] [ SQL ] SELECT * FROM `ct_district` `` WHERE  `id` = 45052 LIMIT 1 [ RunTime:0.000000s ]
[ sql ] [ SQL ] SELECT * FROM `ct_driver` WHERE  `type` = 3  AND `delstate` = 1  AND `companyid` = 158 LIMIT 1 [ RunTime:0.001000s ]
[ sql ] [ SQL ] SELECT * FROM `ct_tpprice` WHERE  `companyid` = 158  AND `type` = 1 [ RunTime:0.000000s ]
[ sql ] [ SQL ] SELECT * FROM `ct_tpprice` WHERE  `companyid` = 158  AND `type` = 2 [ RunTime:0.000000s ]
[ sql ] [ SQL ] SELECT `a`.`shiftnumber`,`b`.`start_id`,`b`.`end_id` FROM `ct_shift` `a` INNER JOIN `ct_already_city` `b` ON `b`.`city_id`=`a`.`linecityid` WHERE  `companyid` = '158'  AND `delstate` = 1 [ RunTime:0.000000s ]
[ sql ] [ SQL ] SELECT * FROM `ct_district` `` WHERE  `id` = 45054 LIMIT 1 [ RunTime:0.001000s ]
[ sql ] [ SQL ] SELECT * FROM `ct_district` `` WHERE  `id` = 45052 LIMIT 1 [ RunTime:0.000000s ]
[ sql ] [ SQL ] SELECT * FROM `ct_driver` WHERE  `type` = 3  AND `delstate` = 1  AND `companyid` = 157 LIMIT 1 [ RunTime:0.001000s ]
[ sql ] [ SQL ] SELECT * FROM `ct_tpprice` WHERE  `companyid` = 157  AND `type` = 1 [ RunTime:0.000000s ]
[ sql ] [ SQL ] SELECT * FROM `ct_tpprice` WHERE  `companyid` = 157  AND `type` = 2 [ RunTime:0.000000s ]
[ sql ] [ SQL ] SELECT `a`.`shiftnumber`,`b`.`start_id`,`b`.`end_id` FROM `ct_shift` `a` INNER JOIN `ct_already_city` `b` ON `b`.`city_id`=`a`.`linecityid` WHERE  `companyid` = '157'  AND `delstate` = 1 [ RunTime:0.000000s ]
[ sql ] [ SQL ] SELECT * FROM `ct_driver` WHERE  `type` = 3  AND `delstate` = 1  AND `companyid` = 156 LIMIT 1 [ RunTime:0.001000s ]
[ sql ] [ SQL ] SELECT * FROM `ct_tpprice` WHERE  `companyid` = 156  AND `type` = 1 [ RunTime:0.000000s ]
[ sql ] [ SQL ] SELECT * FROM `ct_tpprice` WHERE  `companyid` = 156  AND `type` = 2 [ RunTime:0.001000s ]
[ sql ] [ SQL ] SELECT `a`.`shiftnumber`,`b`.`start_id`,`b`.`end_id` FROM `ct_shift` `a` INNER JOIN `ct_already_city` `b` ON `b`.`city_id`=`a`.`linecityid` WHERE  `companyid` = '156'  AND `delstate` = 1 [ RunTime:0.000000s ]
[ sql ] [ SQL ] SELECT * FROM `ct_district` `` WHERE  `id` = 45054 LIMIT 1 [ RunTime:0.000000s ]
[ sql ] [ SQL ] SELECT * FROM `ct_district` `` WHERE  `id` = 45052 LIMIT 1 [ RunTime:0.000000s ]

---------------------------------------------------------------
[ 2019-07-11T18:21:49+08:00 ] 127.0.0.1 127.0.0.1 GET /admin/driver/carindex
[ log ] www.chitu12.com/admin/driver/carindex [运行时间：0.088000s][吞吐率：11.36req/s] [内存消耗：2,437.77kb] [文件加载：56]
[ info ] [ LANG ] D:\WWW\chitu_admin\thinkphp\lang\zh-cn.php
[ info ] [ ROUTE ] array (
  'type' => 'module',
  'module' => 
  array (
    0 => 'admin',
    1 => 'driver',
    2 => 'carindex',
  ),
)
[ info ] [ HEADER ] array (
  'cookie' => 'PHPSESSID=9oohk8dm46a8tjhqitt2deonh4',
  'accept-language' => 'zh-CN,zh;q=0.9,ja;q=0.8',
  'accept-encoding' => 'gzip, deflate',
  'referer' => 'http://www.chitu12.com/admin/index/index.html',
  'accept' => 'text/html,application/xhtml+xml,application/xml;q=0.9,image/webp,image/apng,*/*;q=0.8',
  'user-agent' => 'Mozilla/5.0 (Windows NT 6.1; WOW64) AppleWebKit/537.36 (KHTML, like Gecko) Chrome/68.0.3440.84 Safari/537.36',
  'upgrade-insecure-requests' => '1',
  'connection' => 'close',
  'host' => 'www.chitu12.com',
)
[ info ] [ PARAM ] array (
  '/admin/driver/carindex' => '',
)
[ info ] [ SESSION ] INIT array (
  'id' => '',
  'var_session_id' => '',
  'prefix' => '',
  'type' => '',
  'auto_start' => true,
)
[ info ] [ DB ] INIT mysql
[ info ] [ LOG ] INIT File
[ sql ] [ DB ] CONNECT:[ UseTime:0.011000s ] mysql:dbname=test;host=127.0.0.1;charset=utf8
[ sql ] [ SQL ] SHOW COLUMNS FROM `ct_auth_group_access` [ RunTime:0.009000s ]
[ sql ] [ SQL ] SELECT `uid`,`group_id`,`title`,`rules` FROM `ct_auth_group_access` `a` INNER JOIN `ct_auth_group` `g` ON `g`.`id`=`a`.`group_id` WHERE  `a`.`uid` = 60  AND `g`.`status` = 1  AND `a`.`ustype` = 1 [ RunTime:0.000000s ]
[ sql ] [ SQL ] SHOW COLUMNS FROM `ct_auth_rule` [ RunTime:0.012000s ]
[ sql ] [ SQL ] SELECT `name` FROM `ct_auth_rule` WHERE  `name` = 'admin/driver/carindex' LIMIT 1 [ RunTime:0.000000s ]
[ sql ] [ SQL ] SHOW COLUMNS FROM `ct_admin` [ RunTime:0.009000s ]
[ sql ] [ SQL ] SELECT `qxz`,`admin` FROM `ct_admin` WHERE  `aid` = 60 LIMIT 1 [ RunTime:0.000000s ]
[ sql ] [ SQL ] SHOW COLUMNS FROM `ct_authstr` [ RunTime:0.009000s ]
[ sql ] [ SQL ] SELECT `quanxianstr` FROM `ct_authstr` WHERE  `qid` = 90 LIMIT 1 [ RunTime:0.000000s ]

---------------------------------------------------------------
[ 2019-07-11T18:21:51+08:00 ] 127.0.0.1 127.0.0.1 GET /admin/driver/index
[ log ] www.chitu12.com/admin/driver/index [运行时间：0.065000s][吞吐率：15.38req/s] [内存消耗：2,437.75kb] [文件加载：56]
[ info ] [ LANG ] D:\WWW\chitu_admin\thinkphp\lang\zh-cn.php
[ info ] [ ROUTE ] array (
  'type' => 'module',
  'module' => 
  array (
    0 => 'admin',
    1 => 'driver',
    2 => 'index',
  ),
)
[ info ] [ HEADER ] array (
  'cookie' => 'PHPSESSID=9oohk8dm46a8tjhqitt2deonh4',
  'accept-language' => 'zh-CN,zh;q=0.9,ja;q=0.8',
  'accept-encoding' => 'gzip, deflate',
  'referer' => 'http://www.chitu12.com/admin/index/index.html',
  'accept' => 'text/html,application/xhtml+xml,application/xml;q=0.9,image/webp,image/apng,*/*;q=0.8',
  'user-agent' => 'Mozilla/5.0 (Windows NT 6.1; WOW64) AppleWebKit/537.36 (KHTML, like Gecko) Chrome/68.0.3440.84 Safari/537.36',
  'upgrade-insecure-requests' => '1',
  'connection' => 'close',
  'host' => 'www.chitu12.com',
)
[ info ] [ PARAM ] array (
  '/admin/driver/index' => '',
)
[ info ] [ SESSION ] INIT array (
  'id' => '',
  'var_session_id' => '',
  'prefix' => '',
  'type' => '',
  'auto_start' => true,
)
[ info ] [ DB ] INIT mysql
[ info ] [ LOG ] INIT File
[ sql ] [ DB ] CONNECT:[ UseTime:0.001000s ] mysql:dbname=test;host=127.0.0.1;charset=utf8
[ sql ] [ SQL ] SHOW COLUMNS FROM `ct_auth_group_access` [ RunTime:0.009000s ]
[ sql ] [ SQL ] SELECT `uid`,`group_id`,`title`,`rules` FROM `ct_auth_group_access` `a` INNER JOIN `ct_auth_group` `g` ON `g`.`id`=`a`.`group_id` WHERE  `a`.`uid` = 60  AND `g`.`status` = 1  AND `a`.`ustype` = 1 [ RunTime:0.001000s ]
[ sql ] [ SQL ] SHOW COLUMNS FROM `ct_auth_rule` [ RunTime:0.009000s ]
[ sql ] [ SQL ] SELECT `name` FROM `ct_auth_rule` WHERE  `name` = 'admin/driver/index' LIMIT 1 [ RunTime:0.000000s ]
[ sql ] [ SQL ] SHOW COLUMNS FROM `ct_admin` [ RunTime:0.009000s ]
[ sql ] [ SQL ] SELECT `qxz`,`admin` FROM `ct_admin` WHERE  `aid` = 60 LIMIT 1 [ RunTime:0.000000s ]
[ sql ] [ SQL ] SHOW COLUMNS FROM `ct_authstr` [ RunTime:0.009000s ]
[ sql ] [ SQL ] SELECT `quanxianstr` FROM `ct_authstr` WHERE  `qid` = 90 LIMIT 1 [ RunTime:0.001000s ]

---------------------------------------------------------------
[ 2019-07-11T18:21:52+08:00 ] 127.0.0.1 127.0.0.1 GET /admin/user/userlist
[ log ] www.chitu12.com/admin/user/userlist [运行时间：0.080000s][吞吐率：12.50req/s] [内存消耗：2,366.56kb] [文件加载：56]
[ info ] [ LANG ] D:\WWW\chitu_admin\thinkphp\lang\zh-cn.php
[ info ] [ ROUTE ] array (
  'type' => 'module',
  'module' => 
  array (
    0 => 'admin',
    1 => 'user',
    2 => 'userlist',
  ),
)
[ info ] [ HEADER ] array (
  'cookie' => 'PHPSESSID=9oohk8dm46a8tjhqitt2deonh4',
  'accept-language' => 'zh-CN,zh;q=0.9,ja;q=0.8',
  'accept-encoding' => 'gzip, deflate',
  'referer' => 'http://www.chitu12.com/admin/index/index.html',
  'accept' => 'text/html,application/xhtml+xml,application/xml;q=0.9,image/webp,image/apng,*/*;q=0.8',
  'user-agent' => 'Mozilla/5.0 (Windows NT 6.1; WOW64) AppleWebKit/537.36 (KHTML, like Gecko) Chrome/68.0.3440.84 Safari/537.36',
  'upgrade-insecure-requests' => '1',
  'connection' => 'close',
  'host' => 'www.chitu12.com',
)
[ info ] [ PARAM ] array (
  '/admin/user/userlist' => '',
)
[ info ] [ SESSION ] INIT array (
  'id' => '',
  'var_session_id' => '',
  'prefix' => '',
  'type' => '',
  'auto_start' => true,
)
[ info ] [ DB ] INIT mysql
[ info ] [ LOG ] INIT File
[ sql ] [ DB ] CONNECT:[ UseTime:0.010000s ] mysql:dbname=test;host=127.0.0.1;charset=utf8
[ sql ] [ SQL ] SHOW COLUMNS FROM `ct_auth_group_access` [ RunTime:0.009000s ]
[ sql ] [ SQL ] SELECT `uid`,`group_id`,`title`,`rules` FROM `ct_auth_group_access` `a` INNER JOIN `ct_auth_group` `g` ON `g`.`id`=`a`.`group_id` WHERE  `a`.`uid` = 60  AND `g`.`status` = 1  AND `a`.`ustype` = 1 [ RunTime:0.000000s ]
[ sql ] [ SQL ] SHOW COLUMNS FROM `ct_auth_rule` [ RunTime:0.010000s ]
[ sql ] [ SQL ] SELECT `name` FROM `ct_auth_rule` WHERE  `name` = 'admin/user/userlist' LIMIT 1 [ RunTime:0.001000s ]
[ sql ] [ SQL ] SHOW COLUMNS FROM `ct_admin` [ RunTime:0.009000s ]
[ sql ] [ SQL ] SELECT `qxz`,`admin` FROM `ct_admin` WHERE  `aid` = 60 LIMIT 1 [ RunTime:0.000000s ]
[ sql ] [ SQL ] SHOW COLUMNS FROM `ct_authstr` [ RunTime:0.009000s ]
[ sql ] [ SQL ] SELECT `quanxianstr` FROM `ct_authstr` WHERE  `qid` = 90 LIMIT 1 [ RunTime:0.000000s ]

---------------------------------------------------------------
[ 2019-07-11T18:22:02+08:00 ] 127.0.0.1 127.0.0.1 GET /admin/order/clientorder
[ log ] www.chitu12.com/admin/order/clientorder [运行时间：0.102000s][吞吐率：9.80req/s] [内存消耗：2,669.03kb] [文件加载：61]
[ info ] [ LANG ] D:\WWW\chitu_admin\thinkphp\lang\zh-cn.php
[ info ] [ ROUTE ] array (
  'type' => 'module',
  'module' => 
  array (
    0 => 'admin',
    1 => 'order',
    2 => 'clientorder',
  ),
)
[ info ] [ HEADER ] array (
  'cookie' => 'PHPSESSID=9oohk8dm46a8tjhqitt2deonh4',
  'accept-language' => 'zh-CN,zh;q=0.9,ja;q=0.8',
  'accept-encoding' => 'gzip, deflate',
  'referer' => 'http://www.chitu12.com/admin/index/index.html',
  'accept' => 'text/html,application/xhtml+xml,application/xml;q=0.9,image/webp,image/apng,*/*;q=0.8',
  'user-agent' => 'Mozilla/5.0 (Windows NT 6.1; WOW64) AppleWebKit/537.36 (KHTML, like Gecko) Chrome/68.0.3440.84 Safari/537.36',
  'upgrade-insecure-requests' => '1',
  'connection' => 'close',
  'host' => 'www.chitu12.com',
)
[ info ] [ PARAM ] array (
  '/admin/order/clientorder' => '',
)
[ info ] [ SESSION ] INIT array (
  'id' => '',
  'var_session_id' => '',
  'prefix' => '',
  'type' => '',
  'auto_start' => true,
)
[ info ] [ DB ] INIT mysql
[ info ] [ RUN ] app\admin\controller\Order->clientorder[ D:\WWW\chitu_admin\application\admin\controller\Order.php ]
[ info ] [ VIEW ] D:\WWW\chitu_admin\public/../application/admin\view\order\clientorder.html [ array (
  0 => 'list',
  1 => 'page',
) ]
[ info ] [ LOG ] INIT File
[ sql ] [ DB ] CONNECT:[ UseTime:0.015000s ] mysql:dbname=test;host=127.0.0.1;charset=utf8
[ sql ] [ SQL ] SHOW COLUMNS FROM `ct_auth_group_access` [ RunTime:0.009000s ]
[ sql ] [ SQL ] SELECT `uid`,`group_id`,`title`,`rules` FROM `ct_auth_group_access` `a` INNER JOIN `ct_auth_group` `g` ON `g`.`id`=`a`.`group_id` WHERE  `a`.`uid` = 60  AND `g`.`status` = 1  AND `a`.`ustype` = 1 [ RunTime:0.000000s ]
[ sql ] [ SQL ] SHOW COLUMNS FROM `ct_auth_rule` [ RunTime:0.010000s ]
[ sql ] [ SQL ] SELECT `name` FROM `ct_auth_rule` WHERE  `name` = 'admin/order/clientorder' LIMIT 1 [ RunTime:0.000000s ]
[ sql ] [ SQL ] SHOW COLUMNS FROM `ct_admin` [ RunTime:0.009000s ]
[ sql ] [ SQL ] SELECT `qxz`,`admin` FROM `ct_admin` WHERE  `aid` = 60 LIMIT 1 [ RunTime:0.001000s ]
[ sql ] [ SQL ] SHOW COLUMNS FROM `ct_order` [ RunTime:0.011000s ]
[ sql ] [ SQL ] SELECT COUNT(*) AS tp_count FROM `ct_order` `a` INNER JOIN `ct_shift` `c` ON `c`.`sid`=`a`.`shiftid` INNER JOIN `ct_already_city` `city` ON `city`.`city_id`=`c`.`linecityid` INNER JOIN `ct_user` `e` ON `e`.`uid`=`a`.`userid` INNER JOIN `ct_lineorder` `line` ON `line`.`orderid`=`a`.`oid` INNER JOIN `ct_delorder` `del` ON `del`.`orderid`=`a`.`oid` WHERE  `paystate` = 2 LIMIT 1 [ RunTime:0.001000s ]
[ sql ] [ SQL ] SELECT `a`.*,`line`.`affirm`,`c`.`shiftnumber`,`c`.`timestrat`,`c`.`timeend`,`c`.`arrivetimestart`,`line`.`lcarr_price`,`line`.`line_checkid`,`c`.`arrivetimeend`,`e`.`userstate`,`e`.`username`,`e`.`realname`,`e`.`phone`,`e`.`lineclient`,`del`.`pcarr_upprice`,`line`.`luseprice`,`del`.`puseprice`,`city`.`start_id`,`city`.`end_id`,`c`.`companyid`,`c`.`driver_id`,`c`.`shiftstate`,`c`.`weekday` FROM `ct_order` `a` INNER JOIN `ct_shift` `c` ON `c`.`sid`=`a`.`shiftid` INNER JOIN `ct_already_city` `city` ON `city`.`city_id`=`c`.`linecityid` INNER JOIN `ct_user` `e` ON `e`.`uid`=`a`.`userid` INNER JOIN `ct_lineorder` `line` ON `line`.`orderid`=`a`.`oid` INNER JOIN `ct_delorder` `del` ON `del`.`orderid`=`a`.`oid` WHERE  `paystate` = 2 ORDER BY `a`.`oid`  desc LIMIT 0,50 [ RunTime:0.007000s ]

---------------------------------------------------------------
[ 2019-07-11T18:22:12+08:00 ] 127.0.0.1 127.0.0.1 GET /admin/staff/index
[ log ] www.chitu12.com/admin/staff/index [运行时间：0.069000s][吞吐率：14.49req/s] [内存消耗：2,361.16kb] [文件加载：56]
[ info ] [ LANG ] D:\WWW\chitu_admin\thinkphp\lang\zh-cn.php
[ info ] [ ROUTE ] array (
  'type' => 'module',
  'module' => 
  array (
    0 => 'admin',
    1 => 'staff',
    2 => 'index',
  ),
)
[ info ] [ HEADER ] array (
  'cookie' => 'PHPSESSID=9oohk8dm46a8tjhqitt2deonh4',
  'accept-language' => 'zh-CN,zh;q=0.9,ja;q=0.8',
  'accept-encoding' => 'gzip, deflate',
  'referer' => 'http://www.chitu12.com/admin/index/index.html',
  'accept' => 'text/html,application/xhtml+xml,application/xml;q=0.9,image/webp,image/apng,*/*;q=0.8',
  'user-agent' => 'Mozilla/5.0 (Windows NT 6.1; WOW64) AppleWebKit/537.36 (KHTML, like Gecko) Chrome/68.0.3440.84 Safari/537.36',
  'upgrade-insecure-requests' => '1',
  'connection' => 'close',
  'host' => 'www.chitu12.com',
)
[ info ] [ PARAM ] array (
  '/admin/staff/index' => '',
)
[ info ] [ SESSION ] INIT array (
  'id' => '',
  'var_session_id' => '',
  'prefix' => '',
  'type' => '',
  'auto_start' => true,
)
[ info ] [ DB ] INIT mysql
[ info ] [ LOG ] INIT File
[ sql ] [ DB ] CONNECT:[ UseTime:0.001000s ] mysql:dbname=test;host=127.0.0.1;charset=utf8
[ sql ] [ SQL ] SHOW COLUMNS FROM `ct_auth_group_access` [ RunTime:0.009000s ]
[ sql ] [ SQL ] SELECT `uid`,`group_id`,`title`,`rules` FROM `ct_auth_group_access` `a` INNER JOIN `ct_auth_group` `g` ON `g`.`id`=`a`.`group_id` WHERE  `a`.`uid` = 60  AND `g`.`status` = 1  AND `a`.`ustype` = 1 [ RunTime:0.001000s ]
[ sql ] [ SQL ] SHOW COLUMNS FROM `ct_auth_rule` [ RunTime:0.009000s ]
[ sql ] [ SQL ] SELECT `name` FROM `ct_auth_rule` WHERE  `name` = 'admin/staff/index' LIMIT 1 [ RunTime:0.000000s ]
[ sql ] [ SQL ] SHOW COLUMNS FROM `ct_admin` [ RunTime:0.010000s ]
[ sql ] [ SQL ] SELECT `qxz`,`admin` FROM `ct_admin` WHERE  `aid` = 60 LIMIT 1 [ RunTime:0.001000s ]
[ sql ] [ SQL ] SHOW COLUMNS FROM `ct_authstr` [ RunTime:0.009000s ]
[ sql ] [ SQL ] SELECT `quanxianstr` FROM `ct_authstr` WHERE  `qid` = 90 LIMIT 1 [ RunTime:0.000000s ]

---------------------------------------------------------------
[ 2019-07-11T18:22:14+08:00 ] 127.0.0.1 127.0.0.1 GET /admin/index/logout
[ log ] www.chitu12.com/admin/index/logout [运行时间：0.019000s][吞吐率：52.63req/s] [内存消耗：1,574.32kb] [文件加载：47]
[ info ] [ LANG ] D:\WWW\chitu_admin\thinkphp\lang\zh-cn.php
[ info ] [ ROUTE ] array (
  'type' => 'module',
  'module' => 
  array (
    0 => 'admin',
    1 => 'index',
    2 => 'logout',
  ),
)
[ info ] [ HEADER ] array (
  'cookie' => 'PHPSESSID=9oohk8dm46a8tjhqitt2deonh4',
  'accept-language' => 'zh-CN,zh;q=0.9,ja;q=0.8',
  'accept-encoding' => 'gzip, deflate',
  'referer' => 'http://www.chitu12.com/admin/index/index.html',
  'accept' => 'text/html,application/xhtml+xml,application/xml;q=0.9,image/webp,image/apng,*/*;q=0.8',
  'user-agent' => 'Mozilla/5.0 (Windows NT 6.1; WOW64) AppleWebKit/537.36 (KHTML, like Gecko) Chrome/68.0.3440.84 Safari/537.36',
  'upgrade-insecure-requests' => '1',
  'connection' => 'close',
  'host' => 'www.chitu12.com',
)
[ info ] [ PARAM ] array (
  '/admin/index/logout' => '',
)
[ info ] [ RUN ] app\admin\controller\Index->logout[ D:\WWW\chitu_admin\application\admin\controller\Index.php ]
[ info ] [ SESSION ] INIT array (
  'id' => '',
  'var_session_id' => '',
  'prefix' => '',
  'type' => '',
  'auto_start' => true,
)
[ info ] [ LOG ] INIT File

---------------------------------------------------------------
[ 2019-07-11T18:22:14+08:00 ] 127.0.0.1 127.0.0.1 GET /admin/index/login.html
[ log ] www.chitu12.com/admin/index/login.html [运行时间：0.019000s][吞吐率：52.63req/s] [内存消耗：1,531.95kb] [文件加载：46]
[ info ] [ LANG ] D:\WWW\chitu_admin\thinkphp\lang\zh-cn.php
[ info ] [ ROUTE ] array (
  'type' => 'module',
  'module' => 
  array (
    0 => 'admin',
    1 => 'index',
    2 => 'login',
  ),
)
[ info ] [ HEADER ] array (
  'cookie' => 'PHPSESSID=9oohk8dm46a8tjhqitt2deonh4',
  'accept-language' => 'zh-CN,zh;q=0.9,ja;q=0.8',
  'accept-encoding' => 'gzip, deflate',
  'referer' => 'http://www.chitu12.com/admin/index/index.html',
  'accept' => 'text/html,application/xhtml+xml,application/xml;q=0.9,image/webp,image/apng,*/*;q=0.8',
  'user-agent' => 'Mozilla/5.0 (Windows NT 6.1; WOW64) AppleWebKit/537.36 (KHTML, like Gecko) Chrome/68.0.3440.84 Safari/537.36',
  'upgrade-insecure-requests' => '1',
  'connection' => 'close',
  'host' => 'www.chitu12.com',
)
[ info ] [ PARAM ] array (
  '/admin/index/login_html' => '',
)
[ info ] [ RUN ] app\admin\controller\Index->login[ D:\WWW\chitu_admin\application\admin\controller\Index.php ]
[ info ] [ VIEW ] D:\WWW\chitu_admin\public/../application/admin\view\index\login.html [ array (
) ]
[ info ] [ LOG ] INIT File

---------------------------------------------------------------
[ 2019-07-11T18:22:18+08:00 ] 127.0.0.1 127.0.0.1 POST /admin/index/login_send
[ log ] www.chitu12.com/admin/index/login_send [运行时间：0.043000s][吞吐率：23.26req/s] [内存消耗：2,193.98kb] [文件加载：54]
[ info ] [ LANG ] D:\WWW\chitu_admin\thinkphp\lang\zh-cn.php
[ info ] [ ROUTE ] array (
  'type' => 'module',
  'module' => 
  array (
    0 => 'admin',
    1 => 'index',
    2 => 'login_send',
  ),
)
[ info ] [ HEADER ] array (
  'cookie' => 'PHPSESSID=9oohk8dm46a8tjhqitt2deonh4',
  'accept-language' => 'zh-CN,zh;q=0.9,ja;q=0.8',
  'accept-encoding' => 'gzip, deflate',
  'referer' => 'http://www.chitu12.com/admin/index/login.html',
  'accept' => 'text/html,application/xhtml+xml,application/xml;q=0.9,image/webp,image/apng,*/*;q=0.8',
  'user-agent' => 'Mozilla/5.0 (Windows NT 6.1; WOW64) AppleWebKit/537.36 (KHTML, like Gecko) Chrome/68.0.3440.84 Safari/537.36',
  'content-type' => 'application/x-www-form-urlencoded',
  'upgrade-insecure-requests' => '1',
  'origin' => 'http://www.chitu12.com',
  'cache-control' => 'max-age=0',
  'content-length' => '38',
  'connection' => 'close',
  'host' => 'www.chitu12.com',
)
[ info ] [ PARAM ] array (
  '/admin/index/login_send' => '',
  'admin_name' => 'admin',
  'admin_password' => '123456',
)
[ info ] [ RUN ] app\admin\controller\Index->login_send[ D:\WWW\chitu_admin\application\admin\controller\Index.php ]
[ info ] [ DB ] INIT mysql
[ info ] [ SESSION ] INIT array (
  'id' => '',
  'var_session_id' => '',
  'prefix' => '',
  'type' => '',
  'auto_start' => true,
)
[ info ] [ LOG ] INIT File
[ sql ] [ DB ] CONNECT:[ UseTime:0.001000s ] mysql:dbname=test;host=127.0.0.1;charset=utf8
[ sql ] [ SQL ] SHOW COLUMNS FROM `ct_admin` [ RunTime:0.009000s ]
[ sql ] [ SQL ] SELECT * FROM `ct_admin` WHERE  `username` = 'admin'  AND `password` = '89d0edf61deb62ac2a01575a272e3e82'  AND `pstate` = 1 LIMIT 1 [ RunTime:0.001000s ]

---------------------------------------------------------------
[ 2019-07-11T18:22:18+08:00 ] 127.0.0.1 127.0.0.1 GET /admin/index/index.html
[ log ] www.chitu12.com/admin/index/index.html [运行时间：0.018000s][吞吐率：55.56req/s] [内存消耗：1,575.27kb] [文件加载：46]
[ info ] [ LANG ] D:\WWW\chitu_admin\thinkphp\lang\zh-cn.php
[ info ] [ ROUTE ] array (
  'type' => 'module',
  'module' => 
  array (
    0 => 'admin',
    1 => 'index',
    2 => 'index',
  ),
)
[ info ] [ HEADER ] array (
  'cookie' => 'PHPSESSID=9oohk8dm46a8tjhqitt2deonh4',
  'accept-language' => 'zh-CN,zh;q=0.9,ja;q=0.8',
  'accept-encoding' => 'gzip, deflate',
  'referer' => 'http://www.chitu12.com/admin/index/login.html',
  'accept' => 'text/html,application/xhtml+xml,application/xml;q=0.9,image/webp,image/apng,*/*;q=0.8',
  'user-agent' => 'Mozilla/5.0 (Windows NT 6.1; WOW64) AppleWebKit/537.36 (KHTML, like Gecko) Chrome/68.0.3440.84 Safari/537.36',
  'upgrade-insecure-requests' => '1',
  'cache-control' => 'max-age=0',
  'connection' => 'close',
  'host' => 'www.chitu12.com',
)
[ info ] [ PARAM ] array (
  '/admin/index/index_html' => '',
)
[ info ] [ RUN ] app\admin\controller\Index->index[ D:\WWW\chitu_admin\application\admin\controller\Index.php ]
[ info ] [ SESSION ] INIT array (
  'id' => '',
  'var_session_id' => '',
  'prefix' => '',
  'type' => '',
  'auto_start' => true,
)
[ info ] [ VIEW ] D:\WWW\chitu_admin\public/../application/admin\view\index\index.html [ array (
) ]
[ info ] [ LOG ] INIT File

---------------------------------------------------------------
[ 2019-07-11T18:22:18+08:00 ] 127.0.0.1 127.0.0.1 GET /static/tpl/css/patterns/header-profile.png
[ log ] www.chitu12.com/static/tpl/css/patterns/header-profile.png [运行时间：0.015000s][吞吐率：66.67req/s] [内存消耗：1,239.48kb] [文件加载：40]
[ info ] [ LANG ] D:\WWW\chitu_admin\thinkphp\lang\zh-cn.php
[ info ] [ ROUTE ] array (
  'type' => 'module',
  'module' => 
  array (
    0 => 'static',
    1 => 'tpl',
    2 => 'css',
  ),
)
[ info ] [ HEADER ] array (
  'cookie' => 'PHPSESSID=9oohk8dm46a8tjhqitt2deonh4',
  'accept-language' => 'zh-CN,zh;q=0.9,ja;q=0.8',
  'accept-encoding' => 'gzip, deflate',
  'referer' => 'http://www.chitu12.com/static/tpl/css/style.min862f.css',
  'accept' => 'image/webp,image/apng,image/*,*/*;q=0.8',
  'user-agent' => 'Mozilla/5.0 (Windows NT 6.1; WOW64) AppleWebKit/537.36 (KHTML, like Gecko) Chrome/68.0.3440.84 Safari/537.36',
  'connection' => 'close',
  'host' => 'www.chitu12.com',
)
[ info ] [ PARAM ] array (
  '/static/tpl/css/patterns/header-profile_png' => '',
  'patterns' => 'header-profile.png',
)
[ info ] [ LOG ] INIT File

---------------------------------------------------------------
[ 2019-07-11T18:22:18+08:00 ] 127.0.0.1 127.0.0.1 POST /admin/index/getcheckmsg
[ log ] www.chitu12.com/admin/index/getcheckmsg [运行时间：0.121000s][吞吐率：8.26req/s] [内存消耗：2,165.70kb] [文件加载：51]
[ info ] [ LANG ] D:\WWW\chitu_admin\thinkphp\lang\zh-cn.php
[ info ] [ ROUTE ] array (
  'type' => 'module',
  'module' => 
  array (
    0 => 'admin',
    1 => 'index',
    2 => 'getcheckmsg',
  ),
)
[ info ] [ HEADER ] array (
  'cookie' => 'PHPSESSID=9oohk8dm46a8tjhqitt2deonh4',
  'accept-language' => 'zh-CN,zh;q=0.9,ja;q=0.8',
  'accept-encoding' => 'gzip, deflate',
  'referer' => 'http://www.chitu12.com/admin/index/index.html',
  'user-agent' => 'Mozilla/5.0 (Windows NT 6.1; WOW64) AppleWebKit/537.36 (KHTML, like Gecko) Chrome/68.0.3440.84 Safari/537.36',
  'x-requested-with' => 'XMLHttpRequest',
  'origin' => 'http://www.chitu12.com',
  'accept' => 'application/json, text/javascript, */*; q=0.01',
  'content-length' => '0',
  'connection' => 'close',
  'host' => 'www.chitu12.com',
)
[ info ] [ PARAM ] array (
  '/admin/index/getcheckmsg' => '',
)
[ info ] [ RUN ] app\admin\controller\Index->getcheckmsg[ D:\WWW\chitu_admin\application\admin\controller\Index.php ]
[ info ] [ DB ] INIT mysql
[ info ] [ LOG ] INIT File
[ sql ] [ DB ] CONNECT:[ UseTime:0.010000s ] mysql:dbname=test;host=127.0.0.1;charset=utf8
[ sql ] [ SQL ] SHOW COLUMNS FROM `ct_city_order` [ RunTime:0.014000s ]
[ sql ] [ SQL ] SELECT COUNT(*) AS tp_count FROM `ct_city_order` WHERE  ( `addtime` > '1562581338' AND `addtime` < '1562840538' )  AND `paystate` IN (2,4)  AND `state` = 1 LIMIT 1 [ RunTime:0.001000s ]
[ sql ] [ SQL ] SHOW COLUMNS FROM `ct_userorder` [ RunTime:0.011000s ]
[ sql ] [ SQL ] SELECT COUNT(*) AS tp_count FROM `ct_userorder` WHERE  ( `addtime` > '1562581338' AND `addtime` < '1562840538' )  AND `paystate` IN (2,4,5)  AND `orderstate` = 1 LIMIT 1 [ RunTime:0.001000s ]
[ sql ] [ SQL ] SHOW COLUMNS FROM `ct_shift_order` [ RunTime:0.011000s ]
[ sql ] [ SQL ] SELECT COUNT(*) AS tp_count FROM `ct_shift_order` WHERE  ( `addtime` > '1562581338' AND `addtime` < '1562840538' )  AND `paystate` = 2  AND `orderstate` = 1 LIMIT 1 [ RunTime:0.001000s ]
[ sql ] [ SQL ] SHOW COLUMNS FROM `ct_carcategory` [ RunTime:0.014000s ]
[ sql ] [ SQL ] SELECT COUNT(*) AS tp_count FROM `ct_carcategory` WHERE  ( `addtime` > '1562581338' AND `addtime` < '1562840538' )  AND `status` = '1' LIMIT 1 [ RunTime:0.001000s ]
[ sql ] [ SQL ] SHOW COLUMNS FROM `ct_driver` [ RunTime:0.011000s ]
[ sql ] [ SQL ] SELECT COUNT(*) AS tp_count FROM `ct_driver` WHERE  ( `addtime` > '1562581338' AND `addtime` < '1562840538' )  AND `delstate` = 1  AND `carstatus` = 1 LIMIT 1 [ RunTime:0.000000s ]
[ sql ] [ SQL ] SHOW COLUMNS FROM `ct_order` [ RunTime:0.015000s ]
[ sql ] [ SQL ] SELECT COUNT(*) AS tp_count FROM `ct_order` WHERE  ( `addtime` > '1562581338' AND `addtime` < '1562840538' )  AND `orderstate` = 2  AND `paystate` = 2 LIMIT 1 [ RunTime:0.001000s ]

---------------------------------------------------------------
[ 2019-07-11T18:22:18+08:00 ] 127.0.0.1 127.0.0.1 GET /admin/index/main
[ log ] www.chitu12.com/admin/index/main [运行时间：0.207000s][吞吐率：4.83req/s] [内存消耗：2,245.49kb] [文件加载：53]
[ info ] [ LANG ] D:\WWW\chitu_admin\thinkphp\lang\zh-cn.php
[ info ] [ ROUTE ] array (
  'type' => 'module',
  'module' => 
  array (
    0 => 'admin',
    1 => 'index',
    2 => 'main',
  ),
)
[ info ] [ HEADER ] array (
  'cookie' => 'PHPSESSID=9oohk8dm46a8tjhqitt2deonh4',
  'accept-language' => 'zh-CN,zh;q=0.9,ja;q=0.8',
  'accept-encoding' => 'gzip, deflate',
  'referer' => 'http://www.chitu12.com/admin/index/index.html',
  'accept' => 'text/html,application/xhtml+xml,application/xml;q=0.9,image/webp,image/apng,*/*;q=0.8',
  'user-agent' => 'Mozilla/5.0 (Windows NT 6.1; WOW64) AppleWebKit/537.36 (KHTML, like Gecko) Chrome/68.0.3440.84 Safari/537.36',
  'upgrade-insecure-requests' => '1',
  'connection' => 'close',
  'host' => 'www.chitu12.com',
)
[ info ] [ PARAM ] array (
  '/admin/index/main' => '',
)
[ info ] [ RUN ] app\admin\controller\Index->main[ D:\WWW\chitu_admin\application\admin\controller\Index.php ]
[ info ] [ SESSION ] INIT array (
  'id' => '',
  'var_session_id' => '',
  'prefix' => '',
  'type' => '',
  'auto_start' => true,
)
[ info ] [ DB ] INIT mysql
[ info ] [ VIEW ] D:\WWW\chitu_admin\public/../application/admin\view\index\main.html [ array (
  0 => 'alipay',
  1 => 'wechat',
  2 => 'credit',
  3 => 'balance',
  4 => 'tatol_pay',
  5 => 'pay_recharge',
  6 => 'wei_recharge',
  7 => 'client_recharge',
  8 => 'driver_recharge',
  9 => 'sum_recharge',
  10 => 'replay_count',
  11 => 'replay_pass',
  12 => 'replay_pass_success',
  13 => 'replay_sum',
  14 => 'user',
  15 => 'driver',
  16 => 'proceed_order',
  17 => 'finish_order',
  18 => 'Invalid_order',
  19 => 'count_order',
  20 => 'uncity_user_order',
  21 => 'city_user_order',
  22 => 'city_user_cancelorder',
  23 => 'city_user_countorder',
  24 => 'uncity_driver_order',
  25 => 'city_driver_order',
  26 => 'city_driver_cancelorder',
  27 => 'city_driver_countorder',
  28 => 'unfeed_message',
  29 => 'feed_message',
  30 => 'sum_applay',
  31 => 'sum_applay_year',
  32 => 'sum_pay',
  33 => 'sum_pay_year',
) ]
[ info ] [ LOG ] INIT File
[ sql ] [ DB ] CONNECT:[ UseTime:0.011000s ] mysql:dbname=test;host=127.0.0.1;charset=utf8
[ sql ] [ SQL ] SHOW COLUMNS FROM `ct_paymessage` [ RunTime:0.009000s ]
[ sql ] [ SQL ] SELECT SUM(paynum) AS tp_sum FROM `ct_paymessage` WHERE  `paytype` = 1  AND `state` = 1  AND ( `paytime` > '1562688000' AND `paytime` < '1562774399' ) LIMIT 1 [ RunTime:0.001000s ]
[ sql ] [ SQL ] SELECT SUM(paynum) AS tp_sum FROM `ct_paymessage` WHERE  `paytype` = 1  AND `state` = 1  AND ( `paytime` > '1562515200' AND `paytime` < '1563119999' ) LIMIT 1 [ RunTime:0.000000s ]
[ sql ] [ SQL ] SELECT SUM(paynum) AS tp_sum FROM `ct_paymessage` WHERE  `paytype` = 1  AND `state` = 1  AND ( `paytime` > '1561910400' AND `paytime` < '1564588799' ) LIMIT 1 [ RunTime:0.000000s ]
[ sql ] [ SQL ] SELECT SUM(paynum) AS tp_sum FROM `ct_paymessage` WHERE  `paytype` = 1  AND `state` = 1  AND ( `paytime` > '1546272000' AND `paytime` < '1577807999' ) LIMIT 1 [ RunTime:0.001000s ]
[ sql ] [ SQL ] SELECT SUM(paynum) AS tp_sum FROM `ct_paymessage` WHERE  `paytype` = 1  AND `state` = 1 LIMIT 1 [ RunTime:0.000000s ]
[ sql ] [ SQL ] SELECT SUM(paynum) AS tp_sum FROM `ct_paymessage` WHERE  `paytype` = 2  AND `state` = 1  AND ( `paytime` > '1562688000' AND `paytime` < '1562774399' ) LIMIT 1 [ RunTime:0.001000s ]
[ sql ] [ SQL ] SELECT SUM(paynum) AS tp_sum FROM `ct_paymessage` WHERE  `paytype` = 2  AND `state` = 1  AND ( `paytime` > '1562515200' AND `paytime` < '1563119999' ) LIMIT 1 [ RunTime:0.000000s ]
[ sql ] [ SQL ] SELECT SUM(paynum) AS tp_sum FROM `ct_paymessage` WHERE  `paytype` = 2  AND `state` = 1  AND ( `paytime` > '1561910400' AND `paytime` < '1564588799' ) LIMIT 1 [ RunTime:0.000000s ]
[ sql ] [ SQL ] SELECT SUM(paynum) AS tp_sum FROM `ct_paymessage` WHERE  `paytype` = 2  AND `state` = 1  AND ( `paytime` > '1546272000' AND `paytime` < '1577807999' ) LIMIT 1 [ RunTime:0.000000s ]
[ sql ] [ SQL ] SELECT SUM(paynum) AS tp_sum FROM `ct_paymessage` WHERE  `paytype` = 2  AND `state` = 1 LIMIT 1 [ RunTime:0.001000s ]
[ sql ] [ SQL ] SHOW COLUMNS FROM `ct_city_order` [ RunTime:0.010000s ]
[ sql ] [ SQL ] SELECT SUM(paymoney) AS tp_sum FROM `ct_city_order` WHERE  `pay_type` = 1  AND `paystate` = 2  AND ( `addtime` > '1562688000' AND `addtime` < '1562774399' ) LIMIT 1 [ RunTime:0.001000s ]
[ sql ] [ SQL ] SELECT SUM(paymoney) AS tp_sum FROM `ct_city_order` WHERE  `pay_type` = 1  AND `paystate` = 2  AND ( `addtime` > '1562515200' AND `addtime` < '1563119999' ) LIMIT 1 [ RunTime:0.001000s ]
[ sql ] [ SQL ] SELECT SUM(paymoney) AS tp_sum FROM `ct_city_order` WHERE  `pay_type` = 1  AND `paystate` = 2  AND ( `addtime` > '1561910400' AND `addtime` < '1564588799' ) LIMIT 1 [ RunTime:0.000000s ]
[ sql ] [ SQL ] SELECT SUM(paymoney) AS tp_sum FROM `ct_city_order` WHERE  `pay_type` = 1  AND `paystate` = 2  AND ( `addtime` > '1546272000' AND `addtime` < '1577807999' ) LIMIT 1 [ RunTime:0.001000s ]
[ sql ] [ SQL ] SELECT SUM(paymoney) AS tp_sum FROM `ct_city_order` WHERE  `pay_type` = 1  AND `paystate` = 2 LIMIT 1 [ RunTime:0.001000s ]
[ sql ] [ SQL ] SHOW COLUMNS FROM `ct_userorder` [ RunTime:0.010000s ]
[ sql ] [ SQL ] SELECT SUM(referprice) AS tp_sum FROM `ct_userorder` WHERE  `pay_type` = 1  AND `paystate` = 2  AND ( `addtime` > '1562688000' AND `addtime` < '1562774399' ) LIMIT 1 [ RunTime:0.001000s ]
[ sql ] [ SQL ] SELECT SUM(referprice) AS tp_sum FROM `ct_userorder` WHERE  `pay_type` = 1  AND `paystate` = 2  AND ( `addtime` > '1562515200' AND `addtime` < '1563119999' ) LIMIT 1 [ RunTime:0.000000s ]
[ sql ] [ SQL ] SELECT SUM(referprice) AS tp_sum FROM `ct_userorder` WHERE  `pay_type` = 1  AND `paystate` = 2  AND ( `addtime` > '1561910400' AND `addtime` < '1564588799' ) LIMIT 1 [ RunTime:0.001000s ]
[ sql ] [ SQL ] SELECT SUM(referprice) AS tp_sum FROM `ct_userorder` WHERE  `pay_type` = 1  AND `paystate` = 2  AND ( `addtime` > '1546272000' AND `addtime` < '1577807999' ) LIMIT 1 [ RunTime:0.000000s ]
[ sql ] [ SQL ] SELECT SUM(referprice) AS tp_sum FROM `ct_userorder` WHERE  `pay_type` = 1  AND `paystate` = 2 LIMIT 1 [ RunTime:0.001000s ]
[ sql ] [ SQL ] SHOW COLUMNS FROM `ct_shift_order` [ RunTime:0.011000s ]
[ sql ] [ SQL ] SELECT SUM(totalprice) AS tp_sum FROM `ct_shift_order` WHERE  `pay_type` = 1  AND `paystate` = 2  AND ( `addtime` > '1562688000' AND `addtime` < '1562774399' ) LIMIT 1 [ RunTime:0.001000s ]
[ sql ] [ SQL ] SELECT SUM(totalprice) AS tp_sum FROM `ct_shift_order` WHERE  `pay_type` = 1  AND `paystate` = 2  AND ( `addtime` > '1562515200' AND `addtime` < '1563119999' ) LIMIT 1 [ RunTime:0.000000s ]
[ sql ] [ SQL ] SELECT SUM(totalprice) AS tp_sum FROM `ct_shift_order` WHERE  `pay_type` = 1  AND `paystate` = 2  AND ( `addtime` > '1561910400' AND `addtime` < '1564588799' ) LIMIT 1 [ RunTime:0.000000s ]
[ sql ] [ SQL ] SELECT SUM(totalprice) AS tp_sum FROM `ct_shift_order` WHERE  `pay_type` = 1  AND `paystate` = 2  AND ( `addtime` > '1546272000' AND `addtime` < '1577807999' ) LIMIT 1 [ RunTime:0.001000s ]
[ sql ] [ SQL ] SELECT SUM(totalprice) AS tp_sum FROM `ct_shift_order` WHERE  `pay_type` = 1  AND `paystate` = 2 LIMIT 1 [ RunTime:0.000000s ]
[ sql ] [ SQL ] SHOW COLUMNS FROM `ct_order` [ RunTime:0.016000s ]
[ sql ] [ SQL ] SELECT SUM(all_price) AS tp_sum FROM `ct_order` WHERE  `pay_type` = 1  AND `paystate` = 2  AND ( `addtime` > '1562688000' AND `addtime` < '1562774399' ) LIMIT 1 [ RunTime:0.000000s ]
[ sql ] [ SQL ] SELECT SUM(all_price) AS tp_sum FROM `ct_order` WHERE  `pay_type` = 1  AND `paystate` = 2  AND ( `addtime` > '1562515200' AND `addtime` < '1563119999' ) LIMIT 1 [ RunTime:0.000000s ]
[ sql ] [ SQL ] SELECT SUM(all_price) AS tp_sum FROM `ct_order` WHERE  `pay_type` = 1  AND `paystate` = 2  AND ( `addtime` > '1561910400' AND `addtime` < '1564588799' ) LIMIT 1 [ RunTime:0.000000s ]
[ sql ] [ SQL ] SELECT SUM(all_price) AS tp_sum FROM `ct_order` WHERE  `pay_type` = 1  AND `paystate` = 2  AND ( `addtime` > '1546272000' AND `addtime` < '1577807999' ) LIMIT 1 [ RunTime:0.000000s ]
[ sql ] [ SQL ] SELECT SUM(all_price) AS tp_sum FROM `ct_order` WHERE  `pay_type` = 1  AND `paystate` = 2 LIMIT 1 [ RunTime:0.001000s ]
[ sql ] [ SQL ] SELECT SUM(paymoney) AS tp_sum FROM `ct_city_order` WHERE  `pay_type` = 2  AND `paystate` = 2  AND ( `addtime` > '1562688000' AND `addtime` < '1562774399' ) LIMIT 1 [ RunTime:0.001000s ]
[ sql ] [ SQL ] SELECT SUM(paymoney) AS tp_sum FROM `ct_city_order` WHERE  `pay_type` = 2  AND `paystate` = 2  AND ( `addtime` > '1562515200' AND `addtime` < '1563119999' ) LIMIT 1 [ RunTime:0.001000s ]
[ sql ] [ SQL ] SELECT SUM(paymoney) AS tp_sum FROM `ct_city_order` WHERE  `pay_type` = 2  AND `paystate` = 2  AND ( `addtime` > '1561910400' AND `addtime` < '1564588799' ) LIMIT 1 [ RunTime:0.001000s ]
[ sql ] [ SQL ] SELECT SUM(paymoney) AS tp_sum FROM `ct_city_order` WHERE  `pay_type` = 2  AND `paystate` = 2  AND ( `addtime` > '1546272000' AND `addtime` < '1577807999' ) LIMIT 1 [ RunTime:0.001000s ]
[ sql ] [ SQL ] SELECT SUM(paymoney) AS tp_sum FROM `ct_city_order` WHERE  `pay_type` = 2  AND `paystate` = 2 LIMIT 1 [ RunTime:0.002000s ]
[ sql ] [ SQL ] SELECT SUM(referprice) AS tp_sum FROM `ct_userorder` WHERE  `pay_type` = 2  AND `paystate` = 2  AND ( `addtime` > '1562688000' AND `addtime` < '1562774399' ) LIMIT 1 [ RunTime:0.001000s ]
[ sql ] [ SQL ] SELECT SUM(referprice) AS tp_sum FROM `ct_userorder` WHERE  `pay_type` = 2  AND `paystate` = 2  AND ( `addtime` > '1562515200' AND `addtime` < '1563119999' ) LIMIT 1 [ RunTime:0.001000s ]
[ sql ] [ SQL ] SELECT SUM(referprice) AS tp_sum FROM `ct_userorder` WHERE  `pay_type` = 2  AND `paystate` = 2  AND ( `addtime` > '1561910400' AND `addtime` < '1564588799' ) LIMIT 1 [ RunTime:0.001000s ]
[ sql ] [ SQL ] SELECT SUM(referprice) AS tp_sum FROM `ct_userorder` WHERE  `pay_type` = 2  AND `paystate` = 2  AND ( `addtime` > '1546272000' AND `addtime` < '1577807999' ) LIMIT 1 [ RunTime:0.000000s ]
[ sql ] [ SQL ] SELECT SUM(referprice) AS tp_sum FROM `ct_userorder` WHERE  `pay_type` = 2  AND `paystate` = 2 LIMIT 1 [ RunTime:0.000000s ]
[ sql ] [ SQL ] SELECT SUM(totalprice) AS tp_sum FROM `ct_shift_order` WHERE  `pay_type` = 2  AND `paystate` = 2  AND ( `addtime` > '1562688000' AND `addtime` < '1562774399' ) LIMIT 1 [ RunTime:0.000000s ]
[ sql ] [ SQL ] SELECT SUM(totalprice) AS tp_sum FROM `ct_shift_order` WHERE  `pay_type` = 2  AND `paystate` = 2  AND ( `addtime` > '1562515200' AND `addtime` < '1563119999' ) LIMIT 1 [ RunTime:0.000000s ]
[ sql ] [ SQL ] SELECT SUM(totalprice) AS tp_sum FROM `ct_shift_order` WHERE  `pay_type` = 2  AND `paystate` = 2  AND ( `addtime` > '1561910400' AND `addtime` < '1564588799' ) LIMIT 1 [ RunTime:0.001000s ]
[ sql ] [ SQL ] SELECT SUM(totalprice) AS tp_sum FROM `ct_shift_order` WHERE  `pay_type` = 2  AND `paystate` = 2  AND ( `addtime` > '1546272000' AND `addtime` < '1577807999' ) LIMIT 1 [ RunTime:0.000000s ]
[ sql ] [ SQL ] SELECT SUM(totalprice) AS tp_sum FROM `ct_shift_order` WHERE  `pay_type` = 2  AND `paystate` = 2 LIMIT 1 [ RunTime:0.000000s ]
[ sql ] [ SQL ] SELECT SUM(all_price) AS tp_sum FROM `ct_order` WHERE  `pay_type` = 2  AND `paystate` = 2  AND ( `addtime` > '1562688000' AND `addtime` < '1562774399' ) LIMIT 1 [ RunTime:0.000000s ]
[ sql ] [ SQL ] SELECT SUM(all_price) AS tp_sum FROM `ct_order` WHERE  `pay_type` = 2  AND `paystate` = 2  AND ( `addtime` > '1562515200' AND `addtime` < '1563119999' ) LIMIT 1 [ RunTime:0.000000s ]
[ sql ] [ SQL ] SELECT SUM(all_price) AS tp_sum FROM `ct_order` WHERE  `pay_type` = 2  AND `paystate` = 2  AND ( `addtime` > '1561910400' AND `addtime` < '1564588799' ) LIMIT 1 [ RunTime:0.001000s ]
[ sql ] [ SQL ] SELECT SUM(all_price) AS tp_sum FROM `ct_order` WHERE  `pay_type` = 2  AND `paystate` = 2  AND ( `addtime` > '1546272000' AND `addtime` < '1577807999' ) LIMIT 1 [ RunTime:0.000000s ]
[ sql ] [ SQL ] SELECT SUM(all_price) AS tp_sum FROM `ct_order` WHERE  `pay_type` = 2  AND `paystate` = 2 LIMIT 1 [ RunTime:0.001000s ]
[ sql ] [ SQL ] SELECT SUM(paynum) AS tp_sum FROM `ct_paymessage` WHERE  `paytype` = 1  AND `state` = 2 LIMIT 1 [ RunTime:0.001000s ]
[ sql ] [ SQL ] SELECT SUM(paynum) AS tp_sum FROM `ct_paymessage` WHERE  `paytype` = 2  AND `state` = 2 LIMIT 1 [ RunTime:0.000000s ]
[ sql ] [ SQL ] SELECT SUM(paynum) AS tp_sum FROM `ct_paymessage` WHERE  `type` = 1  AND `state` = 2 LIMIT 1 [ RunTime:0.001000s ]
[ sql ] [ SQL ] SELECT SUM(paynum) AS tp_sum FROM `ct_paymessage` WHERE  `type` = 2  AND `state` = 2 LIMIT 1 [ RunTime:0.000000s ]
[ sql ] [ SQL ] SELECT SUM(paynum) AS tp_sum FROM `ct_paymessage` LIMIT 1 [ RunTime:0.000000s ]
[ sql ] [ SQL ] SHOW COLUMNS FROM `ct_application` [ RunTime:0.012000s ]
[ sql ] [ SQL ] SELECT SUM(money) AS tp_sum FROM `ct_application` WHERE  `states` = 1 LIMIT 1 [ RunTime:0.001000s ]
[ sql ] [ SQL ] SELECT SUM(money) AS tp_sum FROM `ct_application` WHERE  `states` = 2 LIMIT 1 [ RunTime:0.000000s ]
[ sql ] [ SQL ] SELECT SUM(money) AS tp_sum FROM `ct_application` WHERE  `states` = 4 LIMIT 1 [ RunTime:0.000000s ]
[ sql ] [ SQL ] SELECT SUM(money) AS tp_sum FROM `ct_application` WHERE  `states` = 4 LIMIT 1 [ RunTime:0.000000s ]
[ sql ] [ SQL ] SHOW COLUMNS FROM `ct_user` [ RunTime:0.013000s ]
[ sql ] [ SQL ] SELECT COUNT(uid) AS tp_count FROM `ct_user` WHERE  ( `addtime` > '1562688000' AND `addtime` < '1562774399' )  AND `delstate` = 1 LIMIT 1 [ RunTime:0.000000s ]
[ sql ] [ SQL ] SELECT COUNT(uid) AS tp_count FROM `ct_user` WHERE  ( `addtime` > '1562515200' AND `addtime` < '1563119999' )  AND `delstate` = 1 LIMIT 1 [ RunTime:0.001000s ]
[ sql ] [ SQL ] SELECT COUNT(uid) AS tp_count FROM `ct_user` WHERE  ( `addtime` > '1561910400' AND `addtime` < '1564588799' )  AND `delstate` = 1 LIMIT 1 [ RunTime:0.000000s ]
[ sql ] [ SQL ] SELECT COUNT(uid) AS tp_count FROM `ct_user` WHERE  ( `addtime` > '1546272000' AND `addtime` < '1577807999' )  AND `delstate` = 1 LIMIT 1 [ RunTime:0.001000s ]
[ sql ] [ SQL ] SELECT COUNT(uid) AS tp_count FROM `ct_user` WHERE  `delstate` = 1 LIMIT 1 [ RunTime:0.000000s ]
[ sql ] [ SQL ] SHOW COLUMNS FROM `ct_driver` [ RunTime:0.017000s ]
[ sql ] [ SQL ] SELECT COUNT(drivid) AS tp_count FROM `ct_driver` WHERE  ( `addtime` > '1562688000' AND `addtime` < '1562774399' )  AND `delstate` = 1 LIMIT 1 [ RunTime:0.001000s ]
[ sql ] [ SQL ] SELECT COUNT(drivid) AS tp_count FROM `ct_driver` WHERE  ( `addtime` > '1562515200' AND `addtime` < '1563119999' )  AND `delstate` = 1 LIMIT 1 [ RunTime:0.000000s ]
[ sql ] [ SQL ] SELECT COUNT(drivid) AS tp_count FROM `ct_driver` WHERE  ( `addtime` > '1561910400' AND `addtime` < '1564588799' )  AND `delstate` = 1 LIMIT 1 [ RunTime:0.000000s ]
[ sql ] [ SQL ] SELECT COUNT(drivid) AS tp_count FROM `ct_driver` WHERE  ( `addtime` > '1546272000' AND `addtime` < '1577807999' )  AND `delstate` = 1 LIMIT 1 [ RunTime:0.000000s ]
[ sql ] [ SQL ] SELECT COUNT(drivid) AS tp_count FROM `ct_driver` WHERE  `delstate` = 1 LIMIT 1 [ RunTime:0.000000s ]
[ sql ] [ SQL ] SELECT COUNT(oid) AS tp_count FROM `ct_order` WHERE  `orderstate` NOT IN (7,8)  AND `paystate` = 2 LIMIT 1 [ RunTime:0.001000s ]
[ sql ] [ SQL ] SELECT COUNT(oid) AS tp_count FROM `ct_order` WHERE  `orderstate` = 7  AND `paystate` = 2 LIMIT 1 [ RunTime:0.000000s ]
[ sql ] [ SQL ] SELECT COUNT(oid) AS tp_count FROM `ct_order` WHERE  `paystate` = 1 LIMIT 1 [ RunTime:0.001000s ]
[ sql ] [ SQL ] SELECT COUNT(oid) AS tp_count FROM `ct_order` LIMIT 1 [ RunTime:0.000000s ]
[ sql ] [ SQL ] SELECT COUNT(uoid) AS tp_count FROM `ct_userorder` WHERE  `orderstate` = 1  AND `paystate` = 2 LIMIT 1 [ RunTime:0.000000s ]
[ sql ] [ SQL ] SELECT COUNT(uoid) AS tp_count FROM `ct_userorder` WHERE  `orderstate` = 3 LIMIT 1 [ RunTime:0.000000s ]
[ sql ] [ SQL ] SELECT COUNT(uoid) AS tp_count FROM `ct_userorder` WHERE  `paystate` = 1 LIMIT 1 [ RunTime:0.000000s ]
[ sql ] [ SQL ] SELECT COUNT(uoid) AS tp_count FROM `ct_userorder` LIMIT 1 [ RunTime:0.001000s ]
[ sql ] [ SQL ] SELECT COUNT(id) AS tp_count FROM `ct_city_order` WHERE  `paystate` = 2  AND `state` = 1 LIMIT 1 [ RunTime:0.001000s ]
[ sql ] [ SQL ] SELECT COUNT(id) AS tp_count FROM `ct_city_order` WHERE  `paystate` = 2  AND `state` = 3 LIMIT 1 [ RunTime:0.001000s ]
[ sql ] [ SQL ] SELECT COUNT(id) AS tp_count FROM `ct_city_order` WHERE  `paystate` = 1 LIMIT 1 [ RunTime:0.000000s ]
[ sql ] [ SQL ] SELECT COUNT(id) AS tp_count FROM `ct_city_order` LIMIT 1 [ RunTime:0.000000s ]
[ sql ] [ SQL ] SHOW COLUMNS FROM `ct_feedback` [ RunTime:0.010000s ]
[ sql ] [ SQL ] SELECT COUNT(id) AS tp_count FROM `ct_feedback` WHERE  `type` = 1 LIMIT 1 [ RunTime:0.000000s ]
[ sql ] [ SQL ] SELECT COUNT(id) AS tp_count FROM `ct_feedback` WHERE  `type` = 2 LIMIT 1 [ RunTime:0.000000s ]
[ sql ] [ SQL ] SELECT SUM(money) AS tp_sum FROM `ct_application` WHERE  `states` = 4 LIMIT 1 [ RunTime:0.000000s ]
[ sql ] [ SQL ] SELECT sum(money) as count FROM `ct_application` where states=4  AND DATE_FORMAT(FROM_UNIXTIME(start_time),'%Y') = DATE_FORMAT(FROM_UNIXTIME(1562840538),'%Y') [ RunTime:0.000000s ]
[ sql ] [ SQL ] SELECT SUM(paynum) AS tp_sum FROM `ct_paymessage` LIMIT 1 [ RunTime:0.001000s ]
[ sql ] [ SQL ] SELECT sum(paynum) as count FROM `ct_paymessage` where  DATE_FORMAT(FROM_UNIXTIME(paytime),'%Y') = DATE_FORMAT(FROM_UNIXTIME(1562840538),'%Y') [ RunTime:0.000000s ]
[ sql ] [ SQL ] SHOW COLUMNS FROM `ct_device` [ RunTime:0.009000s ]
[ sql ] [ SQL ] SELECT COUNT(id) AS tp_count FROM `ct_device` WHERE  `model` <> '' LIMIT 1 [ RunTime:0.001000s ]

---------------------------------------------------------------
[ 2019-07-11T18:22:20+08:00 ] 127.0.0.1 127.0.0.1 GET /admin/staff/index
[ log ] www.chitu12.com/admin/staff/index [运行时间：0.082000s][吞吐率：12.20req/s] [内存消耗：2,356.54kb] [文件加载：56]
[ info ] [ LANG ] D:\WWW\chitu_admin\thinkphp\lang\zh-cn.php
[ info ] [ ROUTE ] array (
  'type' => 'module',
  'module' => 
  array (
    0 => 'admin',
    1 => 'staff',
    2 => 'index',
  ),
)
[ info ] [ HEADER ] array (
  'cookie' => 'PHPSESSID=9oohk8dm46a8tjhqitt2deonh4',
  'accept-language' => 'zh-CN,zh;q=0.9,ja;q=0.8',
  'accept-encoding' => 'gzip, deflate',
  'referer' => 'http://www.chitu12.com/admin/index/index.html',
  'accept' => 'text/html,application/xhtml+xml,application/xml;q=0.9,image/webp,image/apng,*/*;q=0.8',
  'user-agent' => 'Mozilla/5.0 (Windows NT 6.1; WOW64) AppleWebKit/537.36 (KHTML, like Gecko) Chrome/68.0.3440.84 Safari/537.36',
  'upgrade-insecure-requests' => '1',
  'connection' => 'close',
  'host' => 'www.chitu12.com',
)
[ info ] [ PARAM ] array (
  '/admin/staff/index' => '',
)
[ info ] [ SESSION ] INIT array (
  'id' => '',
  'var_session_id' => '',
  'prefix' => '',
  'type' => '',
  'auto_start' => true,
)
[ info ] [ DB ] INIT mysql
[ info ] [ LOG ] INIT File
[ sql ] [ DB ] CONNECT:[ UseTime:0.011000s ] mysql:dbname=test;host=127.0.0.1;charset=utf8
[ sql ] [ SQL ] SHOW COLUMNS FROM `ct_auth_group_access` [ RunTime:0.009000s ]
[ sql ] [ SQL ] SELECT `uid`,`group_id`,`title`,`rules` FROM `ct_auth_group_access` `a` INNER JOIN `ct_auth_group` `g` ON `g`.`id`=`a`.`group_id` WHERE  `a`.`uid` = 1  AND `g`.`status` = 1  AND `a`.`ustype` = 1 [ RunTime:0.000000s ]
[ sql ] [ SQL ] SHOW COLUMNS FROM `ct_auth_rule` [ RunTime:0.009000s ]
[ sql ] [ SQL ] SELECT `condition`,`name` FROM `ct_auth_rule` WHERE  `id` IN (0)  AND `type` = 1  AND `ertype` = 1  AND `status` = 1 [ RunTime:0.000000s ]
[ sql ] [ SQL ] SELECT `name` FROM `ct_auth_rule` WHERE  `name` = 'admin/staff/index' LIMIT 1 [ RunTime:0.000000s ]
[ sql ] [ SQL ] SHOW COLUMNS FROM `ct_admin` [ RunTime:0.008000s ]
[ sql ] [ SQL ] SELECT `qxz`,`admin` FROM `ct_admin` WHERE  `aid` = 1 LIMIT 1 [ RunTime:0.000000s ]
[ sql ] [ SQL ] SHOW COLUMNS FROM `ct_authstr` [ RunTime:0.009000s ]
[ sql ] [ SQL ] SELECT `quanxianstr` FROM `ct_authstr` WHERE  `qid` = 0 LIMIT 1 [ RunTime:0.000000s ]

---------------------------------------------------------------
[ 2019-07-11T18:23:18+08:00 ] 127.0.0.1 127.0.0.1 POST /admin/index/getcheckmsg
[ log ] www.chitu12.com/admin/index/getcheckmsg [运行时间：0.103000s][吞吐率：9.71req/s] [内存消耗：2,165.70kb] [文件加载：51]
[ info ] [ LANG ] D:\WWW\chitu_admin\thinkphp\lang\zh-cn.php
[ info ] [ ROUTE ] array (
  'type' => 'module',
  'module' => 
  array (
    0 => 'admin',
    1 => 'index',
    2 => 'getcheckmsg',
  ),
)
[ info ] [ HEADER ] array (
  'cookie' => 'PHPSESSID=9oohk8dm46a8tjhqitt2deonh4',
  'accept-language' => 'zh-CN,zh;q=0.9,ja;q=0.8',
  'accept-encoding' => 'gzip, deflate',
  'referer' => 'http://www.chitu12.com/admin/index/index.html',
  'user-agent' => 'Mozilla/5.0 (Windows NT 6.1; WOW64) AppleWebKit/537.36 (KHTML, like Gecko) Chrome/68.0.3440.84 Safari/537.36',
  'x-requested-with' => 'XMLHttpRequest',
  'origin' => 'http://www.chitu12.com',
  'accept' => 'application/json, text/javascript, */*; q=0.01',
  'content-length' => '0',
  'connection' => 'close',
  'host' => 'www.chitu12.com',
)
[ info ] [ PARAM ] array (
  '/admin/index/getcheckmsg' => '',
)
[ info ] [ RUN ] app\admin\controller\Index->getcheckmsg[ D:\WWW\chitu_admin\application\admin\controller\Index.php ]
[ info ] [ DB ] INIT mysql
[ info ] [ LOG ] INIT File
[ sql ] [ DB ] CONNECT:[ UseTime:0.011000s ] mysql:dbname=test;host=127.0.0.1;charset=utf8
[ sql ] [ SQL ] SHOW COLUMNS FROM `ct_city_order` [ RunTime:0.009000s ]
[ sql ] [ SQL ] SELECT COUNT(*) AS tp_count FROM `ct_city_order` WHERE  ( `addtime` > '1562581398' AND `addtime` < '1562840598' )  AND `paystate` IN (2,4)  AND `state` = 1 LIMIT 1 [ RunTime:0.001000s ]
[ sql ] [ SQL ] SHOW COLUMNS FROM `ct_userorder` [ RunTime:0.009000s ]
[ sql ] [ SQL ] SELECT COUNT(*) AS tp_count FROM `ct_userorder` WHERE  ( `addtime` > '1562581398' AND `addtime` < '1562840598' )  AND `paystate` IN (2,4,5)  AND `orderstate` = 1 LIMIT 1 [ RunTime:0.001000s ]
[ sql ] [ SQL ] SHOW COLUMNS FROM `ct_shift_order` [ RunTime:0.009000s ]
[ sql ] [ SQL ] SELECT COUNT(*) AS tp_count FROM `ct_shift_order` WHERE  ( `addtime` > '1562581398' AND `addtime` < '1562840598' )  AND `paystate` = 2  AND `orderstate` = 1 LIMIT 1 [ RunTime:0.000000s ]
[ sql ] [ SQL ] SHOW COLUMNS FROM `ct_carcategory` [ RunTime:0.008000s ]
[ sql ] [ SQL ] SELECT COUNT(*) AS tp_count FROM `ct_carcategory` WHERE  ( `addtime` > '1562581398' AND `addtime` < '1562840598' )  AND `status` = '1' LIMIT 1 [ RunTime:0.000000s ]
[ sql ] [ SQL ] SHOW COLUMNS FROM `ct_driver` [ RunTime:0.010000s ]
[ sql ] [ SQL ] SELECT COUNT(*) AS tp_count FROM `ct_driver` WHERE  ( `addtime` > '1562581398' AND `addtime` < '1562840598' )  AND `delstate` = 1  AND `carstatus` = 1 LIMIT 1 [ RunTime:0.001000s ]
[ sql ] [ SQL ] SHOW COLUMNS FROM `ct_order` [ RunTime:0.009000s ]
[ sql ] [ SQL ] SELECT COUNT(*) AS tp_count FROM `ct_order` WHERE  ( `addtime` > '1562581398' AND `addtime` < '1562840598' )  AND `orderstate` = 2  AND `paystate` = 2 LIMIT 1 [ RunTime:0.001000s ]

---------------------------------------------------------------
[ 2019-07-11T18:24:19+08:00 ] 127.0.0.1 127.0.0.1 POST /admin/index/getcheckmsg
[ log ] www.chitu12.com/admin/index/getcheckmsg [运行时间：0.090000s][吞吐率：11.11req/s] [内存消耗：2,165.70kb] [文件加载：51]
[ info ] [ LANG ] D:\WWW\chitu_admin\thinkphp\lang\zh-cn.php
[ info ] [ ROUTE ] array (
  'type' => 'module',
  'module' => 
  array (
    0 => 'admin',
    1 => 'index',
    2 => 'getcheckmsg',
  ),
)
[ info ] [ HEADER ] array (
  'cookie' => 'PHPSESSID=9oohk8dm46a8tjhqitt2deonh4',
  'accept-language' => 'zh-CN,zh;q=0.9,ja;q=0.8',
  'accept-encoding' => 'gzip, deflate',
  'referer' => 'http://www.chitu12.com/admin/index/index.html',
  'user-agent' => 'Mozilla/5.0 (Windows NT 6.1; WOW64) AppleWebKit/537.36 (KHTML, like Gecko) Chrome/68.0.3440.84 Safari/537.36',
  'x-requested-with' => 'XMLHttpRequest',
  'origin' => 'http://www.chitu12.com',
  'accept' => 'application/json, text/javascript, */*; q=0.01',
  'content-length' => '0',
  'connection' => 'close',
  'host' => 'www.chitu12.com',
)
[ info ] [ PARAM ] array (
  '/admin/index/getcheckmsg' => '',
)
[ info ] [ RUN ] app\admin\controller\Index->getcheckmsg[ D:\WWW\chitu_admin\application\admin\controller\Index.php ]
[ info ] [ DB ] INIT mysql
[ info ] [ LOG ] INIT File
[ sql ] [ DB ] CONNECT:[ UseTime:0.001000s ] mysql:dbname=test;host=127.0.0.1;charset=utf8
[ sql ] [ SQL ] SHOW COLUMNS FROM `ct_city_order` [ RunTime:0.009000s ]
[ sql ] [ SQL ] SELECT COUNT(*) AS tp_count FROM `ct_city_order` WHERE  ( `addtime` > '1562581459' AND `addtime` < '1562840659' )  AND `paystate` IN (2,4)  AND `state` = 1 LIMIT 1 [ RunTime:0.001000s ]
[ sql ] [ SQL ] SHOW COLUMNS FROM `ct_userorder` [ RunTime:0.009000s ]
[ sql ] [ SQL ] SELECT COUNT(*) AS tp_count FROM `ct_userorder` WHERE  ( `addtime` > '1562581459' AND `addtime` < '1562840659' )  AND `paystate` IN (2,4,5)  AND `orderstate` = 1 LIMIT 1 [ RunTime:0.000000s ]
[ sql ] [ SQL ] SHOW COLUMNS FROM `ct_shift_order` [ RunTime:0.008000s ]
[ sql ] [ SQL ] SELECT COUNT(*) AS tp_count FROM `ct_shift_order` WHERE  ( `addtime` > '1562581459' AND `addtime` < '1562840659' )  AND `paystate` = 2  AND `orderstate` = 1 LIMIT 1 [ RunTime:0.001000s ]
[ sql ] [ SQL ] SHOW COLUMNS FROM `ct_carcategory` [ RunTime:0.008000s ]
[ sql ] [ SQL ] SELECT COUNT(*) AS tp_count FROM `ct_carcategory` WHERE  ( `addtime` > '1562581459' AND `addtime` < '1562840659' )  AND `status` = '1' LIMIT 1 [ RunTime:0.001000s ]
[ sql ] [ SQL ] SHOW COLUMNS FROM `ct_driver` [ RunTime:0.009000s ]
[ sql ] [ SQL ] SELECT COUNT(*) AS tp_count FROM `ct_driver` WHERE  ( `addtime` > '1562581459' AND `addtime` < '1562840659' )  AND `delstate` = 1  AND `carstatus` = 1 LIMIT 1 [ RunTime:0.000000s ]
[ sql ] [ SQL ] SHOW COLUMNS FROM `ct_order` [ RunTime:0.010000s ]
[ sql ] [ SQL ] SELECT COUNT(*) AS tp_count FROM `ct_order` WHERE  ( `addtime` > '1562581459' AND `addtime` < '1562840659' )  AND `orderstate` = 2  AND `paystate` = 2 LIMIT 1 [ RunTime:0.000000s ]

---------------------------------------------------------------
