[ 2018-06-08T19:19:33+08:00 ] 127.0.0.1 127.0.0.1 POST /admin/index/getcheckmsg
[ log ] www.ctadmin.com/admin/index/getcheckmsg [运行时间：0.855000s][吞吐率：1.17req/s] [内存消耗：2,601.59kb] [文件加载：51]
[ info ] [ LANG ] E:\chitu\chitu_admin\trunk\thinkphp\lang\zh-cn.php
[ info ] [ ROUTE ] array (
  'type' => 'module',
  'module' => 
  array (
    0 => 'admin',
    1 => 'index',
    2 => 'getcheckmsg',
  ),
)
[ info ] [ HEADER ] array (
  'host' => 'www.ctadmin.com',
  'connection' => 'keep-alive',
  'content-length' => '0',
  'accept' => 'application/json, text/javascript, */*; q=0.01',
  'origin' => 'http://www.ctadmin.com',
  'x-requested-with' => 'XMLHttpRequest',
  'user-agent' => 'Mozilla/5.0 (Windows NT 6.1; WOW64) AppleWebKit/537.36 (KHTML, like Gecko) Chrome/66.0.3359.181 Safari/537.36',
  'referer' => 'http://www.ctadmin.com/admin/index/index.html',
  'accept-encoding' => 'gzip, deflate',
  'accept-language' => 'zh-CN,zh;q=0.9',
  'cookie' => 'PHPSESSID=8qqlsotenpgjdt0bbbqbedj676',
)
[ info ] [ PARAM ] array (
  '/admin/index/getcheckmsg' => '',
)
[ info ] [ RUN ] app\admin\controller\Index->getcheckmsg[ E:\chitu\chitu_admin\trunk\application\admin\controller\Index.php ]
[ info ] [ DB ] INIT mysql
[ info ] [ LOG ] INIT File
[ sql ] [ DB ] CONNECT:[ UseTime:0.109000s ] mysql:dbname=chitutest;host=rm-2zezn1940ztq6hib5o.mysql.rds.aliyuncs.com;charset=utf8
[ sql ] [ SQL ] SHOW COLUMNS FROM `ct_city_order` [ RunTime:0.059000s ]
[ sql ] [ SQL ] SELECT COUNT(*) AS tp_count FROM `ct_city_order` WHERE  ( `addtime` > '1528197572' AND `addtime` < '1528456772' )  AND `paystate` = 2  AND `state` = 1 LIMIT 1 [ RunTime:0.057000s ]
[ sql ] [ SQL ] SHOW COLUMNS FROM `ct_userorder` [ RunTime:0.058000s ]
[ sql ] [ SQL ] SELECT COUNT(*) AS tp_count FROM `ct_userorder` WHERE  ( `addtime` > '1528197573' AND `addtime` < '1528456773' )  AND `paystate` = 2  AND `orderstate` = 1 LIMIT 1 [ RunTime:0.056000s ]
[ sql ] [ SQL ] SHOW COLUMNS FROM `ct_shift_order` [ RunTime:0.056000s ]
[ sql ] [ SQL ] SELECT COUNT(*) AS tp_count FROM `ct_shift_order` WHERE  ( `addtime` > '1528197573' AND `addtime` < '1528456773' )  AND `paystate` = 2  AND `orderstate` = 1 LIMIT 1 [ RunTime:0.056000s ]
[ sql ] [ SQL ] SHOW COLUMNS FROM `ct_carcategory` [ RunTime:0.056000s ]
[ sql ] [ SQL ] SELECT COUNT(*) AS tp_count FROM `ct_carcategory` WHERE  ( `addtime` > '1528197573' AND `addtime` < '1528456773' )  AND `status` = '1' LIMIT 1 [ RunTime:0.056000s ]
[ sql ] [ SQL ] SHOW COLUMNS FROM `ct_driver` [ RunTime:0.057000s ]
[ sql ] [ SQL ] SELECT COUNT(*) AS tp_count FROM `ct_driver` WHERE  ( `addtime` > '1528197573' AND `addtime` < '1528456773' )  AND `delstate` = 1  AND `carstatus` = 1 LIMIT 1 [ RunTime:0.056000s ]
[ sql ] [ SQL ] SHOW COLUMNS FROM `ct_order` [ RunTime:0.056000s ]
[ sql ] [ SQL ] SELECT COUNT(*) AS tp_count FROM `ct_order` WHERE  ( `addtime` > '1528197573' AND `addtime` < '1528456773' )  AND `orderstate` = 2  AND `paystate` = 2 LIMIT 1 [ RunTime:0.055000s ]

---------------------------------------------------------------
[ 2018-06-08T19:20:33+08:00 ] 127.0.0.1 127.0.0.1 POST /admin/index/getcheckmsg
[ log ] www.ctadmin.com/admin/index/getcheckmsg [运行时间：0.874000s][吞吐率：1.14req/s] [内存消耗：2,601.66kb] [文件加载：51]
[ info ] [ LANG ] E:\chitu\chitu_admin\trunk\thinkphp\lang\zh-cn.php
[ info ] [ ROUTE ] array (
  'type' => 'module',
  'module' => 
  array (
    0 => 'admin',
    1 => 'index',
    2 => 'getcheckmsg',
  ),
)
[ info ] [ HEADER ] array (
  'host' => 'www.ctadmin.com',
  'connection' => 'keep-alive',
  'content-length' => '0',
  'accept' => 'application/json, text/javascript, */*; q=0.01',
  'origin' => 'http://www.ctadmin.com',
  'x-requested-with' => 'XMLHttpRequest',
  'user-agent' => 'Mozilla/5.0 (Windows NT 6.1; WOW64) AppleWebKit/537.36 (KHTML, like Gecko) Chrome/66.0.3359.181 Safari/537.36',
  'referer' => 'http://www.ctadmin.com/admin/index/index.html',
  'accept-encoding' => 'gzip, deflate',
  'accept-language' => 'zh-CN,zh;q=0.9',
  'cookie' => 'PHPSESSID=8qqlsotenpgjdt0bbbqbedj676',
)
[ info ] [ PARAM ] array (
  '/admin/index/getcheckmsg' => '',
)
[ info ] [ RUN ] app\admin\controller\Index->getcheckmsg[ E:\chitu\chitu_admin\trunk\application\admin\controller\Index.php ]
[ info ] [ DB ] INIT mysql
[ info ] [ LOG ] INIT File
[ sql ] [ DB ] CONNECT:[ UseTime:0.111000s ] mysql:dbname=chitutest;host=rm-2zezn1940ztq6hib5o.mysql.rds.aliyuncs.com;charset=utf8
[ sql ] [ SQL ] SHOW COLUMNS FROM `ct_city_order` [ RunTime:0.055000s ]
[ sql ] [ SQL ] SELECT COUNT(*) AS tp_count FROM `ct_city_order` WHERE  ( `addtime` > '1528197632' AND `addtime` < '1528456832' )  AND `paystate` = 2  AND `state` = 1 LIMIT 1 [ RunTime:0.058000s ]
[ sql ] [ SQL ] SHOW COLUMNS FROM `ct_userorder` [ RunTime:0.057000s ]
[ sql ] [ SQL ] SELECT COUNT(*) AS tp_count FROM `ct_userorder` WHERE  ( `addtime` > '1528197633' AND `addtime` < '1528456833' )  AND `paystate` = 2  AND `orderstate` = 1 LIMIT 1 [ RunTime:0.055000s ]
[ sql ] [ SQL ] SHOW COLUMNS FROM `ct_shift_order` [ RunTime:0.057000s ]
[ sql ] [ SQL ] SELECT COUNT(*) AS tp_count FROM `ct_shift_order` WHERE  ( `addtime` > '1528197633' AND `addtime` < '1528456833' )  AND `paystate` = 2  AND `orderstate` = 1 LIMIT 1 [ RunTime:0.056000s ]
[ sql ] [ SQL ] SHOW COLUMNS FROM `ct_carcategory` [ RunTime:0.059000s ]
[ sql ] [ SQL ] SELECT COUNT(*) AS tp_count FROM `ct_carcategory` WHERE  ( `addtime` > '1528197633' AND `addtime` < '1528456833' )  AND `status` = '1' LIMIT 1 [ RunTime:0.056000s ]
[ sql ] [ SQL ] SHOW COLUMNS FROM `ct_driver` [ RunTime:0.056000s ]
[ sql ] [ SQL ] SELECT COUNT(*) AS tp_count FROM `ct_driver` WHERE  ( `addtime` > '1528197633' AND `addtime` < '1528456833' )  AND `delstate` = 1  AND `carstatus` = 1 LIMIT 1 [ RunTime:0.057000s ]
[ sql ] [ SQL ] SHOW COLUMNS FROM `ct_order` [ RunTime:0.077000s ]
[ sql ] [ SQL ] SELECT COUNT(*) AS tp_count FROM `ct_order` WHERE  ( `addtime` > '1528197633' AND `addtime` < '1528456833' )  AND `orderstate` = 2  AND `paystate` = 2 LIMIT 1 [ RunTime:0.056000s ]

---------------------------------------------------------------
[ 2018-06-08T19:21:34+08:00 ] 127.0.0.1 127.0.0.1 POST /admin/index/getcheckmsg
[ log ] www.ctadmin.com/admin/index/getcheckmsg [运行时间：1.182000s][吞吐率：0.85req/s] [内存消耗：2,601.66kb] [文件加载：51]
[ info ] [ LANG ] E:\chitu\chitu_admin\trunk\thinkphp\lang\zh-cn.php
[ info ] [ ROUTE ] array (
  'type' => 'module',
  'module' => 
  array (
    0 => 'admin',
    1 => 'index',
    2 => 'getcheckmsg',
  ),
)
[ info ] [ HEADER ] array (
  'host' => 'www.ctadmin.com',
  'connection' => 'keep-alive',
  'content-length' => '0',
  'accept' => 'application/json, text/javascript, */*; q=0.01',
  'origin' => 'http://www.ctadmin.com',
  'x-requested-with' => 'XMLHttpRequest',
  'user-agent' => 'Mozilla/5.0 (Windows NT 6.1; WOW64) AppleWebKit/537.36 (KHTML, like Gecko) Chrome/66.0.3359.181 Safari/537.36',
  'referer' => 'http://www.ctadmin.com/admin/index/index.html',
  'accept-encoding' => 'gzip, deflate',
  'accept-language' => 'zh-CN,zh;q=0.9',
  'cookie' => 'PHPSESSID=8qqlsotenpgjdt0bbbqbedj676',
)
[ info ] [ PARAM ] array (
  '/admin/index/getcheckmsg' => '',
)
[ info ] [ RUN ] app\admin\controller\Index->getcheckmsg[ E:\chitu\chitu_admin\trunk\application\admin\controller\Index.php ]
[ info ] [ DB ] INIT mysql
[ info ] [ LOG ] INIT File
[ sql ] [ DB ] CONNECT:[ UseTime:0.104000s ] mysql:dbname=chitutest;host=rm-2zezn1940ztq6hib5o.mysql.rds.aliyuncs.com;charset=utf8
[ sql ] [ SQL ] SHOW COLUMNS FROM `ct_city_order` [ RunTime:0.057000s ]
[ sql ] [ SQL ] SELECT COUNT(*) AS tp_count FROM `ct_city_order` WHERE  ( `addtime` > '1528197692' AND `addtime` < '1528456892' )  AND `paystate` = 2  AND `state` = 1 LIMIT 1 [ RunTime:0.057000s ]
[ sql ] [ SQL ] SHOW COLUMNS FROM `ct_userorder` [ RunTime:0.059000s ]
[ sql ] [ SQL ] SELECT COUNT(*) AS tp_count FROM `ct_userorder` WHERE  ( `addtime` > '1528197693' AND `addtime` < '1528456893' )  AND `paystate` = 2  AND `orderstate` = 1 LIMIT 1 [ RunTime:0.056000s ]
[ sql ] [ SQL ] SHOW COLUMNS FROM `ct_shift_order` [ RunTime:0.056000s ]
[ sql ] [ SQL ] SELECT COUNT(*) AS tp_count FROM `ct_shift_order` WHERE  ( `addtime` > '1528197693' AND `addtime` < '1528456893' )  AND `paystate` = 2  AND `orderstate` = 1 LIMIT 1 [ RunTime:0.056000s ]
[ sql ] [ SQL ] SHOW COLUMNS FROM `ct_carcategory` [ RunTime:0.059000s ]
[ sql ] [ SQL ] SELECT COUNT(*) AS tp_count FROM `ct_carcategory` WHERE  ( `addtime` > '1528197693' AND `addtime` < '1528456893' )  AND `status` = '1' LIMIT 1 [ RunTime:0.057000s ]
[ sql ] [ SQL ] SHOW COLUMNS FROM `ct_driver` [ RunTime:0.300000s ]
[ sql ] [ SQL ] SELECT COUNT(*) AS tp_count FROM `ct_driver` WHERE  ( `addtime` > '1528197693' AND `addtime` < '1528456893' )  AND `delstate` = 1  AND `carstatus` = 1 LIMIT 1 [ RunTime:0.102000s ]
[ sql ] [ SQL ] SHOW COLUMNS FROM `ct_order` [ RunTime:0.103000s ]
[ sql ] [ SQL ] SELECT COUNT(*) AS tp_count FROM `ct_order` WHERE  ( `addtime` > '1528197693' AND `addtime` < '1528456893' )  AND `orderstate` = 2  AND `paystate` = 2 LIMIT 1 [ RunTime:0.056000s ]

---------------------------------------------------------------
[ 2018-06-08T19:22:33+08:00 ] 127.0.0.1 127.0.0.1 POST /admin/index/getcheckmsg
[ log ] www.ctadmin.com/admin/index/getcheckmsg [运行时间：0.786000s][吞吐率：1.27req/s] [内存消耗：2,601.66kb] [文件加载：51]
[ info ] [ LANG ] E:\chitu\chitu_admin\trunk\thinkphp\lang\zh-cn.php
[ info ] [ ROUTE ] array (
  'type' => 'module',
  'module' => 
  array (
    0 => 'admin',
    1 => 'index',
    2 => 'getcheckmsg',
  ),
)
[ info ] [ HEADER ] array (
  'host' => 'www.ctadmin.com',
  'connection' => 'keep-alive',
  'content-length' => '0',
  'accept' => 'application/json, text/javascript, */*; q=0.01',
  'origin' => 'http://www.ctadmin.com',
  'x-requested-with' => 'XMLHttpRequest',
  'user-agent' => 'Mozilla/5.0 (Windows NT 6.1; WOW64) AppleWebKit/537.36 (KHTML, like Gecko) Chrome/66.0.3359.181 Safari/537.36',
  'referer' => 'http://www.ctadmin.com/admin/index/index.html',
  'accept-encoding' => 'gzip, deflate',
  'accept-language' => 'zh-CN,zh;q=0.9',
  'cookie' => 'PHPSESSID=8qqlsotenpgjdt0bbbqbedj676',
)
[ info ] [ PARAM ] array (
  '/admin/index/getcheckmsg' => '',
)
[ info ] [ RUN ] app\admin\controller\Index->getcheckmsg[ E:\chitu\chitu_admin\trunk\application\admin\controller\Index.php ]
[ info ] [ DB ] INIT mysql
[ info ] [ LOG ] INIT File
[ sql ] [ DB ] CONNECT:[ UseTime:0.101000s ] mysql:dbname=chitutest;host=rm-2zezn1940ztq6hib5o.mysql.rds.aliyuncs.com;charset=utf8
[ sql ] [ SQL ] SHOW COLUMNS FROM `ct_city_order` [ RunTime:0.055000s ]
[ sql ] [ SQL ] SELECT COUNT(*) AS tp_count FROM `ct_city_order` WHERE  ( `addtime` > '1528197752' AND `addtime` < '1528456952' )  AND `paystate` = 2  AND `state` = 1 LIMIT 1 [ RunTime:0.054000s ]
[ sql ] [ SQL ] SHOW COLUMNS FROM `ct_userorder` [ RunTime:0.056000s ]
[ sql ] [ SQL ] SELECT COUNT(*) AS tp_count FROM `ct_userorder` WHERE  ( `addtime` > '1528197753' AND `addtime` < '1528456953' )  AND `paystate` = 2  AND `orderstate` = 1 LIMIT 1 [ RunTime:0.053000s ]
[ sql ] [ SQL ] SHOW COLUMNS FROM `ct_shift_order` [ RunTime:0.056000s ]
[ sql ] [ SQL ] SELECT COUNT(*) AS tp_count FROM `ct_shift_order` WHERE  ( `addtime` > '1528197753' AND `addtime` < '1528456953' )  AND `paystate` = 2  AND `orderstate` = 1 LIMIT 1 [ RunTime:0.052000s ]
[ sql ] [ SQL ] SHOW COLUMNS FROM `ct_carcategory` [ RunTime:0.055000s ]
[ sql ] [ SQL ] SELECT COUNT(*) AS tp_count FROM `ct_carcategory` WHERE  ( `addtime` > '1528197753' AND `addtime` < '1528456953' )  AND `status` = '1' LIMIT 1 [ RunTime:0.054000s ]
[ sql ] [ SQL ] SHOW COLUMNS FROM `ct_driver` [ RunTime:0.053000s ]
[ sql ] [ SQL ] SELECT COUNT(*) AS tp_count FROM `ct_driver` WHERE  ( `addtime` > '1528197753' AND `addtime` < '1528456953' )  AND `delstate` = 1  AND `carstatus` = 1 LIMIT 1 [ RunTime:0.052000s ]
[ sql ] [ SQL ] SHOW COLUMNS FROM `ct_order` [ RunTime:0.053000s ]
[ sql ] [ SQL ] SELECT COUNT(*) AS tp_count FROM `ct_order` WHERE  ( `addtime` > '1528197753' AND `addtime` < '1528456953' )  AND `orderstate` = 2  AND `paystate` = 2 LIMIT 1 [ RunTime:0.052000s ]

---------------------------------------------------------------
[ 2018-06-08T19:23:33+08:00 ] 127.0.0.1 127.0.0.1 POST /admin/index/getcheckmsg
[ log ] www.ctadmin.com/admin/index/getcheckmsg [运行时间：0.845000s][吞吐率：1.18req/s] [内存消耗：2,601.66kb] [文件加载：51]
[ info ] [ LANG ] E:\chitu\chitu_admin\trunk\thinkphp\lang\zh-cn.php
[ info ] [ ROUTE ] array (
  'type' => 'module',
  'module' => 
  array (
    0 => 'admin',
    1 => 'index',
    2 => 'getcheckmsg',
  ),
)
[ info ] [ HEADER ] array (
  'host' => 'www.ctadmin.com',
  'connection' => 'keep-alive',
  'content-length' => '0',
  'accept' => 'application/json, text/javascript, */*; q=0.01',
  'origin' => 'http://www.ctadmin.com',
  'x-requested-with' => 'XMLHttpRequest',
  'user-agent' => 'Mozilla/5.0 (Windows NT 6.1; WOW64) AppleWebKit/537.36 (KHTML, like Gecko) Chrome/66.0.3359.181 Safari/537.36',
  'referer' => 'http://www.ctadmin.com/admin/index/index.html',
  'accept-encoding' => 'gzip, deflate',
  'accept-language' => 'zh-CN,zh;q=0.9',
  'cookie' => 'PHPSESSID=8qqlsotenpgjdt0bbbqbedj676',
)
[ info ] [ PARAM ] array (
  '/admin/index/getcheckmsg' => '',
)
[ info ] [ RUN ] app\admin\controller\Index->getcheckmsg[ E:\chitu\chitu_admin\trunk\application\admin\controller\Index.php ]
[ info ] [ DB ] INIT mysql
[ info ] [ LOG ] INIT File
[ sql ] [ DB ] CONNECT:[ UseTime:0.109000s ] mysql:dbname=chitutest;host=rm-2zezn1940ztq6hib5o.mysql.rds.aliyuncs.com;charset=utf8
[ sql ] [ SQL ] SHOW COLUMNS FROM `ct_city_order` [ RunTime:0.058000s ]
[ sql ] [ SQL ] SELECT COUNT(*) AS tp_count FROM `ct_city_order` WHERE  ( `addtime` > '1528197812' AND `addtime` < '1528457012' )  AND `paystate` = 2  AND `state` = 1 LIMIT 1 [ RunTime:0.057000s ]
[ sql ] [ SQL ] SHOW COLUMNS FROM `ct_userorder` [ RunTime:0.057000s ]
[ sql ] [ SQL ] SELECT COUNT(*) AS tp_count FROM `ct_userorder` WHERE  ( `addtime` > '1528197813' AND `addtime` < '1528457013' )  AND `paystate` = 2  AND `orderstate` = 1 LIMIT 1 [ RunTime:0.056000s ]
[ sql ] [ SQL ] SHOW COLUMNS FROM `ct_shift_order` [ RunTime:0.057000s ]
[ sql ] [ SQL ] SELECT COUNT(*) AS tp_count FROM `ct_shift_order` WHERE  ( `addtime` > '1528197813' AND `addtime` < '1528457013' )  AND `paystate` = 2  AND `orderstate` = 1 LIMIT 1 [ RunTime:0.056000s ]
[ sql ] [ SQL ] SHOW COLUMNS FROM `ct_carcategory` [ RunTime:0.055000s ]
[ sql ] [ SQL ] SELECT COUNT(*) AS tp_count FROM `ct_carcategory` WHERE  ( `addtime` > '1528197813' AND `addtime` < '1528457013' )  AND `status` = '1' LIMIT 1 [ RunTime:0.056000s ]
[ sql ] [ SQL ] SHOW COLUMNS FROM `ct_driver` [ RunTime:0.058000s ]
[ sql ] [ SQL ] SELECT COUNT(*) AS tp_count FROM `ct_driver` WHERE  ( `addtime` > '1528197813' AND `addtime` < '1528457013' )  AND `delstate` = 1  AND `carstatus` = 1 LIMIT 1 [ RunTime:0.053000s ]
[ sql ] [ SQL ] SHOW COLUMNS FROM `ct_order` [ RunTime:0.057000s ]
[ sql ] [ SQL ] SELECT COUNT(*) AS tp_count FROM `ct_order` WHERE  ( `addtime` > '1528197813' AND `addtime` < '1528457013' )  AND `orderstate` = 2  AND `paystate` = 2 LIMIT 1 [ RunTime:0.056000s ]

---------------------------------------------------------------
[ 2018-06-08T19:24:33+08:00 ] 127.0.0.1 127.0.0.1 POST /admin/index/getcheckmsg
[ log ] www.ctadmin.com/admin/index/getcheckmsg [运行时间：0.801000s][吞吐率：1.25req/s] [内存消耗：2,601.66kb] [文件加载：51]
[ info ] [ LANG ] E:\chitu\chitu_admin\trunk\thinkphp\lang\zh-cn.php
[ info ] [ ROUTE ] array (
  'type' => 'module',
  'module' => 
  array (
    0 => 'admin',
    1 => 'index',
    2 => 'getcheckmsg',
  ),
)
[ info ] [ HEADER ] array (
  'host' => 'www.ctadmin.com',
  'connection' => 'keep-alive',
  'content-length' => '0',
  'accept' => 'application/json, text/javascript, */*; q=0.01',
  'origin' => 'http://www.ctadmin.com',
  'x-requested-with' => 'XMLHttpRequest',
  'user-agent' => 'Mozilla/5.0 (Windows NT 6.1; WOW64) AppleWebKit/537.36 (KHTML, like Gecko) Chrome/66.0.3359.181 Safari/537.36',
  'referer' => 'http://www.ctadmin.com/admin/index/index.html',
  'accept-encoding' => 'gzip, deflate',
  'accept-language' => 'zh-CN,zh;q=0.9',
  'cookie' => 'PHPSESSID=8qqlsotenpgjdt0bbbqbedj676',
)
[ info ] [ PARAM ] array (
  '/admin/index/getcheckmsg' => '',
)
[ info ] [ RUN ] app\admin\controller\Index->getcheckmsg[ E:\chitu\chitu_admin\trunk\application\admin\controller\Index.php ]
[ info ] [ DB ] INIT mysql
[ info ] [ LOG ] INIT File
[ sql ] [ DB ] CONNECT:[ UseTime:0.099000s ] mysql:dbname=chitutest;host=rm-2zezn1940ztq6hib5o.mysql.rds.aliyuncs.com;charset=utf8
[ sql ] [ SQL ] SHOW COLUMNS FROM `ct_city_order` [ RunTime:0.055000s ]
[ sql ] [ SQL ] SELECT COUNT(*) AS tp_count FROM `ct_city_order` WHERE  ( `addtime` > '1528197872' AND `addtime` < '1528457072' )  AND `paystate` = 2  AND `state` = 1 LIMIT 1 [ RunTime:0.055000s ]
[ sql ] [ SQL ] SHOW COLUMNS FROM `ct_userorder` [ RunTime:0.054000s ]
[ sql ] [ SQL ] SELECT COUNT(*) AS tp_count FROM `ct_userorder` WHERE  ( `addtime` > '1528197873' AND `addtime` < '1528457073' )  AND `paystate` = 2  AND `orderstate` = 1 LIMIT 1 [ RunTime:0.054000s ]
[ sql ] [ SQL ] SHOW COLUMNS FROM `ct_shift_order` [ RunTime:0.055000s ]
[ sql ] [ SQL ] SELECT COUNT(*) AS tp_count FROM `ct_shift_order` WHERE  ( `addtime` > '1528197873' AND `addtime` < '1528457073' )  AND `paystate` = 2  AND `orderstate` = 1 LIMIT 1 [ RunTime:0.053000s ]
[ sql ] [ SQL ] SHOW COLUMNS FROM `ct_carcategory` [ RunTime:0.055000s ]
[ sql ] [ SQL ] SELECT COUNT(*) AS tp_count FROM `ct_carcategory` WHERE  ( `addtime` > '1528197873' AND `addtime` < '1528457073' )  AND `status` = '1' LIMIT 1 [ RunTime:0.054000s ]
[ sql ] [ SQL ] SHOW COLUMNS FROM `ct_driver` [ RunTime:0.054000s ]
[ sql ] [ SQL ] SELECT COUNT(*) AS tp_count FROM `ct_driver` WHERE  ( `addtime` > '1528197873' AND `addtime` < '1528457073' )  AND `delstate` = 1  AND `carstatus` = 1 LIMIT 1 [ RunTime:0.053000s ]
[ sql ] [ SQL ] SHOW COLUMNS FROM `ct_order` [ RunTime:0.054000s ]
[ sql ] [ SQL ] SELECT COUNT(*) AS tp_count FROM `ct_order` WHERE  ( `addtime` > '1528197873' AND `addtime` < '1528457073' )  AND `orderstate` = 2  AND `paystate` = 2 LIMIT 1 [ RunTime:0.054000s ]

---------------------------------------------------------------
[ 2018-06-08T19:25:33+08:00 ] 127.0.0.1 127.0.0.1 POST /admin/index/getcheckmsg
[ log ] www.ctadmin.com/admin/index/getcheckmsg [运行时间：0.873000s][吞吐率：1.15req/s] [内存消耗：2,601.66kb] [文件加载：51]
[ info ] [ LANG ] E:\chitu\chitu_admin\trunk\thinkphp\lang\zh-cn.php
[ info ] [ ROUTE ] array (
  'type' => 'module',
  'module' => 
  array (
    0 => 'admin',
    1 => 'index',
    2 => 'getcheckmsg',
  ),
)
[ info ] [ HEADER ] array (
  'host' => 'www.ctadmin.com',
  'connection' => 'keep-alive',
  'content-length' => '0',
  'accept' => 'application/json, text/javascript, */*; q=0.01',
  'origin' => 'http://www.ctadmin.com',
  'x-requested-with' => 'XMLHttpRequest',
  'user-agent' => 'Mozilla/5.0 (Windows NT 6.1; WOW64) AppleWebKit/537.36 (KHTML, like Gecko) Chrome/66.0.3359.181 Safari/537.36',
  'referer' => 'http://www.ctadmin.com/admin/index/index.html',
  'accept-encoding' => 'gzip, deflate',
  'accept-language' => 'zh-CN,zh;q=0.9',
  'cookie' => 'PHPSESSID=8qqlsotenpgjdt0bbbqbedj676',
)
[ info ] [ PARAM ] array (
  '/admin/index/getcheckmsg' => '',
)
[ info ] [ RUN ] app\admin\controller\Index->getcheckmsg[ E:\chitu\chitu_admin\trunk\application\admin\controller\Index.php ]
[ info ] [ DB ] INIT mysql
[ info ] [ LOG ] INIT File
[ sql ] [ DB ] CONNECT:[ UseTime:0.108000s ] mysql:dbname=chitutest;host=rm-2zezn1940ztq6hib5o.mysql.rds.aliyuncs.com;charset=utf8
[ sql ] [ SQL ] SHOW COLUMNS FROM `ct_city_order` [ RunTime:0.061000s ]
[ sql ] [ SQL ] SELECT COUNT(*) AS tp_count FROM `ct_city_order` WHERE  ( `addtime` > '1528197932' AND `addtime` < '1528457132' )  AND `paystate` = 2  AND `state` = 1 LIMIT 1 [ RunTime:0.059000s ]
[ sql ] [ SQL ] SHOW COLUMNS FROM `ct_userorder` [ RunTime:0.061000s ]
[ sql ] [ SQL ] SELECT COUNT(*) AS tp_count FROM `ct_userorder` WHERE  ( `addtime` > '1528197933' AND `addtime` < '1528457133' )  AND `paystate` = 2  AND `orderstate` = 1 LIMIT 1 [ RunTime:0.060000s ]
[ sql ] [ SQL ] SHOW COLUMNS FROM `ct_shift_order` [ RunTime:0.060000s ]
[ sql ] [ SQL ] SELECT COUNT(*) AS tp_count FROM `ct_shift_order` WHERE  ( `addtime` > '1528197933' AND `addtime` < '1528457133' )  AND `paystate` = 2  AND `orderstate` = 1 LIMIT 1 [ RunTime:0.059000s ]
[ sql ] [ SQL ] SHOW COLUMNS FROM `ct_carcategory` [ RunTime:0.060000s ]
[ sql ] [ SQL ] SELECT COUNT(*) AS tp_count FROM `ct_carcategory` WHERE  ( `addtime` > '1528197933' AND `addtime` < '1528457133' )  AND `status` = '1' LIMIT 1 [ RunTime:0.058000s ]
[ sql ] [ SQL ] SHOW COLUMNS FROM `ct_driver` [ RunTime:0.058000s ]
[ sql ] [ SQL ] SELECT COUNT(*) AS tp_count FROM `ct_driver` WHERE  ( `addtime` > '1528197933' AND `addtime` < '1528457133' )  AND `delstate` = 1  AND `carstatus` = 1 LIMIT 1 [ RunTime:0.059000s ]
[ sql ] [ SQL ] SHOW COLUMNS FROM `ct_order` [ RunTime:0.061000s ]
[ sql ] [ SQL ] SELECT COUNT(*) AS tp_count FROM `ct_order` WHERE  ( `addtime` > '1528197933' AND `addtime` < '1528457133' )  AND `orderstate` = 2  AND `paystate` = 2 LIMIT 1 [ RunTime:0.058000s ]

---------------------------------------------------------------
[ 2018-06-08T19:26:33+08:00 ] 127.0.0.1 127.0.0.1 POST /admin/index/getcheckmsg
[ log ] www.ctadmin.com/admin/index/getcheckmsg [运行时间：0.831000s][吞吐率：1.20req/s] [内存消耗：2,601.66kb] [文件加载：51]
[ info ] [ LANG ] E:\chitu\chitu_admin\trunk\thinkphp\lang\zh-cn.php
[ info ] [ ROUTE ] array (
  'type' => 'module',
  'module' => 
  array (
    0 => 'admin',
    1 => 'index',
    2 => 'getcheckmsg',
  ),
)
[ info ] [ HEADER ] array (
  'host' => 'www.ctadmin.com',
  'connection' => 'keep-alive',
  'content-length' => '0',
  'accept' => 'application/json, text/javascript, */*; q=0.01',
  'origin' => 'http://www.ctadmin.com',
  'x-requested-with' => 'XMLHttpRequest',
  'user-agent' => 'Mozilla/5.0 (Windows NT 6.1; WOW64) AppleWebKit/537.36 (KHTML, like Gecko) Chrome/66.0.3359.181 Safari/537.36',
  'referer' => 'http://www.ctadmin.com/admin/index/index.html',
  'accept-encoding' => 'gzip, deflate',
  'accept-language' => 'zh-CN,zh;q=0.9',
  'cookie' => 'PHPSESSID=8qqlsotenpgjdt0bbbqbedj676',
)
[ info ] [ PARAM ] array (
  '/admin/index/getcheckmsg' => '',
)
[ info ] [ RUN ] app\admin\controller\Index->getcheckmsg[ E:\chitu\chitu_admin\trunk\application\admin\controller\Index.php ]
[ info ] [ DB ] INIT mysql
[ info ] [ LOG ] INIT File
[ sql ] [ DB ] CONNECT:[ UseTime:0.107000s ] mysql:dbname=chitutest;host=rm-2zezn1940ztq6hib5o.mysql.rds.aliyuncs.com;charset=utf8
[ sql ] [ SQL ] SHOW COLUMNS FROM `ct_city_order` [ RunTime:0.057000s ]
[ sql ] [ SQL ] SELECT COUNT(*) AS tp_count FROM `ct_city_order` WHERE  ( `addtime` > '1528197992' AND `addtime` < '1528457192' )  AND `paystate` = 2  AND `state` = 1 LIMIT 1 [ RunTime:0.055000s ]
[ sql ] [ SQL ] SHOW COLUMNS FROM `ct_userorder` [ RunTime:0.056000s ]
[ sql ] [ SQL ] SELECT COUNT(*) AS tp_count FROM `ct_userorder` WHERE  ( `addtime` > '1528197993' AND `addtime` < '1528457193' )  AND `paystate` = 2  AND `orderstate` = 1 LIMIT 1 [ RunTime:0.056000s ]
[ sql ] [ SQL ] SHOW COLUMNS FROM `ct_shift_order` [ RunTime:0.060000s ]
[ sql ] [ SQL ] SELECT COUNT(*) AS tp_count FROM `ct_shift_order` WHERE  ( `addtime` > '1528197993' AND `addtime` < '1528457193' )  AND `paystate` = 2  AND `orderstate` = 1 LIMIT 1 [ RunTime:0.055000s ]
[ sql ] [ SQL ] SHOW COLUMNS FROM `ct_carcategory` [ RunTime:0.055000s ]
[ sql ] [ SQL ] SELECT COUNT(*) AS tp_count FROM `ct_carcategory` WHERE  ( `addtime` > '1528197993' AND `addtime` < '1528457193' )  AND `status` = '1' LIMIT 1 [ RunTime:0.058000s ]
[ sql ] [ SQL ] SHOW COLUMNS FROM `ct_driver` [ RunTime:0.056000s ]
[ sql ] [ SQL ] SELECT COUNT(*) AS tp_count FROM `ct_driver` WHERE  ( `addtime` > '1528197993' AND `addtime` < '1528457193' )  AND `delstate` = 1  AND `carstatus` = 1 LIMIT 1 [ RunTime:0.055000s ]
[ sql ] [ SQL ] SHOW COLUMNS FROM `ct_order` [ RunTime:0.055000s ]
[ sql ] [ SQL ] SELECT COUNT(*) AS tp_count FROM `ct_order` WHERE  ( `addtime` > '1528197993' AND `addtime` < '1528457193' )  AND `orderstate` = 2  AND `paystate` = 2 LIMIT 1 [ RunTime:0.054000s ]

---------------------------------------------------------------
[ 2018-06-08T19:27:33+08:00 ] 127.0.0.1 127.0.0.1 POST /admin/index/getcheckmsg
[ log ] www.ctadmin.com/admin/index/getcheckmsg [运行时间：0.848000s][吞吐率：1.18req/s] [内存消耗：2,601.66kb] [文件加载：51]
[ info ] [ LANG ] E:\chitu\chitu_admin\trunk\thinkphp\lang\zh-cn.php
[ info ] [ ROUTE ] array (
  'type' => 'module',
  'module' => 
  array (
    0 => 'admin',
    1 => 'index',
    2 => 'getcheckmsg',
  ),
)
[ info ] [ HEADER ] array (
  'host' => 'www.ctadmin.com',
  'connection' => 'keep-alive',
  'content-length' => '0',
  'accept' => 'application/json, text/javascript, */*; q=0.01',
  'origin' => 'http://www.ctadmin.com',
  'x-requested-with' => 'XMLHttpRequest',
  'user-agent' => 'Mozilla/5.0 (Windows NT 6.1; WOW64) AppleWebKit/537.36 (KHTML, like Gecko) Chrome/66.0.3359.181 Safari/537.36',
  'referer' => 'http://www.ctadmin.com/admin/index/index.html',
  'accept-encoding' => 'gzip, deflate',
  'accept-language' => 'zh-CN,zh;q=0.9',
  'cookie' => 'PHPSESSID=8qqlsotenpgjdt0bbbqbedj676',
)
[ info ] [ PARAM ] array (
  '/admin/index/getcheckmsg' => '',
)
[ info ] [ RUN ] app\admin\controller\Index->getcheckmsg[ E:\chitu\chitu_admin\trunk\application\admin\controller\Index.php ]
[ info ] [ DB ] INIT mysql
[ info ] [ LOG ] INIT File
[ sql ] [ DB ] CONNECT:[ UseTime:0.106000s ] mysql:dbname=chitutest;host=rm-2zezn1940ztq6hib5o.mysql.rds.aliyuncs.com;charset=utf8
[ sql ] [ SQL ] SHOW COLUMNS FROM `ct_city_order` [ RunTime:0.059000s ]
[ sql ] [ SQL ] SELECT COUNT(*) AS tp_count FROM `ct_city_order` WHERE  ( `addtime` > '1528198052' AND `addtime` < '1528457252' )  AND `paystate` = 2  AND `state` = 1 LIMIT 1 [ RunTime:0.060000s ]
[ sql ] [ SQL ] SHOW COLUMNS FROM `ct_userorder` [ RunTime:0.059000s ]
[ sql ] [ SQL ] SELECT COUNT(*) AS tp_count FROM `ct_userorder` WHERE  ( `addtime` > '1528198053' AND `addtime` < '1528457253' )  AND `paystate` = 2  AND `orderstate` = 1 LIMIT 1 [ RunTime:0.056000s ]
[ sql ] [ SQL ] SHOW COLUMNS FROM `ct_shift_order` [ RunTime:0.058000s ]
[ sql ] [ SQL ] SELECT COUNT(*) AS tp_count FROM `ct_shift_order` WHERE  ( `addtime` > '1528198053' AND `addtime` < '1528457253' )  AND `paystate` = 2  AND `orderstate` = 1 LIMIT 1 [ RunTime:0.058000s ]
[ sql ] [ SQL ] SHOW COLUMNS FROM `ct_carcategory` [ RunTime:0.059000s ]
[ sql ] [ SQL ] SELECT COUNT(*) AS tp_count FROM `ct_carcategory` WHERE  ( `addtime` > '1528198053' AND `addtime` < '1528457253' )  AND `status` = '1' LIMIT 1 [ RunTime:0.055000s ]
[ sql ] [ SQL ] SHOW COLUMNS FROM `ct_driver` [ RunTime:0.058000s ]
[ sql ] [ SQL ] SELECT COUNT(*) AS tp_count FROM `ct_driver` WHERE  ( `addtime` > '1528198053' AND `addtime` < '1528457253' )  AND `delstate` = 1  AND `carstatus` = 1 LIMIT 1 [ RunTime:0.057000s ]
[ sql ] [ SQL ] SHOW COLUMNS FROM `ct_order` [ RunTime:0.057000s ]
[ sql ] [ SQL ] SELECT COUNT(*) AS tp_count FROM `ct_order` WHERE  ( `addtime` > '1528198053' AND `addtime` < '1528457253' )  AND `orderstate` = 2  AND `paystate` = 2 LIMIT 1 [ RunTime:0.058000s ]

---------------------------------------------------------------
[ 2018-06-08T19:28:33+08:00 ] 127.0.0.1 127.0.0.1 POST /admin/index/getcheckmsg
[ log ] www.ctadmin.com/admin/index/getcheckmsg [运行时间：0.851000s][吞吐率：1.18req/s] [内存消耗：2,601.66kb] [文件加载：51]
[ info ] [ LANG ] E:\chitu\chitu_admin\trunk\thinkphp\lang\zh-cn.php
[ info ] [ ROUTE ] array (
  'type' => 'module',
  'module' => 
  array (
    0 => 'admin',
    1 => 'index',
    2 => 'getcheckmsg',
  ),
)
[ info ] [ HEADER ] array (
  'host' => 'www.ctadmin.com',
  'connection' => 'keep-alive',
  'content-length' => '0',
  'accept' => 'application/json, text/javascript, */*; q=0.01',
  'origin' => 'http://www.ctadmin.com',
  'x-requested-with' => 'XMLHttpRequest',
  'user-agent' => 'Mozilla/5.0 (Windows NT 6.1; WOW64) AppleWebKit/537.36 (KHTML, like Gecko) Chrome/66.0.3359.181 Safari/537.36',
  'referer' => 'http://www.ctadmin.com/admin/index/index.html',
  'accept-encoding' => 'gzip, deflate',
  'accept-language' => 'zh-CN,zh;q=0.9',
  'cookie' => 'PHPSESSID=8qqlsotenpgjdt0bbbqbedj676',
)
[ info ] [ PARAM ] array (
  '/admin/index/getcheckmsg' => '',
)
[ info ] [ RUN ] app\admin\controller\Index->getcheckmsg[ E:\chitu\chitu_admin\trunk\application\admin\controller\Index.php ]
[ info ] [ DB ] INIT mysql
[ info ] [ LOG ] INIT File
[ sql ] [ DB ] CONNECT:[ UseTime:0.107000s ] mysql:dbname=chitutest;host=rm-2zezn1940ztq6hib5o.mysql.rds.aliyuncs.com;charset=utf8
[ sql ] [ SQL ] SHOW COLUMNS FROM `ct_city_order` [ RunTime:0.055000s ]
[ sql ] [ SQL ] SELECT COUNT(*) AS tp_count FROM `ct_city_order` WHERE  ( `addtime` > '1528198112' AND `addtime` < '1528457312' )  AND `paystate` = 2  AND `state` = 1 LIMIT 1 [ RunTime:0.057000s ]
[ sql ] [ SQL ] SHOW COLUMNS FROM `ct_userorder` [ RunTime:0.057000s ]
[ sql ] [ SQL ] SELECT COUNT(*) AS tp_count FROM `ct_userorder` WHERE  ( `addtime` > '1528198113' AND `addtime` < '1528457313' )  AND `paystate` = 2  AND `orderstate` = 1 LIMIT 1 [ RunTime:0.056000s ]
[ sql ] [ SQL ] SHOW COLUMNS FROM `ct_shift_order` [ RunTime:0.057000s ]
[ sql ] [ SQL ] SELECT COUNT(*) AS tp_count FROM `ct_shift_order` WHERE  ( `addtime` > '1528198113' AND `addtime` < '1528457313' )  AND `paystate` = 2  AND `orderstate` = 1 LIMIT 1 [ RunTime:0.055000s ]
[ sql ] [ SQL ] SHOW COLUMNS FROM `ct_carcategory` [ RunTime:0.056000s ]
[ sql ] [ SQL ] SELECT COUNT(*) AS tp_count FROM `ct_carcategory` WHERE  ( `addtime` > '1528198113' AND `addtime` < '1528457313' )  AND `status` = '1' LIMIT 1 [ RunTime:0.055000s ]
[ sql ] [ SQL ] SHOW COLUMNS FROM `ct_driver` [ RunTime:0.065000s ]
[ sql ] [ SQL ] SELECT COUNT(*) AS tp_count FROM `ct_driver` WHERE  ( `addtime` > '1528198113' AND `addtime` < '1528457313' )  AND `delstate` = 1  AND `carstatus` = 1 LIMIT 1 [ RunTime:0.056000s ]
[ sql ] [ SQL ] SHOW COLUMNS FROM `ct_order` [ RunTime:0.057000s ]
[ sql ] [ SQL ] SELECT COUNT(*) AS tp_count FROM `ct_order` WHERE  ( `addtime` > '1528198113' AND `addtime` < '1528457313' )  AND `orderstate` = 2  AND `paystate` = 2 LIMIT 1 [ RunTime:0.059000s ]

---------------------------------------------------------------
[ 2018-06-08T19:29:33+08:00 ] 127.0.0.1 127.0.0.1 POST /admin/index/getcheckmsg
[ log ] www.ctadmin.com/admin/index/getcheckmsg [运行时间：0.822000s][吞吐率：1.22req/s] [内存消耗：2,601.66kb] [文件加载：51]
[ info ] [ LANG ] E:\chitu\chitu_admin\trunk\thinkphp\lang\zh-cn.php
[ info ] [ ROUTE ] array (
  'type' => 'module',
  'module' => 
  array (
    0 => 'admin',
    1 => 'index',
    2 => 'getcheckmsg',
  ),
)
[ info ] [ HEADER ] array (
  'host' => 'www.ctadmin.com',
  'connection' => 'keep-alive',
  'content-length' => '0',
  'accept' => 'application/json, text/javascript, */*; q=0.01',
  'origin' => 'http://www.ctadmin.com',
  'x-requested-with' => 'XMLHttpRequest',
  'user-agent' => 'Mozilla/5.0 (Windows NT 6.1; WOW64) AppleWebKit/537.36 (KHTML, like Gecko) Chrome/66.0.3359.181 Safari/537.36',
  'referer' => 'http://www.ctadmin.com/admin/index/index.html',
  'accept-encoding' => 'gzip, deflate',
  'accept-language' => 'zh-CN,zh;q=0.9',
  'cookie' => 'PHPSESSID=8qqlsotenpgjdt0bbbqbedj676',
)
[ info ] [ PARAM ] array (
  '/admin/index/getcheckmsg' => '',
)
[ info ] [ RUN ] app\admin\controller\Index->getcheckmsg[ E:\chitu\chitu_admin\trunk\application\admin\controller\Index.php ]
[ info ] [ DB ] INIT mysql
[ info ] [ LOG ] INIT File
[ sql ] [ DB ] CONNECT:[ UseTime:0.099000s ] mysql:dbname=chitutest;host=rm-2zezn1940ztq6hib5o.mysql.rds.aliyuncs.com;charset=utf8
[ sql ] [ SQL ] SHOW COLUMNS FROM `ct_city_order` [ RunTime:0.054000s ]
[ sql ] [ SQL ] SELECT COUNT(*) AS tp_count FROM `ct_city_order` WHERE  ( `addtime` > '1528198173' AND `addtime` < '1528457373' )  AND `paystate` = 2  AND `state` = 1 LIMIT 1 [ RunTime:0.054000s ]
[ sql ] [ SQL ] SHOW COLUMNS FROM `ct_userorder` [ RunTime:0.057000s ]
[ sql ] [ SQL ] SELECT COUNT(*) AS tp_count FROM `ct_userorder` WHERE  ( `addtime` > '1528198173' AND `addtime` < '1528457373' )  AND `paystate` = 2  AND `orderstate` = 1 LIMIT 1 [ RunTime:0.053000s ]
[ sql ] [ SQL ] SHOW COLUMNS FROM `ct_shift_order` [ RunTime:0.054000s ]
[ sql ] [ SQL ] SELECT COUNT(*) AS tp_count FROM `ct_shift_order` WHERE  ( `addtime` > '1528198173' AND `addtime` < '1528457373' )  AND `paystate` = 2  AND `orderstate` = 1 LIMIT 1 [ RunTime:0.054000s ]
[ sql ] [ SQL ] SHOW COLUMNS FROM `ct_carcategory` [ RunTime:0.054000s ]
[ sql ] [ SQL ] SELECT COUNT(*) AS tp_count FROM `ct_carcategory` WHERE  ( `addtime` > '1528198173' AND `addtime` < '1528457373' )  AND `status` = '1' LIMIT 1 [ RunTime:0.053000s ]
[ sql ] [ SQL ] SHOW COLUMNS FROM `ct_driver` [ RunTime:0.055000s ]
[ sql ] [ SQL ] SELECT COUNT(*) AS tp_count FROM `ct_driver` WHERE  ( `addtime` > '1528198173' AND `addtime` < '1528457373' )  AND `delstate` = 1  AND `carstatus` = 1 LIMIT 1 [ RunTime:0.054000s ]
[ sql ] [ SQL ] SHOW COLUMNS FROM `ct_order` [ RunTime:0.062000s ]
[ sql ] [ SQL ] SELECT COUNT(*) AS tp_count FROM `ct_order` WHERE  ( `addtime` > '1528198173' AND `addtime` < '1528457373' )  AND `orderstate` = 2  AND `paystate` = 2 LIMIT 1 [ RunTime:0.056000s ]

---------------------------------------------------------------
[ 2018-06-08T19:30:33+08:00 ] 127.0.0.1 127.0.0.1 POST /admin/index/getcheckmsg
[ log ] www.ctadmin.com/admin/index/getcheckmsg [运行时间：0.821000s][吞吐率：1.22req/s] [内存消耗：2,601.66kb] [文件加载：51]
[ info ] [ LANG ] E:\chitu\chitu_admin\trunk\thinkphp\lang\zh-cn.php
[ info ] [ ROUTE ] array (
  'type' => 'module',
  'module' => 
  array (
    0 => 'admin',
    1 => 'index',
    2 => 'getcheckmsg',
  ),
)
[ info ] [ HEADER ] array (
  'host' => 'www.ctadmin.com',
  'connection' => 'keep-alive',
  'content-length' => '0',
  'accept' => 'application/json, text/javascript, */*; q=0.01',
  'origin' => 'http://www.ctadmin.com',
  'x-requested-with' => 'XMLHttpRequest',
  'user-agent' => 'Mozilla/5.0 (Windows NT 6.1; WOW64) AppleWebKit/537.36 (KHTML, like Gecko) Chrome/66.0.3359.181 Safari/537.36',
  'referer' => 'http://www.ctadmin.com/admin/index/index.html',
  'accept-encoding' => 'gzip, deflate',
  'accept-language' => 'zh-CN,zh;q=0.9',
  'cookie' => 'PHPSESSID=8qqlsotenpgjdt0bbbqbedj676',
)
[ info ] [ PARAM ] array (
  '/admin/index/getcheckmsg' => '',
)
[ info ] [ RUN ] app\admin\controller\Index->getcheckmsg[ E:\chitu\chitu_admin\trunk\application\admin\controller\Index.php ]
[ info ] [ DB ] INIT mysql
[ info ] [ LOG ] INIT File
[ sql ] [ DB ] CONNECT:[ UseTime:0.102000s ] mysql:dbname=chitutest;host=rm-2zezn1940ztq6hib5o.mysql.rds.aliyuncs.com;charset=utf8
[ sql ] [ SQL ] SHOW COLUMNS FROM `ct_city_order` [ RunTime:0.054000s ]
[ sql ] [ SQL ] SELECT COUNT(*) AS tp_count FROM `ct_city_order` WHERE  ( `addtime` > '1528198233' AND `addtime` < '1528457433' )  AND `paystate` = 2  AND `state` = 1 LIMIT 1 [ RunTime:0.055000s ]
[ sql ] [ SQL ] SHOW COLUMNS FROM `ct_userorder` [ RunTime:0.053000s ]
[ sql ] [ SQL ] SELECT COUNT(*) AS tp_count FROM `ct_userorder` WHERE  ( `addtime` > '1528198233' AND `addtime` < '1528457433' )  AND `paystate` = 2  AND `orderstate` = 1 LIMIT 1 [ RunTime:0.055000s ]
[ sql ] [ SQL ] SHOW COLUMNS FROM `ct_shift_order` [ RunTime:0.055000s ]
[ sql ] [ SQL ] SELECT COUNT(*) AS tp_count FROM `ct_shift_order` WHERE  ( `addtime` > '1528198233' AND `addtime` < '1528457433' )  AND `paystate` = 2  AND `orderstate` = 1 LIMIT 1 [ RunTime:0.055000s ]
[ sql ] [ SQL ] SHOW COLUMNS FROM `ct_carcategory` [ RunTime:0.056000s ]
[ sql ] [ SQL ] SELECT COUNT(*) AS tp_count FROM `ct_carcategory` WHERE  ( `addtime` > '1528198233' AND `addtime` < '1528457433' )  AND `status` = '1' LIMIT 1 [ RunTime:0.055000s ]
[ sql ] [ SQL ] SHOW COLUMNS FROM `ct_driver` [ RunTime:0.056000s ]
[ sql ] [ SQL ] SELECT COUNT(*) AS tp_count FROM `ct_driver` WHERE  ( `addtime` > '1528198233' AND `addtime` < '1528457433' )  AND `delstate` = 1  AND `carstatus` = 1 LIMIT 1 [ RunTime:0.055000s ]
[ sql ] [ SQL ] SHOW COLUMNS FROM `ct_order` [ RunTime:0.056000s ]
[ sql ] [ SQL ] SELECT COUNT(*) AS tp_count FROM `ct_order` WHERE  ( `addtime` > '1528198233' AND `addtime` < '1528457433' )  AND `orderstate` = 2  AND `paystate` = 2 LIMIT 1 [ RunTime:0.054000s ]

---------------------------------------------------------------
[ 2018-06-08T19:31:33+08:00 ] 127.0.0.1 127.0.0.1 POST /admin/index/getcheckmsg
[ log ] www.ctadmin.com/admin/index/getcheckmsg [运行时间：0.848000s][吞吐率：1.18req/s] [内存消耗：2,601.66kb] [文件加载：51]
[ info ] [ LANG ] E:\chitu\chitu_admin\trunk\thinkphp\lang\zh-cn.php
[ info ] [ ROUTE ] array (
  'type' => 'module',
  'module' => 
  array (
    0 => 'admin',
    1 => 'index',
    2 => 'getcheckmsg',
  ),
)
[ info ] [ HEADER ] array (
  'host' => 'www.ctadmin.com',
  'connection' => 'keep-alive',
  'content-length' => '0',
  'accept' => 'application/json, text/javascript, */*; q=0.01',
  'origin' => 'http://www.ctadmin.com',
  'x-requested-with' => 'XMLHttpRequest',
  'user-agent' => 'Mozilla/5.0 (Windows NT 6.1; WOW64) AppleWebKit/537.36 (KHTML, like Gecko) Chrome/66.0.3359.181 Safari/537.36',
  'referer' => 'http://www.ctadmin.com/admin/index/index.html',
  'accept-encoding' => 'gzip, deflate',
  'accept-language' => 'zh-CN,zh;q=0.9',
  'cookie' => 'PHPSESSID=8qqlsotenpgjdt0bbbqbedj676',
)
[ info ] [ PARAM ] array (
  '/admin/index/getcheckmsg' => '',
)
[ info ] [ RUN ] app\admin\controller\Index->getcheckmsg[ E:\chitu\chitu_admin\trunk\application\admin\controller\Index.php ]
[ info ] [ DB ] INIT mysql
[ info ] [ LOG ] INIT File
[ sql ] [ DB ] CONNECT:[ UseTime:0.106000s ] mysql:dbname=chitutest;host=rm-2zezn1940ztq6hib5o.mysql.rds.aliyuncs.com;charset=utf8
[ sql ] [ SQL ] SHOW COLUMNS FROM `ct_city_order` [ RunTime:0.057000s ]
[ sql ] [ SQL ] SELECT COUNT(*) AS tp_count FROM `ct_city_order` WHERE  ( `addtime` > '1528198293' AND `addtime` < '1528457493' )  AND `paystate` = 2  AND `state` = 1 LIMIT 1 [ RunTime:0.057000s ]
[ sql ] [ SQL ] SHOW COLUMNS FROM `ct_userorder` [ RunTime:0.066000s ]
[ sql ] [ SQL ] SELECT COUNT(*) AS tp_count FROM `ct_userorder` WHERE  ( `addtime` > '1528198293' AND `addtime` < '1528457493' )  AND `paystate` = 2  AND `orderstate` = 1 LIMIT 1 [ RunTime:0.054000s ]
[ sql ] [ SQL ] SHOW COLUMNS FROM `ct_shift_order` [ RunTime:0.057000s ]
[ sql ] [ SQL ] SELECT COUNT(*) AS tp_count FROM `ct_shift_order` WHERE  ( `addtime` > '1528198293' AND `addtime` < '1528457493' )  AND `paystate` = 2  AND `orderstate` = 1 LIMIT 1 [ RunTime:0.054000s ]
[ sql ] [ SQL ] SHOW COLUMNS FROM `ct_carcategory` [ RunTime:0.057000s ]
[ sql ] [ SQL ] SELECT COUNT(*) AS tp_count FROM `ct_carcategory` WHERE  ( `addtime` > '1528198293' AND `addtime` < '1528457493' )  AND `status` = '1' LIMIT 1 [ RunTime:0.055000s ]
[ sql ] [ SQL ] SHOW COLUMNS FROM `ct_driver` [ RunTime:0.056000s ]
[ sql ] [ SQL ] SELECT COUNT(*) AS tp_count FROM `ct_driver` WHERE  ( `addtime` > '1528198293' AND `addtime` < '1528457493' )  AND `delstate` = 1  AND `carstatus` = 1 LIMIT 1 [ RunTime:0.056000s ]
[ sql ] [ SQL ] SHOW COLUMNS FROM `ct_order` [ RunTime:0.056000s ]
[ sql ] [ SQL ] SELECT COUNT(*) AS tp_count FROM `ct_order` WHERE  ( `addtime` > '1528198293' AND `addtime` < '1528457493' )  AND `orderstate` = 2  AND `paystate` = 2 LIMIT 1 [ RunTime:0.056000s ]

---------------------------------------------------------------
[ 2018-06-08T19:32:33+08:00 ] 127.0.0.1 127.0.0.1 POST /admin/index/getcheckmsg
[ log ] www.ctadmin.com/admin/index/getcheckmsg [运行时间：0.836000s][吞吐率：1.20req/s] [内存消耗：2,601.66kb] [文件加载：51]
[ info ] [ LANG ] E:\chitu\chitu_admin\trunk\thinkphp\lang\zh-cn.php
[ info ] [ ROUTE ] array (
  'type' => 'module',
  'module' => 
  array (
    0 => 'admin',
    1 => 'index',
    2 => 'getcheckmsg',
  ),
)
[ info ] [ HEADER ] array (
  'host' => 'www.ctadmin.com',
  'connection' => 'keep-alive',
  'content-length' => '0',
  'accept' => 'application/json, text/javascript, */*; q=0.01',
  'origin' => 'http://www.ctadmin.com',
  'x-requested-with' => 'XMLHttpRequest',
  'user-agent' => 'Mozilla/5.0 (Windows NT 6.1; WOW64) AppleWebKit/537.36 (KHTML, like Gecko) Chrome/66.0.3359.181 Safari/537.36',
  'referer' => 'http://www.ctadmin.com/admin/index/index.html',
  'accept-encoding' => 'gzip, deflate',
  'accept-language' => 'zh-CN,zh;q=0.9',
  'cookie' => 'PHPSESSID=8qqlsotenpgjdt0bbbqbedj676',
)
[ info ] [ PARAM ] array (
  '/admin/index/getcheckmsg' => '',
)
[ info ] [ RUN ] app\admin\controller\Index->getcheckmsg[ E:\chitu\chitu_admin\trunk\application\admin\controller\Index.php ]
[ info ] [ DB ] INIT mysql
[ info ] [ LOG ] INIT File
[ sql ] [ DB ] CONNECT:[ UseTime:0.103000s ] mysql:dbname=chitutest;host=rm-2zezn1940ztq6hib5o.mysql.rds.aliyuncs.com;charset=utf8
[ sql ] [ SQL ] SHOW COLUMNS FROM `ct_city_order` [ RunTime:0.057000s ]
[ sql ] [ SQL ] SELECT COUNT(*) AS tp_count FROM `ct_city_order` WHERE  ( `addtime` > '1528198353' AND `addtime` < '1528457553' )  AND `paystate` = 2  AND `state` = 1 LIMIT 1 [ RunTime:0.057000s ]
[ sql ] [ SQL ] SHOW COLUMNS FROM `ct_userorder` [ RunTime:0.059000s ]
[ sql ] [ SQL ] SELECT COUNT(*) AS tp_count FROM `ct_userorder` WHERE  ( `addtime` > '1528198353' AND `addtime` < '1528457553' )  AND `paystate` = 2  AND `orderstate` = 1 LIMIT 1 [ RunTime:0.056000s ]
[ sql ] [ SQL ] SHOW COLUMNS FROM `ct_shift_order` [ RunTime:0.056000s ]
[ sql ] [ SQL ] SELECT COUNT(*) AS tp_count FROM `ct_shift_order` WHERE  ( `addtime` > '1528198353' AND `addtime` < '1528457553' )  AND `paystate` = 2  AND `orderstate` = 1 LIMIT 1 [ RunTime:0.056000s ]
[ sql ] [ SQL ] SHOW COLUMNS FROM `ct_carcategory` [ RunTime:0.058000s ]
[ sql ] [ SQL ] SELECT COUNT(*) AS tp_count FROM `ct_carcategory` WHERE  ( `addtime` > '1528198353' AND `addtime` < '1528457553' )  AND `status` = '1' LIMIT 1 [ RunTime:0.056000s ]
[ sql ] [ SQL ] SHOW COLUMNS FROM `ct_driver` [ RunTime:0.057000s ]
[ sql ] [ SQL ] SELECT COUNT(*) AS tp_count FROM `ct_driver` WHERE  ( `addtime` > '1528198353' AND `addtime` < '1528457553' )  AND `delstate` = 1  AND `carstatus` = 1 LIMIT 1 [ RunTime:0.056000s ]
[ sql ] [ SQL ] SHOW COLUMNS FROM `ct_order` [ RunTime:0.056000s ]
[ sql ] [ SQL ] SELECT COUNT(*) AS tp_count FROM `ct_order` WHERE  ( `addtime` > '1528198353' AND `addtime` < '1528457553' )  AND `orderstate` = 2  AND `paystate` = 2 LIMIT 1 [ RunTime:0.057000s ]

---------------------------------------------------------------
[ 2018-06-08T19:33:33+08:00 ] 127.0.0.1 127.0.0.1 POST /admin/index/getcheckmsg
[ log ] www.ctadmin.com/admin/index/getcheckmsg [运行时间：0.846000s][吞吐率：1.18req/s] [内存消耗：2,601.66kb] [文件加载：51]
[ info ] [ LANG ] E:\chitu\chitu_admin\trunk\thinkphp\lang\zh-cn.php
[ info ] [ ROUTE ] array (
  'type' => 'module',
  'module' => 
  array (
    0 => 'admin',
    1 => 'index',
    2 => 'getcheckmsg',
  ),
)
[ info ] [ HEADER ] array (
  'host' => 'www.ctadmin.com',
  'connection' => 'keep-alive',
  'content-length' => '0',
  'accept' => 'application/json, text/javascript, */*; q=0.01',
  'origin' => 'http://www.ctadmin.com',
  'x-requested-with' => 'XMLHttpRequest',
  'user-agent' => 'Mozilla/5.0 (Windows NT 6.1; WOW64) AppleWebKit/537.36 (KHTML, like Gecko) Chrome/66.0.3359.181 Safari/537.36',
  'referer' => 'http://www.ctadmin.com/admin/index/index.html',
  'accept-encoding' => 'gzip, deflate',
  'accept-language' => 'zh-CN,zh;q=0.9',
  'cookie' => 'PHPSESSID=8qqlsotenpgjdt0bbbqbedj676',
)
[ info ] [ PARAM ] array (
  '/admin/index/getcheckmsg' => '',
)
[ info ] [ RUN ] app\admin\controller\Index->getcheckmsg[ E:\chitu\chitu_admin\trunk\application\admin\controller\Index.php ]
[ info ] [ DB ] INIT mysql
[ info ] [ LOG ] INIT File
[ sql ] [ DB ] CONNECT:[ UseTime:0.110000s ] mysql:dbname=chitutest;host=rm-2zezn1940ztq6hib5o.mysql.rds.aliyuncs.com;charset=utf8
[ sql ] [ SQL ] SHOW COLUMNS FROM `ct_city_order` [ RunTime:0.058000s ]
[ sql ] [ SQL ] SELECT COUNT(*) AS tp_count FROM `ct_city_order` WHERE  ( `addtime` > '1528198413' AND `addtime` < '1528457613' )  AND `paystate` = 2  AND `state` = 1 LIMIT 1 [ RunTime:0.056000s ]
[ sql ] [ SQL ] SHOW COLUMNS FROM `ct_userorder` [ RunTime:0.056000s ]
[ sql ] [ SQL ] SELECT COUNT(*) AS tp_count FROM `ct_userorder` WHERE  ( `addtime` > '1528198413' AND `addtime` < '1528457613' )  AND `paystate` = 2  AND `orderstate` = 1 LIMIT 1 [ RunTime:0.056000s ]
[ sql ] [ SQL ] SHOW COLUMNS FROM `ct_shift_order` [ RunTime:0.058000s ]
[ sql ] [ SQL ] SELECT COUNT(*) AS tp_count FROM `ct_shift_order` WHERE  ( `addtime` > '1528198413' AND `addtime` < '1528457613' )  AND `paystate` = 2  AND `orderstate` = 1 LIMIT 1 [ RunTime:0.055000s ]
[ sql ] [ SQL ] SHOW COLUMNS FROM `ct_carcategory` [ RunTime:0.055000s ]
[ sql ] [ SQL ] SELECT COUNT(*) AS tp_count FROM `ct_carcategory` WHERE  ( `addtime` > '1528198413' AND `addtime` < '1528457613' )  AND `status` = '1' LIMIT 1 [ RunTime:0.056000s ]
[ sql ] [ SQL ] SHOW COLUMNS FROM `ct_driver` [ RunTime:0.057000s ]
[ sql ] [ SQL ] SELECT COUNT(*) AS tp_count FROM `ct_driver` WHERE  ( `addtime` > '1528198413' AND `addtime` < '1528457613' )  AND `delstate` = 1  AND `carstatus` = 1 LIMIT 1 [ RunTime:0.057000s ]
[ sql ] [ SQL ] SHOW COLUMNS FROM `ct_order` [ RunTime:0.056000s ]
[ sql ] [ SQL ] SELECT COUNT(*) AS tp_count FROM `ct_order` WHERE  ( `addtime` > '1528198413' AND `addtime` < '1528457613' )  AND `orderstate` = 2  AND `paystate` = 2 LIMIT 1 [ RunTime:0.056000s ]

---------------------------------------------------------------
