[ 2018-06-28T10:47:24+08:00 ] 127.0.0.1 127.0.0.1 POST /user/vehicle/valuation
[ log ] www.ctadmin.com/user/vehicle/valuation [运行时间：0.447500s][吞吐率：2.23req/s] [内存消耗：2,749.69kb] [文件加载：53]
[ info ] [ LANG ] E:\chitu\chitu_admin\trunk\thinkphp\lang\zh-cn.php
[ info ] [ ROUTE ] array (
  'type' => 'module',
  'module' => 
  array (
    0 => 'user',
    1 => 'vehicle',
    2 => 'valuation',
  ),
)
[ info ] [ HEADER ] array (
  'host' => 'www.ctadmin.com',
  'connection' => 'keep-alive',
  'content-length' => '1383',
  'user-agent' => 'Mozilla/5.0 (Windows NT 6.1; WOW64) AppleWebKit/537.36 (KHTML, like Gecko) Chrome/66.0.3359.181 Safari/537.36',
  'cache-control' => 'no-cache',
  'origin' => 'chrome-extension://niphlbdhgiabfnjeompmngebipomclik',
  'postman-token' => '116a5802-ee0d-744e-f0fe-f701379c060c',
  'content-type' => 'multipart/form-data; boundary=----WebKitFormBoundaryBRCIkKX5wBUHcOb2',
  'accept' => '*/*',
  'accept-encoding' => 'gzip, deflate',
  'accept-language' => 'zh-CN,zh;q=0.9',
)
[ info ] [ PARAM ] array (
  '/user/vehicle/valuation' => '',
  'token' => 'McTtUpyhOpT6g956O9D6k95OTM1NjIyMWNvZGVwaHAO0O0O',
  'carid' => '9',
  'taddress' => '[{"address":"上海市黄浦区自忠路408号"}]',
  'paddress' => '[{"address":"上海市徐汇区天钥桥南路1298-4号","addtabid":1}]',
  'ordertype' => '1',
  'cold_type' => '冷藏2℃~8℃',
  'data_type' => '2018-06-28 12:00',
  'price' => '',
  'user_discount' => '',
  'remark' => '',
  'cityid' => '45054',
  'pytype' => '3',
)
[ info ] [ DB ] INIT mysql
[ info ] [ RUN ] app\user\controller\Vehicle->valuation[ E:\chitu\chitu_admin\trunk\application\user\controller\Vehicle.php ]
[ info ] [ LOG ] INIT File
[ sql ] [ DB ] CONNECT:[ UseTime:0.159500s ] mysql:dbname=chitutest;host=rm-2zezn1940ztq6hib5o.mysql.rds.aliyuncs.com;charset=utf8
[ sql ] [ SQL ] SHOW COLUMNS FROM `ct_config` [ RunTime:0.056000s ]
[ sql ] [ SQL ] SELECT * FROM `ct_config` WHERE  `id` = 13 LIMIT 1 [ RunTime:0.055500s ]

---------------------------------------------------------------
[ 2018-06-28T11:02:32+08:00 ] 127.0.0.1 127.0.0.1 POST /user/vehicle/city_With
[ log ] www.ctadmin.com/user/vehicle/city_With [运行时间：0.451500s][吞吐率：2.21req/s] [内存消耗：2,788.02kb] [文件加载：56]
[ info ] [ LANG ] E:\chitu\chitu_admin\trunk\thinkphp\lang\zh-cn.php
[ info ] [ ROUTE ] array (
  'type' => 'module',
  'module' => 
  array (
    0 => 'user',
    1 => 'vehicle',
    2 => 'city_With',
  ),
)
[ info ] [ HEADER ] array (
  'host' => 'www.ctadmin.com',
  'connection' => 'keep-alive',
  'content-length' => '1383',
  'user-agent' => 'Mozilla/5.0 (Windows NT 6.1; WOW64) AppleWebKit/537.36 (KHTML, like Gecko) Chrome/66.0.3359.181 Safari/537.36',
  'cache-control' => 'no-cache',
  'origin' => 'chrome-extension://niphlbdhgiabfnjeompmngebipomclik',
  'postman-token' => '5da7cc36-abdb-9f3c-85bc-2c96d3658cf0',
  'content-type' => 'multipart/form-data; boundary=----WebKitFormBoundarynIeeXcB7dGaB8hbQ',
  'accept' => '*/*',
  'accept-encoding' => 'gzip, deflate',
  'accept-language' => 'zh-CN,zh;q=0.9',
)
[ info ] [ PARAM ] array (
  '/user/vehicle/city_With' => '',
  'token' => 'McTtUpyhOpT6g956O9D6k95OTM1NjIyMWNvZGVwaHAO0O0O',
  'carid' => '9',
  'taddress' => '[{"address":"上海市黄浦区自忠路408号"}]',
  'paddress' => '[{"address":"上海市徐汇区天钥桥南路1298-4号","addtabid":1}]',
  'ordertype' => '1',
  'cold_type' => '冷藏2℃~8℃',
  'data_type' => '2018-06-28 12:00',
  'price' => '',
  'user_discount' => '',
  'remark' => '',
  'cityid' => '45054',
  'pytype' => '3',
)
[ info ] [ DB ] INIT mysql
[ info ] [ RUN ] app\user\controller\Vehicle->city_With[ E:\chitu\chitu_admin\trunk\application\user\controller\Vehicle.php ]
[ info ] [ LOG ] INIT File
[ sql ] [ DB ] CONNECT:[ UseTime:0.098000s ] mysql:dbname=chitutest;host=rm-2zezn1940ztq6hib5o.mysql.rds.aliyuncs.com;charset=utf8
[ sql ] [ SQL ] SHOW COLUMNS FROM `ct_config` [ RunTime:0.054000s ]
[ sql ] [ SQL ] SELECT * FROM `ct_config` WHERE  `id` = 13 LIMIT 1 [ RunTime:0.053000s ]
[ sql ] [ SQL ] SHOW COLUMNS FROM `ct_user_token` [ RunTime:0.054500s ]
[ sql ] [ SQL ] SELECT * FROM `ct_user_token` WHERE  `token` = '1529898999356221codephp' LIMIT 1 [ RunTime:0.056000s ]
[ error ] [8]未定义变量: type[E:\chitu\chitu_admin\trunk\application\user\controller\Vehicle.php:513]

---------------------------------------------------------------
[ 2018-06-28T11:03:01+08:00 ] 127.0.0.1 127.0.0.1 POST /user/vehicle/city_With
[ log ] www.ctadmin.com/user/vehicle/city_With [运行时间：0.332000s][吞吐率：3.01req/s] [内存消耗：2,788.01kb] [文件加载：56]
[ info ] [ LANG ] E:\chitu\chitu_admin\trunk\thinkphp\lang\zh-cn.php
[ info ] [ ROUTE ] array (
  'type' => 'module',
  'module' => 
  array (
    0 => 'user',
    1 => 'vehicle',
    2 => 'city_With',
  ),
)
[ info ] [ HEADER ] array (
  'host' => 'www.ctadmin.com',
  'connection' => 'keep-alive',
  'content-length' => '1383',
  'user-agent' => 'Mozilla/5.0 (Windows NT 6.1; WOW64) AppleWebKit/537.36 (KHTML, like Gecko) Chrome/66.0.3359.181 Safari/537.36',
  'cache-control' => 'no-cache',
  'origin' => 'chrome-extension://niphlbdhgiabfnjeompmngebipomclik',
  'postman-token' => '8ffeb200-efc4-38dd-2b03-2b84a8e3c11e',
  'content-type' => 'multipart/form-data; boundary=----WebKitFormBoundaryRnGEvgjJK6sFyoSl',
  'accept' => '*/*',
  'accept-encoding' => 'gzip, deflate',
  'accept-language' => 'zh-CN,zh;q=0.9',
)
[ info ] [ PARAM ] array (
  '/user/vehicle/city_With' => '',
  'token' => 'McTtUpyhOpT6g956O9D6k95OTM1NjIyMWNvZGVwaHAO0O0O',
  'carid' => '9',
  'taddress' => '[{"address":"上海市黄浦区自忠路408号"}]',
  'paddress' => '[{"address":"上海市徐汇区天钥桥南路1298-4号","addtabid":1}]',
  'ordertype' => '1',
  'cold_type' => '冷藏2℃~8℃',
  'data_type' => '2018-06-28 12:00',
  'price' => '',
  'user_discount' => '',
  'remark' => '',
  'cityid' => '45054',
  'pytype' => '3',
)
[ info ] [ DB ] INIT mysql
[ info ] [ RUN ] app\user\controller\Vehicle->city_With[ E:\chitu\chitu_admin\trunk\application\user\controller\Vehicle.php ]
[ info ] [ LOG ] INIT File
[ sql ] [ DB ] CONNECT:[ UseTime:0.091500s ] mysql:dbname=chitutest;host=rm-2zezn1940ztq6hib5o.mysql.rds.aliyuncs.com;charset=utf8
[ sql ] [ SQL ] SHOW COLUMNS FROM `ct_config` [ RunTime:0.052500s ]
[ sql ] [ SQL ] SELECT * FROM `ct_config` WHERE  `id` = 13 LIMIT 1 [ RunTime:0.052500s ]
[ sql ] [ SQL ] SHOW COLUMNS FROM `ct_user_token` [ RunTime:0.051500s ]
[ sql ] [ SQL ] SELECT * FROM `ct_user_token` WHERE  `token` = '1529898999356221codephp' LIMIT 1 [ RunTime:0.051500s ]
[ error ] [8]未定义变量: allmoney[E:\chitu\chitu_admin\trunk\application\user\controller\Vehicle.php:513]

---------------------------------------------------------------
[ 2018-06-28T11:03:25+08:00 ] 127.0.0.1 127.0.0.1 POST /user/vehicle/city_With
[ log ] www.ctadmin.com/user/vehicle/city_With [运行时间：0.787500s][吞吐率：1.27req/s] [内存消耗：2,673.02kb] [文件加载：50]
[ info ] [ LANG ] E:\chitu\chitu_admin\trunk\thinkphp\lang\zh-cn.php
[ info ] [ ROUTE ] array (
  'type' => 'module',
  'module' => 
  array (
    0 => 'user',
    1 => 'vehicle',
    2 => 'city_With',
  ),
)
[ info ] [ HEADER ] array (
  'host' => 'www.ctadmin.com',
  'connection' => 'keep-alive',
  'content-length' => '1383',
  'user-agent' => 'Mozilla/5.0 (Windows NT 6.1; WOW64) AppleWebKit/537.36 (KHTML, like Gecko) Chrome/66.0.3359.181 Safari/537.36',
  'cache-control' => 'no-cache',
  'origin' => 'chrome-extension://niphlbdhgiabfnjeompmngebipomclik',
  'postman-token' => '7aa6e7eb-23f7-7201-9e6f-6c872b0c13f1',
  'content-type' => 'multipart/form-data; boundary=----WebKitFormBoundaryVrZYFOSMb6iAvCR7',
  'accept' => '*/*',
  'accept-encoding' => 'gzip, deflate',
  'accept-language' => 'zh-CN,zh;q=0.9',
)
[ info ] [ PARAM ] array (
  '/user/vehicle/city_With' => '',
  'token' => 'McTtUpyhOpT6g956O9D6k95OTM1NjIyMWNvZGVwaHAO0O0O',
  'carid' => '9',
  'taddress' => '[{"address":"上海市黄浦区自忠路408号"}]',
  'paddress' => '[{"address":"上海市徐汇区天钥桥南路1298-4号","addtabid":1}]',
  'ordertype' => '1',
  'cold_type' => '冷藏2℃~8℃',
  'data_type' => '2018-06-28 12:00',
  'price' => '',
  'user_discount' => '',
  'remark' => '',
  'cityid' => '45054',
  'pytype' => '3',
)
[ info ] [ DB ] INIT mysql
[ info ] [ RUN ] app\user\controller\Vehicle->city_With[ E:\chitu\chitu_admin\trunk\application\user\controller\Vehicle.php ]
[ info ] [ LOG ] INIT File
[ sql ] [ DB ] CONNECT:[ UseTime:0.130500s ] mysql:dbname=chitutest;host=rm-2zezn1940ztq6hib5o.mysql.rds.aliyuncs.com;charset=utf8
[ sql ] [ SQL ] SHOW COLUMNS FROM `ct_config` [ RunTime:0.053000s ]
[ sql ] [ SQL ] SELECT * FROM `ct_config` WHERE  `id` = 13 LIMIT 1 [ RunTime:0.052500s ]
[ sql ] [ SQL ] SHOW COLUMNS FROM `ct_user_token` [ RunTime:0.053000s ]
[ sql ] [ SQL ] SELECT * FROM `ct_user_token` WHERE  `token` = '1529898999356221codephp' LIMIT 1 [ RunTime:0.053500s ]
[ sql ] [ SQL ] SHOW COLUMNS FROM `ct_promotion` [ RunTime:0.054500s ]
[ sql ] [ SQL ] SELECT * FROM `ct_promotion` WHERE  `type` = 1  AND `promotionType` = 1 LIMIT 1 [ RunTime:0.053500s ]
[ sql ] [ SQL ] SELECT * FROM `ct_promotion` WHERE  `type` = 1  AND `promotionType` = 2 LIMIT 1 [ RunTime:0.026500s ]
[ sql ] [ SQL ] SELECT * FROM `ct_promotion` WHERE  `type` = 1  AND `promotionType` = 3 LIMIT 1 [ RunTime:0.026500s ]
[ sql ] [ SQL ] SELECT * FROM `ct_promotion` WHERE  `type` = 1  AND `promotionType` = 4 LIMIT 1 [ RunTime:0.026500s ]
[ sql ] [ SQL ] SELECT * FROM `ct_promotion` WHERE  `type` = 1  AND `promotionType` = 5 LIMIT 1 [ RunTime:0.025500s ]

---------------------------------------------------------------
[ 2018-06-28T11:03:36+08:00 ] 127.0.0.1 127.0.0.1 POST /user/vehicle/city_With
[ log ] www.ctadmin.com/user/vehicle/city_With [运行时间：0.534000s][吞吐率：1.87req/s] [内存消耗：2,673.07kb] [文件加载：50]
[ info ] [ LANG ] E:\chitu\chitu_admin\trunk\thinkphp\lang\zh-cn.php
[ info ] [ ROUTE ] array (
  'type' => 'module',
  'module' => 
  array (
    0 => 'user',
    1 => 'vehicle',
    2 => 'city_With',
  ),
)
[ info ] [ HEADER ] array (
  'host' => 'www.ctadmin.com',
  'connection' => 'keep-alive',
  'content-length' => '1389',
  'user-agent' => 'Mozilla/5.0 (Windows NT 6.1; WOW64) AppleWebKit/537.36 (KHTML, like Gecko) Chrome/66.0.3359.181 Safari/537.36',
  'cache-control' => 'no-cache',
  'origin' => 'chrome-extension://niphlbdhgiabfnjeompmngebipomclik',
  'postman-token' => '61684440-fe99-1b6e-2591-f27d4a4b4a35',
  'content-type' => 'multipart/form-data; boundary=----WebKitFormBoundaryp7R4VhAwM7kB0GOt',
  'accept' => '*/*',
  'accept-encoding' => 'gzip, deflate',
  'accept-language' => 'zh-CN,zh;q=0.9',
)
[ info ] [ PARAM ] array (
  '/user/vehicle/city_With' => '',
  'token' => 'McTtUpyhOpT6g956O9D6k95OTM1NjIyMWNvZGVwaHAO0O0O',
  'carid' => '9',
  'taddress' => '[{"address":"上海市黄浦区自忠路408号"}]',
  'paddress' => '[{"address":"上海市徐汇区天钥桥南路1298-4号","addtabid":1}]',
  'ordertype' => '1',
  'cold_type' => '冷藏2℃~8℃',
  'data_type' => '2018-06-28 12:00',
  'price' => '380',
  'user_discount' => '380',
  'remark' => '',
  'cityid' => '45054',
  'pytype' => '3',
)
[ info ] [ DB ] INIT mysql
[ info ] [ RUN ] app\user\controller\Vehicle->city_With[ E:\chitu\chitu_admin\trunk\application\user\controller\Vehicle.php ]
[ info ] [ LOG ] INIT File
[ sql ] [ DB ] CONNECT:[ UseTime:0.081000s ] mysql:dbname=chitutest;host=rm-2zezn1940ztq6hib5o.mysql.rds.aliyuncs.com;charset=utf8
[ sql ] [ SQL ] SHOW COLUMNS FROM `ct_config` [ RunTime:0.054000s ]
[ sql ] [ SQL ] SELECT * FROM `ct_config` WHERE  `id` = 13 LIMIT 1 [ RunTime:0.053000s ]
[ sql ] [ SQL ] SHOW COLUMNS FROM `ct_user_token` [ RunTime:0.055000s ]
[ sql ] [ SQL ] SELECT * FROM `ct_user_token` WHERE  `token` = '1529898999356221codephp' LIMIT 1 [ RunTime:0.052000s ]
[ sql ] [ SQL ] SHOW COLUMNS FROM `ct_promotion` [ RunTime:0.054000s ]
[ sql ] [ SQL ] SELECT * FROM `ct_promotion` WHERE  `type` = 1  AND `promotionType` = 1 LIMIT 1 [ RunTime:0.050500s ]
[ sql ] [ SQL ] SELECT * FROM `ct_promotion` WHERE  `type` = 1  AND `promotionType` = 2 LIMIT 1 [ RunTime:0.025000s ]
[ sql ] [ SQL ] SELECT * FROM `ct_promotion` WHERE  `type` = 1  AND `promotionType` = 3 LIMIT 1 [ RunTime:0.025000s ]
[ sql ] [ SQL ] SELECT * FROM `ct_promotion` WHERE  `type` = 1  AND `promotionType` = 4 LIMIT 1 [ RunTime:0.025000s ]
[ sql ] [ SQL ] SELECT * FROM `ct_promotion` WHERE  `type` = 1  AND `promotionType` = 5 LIMIT 1 [ RunTime:0.026500s ]

---------------------------------------------------------------
[ 2018-06-28T11:15:44+08:00 ] 127.0.0.1 127.0.0.1 POST /user/vehicle/city_With
[ log ] www.ctadmin.com/user/vehicle/city_With [运行时间：1.236500s][吞吐率：0.81req/s] [内存消耗：2,685.60kb] [文件加载：50]
[ info ] [ LANG ] E:\chitu\chitu_admin\trunk\thinkphp\lang\zh-cn.php
[ info ] [ ROUTE ] array (
  'type' => 'module',
  'module' => 
  array (
    0 => 'user',
    1 => 'vehicle',
    2 => 'city_With',
  ),
)
[ info ] [ HEADER ] array (
  'host' => 'www.ctadmin.com',
  'connection' => 'keep-alive',
  'content-length' => '1389',
  'user-agent' => 'Mozilla/5.0 (Windows NT 6.1; WOW64) AppleWebKit/537.36 (KHTML, like Gecko) Chrome/66.0.3359.181 Safari/537.36',
  'cache-control' => 'no-cache',
  'origin' => 'chrome-extension://niphlbdhgiabfnjeompmngebipomclik',
  'postman-token' => '84f913e9-d31a-093c-7632-46a37c132c6c',
  'content-type' => 'multipart/form-data; boundary=----WebKitFormBoundary3dZp0sbmF7BVy19O',
  'accept' => '*/*',
  'accept-encoding' => 'gzip, deflate',
  'accept-language' => 'zh-CN,zh;q=0.9',
)
[ info ] [ PARAM ] array (
  '/user/vehicle/city_With' => '',
  'token' => 'McTtUpyhOpT6g956O9D6k95OTM1NjIyMWNvZGVwaHAO0O0O',
  'carid' => '9',
  'taddress' => '[{"address":"上海市黄浦区自忠路408号"}]',
  'paddress' => '[{"address":"上海市徐汇区天钥桥南路1298-4号","addtabid":1}]',
  'ordertype' => '1',
  'cold_type' => '冷藏2℃~8℃',
  'data_type' => '2018-06-28 12:00',
  'price' => '380',
  'user_discount' => '380',
  'remark' => '',
  'cityid' => '45054',
  'pytype' => '3',
)
[ info ] [ DB ] INIT mysql
[ info ] [ RUN ] app\user\controller\Vehicle->city_With[ E:\chitu\chitu_admin\trunk\application\user\controller\Vehicle.php ]
[ info ] [ LOG ] INIT File
[ sql ] [ DB ] CONNECT:[ UseTime:0.260000s ] mysql:dbname=chitutest;host=rm-2zezn1940ztq6hib5o.mysql.rds.aliyuncs.com;charset=utf8
[ sql ] [ SQL ] SHOW COLUMNS FROM `ct_config` [ RunTime:0.053000s ]
[ sql ] [ SQL ] SELECT * FROM `ct_config` WHERE  `id` = 13 LIMIT 1 [ RunTime:0.150500s ]
[ sql ] [ SQL ] SHOW COLUMNS FROM `ct_user_token` [ RunTime:0.232000s ]
[ sql ] [ SQL ] SELECT * FROM `ct_user_token` WHERE  `token` = '1529898999356221codephp' LIMIT 1 [ RunTime:0.063500s ]
[ sql ] [ SQL ] SHOW COLUMNS FROM `ct_promotion` [ RunTime:0.149500s ]
[ sql ] [ SQL ] SELECT * FROM `ct_promotion` WHERE  `type` = 1  AND `promotionType` = 1 LIMIT 1 [ RunTime:0.053500s ]
[ sql ] [ SQL ] SHOW COLUMNS FROM `ct_city_order` [ RunTime:0.053500s ]
[ sql ] [ SQL ] SELECT COUNT(*) AS tp_count FROM `ct_city_order` WHERE  ( `addtime` > '1530092700' AND `addtime` < '1530264600' ) LIMIT 1 [ RunTime:0.052500s ]
[ sql ] [ SQL ] SELECT * FROM `ct_promotion` WHERE  `type` = 1  AND `promotionType` = 2 LIMIT 1 [ RunTime:0.051500s ]
[ sql ] [ SQL ] SELECT * FROM `ct_promotion` WHERE  `type` = 1  AND `promotionType` = 3 LIMIT 1 [ RunTime:0.026500s ]
[ sql ] [ SQL ] SELECT * FROM `ct_promotion` WHERE  `type` = 1  AND `promotionType` = 4 LIMIT 1 [ RunTime:0.026500s ]
[ sql ] [ SQL ] SELECT * FROM `ct_promotion` WHERE  `type` = 1  AND `promotionType` = 5 LIMIT 1 [ RunTime:0.026500s ]

---------------------------------------------------------------
[ 2018-06-28T11:16:26+08:00 ] 127.0.0.1 127.0.0.1 POST /user/vehicle/city_With
[ log ] www.ctadmin.com/user/vehicle/city_With [运行时间：0.714500s][吞吐率：1.40req/s] [内存消耗：2,685.57kb] [文件加载：50]
[ info ] [ LANG ] E:\chitu\chitu_admin\trunk\thinkphp\lang\zh-cn.php
[ info ] [ ROUTE ] array (
  'type' => 'module',
  'module' => 
  array (
    0 => 'user',
    1 => 'vehicle',
    2 => 'city_With',
  ),
)
[ info ] [ HEADER ] array (
  'host' => 'www.ctadmin.com',
  'connection' => 'keep-alive',
  'content-length' => '1389',
  'user-agent' => 'Mozilla/5.0 (Windows NT 6.1; WOW64) AppleWebKit/537.36 (KHTML, like Gecko) Chrome/66.0.3359.181 Safari/537.36',
  'cache-control' => 'no-cache',
  'origin' => 'chrome-extension://niphlbdhgiabfnjeompmngebipomclik',
  'postman-token' => 'ac7aebf6-64a7-9ece-baeb-b9fb27ef1c54',
  'content-type' => 'multipart/form-data; boundary=----WebKitFormBoundarystkgTZBKDiDqRQXo',
  'accept' => '*/*',
  'accept-encoding' => 'gzip, deflate',
  'accept-language' => 'zh-CN,zh;q=0.9',
)
[ info ] [ PARAM ] array (
  '/user/vehicle/city_With' => '',
  'token' => 'McTtUpyhOpT6g956O9D6k95OTM1NjIyMWNvZGVwaHAO0O0O',
  'carid' => '9',
  'taddress' => '[{"address":"上海市黄浦区自忠路408号"}]',
  'paddress' => '[{"address":"上海市徐汇区天钥桥南路1298-4号","addtabid":1}]',
  'ordertype' => '1',
  'cold_type' => '冷藏2℃~8℃',
  'data_type' => '2018-06-28 12:00',
  'price' => '380',
  'user_discount' => '380',
  'remark' => '',
  'cityid' => '45054',
  'pytype' => '3',
)
[ info ] [ DB ] INIT mysql
[ info ] [ RUN ] app\user\controller\Vehicle->city_With[ E:\chitu\chitu_admin\trunk\application\user\controller\Vehicle.php ]
[ info ] [ LOG ] INIT File
[ sql ] [ DB ] CONNECT:[ UseTime:0.102500s ] mysql:dbname=chitutest;host=rm-2zezn1940ztq6hib5o.mysql.rds.aliyuncs.com;charset=utf8
[ sql ] [ SQL ] SHOW COLUMNS FROM `ct_config` [ RunTime:0.053500s ]
[ sql ] [ SQL ] SELECT * FROM `ct_config` WHERE  `id` = 13 LIMIT 1 [ RunTime:0.056500s ]
[ sql ] [ SQL ] SHOW COLUMNS FROM `ct_user_token` [ RunTime:0.056000s ]
[ sql ] [ SQL ] SELECT * FROM `ct_user_token` WHERE  `token` = '1529898999356221codephp' LIMIT 1 [ RunTime:0.057000s ]
[ sql ] [ SQL ] SHOW COLUMNS FROM `ct_promotion` [ RunTime:0.054000s ]
[ sql ] [ SQL ] SELECT * FROM `ct_promotion` WHERE  `type` = 1  AND `promotionType` = 1 LIMIT 1 [ RunTime:0.056500s ]
[ sql ] [ SQL ] SHOW COLUMNS FROM `ct_city_order` [ RunTime:0.056000s ]
[ sql ] [ SQL ] SELECT COUNT(*) AS tp_count FROM `ct_city_order` WHERE  ( `addtime` > '1530092700' AND `addtime` < '1530264600' ) LIMIT 1 [ RunTime:0.053500s ]
[ sql ] [ SQL ] SELECT * FROM `ct_promotion` WHERE  `type` = 1  AND `promotionType` = 2 LIMIT 1 [ RunTime:0.054000s ]
[ sql ] [ SQL ] SELECT * FROM `ct_promotion` WHERE  `type` = 1  AND `promotionType` = 3 LIMIT 1 [ RunTime:0.028000s ]
[ sql ] [ SQL ] SELECT * FROM `ct_promotion` WHERE  `type` = 1  AND `promotionType` = 4 LIMIT 1 [ RunTime:0.027000s ]
[ sql ] [ SQL ] SELECT * FROM `ct_promotion` WHERE  `type` = 1  AND `promotionType` = 5 LIMIT 1 [ RunTime:0.026500s ]

---------------------------------------------------------------
[ 2018-06-28T11:17:32+08:00 ] 127.0.0.1 127.0.0.1 POST /user/vehicle/city_With
[ log ] www.ctadmin.com/user/vehicle/city_With [运行时间：0.716000s][吞吐率：1.40req/s] [内存消耗：2,685.57kb] [文件加载：50]
[ info ] [ LANG ] E:\chitu\chitu_admin\trunk\thinkphp\lang\zh-cn.php
[ info ] [ ROUTE ] array (
  'type' => 'module',
  'module' => 
  array (
    0 => 'user',
    1 => 'vehicle',
    2 => 'city_With',
  ),
)
[ info ] [ HEADER ] array (
  'host' => 'www.ctadmin.com',
  'connection' => 'keep-alive',
  'content-length' => '1389',
  'user-agent' => 'Mozilla/5.0 (Windows NT 6.1; WOW64) AppleWebKit/537.36 (KHTML, like Gecko) Chrome/66.0.3359.181 Safari/537.36',
  'cache-control' => 'no-cache',
  'origin' => 'chrome-extension://niphlbdhgiabfnjeompmngebipomclik',
  'postman-token' => '854768c2-680f-0f90-369b-836a1e1b1b5f',
  'content-type' => 'multipart/form-data; boundary=----WebKitFormBoundaryMVstL6Li3gJYPOqF',
  'accept' => '*/*',
  'accept-encoding' => 'gzip, deflate',
  'accept-language' => 'zh-CN,zh;q=0.9',
)
[ info ] [ PARAM ] array (
  '/user/vehicle/city_With' => '',
  'token' => 'McTtUpyhOpT6g956O9D6k95OTM1NjIyMWNvZGVwaHAO0O0O',
  'carid' => '9',
  'taddress' => '[{"address":"上海市黄浦区自忠路408号"}]',
  'paddress' => '[{"address":"上海市徐汇区天钥桥南路1298-4号","addtabid":1}]',
  'ordertype' => '1',
  'cold_type' => '冷藏2℃~8℃',
  'data_type' => '2018-06-28 12:00',
  'price' => '380',
  'user_discount' => '380',
  'remark' => '',
  'cityid' => '45054',
  'pytype' => '3',
)
[ info ] [ DB ] INIT mysql
[ info ] [ RUN ] app\user\controller\Vehicle->city_With[ E:\chitu\chitu_admin\trunk\application\user\controller\Vehicle.php ]
[ info ] [ LOG ] INIT File
[ sql ] [ DB ] CONNECT:[ UseTime:0.110000s ] mysql:dbname=chitutest;host=rm-2zezn1940ztq6hib5o.mysql.rds.aliyuncs.com;charset=utf8
[ sql ] [ SQL ] SHOW COLUMNS FROM `ct_config` [ RunTime:0.075000s ]
[ sql ] [ SQL ] SELECT * FROM `ct_config` WHERE  `id` = 13 LIMIT 1 [ RunTime:0.051500s ]
[ sql ] [ SQL ] SHOW COLUMNS FROM `ct_user_token` [ RunTime:0.051500s ]
[ sql ] [ SQL ] SELECT * FROM `ct_user_token` WHERE  `token` = '1529898999356221codephp' LIMIT 1 [ RunTime:0.053000s ]
[ sql ] [ SQL ] SHOW COLUMNS FROM `ct_promotion` [ RunTime:0.054000s ]
[ sql ] [ SQL ] SELECT * FROM `ct_promotion` WHERE  `type` = 1  AND `promotionType` = 1 LIMIT 1 [ RunTime:0.051000s ]
[ sql ] [ SQL ] SHOW COLUMNS FROM `ct_city_order` [ RunTime:0.052500s ]
[ sql ] [ SQL ] SELECT COUNT(*) AS tp_count FROM `ct_city_order` WHERE  ( `addtime` > '1530092700' AND `addtime` < '1530264600' ) LIMIT 1 [ RunTime:0.052000s ]
[ sql ] [ SQL ] SELECT * FROM `ct_promotion` WHERE  `type` = 1  AND `promotionType` = 2 LIMIT 1 [ RunTime:0.053000s ]
[ sql ] [ SQL ] SELECT * FROM `ct_promotion` WHERE  `type` = 1  AND `promotionType` = 3 LIMIT 1 [ RunTime:0.025000s ]
[ sql ] [ SQL ] SELECT * FROM `ct_promotion` WHERE  `type` = 1  AND `promotionType` = 4 LIMIT 1 [ RunTime:0.026000s ]
[ sql ] [ SQL ] SELECT * FROM `ct_promotion` WHERE  `type` = 1  AND `promotionType` = 5 LIMIT 1 [ RunTime:0.025500s ]

---------------------------------------------------------------
[ 2018-06-28T11:24:51+08:00 ] 127.0.0.1 127.0.0.1 POST /user/vehicle/city_With
[ log ] www.ctadmin.com/user/vehicle/city_With [运行时间：0.717500s][吞吐率：1.39req/s] [内存消耗：2,685.98kb] [文件加载：50]
[ info ] [ LANG ] E:\chitu\chitu_admin\trunk\thinkphp\lang\zh-cn.php
[ info ] [ ROUTE ] array (
  'type' => 'module',
  'module' => 
  array (
    0 => 'user',
    1 => 'vehicle',
    2 => 'city_With',
  ),
)
[ info ] [ HEADER ] array (
  'host' => 'www.ctadmin.com',
  'connection' => 'keep-alive',
  'content-length' => '1389',
  'user-agent' => 'Mozilla/5.0 (Windows NT 6.1; WOW64) AppleWebKit/537.36 (KHTML, like Gecko) Chrome/66.0.3359.181 Safari/537.36',
  'cache-control' => 'no-cache',
  'origin' => 'chrome-extension://niphlbdhgiabfnjeompmngebipomclik',
  'postman-token' => '94e3abaf-61b2-5eca-decd-bf810ee9dcf3',
  'content-type' => 'multipart/form-data; boundary=----WebKitFormBoundaryJtSzA23XMCqn1Pus',
  'accept' => '*/*',
  'accept-encoding' => 'gzip, deflate',
  'accept-language' => 'zh-CN,zh;q=0.9',
)
[ info ] [ PARAM ] array (
  '/user/vehicle/city_With' => '',
  'token' => 'McTtUpyhOpT6g956O9D6k95OTM1NjIyMWNvZGVwaHAO0O0O',
  'carid' => '9',
  'taddress' => '[{"address":"上海市黄浦区自忠路408号"}]',
  'paddress' => '[{"address":"上海市徐汇区天钥桥南路1298-4号","addtabid":1}]',
  'ordertype' => '1',
  'cold_type' => '冷藏2℃~8℃',
  'data_type' => '2018-06-28 12:00',
  'price' => '380',
  'user_discount' => '380',
  'remark' => '',
  'cityid' => '45054',
  'pytype' => '3',
)
[ info ] [ DB ] INIT mysql
[ info ] [ RUN ] app\user\controller\Vehicle->city_With[ E:\chitu\chitu_admin\trunk\application\user\controller\Vehicle.php ]
[ info ] [ LOG ] INIT File
[ sql ] [ DB ] CONNECT:[ UseTime:0.100000s ] mysql:dbname=chitutest;host=rm-2zezn1940ztq6hib5o.mysql.rds.aliyuncs.com;charset=utf8
[ sql ] [ SQL ] SHOW COLUMNS FROM `ct_config` [ RunTime:0.054500s ]
[ sql ] [ SQL ] SELECT * FROM `ct_config` WHERE  `id` = 13 LIMIT 1 [ RunTime:0.053000s ]
[ sql ] [ SQL ] SHOW COLUMNS FROM `ct_user_token` [ RunTime:0.054500s ]
[ sql ] [ SQL ] SELECT * FROM `ct_user_token` WHERE  `token` = '1529898999356221codephp' LIMIT 1 [ RunTime:0.054000s ]
[ sql ] [ SQL ] SHOW COLUMNS FROM `ct_promotion` [ RunTime:0.056000s ]
[ sql ] [ SQL ] SELECT * FROM `ct_promotion` WHERE  `type` = 1  AND `promotionType` = 1 LIMIT 1 [ RunTime:0.060000s ]
[ sql ] [ SQL ] SHOW COLUMNS FROM `ct_city_order` [ RunTime:0.055000s ]
[ sql ] [ SQL ] SELECT COUNT(*) AS tp_count FROM `ct_city_order` WHERE  ( `addtime` > '1530092700' AND `addtime` < '1530264600' ) LIMIT 1 [ RunTime:0.056000s ]
[ sql ] [ SQL ] SELECT * FROM `ct_promotion` WHERE  `type` = 1  AND `promotionType` = 2 LIMIT 1 [ RunTime:0.054500s ]
[ sql ] [ SQL ] SELECT * FROM `ct_promotion` WHERE  `type` = 1  AND `promotionType` = 3 LIMIT 1 [ RunTime:0.027000s ]
[ sql ] [ SQL ] SELECT * FROM `ct_promotion` WHERE  `type` = 1  AND `promotionType` = 4 LIMIT 1 [ RunTime:0.027500s ]
[ sql ] [ SQL ] SELECT * FROM `ct_promotion` WHERE  `type` = 1  AND `promotionType` = 5 LIMIT 1 [ RunTime:0.027000s ]

---------------------------------------------------------------
[ 2018-06-28T11:30:01+08:00 ] 127.0.0.1 127.0.0.1 POST /user/vehicle/city_With
[ log ] www.ctadmin.com/user/vehicle/city_With [运行时间：0.701500s][吞吐率：1.43req/s] [内存消耗：2,686.20kb] [文件加载：50]
[ info ] [ LANG ] E:\chitu\chitu_admin\trunk\thinkphp\lang\zh-cn.php
[ info ] [ ROUTE ] array (
  'type' => 'module',
  'module' => 
  array (
    0 => 'user',
    1 => 'vehicle',
    2 => 'city_With',
  ),
)
[ info ] [ HEADER ] array (
  'host' => 'www.ctadmin.com',
  'connection' => 'keep-alive',
  'content-length' => '1389',
  'user-agent' => 'Mozilla/5.0 (Windows NT 6.1; WOW64) AppleWebKit/537.36 (KHTML, like Gecko) Chrome/66.0.3359.181 Safari/537.36',
  'cache-control' => 'no-cache',
  'origin' => 'chrome-extension://niphlbdhgiabfnjeompmngebipomclik',
  'postman-token' => '6ae0f839-1045-092d-abdb-a32a62fb5ec6',
  'content-type' => 'multipart/form-data; boundary=----WebKitFormBoundaryXFJkqDQjk7mrfSQd',
  'accept' => '*/*',
  'accept-encoding' => 'gzip, deflate',
  'accept-language' => 'zh-CN,zh;q=0.9',
)
[ info ] [ PARAM ] array (
  '/user/vehicle/city_With' => '',
  'token' => 'McTtUpyhOpT6g956O9D6k95OTM1NjIyMWNvZGVwaHAO0O0O',
  'carid' => '9',
  'taddress' => '[{"address":"上海市黄浦区自忠路408号"}]',
  'paddress' => '[{"address":"上海市徐汇区天钥桥南路1298-4号","addtabid":1}]',
  'ordertype' => '1',
  'cold_type' => '冷藏2℃~8℃',
  'data_type' => '2018-06-28 12:00',
  'price' => '380',
  'user_discount' => '380',
  'remark' => '',
  'cityid' => '45054',
  'pytype' => '3',
)
[ info ] [ DB ] INIT mysql
[ info ] [ RUN ] app\user\controller\Vehicle->city_With[ E:\chitu\chitu_admin\trunk\application\user\controller\Vehicle.php ]
[ info ] [ LOG ] INIT File
[ sql ] [ DB ] CONNECT:[ UseTime:0.098500s ] mysql:dbname=chitutest;host=rm-2zezn1940ztq6hib5o.mysql.rds.aliyuncs.com;charset=utf8
[ sql ] [ SQL ] SHOW COLUMNS FROM `ct_config` [ RunTime:0.053000s ]
[ sql ] [ SQL ] SELECT * FROM `ct_config` WHERE  `id` = 13 LIMIT 1 [ RunTime:0.053000s ]
[ sql ] [ SQL ] SHOW COLUMNS FROM `ct_user_token` [ RunTime:0.056000s ]
[ sql ] [ SQL ] SELECT * FROM `ct_user_token` WHERE  `token` = '1529898999356221codephp' LIMIT 1 [ RunTime:0.059500s ]
[ sql ] [ SQL ] SHOW COLUMNS FROM `ct_promotion` [ RunTime:0.054000s ]
[ sql ] [ SQL ] SELECT * FROM `ct_promotion` WHERE  `type` = 1  AND `promotionType` = 1 LIMIT 1 [ RunTime:0.054000s ]
[ sql ] [ SQL ] SHOW COLUMNS FROM `ct_city_order` [ RunTime:0.054000s ]
[ sql ] [ SQL ] SELECT COUNT(*) AS tp_count FROM `ct_city_order` WHERE  ( `addtime` > '1530092700' AND `addtime` < '1530264600' ) LIMIT 1 [ RunTime:0.054500s ]
[ sql ] [ SQL ] SELECT * FROM `ct_promotion` WHERE  `type` = 1  AND `promotionType` = 2 LIMIT 1 [ RunTime:0.052000s ]
[ sql ] [ SQL ] SELECT * FROM `ct_promotion` WHERE  `type` = 1  AND `promotionType` = 3 LIMIT 1 [ RunTime:0.026500s ]
[ sql ] [ SQL ] SELECT * FROM `ct_promotion` WHERE  `type` = 1  AND `promotionType` = 4 LIMIT 1 [ RunTime:0.026500s ]
[ sql ] [ SQL ] SELECT * FROM `ct_promotion` WHERE  `type` = 1  AND `promotionType` = 5 LIMIT 1 [ RunTime:0.026000s ]

---------------------------------------------------------------
[ 2018-06-28T11:31:52+08:00 ] 127.0.0.1 127.0.0.1 POST /user/vehicle/city_With
[ log ] www.ctadmin.com/user/vehicle/city_With [运行时间：1.299500s][吞吐率：0.77req/s] [内存消耗：2,688.43kb] [文件加载：50]
[ info ] [ LANG ] E:\chitu\chitu_admin\trunk\thinkphp\lang\zh-cn.php
[ info ] [ ROUTE ] array (
  'type' => 'module',
  'module' => 
  array (
    0 => 'user',
    1 => 'vehicle',
    2 => 'city_With',
  ),
)
[ info ] [ HEADER ] array (
  'host' => 'www.ctadmin.com',
  'connection' => 'keep-alive',
  'content-length' => '1389',
  'user-agent' => 'Mozilla/5.0 (Windows NT 6.1; WOW64) AppleWebKit/537.36 (KHTML, like Gecko) Chrome/66.0.3359.181 Safari/537.36',
  'cache-control' => 'no-cache',
  'origin' => 'chrome-extension://niphlbdhgiabfnjeompmngebipomclik',
  'postman-token' => 'dc66656b-6400-3571-80cd-33b9d0bd1301',
  'content-type' => 'multipart/form-data; boundary=----WebKitFormBoundarydBBwNJ215L5w6Kve',
  'accept' => '*/*',
  'accept-encoding' => 'gzip, deflate',
  'accept-language' => 'zh-CN,zh;q=0.9',
)
[ info ] [ PARAM ] array (
  '/user/vehicle/city_With' => '',
  'token' => 'McTtUpyhOpT6g956O9D6k95OTM1NjIyMWNvZGVwaHAO0O0O',
  'carid' => '9',
  'taddress' => '[{"address":"上海市黄浦区自忠路408号"}]',
  'paddress' => '[{"address":"上海市徐汇区天钥桥南路1298-4号","addtabid":1}]',
  'ordertype' => '1',
  'cold_type' => '冷藏2℃~8℃',
  'data_type' => '2018-06-28 12:00',
  'price' => '380',
  'user_discount' => '380',
  'remark' => '',
  'cityid' => '45054',
  'pytype' => '3',
)
[ info ] [ DB ] INIT mysql
[ info ] [ RUN ] app\user\controller\Vehicle->city_With[ E:\chitu\chitu_admin\trunk\application\user\controller\Vehicle.php ]
[ info ] [ LOG ] INIT File
[ sql ] [ DB ] CONNECT:[ UseTime:0.212000s ] mysql:dbname=chitutest;host=rm-2zezn1940ztq6hib5o.mysql.rds.aliyuncs.com;charset=utf8
[ sql ] [ SQL ] SHOW COLUMNS FROM `ct_config` [ RunTime:0.116000s ]
[ sql ] [ SQL ] SELECT * FROM `ct_config` WHERE  `id` = 13 LIMIT 1 [ RunTime:0.090500s ]
[ sql ] [ SQL ] SHOW COLUMNS FROM `ct_user_token` [ RunTime:0.129500s ]
[ sql ] [ SQL ] SELECT * FROM `ct_user_token` WHERE  `token` = '1529898999356221codephp' LIMIT 1 [ RunTime:0.164000s ]
[ sql ] [ SQL ] SHOW COLUMNS FROM `ct_promotion` [ RunTime:0.163000s ]
[ sql ] [ SQL ] SELECT * FROM `ct_promotion` WHERE  `type` = 1  AND `promotionType` = 1 LIMIT 1 [ RunTime:0.074000s ]
[ sql ] [ SQL ] SHOW COLUMNS FROM `ct_city_order` [ RunTime:0.053500s ]
[ sql ] [ SQL ] SELECT COUNT(*) AS tp_count FROM `ct_city_order` WHERE  ( `addtime` > '1530092700' AND `addtime` < '1530264600' ) LIMIT 1 [ RunTime:0.052500s ]
[ sql ] [ SQL ] SELECT * FROM `ct_promotion` WHERE  `type` = 1  AND `promotionType` = 2 LIMIT 1 [ RunTime:0.049500s ]
[ sql ] [ SQL ] SELECT COUNT(*) AS tp_count FROM `ct_city_order` WHERE  ( `addtime` > '1530154800' AND `addtime` < '1530158400' ) LIMIT 1 [ RunTime:0.052500s ]
[ sql ] [ SQL ] SELECT * FROM `ct_promotion` WHERE  `type` = 1  AND `promotionType` = 3 LIMIT 1 [ RunTime:0.051000s ]
[ sql ] [ SQL ] SELECT * FROM `ct_promotion` WHERE  `type` = 1  AND `promotionType` = 4 LIMIT 1 [ RunTime:0.026500s ]
[ sql ] [ SQL ] SELECT * FROM `ct_promotion` WHERE  `type` = 1  AND `promotionType` = 5 LIMIT 1 [ RunTime:0.026000s ]

---------------------------------------------------------------
[ 2018-06-28T11:32:46+08:00 ] 127.0.0.1 127.0.0.1 POST /user/vehicle/city_With
[ log ] www.ctadmin.com/user/vehicle/city_With [运行时间：0.795500s][吞吐率：1.26req/s] [内存消耗：2,688.43kb] [文件加载：50]
[ info ] [ LANG ] E:\chitu\chitu_admin\trunk\thinkphp\lang\zh-cn.php
[ info ] [ ROUTE ] array (
  'type' => 'module',
  'module' => 
  array (
    0 => 'user',
    1 => 'vehicle',
    2 => 'city_With',
  ),
)
[ info ] [ HEADER ] array (
  'host' => 'www.ctadmin.com',
  'connection' => 'keep-alive',
  'content-length' => '1389',
  'user-agent' => 'Mozilla/5.0 (Windows NT 6.1; WOW64) AppleWebKit/537.36 (KHTML, like Gecko) Chrome/66.0.3359.181 Safari/537.36',
  'cache-control' => 'no-cache',
  'origin' => 'chrome-extension://niphlbdhgiabfnjeompmngebipomclik',
  'postman-token' => '8eeada41-cb9d-b12c-a781-ed701acc5500',
  'content-type' => 'multipart/form-data; boundary=----WebKitFormBoundarypKwRZ9D8UIG4lbJw',
  'accept' => '*/*',
  'accept-encoding' => 'gzip, deflate',
  'accept-language' => 'zh-CN,zh;q=0.9',
)
[ info ] [ PARAM ] array (
  '/user/vehicle/city_With' => '',
  'token' => 'McTtUpyhOpT6g956O9D6k95OTM1NjIyMWNvZGVwaHAO0O0O',
  'carid' => '9',
  'taddress' => '[{"address":"上海市黄浦区自忠路408号"}]',
  'paddress' => '[{"address":"上海市徐汇区天钥桥南路1298-4号","addtabid":1}]',
  'ordertype' => '1',
  'cold_type' => '冷藏2℃~8℃',
  'data_type' => '2018-06-28 12:00',
  'price' => '380',
  'user_discount' => '380',
  'remark' => '',
  'cityid' => '45054',
  'pytype' => '3',
)
[ info ] [ DB ] INIT mysql
[ info ] [ RUN ] app\user\controller\Vehicle->city_With[ E:\chitu\chitu_admin\trunk\application\user\controller\Vehicle.php ]
[ info ] [ LOG ] INIT File
[ sql ] [ DB ] CONNECT:[ UseTime:0.099500s ] mysql:dbname=chitutest;host=rm-2zezn1940ztq6hib5o.mysql.rds.aliyuncs.com;charset=utf8
[ sql ] [ SQL ] SHOW COLUMNS FROM `ct_config` [ RunTime:0.055500s ]
[ sql ] [ SQL ] SELECT * FROM `ct_config` WHERE  `id` = 13 LIMIT 1 [ RunTime:0.053500s ]
[ sql ] [ SQL ] SHOW COLUMNS FROM `ct_user_token` [ RunTime:0.057500s ]
[ sql ] [ SQL ] SELECT * FROM `ct_user_token` WHERE  `token` = '1529898999356221codephp' LIMIT 1 [ RunTime:0.053000s ]
[ sql ] [ SQL ] SHOW COLUMNS FROM `ct_promotion` [ RunTime:0.054000s ]
[ sql ] [ SQL ] SELECT * FROM `ct_promotion` WHERE  `type` = 1  AND `promotionType` = 1 LIMIT 1 [ RunTime:0.053000s ]
[ sql ] [ SQL ] SHOW COLUMNS FROM `ct_city_order` [ RunTime:0.054500s ]
[ sql ] [ SQL ] SELECT COUNT(*) AS tp_count FROM `ct_city_order` WHERE  ( `addtime` > '1530092700' AND `addtime` < '1530264600' ) LIMIT 1 [ RunTime:0.053500s ]
[ sql ] [ SQL ] SELECT * FROM `ct_promotion` WHERE  `type` = 1  AND `promotionType` = 2 LIMIT 1 [ RunTime:0.052500s ]
[ sql ] [ SQL ] SELECT COUNT(*) AS tp_count FROM `ct_city_order` WHERE  ( `addtime` > '1530154800' AND `addtime` < '1530158400' ) LIMIT 1 [ RunTime:0.053000s ]
[ sql ] [ SQL ] SELECT * FROM `ct_promotion` WHERE  `type` = 1  AND `promotionType` = 3 LIMIT 1 [ RunTime:0.054500s ]
[ sql ] [ SQL ] SELECT * FROM `ct_promotion` WHERE  `type` = 1  AND `promotionType` = 4 LIMIT 1 [ RunTime:0.027000s ]
[ sql ] [ SQL ] SELECT * FROM `ct_promotion` WHERE  `type` = 1  AND `promotionType` = 5 LIMIT 1 [ RunTime:0.027500s ]

---------------------------------------------------------------
[ 2018-06-28T11:55:26+08:00 ] 127.0.0.1 127.0.0.1 POST /user/vehicle/city_With
[ log ] www.ctadmin.com/user/vehicle/city_With [运行时间：0.365000s][吞吐率：2.74req/s] [内存消耗：2,794.43kb] [文件加载：56]
[ info ] [ LANG ] E:\chitu\chitu_admin\trunk\thinkphp\lang\zh-cn.php
[ info ] [ ROUTE ] array (
  'type' => 'module',
  'module' => 
  array (
    0 => 'user',
    1 => 'vehicle',
    2 => 'city_With',
  ),
)
[ info ] [ HEADER ] array (
  'host' => 'www.ctadmin.com',
  'connection' => 'keep-alive',
  'content-length' => '1389',
  'user-agent' => 'Mozilla/5.0 (Windows NT 6.1; WOW64) AppleWebKit/537.36 (KHTML, like Gecko) Chrome/66.0.3359.181 Safari/537.36',
  'cache-control' => 'no-cache',
  'origin' => 'chrome-extension://niphlbdhgiabfnjeompmngebipomclik',
  'postman-token' => 'cf8e78c9-f7ad-87a8-d691-c0e05b44773f',
  'content-type' => 'multipart/form-data; boundary=----WebKitFormBoundarySwtI6Ruk4y9uIrcJ',
  'accept' => '*/*',
  'accept-encoding' => 'gzip, deflate',
  'accept-language' => 'zh-CN,zh;q=0.9',
)
[ info ] [ PARAM ] array (
  '/user/vehicle/city_With' => '',
  'token' => 'McTtUpyhOpT6g956O9D6k95OTM1NjIyMWNvZGVwaHAO0O0O',
  'carid' => '9',
  'taddress' => '[{"address":"上海市黄浦区自忠路408号"}]',
  'paddress' => '[{"address":"上海市徐汇区天钥桥南路1298-4号","addtabid":1}]',
  'ordertype' => '1',
  'cold_type' => '冷藏2℃~8℃',
  'data_type' => '2018-06-28 12:00',
  'price' => '380',
  'user_discount' => '380',
  'remark' => '',
  'cityid' => '45054',
  'pytype' => '3',
)
[ info ] [ DB ] INIT mysql
[ info ] [ RUN ] app\user\controller\Vehicle->city_With[ E:\chitu\chitu_admin\trunk\application\user\controller\Vehicle.php ]
[ info ] [ LOG ] INIT File
[ sql ] [ DB ] CONNECT:[ UseTime:0.104500s ] mysql:dbname=chitutest;host=rm-2zezn1940ztq6hib5o.mysql.rds.aliyuncs.com;charset=utf8
[ sql ] [ SQL ] SHOW COLUMNS FROM `ct_config` [ RunTime:0.053500s ]
[ sql ] [ SQL ] SELECT * FROM `ct_config` WHERE  `id` = 13 LIMIT 1 [ RunTime:0.056500s ]
[ sql ] [ SQL ] SHOW COLUMNS FROM `ct_user_token` [ RunTime:0.056000s ]
[ sql ] [ SQL ] SELECT * FROM `ct_user_token` WHERE  `token` = '1529898999356221codephp' LIMIT 1 [ RunTime:0.053000s ]
[ error ] [8]未定义变量: strlen[E:\chitu\chitu_admin\trunk\application\common.php:583]

---------------------------------------------------------------
[ 2018-06-28T11:56:37+08:00 ] 127.0.0.1 127.0.0.1 POST /user/vehicle/city_With
[ log ] www.ctadmin.com/user/vehicle/city_With [运行时间：1.100500s][吞吐率：0.91req/s] [内存消耗：2,794.44kb] [文件加载：56]
[ info ] [ LANG ] E:\chitu\chitu_admin\trunk\thinkphp\lang\zh-cn.php
[ info ] [ ROUTE ] array (
  'type' => 'module',
  'module' => 
  array (
    0 => 'user',
    1 => 'vehicle',
    2 => 'city_With',
  ),
)
[ info ] [ HEADER ] array (
  'host' => 'www.ctadmin.com',
  'connection' => 'keep-alive',
  'content-length' => '1389',
  'user-agent' => 'Mozilla/5.0 (Windows NT 6.1; WOW64) AppleWebKit/537.36 (KHTML, like Gecko) Chrome/66.0.3359.181 Safari/537.36',
  'cache-control' => 'no-cache',
  'origin' => 'chrome-extension://niphlbdhgiabfnjeompmngebipomclik',
  'postman-token' => 'a55e9b6c-1853-0812-7deb-f779b926bdca',
  'content-type' => 'multipart/form-data; boundary=----WebKitFormBoundaryrC3d0I9tjTQWl9Vk',
  'accept' => '*/*',
  'accept-encoding' => 'gzip, deflate',
  'accept-language' => 'zh-CN,zh;q=0.9',
)
[ info ] [ PARAM ] array (
  '/user/vehicle/city_With' => '',
  'token' => 'McTtUpyhOpT6g956O9D6k95OTM1NjIyMWNvZGVwaHAO0O0O',
  'carid' => '9',
  'taddress' => '[{"address":"上海市黄浦区自忠路408号"}]',
  'paddress' => '[{"address":"上海市徐汇区天钥桥南路1298-4号","addtabid":1}]',
  'ordertype' => '1',
  'cold_type' => '冷藏2℃~8℃',
  'data_type' => '2018-06-28 12:00',
  'price' => '380',
  'user_discount' => '380',
  'remark' => '',
  'cityid' => '45054',
  'pytype' => '3',
)
[ info ] [ DB ] INIT mysql
[ info ] [ RUN ] app\user\controller\Vehicle->city_With[ E:\chitu\chitu_admin\trunk\application\user\controller\Vehicle.php ]
[ info ] [ LOG ] INIT File
[ sql ] [ DB ] CONNECT:[ UseTime:0.401000s ] mysql:dbname=chitutest;host=rm-2zezn1940ztq6hib5o.mysql.rds.aliyuncs.com;charset=utf8
[ sql ] [ SQL ] SHOW COLUMNS FROM `ct_config` [ RunTime:0.164000s ]
[ sql ] [ SQL ] SELECT * FROM `ct_config` WHERE  `id` = 13 LIMIT 1 [ RunTime:0.367000s ]
[ sql ] [ SQL ] SHOW COLUMNS FROM `ct_user_token` [ RunTime:0.078500s ]
[ sql ] [ SQL ] SELECT * FROM `ct_user_token` WHERE  `token` = '1529898999356221codephp' LIMIT 1 [ RunTime:0.053000s ]
[ error ] [8]未定义变量: strlen[E:\chitu\chitu_admin\trunk\application\common.php:583]

---------------------------------------------------------------
[ 2018-06-28T11:57:36+08:00 ] 127.0.0.1 127.0.0.1 POST /user/vehicle/city_With
[ log ] www.ctadmin.com/user/vehicle/city_With [运行时间：0.353000s][吞吐率：2.83req/s] [内存消耗：2,794.50kb] [文件加载：56]
[ info ] [ LANG ] E:\chitu\chitu_admin\trunk\thinkphp\lang\zh-cn.php
[ info ] [ ROUTE ] array (
  'type' => 'module',
  'module' => 
  array (
    0 => 'user',
    1 => 'vehicle',
    2 => 'city_With',
  ),
)
[ info ] [ HEADER ] array (
  'host' => 'www.ctadmin.com',
  'connection' => 'keep-alive',
  'content-length' => '1389',
  'user-agent' => 'Mozilla/5.0 (Windows NT 6.1; WOW64) AppleWebKit/537.36 (KHTML, like Gecko) Chrome/66.0.3359.181 Safari/537.36',
  'cache-control' => 'no-cache',
  'origin' => 'chrome-extension://niphlbdhgiabfnjeompmngebipomclik',
  'postman-token' => '46ff7796-56e5-9fc0-02c1-ab29cb54742c',
  'content-type' => 'multipart/form-data; boundary=----WebKitFormBoundaryTZ57FbEqPZszeKID',
  'accept' => '*/*',
  'accept-encoding' => 'gzip, deflate',
  'accept-language' => 'zh-CN,zh;q=0.9',
)
[ info ] [ PARAM ] array (
  '/user/vehicle/city_With' => '',
  'token' => 'McTtUpyhOpT6g956O9D6k95OTM1NjIyMWNvZGVwaHAO0O0O',
  'carid' => '9',
  'taddress' => '[{"address":"上海市黄浦区自忠路408号"}]',
  'paddress' => '[{"address":"上海市徐汇区天钥桥南路1298-4号","addtabid":1}]',
  'ordertype' => '1',
  'cold_type' => '冷藏2℃~8℃',
  'data_type' => '2018-06-28 12:00',
  'price' => '380',
  'user_discount' => '380',
  'remark' => '',
  'cityid' => '45054',
  'pytype' => '3',
)
[ info ] [ DB ] INIT mysql
[ info ] [ RUN ] app\user\controller\Vehicle->city_With[ E:\chitu\chitu_admin\trunk\application\user\controller\Vehicle.php ]
[ info ] [ LOG ] INIT File
[ sql ] [ DB ] CONNECT:[ UseTime:0.096000s ] mysql:dbname=chitutest;host=rm-2zezn1940ztq6hib5o.mysql.rds.aliyuncs.com;charset=utf8
[ sql ] [ SQL ] SHOW COLUMNS FROM `ct_config` [ RunTime:0.051500s ]
[ sql ] [ SQL ] SELECT * FROM `ct_config` WHERE  `id` = 13 LIMIT 1 [ RunTime:0.053500s ]
[ sql ] [ SQL ] SHOW COLUMNS FROM `ct_user_token` [ RunTime:0.054000s ]
[ sql ] [ SQL ] SELECT * FROM `ct_user_token` WHERE  `token` = '1529898999356221codephp' LIMIT 1 [ RunTime:0.053000s ]
[ error ] [8]未定义变量: str[E:\chitu\chitu_admin\trunk\application\common.php:585]

---------------------------------------------------------------
[ 2018-06-28T11:57:58+08:00 ] 127.0.0.1 127.0.0.1 POST /user/vehicle/city_With
[ log ] www.ctadmin.com/user/vehicle/city_With [运行时间：0.946500s][吞吐率：1.06req/s] [内存消耗：2,689.84kb] [文件加载：50]
[ info ] [ LANG ] E:\chitu\chitu_admin\trunk\thinkphp\lang\zh-cn.php
[ info ] [ ROUTE ] array (
  'type' => 'module',
  'module' => 
  array (
    0 => 'user',
    1 => 'vehicle',
    2 => 'city_With',
  ),
)
[ info ] [ HEADER ] array (
  'host' => 'www.ctadmin.com',
  'connection' => 'keep-alive',
  'content-length' => '1389',
  'user-agent' => 'Mozilla/5.0 (Windows NT 6.1; WOW64) AppleWebKit/537.36 (KHTML, like Gecko) Chrome/66.0.3359.181 Safari/537.36',
  'cache-control' => 'no-cache',
  'origin' => 'chrome-extension://niphlbdhgiabfnjeompmngebipomclik',
  'postman-token' => 'b9ff7e6a-f38b-5dfe-559e-416e024de62e',
  'content-type' => 'multipart/form-data; boundary=----WebKitFormBoundaryv7FknnQ06Rcukqm6',
  'accept' => '*/*',
  'accept-encoding' => 'gzip, deflate',
  'accept-language' => 'zh-CN,zh;q=0.9',
)
[ info ] [ PARAM ] array (
  '/user/vehicle/city_With' => '',
  'token' => 'McTtUpyhOpT6g956O9D6k95OTM1NjIyMWNvZGVwaHAO0O0O',
  'carid' => '9',
  'taddress' => '[{"address":"上海市黄浦区自忠路408号"}]',
  'paddress' => '[{"address":"上海市徐汇区天钥桥南路1298-4号","addtabid":1}]',
  'ordertype' => '1',
  'cold_type' => '冷藏2℃~8℃',
  'data_type' => '2018-06-28 12:00',
  'price' => '380',
  'user_discount' => '380',
  'remark' => '',
  'cityid' => '45054',
  'pytype' => '3',
)
[ info ] [ DB ] INIT mysql
[ info ] [ RUN ] app\user\controller\Vehicle->city_With[ E:\chitu\chitu_admin\trunk\application\user\controller\Vehicle.php ]
[ info ] [ LOG ] INIT File
[ sql ] [ DB ] CONNECT:[ UseTime:0.083500s ] mysql:dbname=chitutest;host=rm-2zezn1940ztq6hib5o.mysql.rds.aliyuncs.com;charset=utf8
[ sql ] [ SQL ] SHOW COLUMNS FROM `ct_config` [ RunTime:0.053500s ]
[ sql ] [ SQL ] SELECT * FROM `ct_config` WHERE  `id` = 13 LIMIT 1 [ RunTime:0.054500s ]
[ sql ] [ SQL ] SHOW COLUMNS FROM `ct_user_token` [ RunTime:0.057000s ]
[ sql ] [ SQL ] SELECT * FROM `ct_user_token` WHERE  `token` = '1529898999356221codephp' LIMIT 1 [ RunTime:0.179500s ]
[ sql ] [ SQL ] SHOW COLUMNS FROM `ct_promotion` [ RunTime:0.099000s ]
[ sql ] [ SQL ] SELECT * FROM `ct_promotion` WHERE  `type` = 1  AND `promotionType` = 1 LIMIT 1 [ RunTime:0.055500s ]
[ sql ] [ SQL ] SHOW COLUMNS FROM `ct_city_order` [ RunTime:0.055500s ]
[ sql ] [ SQL ] SELECT COUNT(*) AS tp_count FROM `ct_city_order` WHERE  ( `addtime` > '1530092700' AND `addtime` < '1530264600' ) LIMIT 1 [ RunTime:0.055000s ]
[ sql ] [ SQL ] SELECT * FROM `ct_promotion` WHERE  `type` = 1  AND `promotionType` = 2 LIMIT 1 [ RunTime:0.055000s ]
[ sql ] [ SQL ] SELECT COUNT(*) AS tp_count FROM `ct_city_order` WHERE  ( `addtime` > '1530154800' AND `addtime` < '1530158400' ) LIMIT 1 [ RunTime:0.054500s ]
[ sql ] [ SQL ] SELECT * FROM `ct_promotion` WHERE  `type` = 1  AND `promotionType` = 3 LIMIT 1 [ RunTime:0.055000s ]
[ sql ] [ SQL ] SELECT * FROM `ct_promotion` WHERE  `type` = 1  AND `promotionType` = 4 LIMIT 1 [ RunTime:0.027500s ]
[ sql ] [ SQL ] SELECT * FROM `ct_promotion` WHERE  `type` = 1  AND `promotionType` = 5 LIMIT 1 [ RunTime:0.027500s ]

---------------------------------------------------------------
[ 2018-06-28T11:58:16+08:00 ] 127.0.0.1 127.0.0.1 POST /user/vehicle/city_With
[ log ] www.ctadmin.com/user/vehicle/city_With [运行时间：0.822500s][吞吐率：1.22req/s] [内存消耗：2,690.38kb] [文件加载：50]
[ info ] [ LANG ] E:\chitu\chitu_admin\trunk\thinkphp\lang\zh-cn.php
[ info ] [ ROUTE ] array (
  'type' => 'module',
  'module' => 
  array (
    0 => 'user',
    1 => 'vehicle',
    2 => 'city_With',
  ),
)
[ info ] [ HEADER ] array (
  'host' => 'www.ctadmin.com',
  'connection' => 'keep-alive',
  'content-length' => '1389',
  'user-agent' => 'Mozilla/5.0 (Windows NT 6.1; WOW64) AppleWebKit/537.36 (KHTML, like Gecko) Chrome/66.0.3359.181 Safari/537.36',
  'cache-control' => 'no-cache',
  'origin' => 'chrome-extension://niphlbdhgiabfnjeompmngebipomclik',
  'postman-token' => 'aa3677b9-cd7a-16fc-9bf4-027025e44f04',
  'content-type' => 'multipart/form-data; boundary=----WebKitFormBoundaryiHv5lvBsqDg1WAqh',
  'accept' => '*/*',
  'accept-encoding' => 'gzip, deflate',
  'accept-language' => 'zh-CN,zh;q=0.9',
)
[ info ] [ PARAM ] array (
  '/user/vehicle/city_With' => '',
  'token' => 'McTtUpyhOpT6g956O9D6k95OTM1NjIyMWNvZGVwaHAO0O0O',
  'carid' => '9',
  'taddress' => '[{"address":"上海市黄浦区自忠路408号"}]',
  'paddress' => '[{"address":"上海市徐汇区天钥桥南路1298-4号","addtabid":1}]',
  'ordertype' => '1',
  'cold_type' => '冷藏2℃~8℃',
  'data_type' => '2018-06-28 12:00',
  'price' => '380',
  'user_discount' => '380',
  'remark' => '',
  'cityid' => '45054',
  'pytype' => '3',
)
[ info ] [ DB ] INIT mysql
[ info ] [ RUN ] app\user\controller\Vehicle->city_With[ E:\chitu\chitu_admin\trunk\application\user\controller\Vehicle.php ]
[ info ] [ LOG ] INIT File
[ sql ] [ DB ] CONNECT:[ UseTime:0.099000s ] mysql:dbname=chitutest;host=rm-2zezn1940ztq6hib5o.mysql.rds.aliyuncs.com;charset=utf8
[ sql ] [ SQL ] SHOW COLUMNS FROM `ct_config` [ RunTime:0.053500s ]
[ sql ] [ SQL ] SELECT * FROM `ct_config` WHERE  `id` = 13 LIMIT 1 [ RunTime:0.051500s ]
[ sql ] [ SQL ] SHOW COLUMNS FROM `ct_user_token` [ RunTime:0.052000s ]
[ sql ] [ SQL ] SELECT * FROM `ct_user_token` WHERE  `token` = '1529898999356221codephp' LIMIT 1 [ RunTime:0.052500s ]
[ sql ] [ SQL ] SHOW COLUMNS FROM `ct_promotion` [ RunTime:0.052000s ]
[ sql ] [ SQL ] SELECT * FROM `ct_promotion` WHERE  `type` = 1  AND `promotionType` = 1 LIMIT 1 [ RunTime:0.051000s ]
[ sql ] [ SQL ] SHOW COLUMNS FROM `ct_city_order` [ RunTime:0.062500s ]
[ sql ] [ SQL ] SELECT COUNT(*) AS tp_count FROM `ct_city_order` WHERE  ( `addtime` > '1530092700' AND `addtime` < '1530264600' ) LIMIT 1 [ RunTime:0.080500s ]
[ sql ] [ SQL ] SELECT * FROM `ct_promotion` WHERE  `type` = 1  AND `promotionType` = 2 LIMIT 1 [ RunTime:0.070000s ]
[ sql ] [ SQL ] SELECT COUNT(*) AS tp_count FROM `ct_city_order` WHERE  ( `addtime` > '1530154800' AND `addtime` < '1530158400' ) LIMIT 1 [ RunTime:0.053000s ]
[ sql ] [ SQL ] SELECT * FROM `ct_promotion` WHERE  `type` = 1  AND `promotionType` = 3 LIMIT 1 [ RunTime:0.052500s ]
[ sql ] [ SQL ] SELECT * FROM `ct_promotion` WHERE  `type` = 1  AND `promotionType` = 4 LIMIT 1 [ RunTime:0.025000s ]
[ sql ] [ SQL ] SELECT * FROM `ct_promotion` WHERE  `type` = 1  AND `promotionType` = 5 LIMIT 1 [ RunTime:0.027000s ]

---------------------------------------------------------------
[ 2018-06-28T12:05:04+08:00 ] 127.0.0.1 127.0.0.1 POST /user/vehicle/city_With
[ log ] www.ctadmin.com/user/vehicle/city_With [运行时间：0.799500s][吞吐率：1.25req/s] [内存消耗：2,690.34kb] [文件加载：50]
[ info ] [ LANG ] E:\chitu\chitu_admin\trunk\thinkphp\lang\zh-cn.php
[ info ] [ ROUTE ] array (
  'type' => 'module',
  'module' => 
  array (
    0 => 'user',
    1 => 'vehicle',
    2 => 'city_With',
  ),
)
[ info ] [ HEADER ] array (
  'host' => 'www.ctadmin.com',
  'connection' => 'keep-alive',
  'content-length' => '1389',
  'user-agent' => 'Mozilla/5.0 (Windows NT 6.1; WOW64) AppleWebKit/537.36 (KHTML, like Gecko) Chrome/66.0.3359.181 Safari/537.36',
  'cache-control' => 'no-cache',
  'origin' => 'chrome-extension://niphlbdhgiabfnjeompmngebipomclik',
  'postman-token' => '04e23925-0fa2-f794-c8e1-0d657c1c8403',
  'content-type' => 'multipart/form-data; boundary=----WebKitFormBoundaryb6eLsWmnNkVD8QDZ',
  'accept' => '*/*',
  'accept-encoding' => 'gzip, deflate',
  'accept-language' => 'zh-CN,zh;q=0.9',
)
[ info ] [ PARAM ] array (
  '/user/vehicle/city_With' => '',
  'token' => 'McTtUpyhOpT6g956O9D6k95OTM1NjIyMWNvZGVwaHAO0O0O',
  'carid' => '9',
  'taddress' => '[{"address":"上海市黄浦区自忠路408号"}]',
  'paddress' => '[{"address":"上海市徐汇区天钥桥南路1298-4号","addtabid":1}]',
  'ordertype' => '1',
  'cold_type' => '冷藏2℃~8℃',
  'data_type' => '2018-06-28 12:00',
  'price' => '380',
  'user_discount' => '380',
  'remark' => '',
  'cityid' => '45054',
  'pytype' => '3',
)
[ info ] [ DB ] INIT mysql
[ info ] [ RUN ] app\user\controller\Vehicle->city_With[ E:\chitu\chitu_admin\trunk\application\user\controller\Vehicle.php ]
[ info ] [ LOG ] INIT File
[ sql ] [ DB ] CONNECT:[ UseTime:0.100500s ] mysql:dbname=chitutest;host=rm-2zezn1940ztq6hib5o.mysql.rds.aliyuncs.com;charset=utf8
[ sql ] [ SQL ] SHOW COLUMNS FROM `ct_config` [ RunTime:0.055500s ]
[ sql ] [ SQL ] SELECT * FROM `ct_config` WHERE  `id` = 13 LIMIT 1 [ RunTime:0.054000s ]
[ sql ] [ SQL ] SHOW COLUMNS FROM `ct_user_token` [ RunTime:0.053000s ]
[ sql ] [ SQL ] SELECT * FROM `ct_user_token` WHERE  `token` = '1529898999356221codephp' LIMIT 1 [ RunTime:0.058500s ]
[ sql ] [ SQL ] SHOW COLUMNS FROM `ct_promotion` [ RunTime:0.054000s ]
[ sql ] [ SQL ] SELECT * FROM `ct_promotion` WHERE  `type` = 1  AND `promotionType` = 1 LIMIT 1 [ RunTime:0.055000s ]
[ sql ] [ SQL ] SHOW COLUMNS FROM `ct_city_order` [ RunTime:0.055500s ]
[ sql ] [ SQL ] SELECT COUNT(*) AS tp_count FROM `ct_city_order` WHERE  ( `addtime` > '1530092700' AND `addtime` < '1530264600' ) LIMIT 1 [ RunTime:0.052000s ]
[ sql ] [ SQL ] SELECT * FROM `ct_promotion` WHERE  `type` = 1  AND `promotionType` = 2 LIMIT 1 [ RunTime:0.053000s ]
[ sql ] [ SQL ] SELECT COUNT(*) AS tp_count FROM `ct_city_order` WHERE  ( `addtime` > '1530158400' AND `addtime` < '1530162000' ) LIMIT 1 [ RunTime:0.062000s ]
[ sql ] [ SQL ] SELECT * FROM `ct_promotion` WHERE  `type` = 1  AND `promotionType` = 3 LIMIT 1 [ RunTime:0.053000s ]
[ sql ] [ SQL ] SELECT * FROM `ct_promotion` WHERE  `type` = 1  AND `promotionType` = 4 LIMIT 1 [ RunTime:0.026000s ]
[ sql ] [ SQL ] SELECT * FROM `ct_promotion` WHERE  `type` = 1  AND `promotionType` = 5 LIMIT 1 [ RunTime:0.027000s ]

---------------------------------------------------------------
[ 2018-06-28T12:07:10+08:00 ] 127.0.0.1 127.0.0.1 POST /user/vehicle/city_With
[ log ] www.ctadmin.com/user/vehicle/city_With [运行时间：0.844500s][吞吐率：1.18req/s] [内存消耗：2,690.76kb] [文件加载：50]
[ info ] [ LANG ] E:\chitu\chitu_admin\trunk\thinkphp\lang\zh-cn.php
[ info ] [ ROUTE ] array (
  'type' => 'module',
  'module' => 
  array (
    0 => 'user',
    1 => 'vehicle',
    2 => 'city_With',
  ),
)
[ info ] [ HEADER ] array (
  'host' => 'www.ctadmin.com',
  'connection' => 'keep-alive',
  'content-length' => '1389',
  'user-agent' => 'Mozilla/5.0 (Windows NT 6.1; WOW64) AppleWebKit/537.36 (KHTML, like Gecko) Chrome/66.0.3359.181 Safari/537.36',
  'cache-control' => 'no-cache',
  'origin' => 'chrome-extension://niphlbdhgiabfnjeompmngebipomclik',
  'postman-token' => 'e5030827-9f86-049e-fd76-f143c2b78eec',
  'content-type' => 'multipart/form-data; boundary=----WebKitFormBoundarywKSBphC6DVlTfTHP',
  'accept' => '*/*',
  'accept-encoding' => 'gzip, deflate',
  'accept-language' => 'zh-CN,zh;q=0.9',
)
[ info ] [ PARAM ] array (
  '/user/vehicle/city_With' => '',
  'token' => 'McTtUpyhOpT6g956O9D6k95OTM1NjIyMWNvZGVwaHAO0O0O',
  'carid' => '9',
  'taddress' => '[{"address":"上海市黄浦区自忠路408号"}]',
  'paddress' => '[{"address":"上海市徐汇区天钥桥南路1298-4号","addtabid":1}]',
  'ordertype' => '1',
  'cold_type' => '冷藏2℃~8℃',
  'data_type' => '2018-06-28 12:00',
  'price' => '380',
  'user_discount' => '380',
  'remark' => '',
  'cityid' => '45054',
  'pytype' => '3',
)
[ info ] [ DB ] INIT mysql
[ info ] [ RUN ] app\user\controller\Vehicle->city_With[ E:\chitu\chitu_admin\trunk\application\user\controller\Vehicle.php ]
[ info ] [ LOG ] INIT File
[ sql ] [ DB ] CONNECT:[ UseTime:0.097000s ] mysql:dbname=chitutest;host=rm-2zezn1940ztq6hib5o.mysql.rds.aliyuncs.com;charset=utf8
[ sql ] [ SQL ] SHOW COLUMNS FROM `ct_config` [ RunTime:0.054000s ]
[ sql ] [ SQL ] SELECT * FROM `ct_config` WHERE  `id` = 13 LIMIT 1 [ RunTime:0.051000s ]
[ sql ] [ SQL ] SHOW COLUMNS FROM `ct_user_token` [ RunTime:0.053500s ]
[ sql ] [ SQL ] SELECT * FROM `ct_user_token` WHERE  `token` = '1529898999356221codephp' LIMIT 1 [ RunTime:0.054000s ]
[ sql ] [ SQL ] SHOW COLUMNS FROM `ct_promotion` [ RunTime:0.076500s ]
[ sql ] [ SQL ] SELECT * FROM `ct_promotion` WHERE  `type` = 1  AND `promotionType` = 1 LIMIT 1 [ RunTime:0.063500s ]
[ sql ] [ SQL ] SHOW COLUMNS FROM `ct_city_order` [ RunTime:0.083000s ]
[ sql ] [ SQL ] SELECT COUNT(*) AS tp_count FROM `ct_city_order` WHERE  ( `addtime` > '1530092700' AND `addtime` < '1530264600' ) LIMIT 1 [ RunTime:0.065500s ]
[ sql ] [ SQL ] SELECT * FROM `ct_promotion` WHERE  `type` = 1  AND `promotionType` = 2 LIMIT 1 [ RunTime:0.051500s ]
[ sql ] [ SQL ] SELECT COUNT(*) AS tp_count FROM `ct_city_order` WHERE  ( `addtime` > '1530158400' AND `addtime` < '1530162000' ) LIMIT 1 [ RunTime:0.052500s ]
[ sql ] [ SQL ] SELECT * FROM `ct_promotion` WHERE  `type` = 1  AND `promotionType` = 3 LIMIT 1 [ RunTime:0.051500s ]
[ sql ] [ SQL ] SELECT * FROM `ct_promotion` WHERE  `type` = 1  AND `promotionType` = 4 LIMIT 1 [ RunTime:0.027500s ]
[ sql ] [ SQL ] SELECT * FROM `ct_promotion` WHERE  `type` = 1  AND `promotionType` = 5 LIMIT 1 [ RunTime:0.026500s ]

---------------------------------------------------------------
